GPU compute capability (7, 5) < 8.0, using fallback attention (no Flash Attention)
Vocab size: 8,192
Model config: {'sequence_len': 2048, 'vocab_size': 8192, 'n_layer': 2, 'n_head': 1, 'n_kv_head': 1, 'n_embd': 128, 'window_pattern': 'L'}
Parameter counts:
  wte                     : 1,048,576
  value_embeds            : 1,048,576
  lm_head                 : 1,048,576
  transformer_matrices    : 393,248
  scalars                 : 4
  total                   : 3,538,980
Estimated FLOPs per token: 1.494240e+07
Scaling AdamW LRs by 1/sqrt(128/768) = 2.449490
Time budget: 300s
Gradient accumulation steps: 8

step 00000 (0.0%) | loss: 9.011003 | lrm: 1.00 | dt: 6326ms | tok/sec: 10,360 | mfu: 0.0% | epoch: 1 | remaining: 300s    
step 00001 (0.0%) | loss: 9.002666 | lrm: 1.00 | dt: 567ms | tok/sec: 115,551 | mfu: 0.2% | epoch: 1 | remaining: 300s    
step 00002 (0.0%) | loss: 8.847358 | lrm: 1.00 | dt: 575ms | tok/sec: 113,935 | mfu: 0.2% | epoch: 1 | remaining: 300s    
step 00003 (0.0%) | loss: 8.596307 | lrm: 1.00 | dt: 559ms | tok/sec: 117,207 | mfu: 0.2% | epoch: 1 | remaining: 300s    
step 00004 (0.0%) | loss: 8.325102 | lrm: 1.00 | dt: 567ms | tok/sec: 115,599 | mfu: 0.2% | epoch: 1 | remaining: 300s    
step 00005 (0.0%) | loss: 8.061726 | lrm: 1.00 | dt: 559ms | tok/sec: 117,236 | mfu: 0.2% | epoch: 1 | remaining: 300s    
step 00006 (0.0%) | loss: 7.816458 | lrm: 1.00 | dt: 568ms | tok/sec: 115,290 | mfu: 0.2% | epoch: 1 | remaining: 300s    
step 00007 (0.0%) | loss: 7.601585 | lrm: 1.00 | dt: 563ms | tok/sec: 116,497 | mfu: 0.2% | epoch: 1 | remaining: 300s    
step 00008 (0.0%) | loss: 7.423136 | lrm: 1.00 | dt: 569ms | tok/sec: 115,193 | mfu: 0.2% | epoch: 1 | remaining: 300s    
step 00009 (0.0%) | loss: 7.306667 | lrm: 1.00 | dt: 570ms | tok/sec: 115,002 | mfu: 0.2% | epoch: 1 | remaining: 300s    
step 00010 (0.0%) | loss: 7.171792 | lrm: 1.00 | dt: 561ms | tok/sec: 116,740 | mfu: 0.2% | epoch: 1 | remaining: 300s    
step 00011 (0.0%) | loss: 7.051330 | lrm: 1.00 | dt: 571ms | tok/sec: 114,824 | mfu: 0.2% | epoch: 1 | remaining: 299s    
step 00012 (0.2%) | loss: 6.930311 | lrm: 1.00 | dt: 563ms | tok/sec: 116,502 | mfu: 0.2% | epoch: 1 | remaining: 299s    
step 00013 (0.4%) | loss: 6.829659 | lrm: 1.00 | dt: 571ms | tok/sec: 114,853 | mfu: 0.2% | epoch: 1 | remaining: 298s    
step 00014 (0.6%) | loss: 6.749921 | lrm: 1.00 | dt: 562ms | tok/sec: 116,535 | mfu: 0.2% | epoch: 1 | remaining: 298s    
step 00015 (0.8%) | loss: 6.653389 | lrm: 1.00 | dt: 570ms | tok/sec: 114,927 | mfu: 0.2% | epoch: 1 | remaining: 297s    
step 00016 (0.9%) | loss: 6.588700 | lrm: 1.00 | dt: 570ms | tok/sec: 114,878 | mfu: 0.2% | epoch: 1 | remaining: 297s    
step 00017 (1.1%) | loss: 6.524421 | lrm: 1.00 | dt: 563ms | tok/sec: 116,469 | mfu: 0.2% | epoch: 1 | remaining: 296s    
step 00018 (1.3%) | loss: 6.467562 | lrm: 1.00 | dt: 570ms | tok/sec: 114,900 | mfu: 0.2% | epoch: 1 | remaining: 295s    
step 00019 (1.5%) | loss: 6.426837 | lrm: 1.00 | dt: 562ms | tok/sec: 116,687 | mfu: 0.2% | epoch: 1 | remaining: 295s    
step 00020 (1.7%) | loss: 6.367696 | lrm: 1.00 | dt: 571ms | tok/sec: 114,773 | mfu: 0.2% | epoch: 1 | remaining: 294s    
step 00021 (1.9%) | loss: 6.297911 | lrm: 1.00 | dt: 563ms | tok/sec: 116,451 | mfu: 0.2% | epoch: 1 | remaining: 294s    
step 00022 (2.1%) | loss: 6.240477 | lrm: 1.00 | dt: 570ms | tok/sec: 114,910 | mfu: 0.2% | epoch: 1 | remaining: 293s    
step 00023 (2.3%) | loss: 6.212641 | lrm: 1.00 | dt: 570ms | tok/sec: 114,894 | mfu: 0.2% | epoch: 1 | remaining: 293s    
step 00024 (2.5%) | loss: 6.175836 | lrm: 1.00 | dt: 563ms | tok/sec: 116,336 | mfu: 0.2% | epoch: 1 | remaining: 292s    
step 00025 (2.6%) | loss: 6.152221 | lrm: 1.00 | dt: 570ms | tok/sec: 114,881 | mfu: 0.2% | epoch: 1 | remaining: 291s    
step 00026 (2.8%) | loss: 6.130147 | lrm: 1.00 | dt: 563ms | tok/sec: 116,384 | mfu: 0.2% | epoch: 1 | remaining: 291s    
step 00027 (3.0%) | loss: 6.100422 | lrm: 1.00 | dt: 571ms | tok/sec: 114,798 | mfu: 0.2% | epoch: 1 | remaining: 290s    
step 00028 (3.2%) | loss: 6.074930 | lrm: 1.00 | dt: 562ms | tok/sec: 116,521 | mfu: 0.2% | epoch: 1 | remaining: 290s    
step 00029 (3.4%) | loss: 6.045837 | lrm: 1.00 | dt: 570ms | tok/sec: 114,942 | mfu: 0.2% | epoch: 1 | remaining: 289s    
step 00030 (3.6%) | loss: 6.010882 | lrm: 1.00 | dt: 565ms | tok/sec: 115,930 | mfu: 0.2% | epoch: 1 | remaining: 289s    
step 00031 (3.8%) | loss: 5.972616 | lrm: 1.00 | dt: 569ms | tok/sec: 115,080 | mfu: 0.2% | epoch: 1 | remaining: 288s    
step 00032 (4.0%) | loss: 5.945446 | lrm: 1.00 | dt: 577ms | tok/sec: 113,637 | mfu: 0.2% | epoch: 1 | remaining: 288s    
step 00033 (4.2%) | loss: 5.919936 | lrm: 1.00 | dt: 566ms | tok/sec: 115,806 | mfu: 0.2% | epoch: 1 | remaining: 287s    
step 00034 (4.4%) | loss: 5.917739 | lrm: 1.00 | dt: 571ms | tok/sec: 114,720 | mfu: 0.2% | epoch: 1 | remaining: 286s    
step 00035 (4.5%) | loss: 5.922534 | lrm: 1.00 | dt: 564ms | tok/sec: 116,114 | mfu: 0.2% | epoch: 1 | remaining: 286s    
step 00036 (4.7%) | loss: 5.897669 | lrm: 1.00 | dt: 572ms | tok/sec: 114,505 | mfu: 0.2% | epoch: 1 | remaining: 285s    
step 00037 (4.9%) | loss: 5.872003 | lrm: 1.00 | dt: 565ms | tok/sec: 116,086 | mfu: 0.2% | epoch: 1 | remaining: 285s    
step 00038 (5.1%) | loss: 5.860194 | lrm: 1.00 | dt: 573ms | tok/sec: 114,445 | mfu: 0.2% | epoch: 1 | remaining: 284s    
step 00039 (5.3%) | loss: 5.833897 | lrm: 1.00 | dt: 573ms | tok/sec: 114,463 | mfu: 0.2% | epoch: 1 | remaining: 284s    
step 00040 (5.5%) | loss: 5.807707 | lrm: 1.00 | dt: 565ms | tok/sec: 116,088 | mfu: 0.2% | epoch: 1 | remaining: 283s    
step 00041 (5.7%) | loss: 5.787361 | lrm: 1.00 | dt: 574ms | tok/sec: 114,115 | mfu: 0.2% | epoch: 1 | remaining: 282s    
step 00042 (5.9%) | loss: 5.772208 | lrm: 1.00 | dt: 565ms | tok/sec: 115,949 | mfu: 0.2% | epoch: 1 | remaining: 282s    
step 00043 (6.1%) | loss: 5.754415 | lrm: 1.00 | dt: 573ms | tok/sec: 114,348 | mfu: 0.2% | epoch: 1 | remaining: 281s    
step 00044 (6.2%) | loss: 5.737707 | lrm: 1.00 | dt: 566ms | tok/sec: 115,808 | mfu: 0.2% | epoch: 1 | remaining: 281s    
step 00045 (6.4%) | loss: 5.736761 | lrm: 1.00 | dt: 580ms | tok/sec: 113,021 | mfu: 0.2% | epoch: 1 | remaining: 280s    
step 00046 (6.6%) | loss: 5.733345 | lrm: 1.00 | dt: 573ms | tok/sec: 114,321 | mfu: 0.2% | epoch: 1 | remaining: 280s    
step 00047 (6.8%) | loss: 5.720483 | lrm: 1.00 | dt: 565ms | tok/sec: 115,964 | mfu: 0.2% | epoch: 1 | remaining: 279s    
step 00048 (7.0%) | loss: 5.733029 | lrm: 1.00 | dt: 581ms | tok/sec: 112,884 | mfu: 0.2% | epoch: 1 | remaining: 278s    
step 00049 (7.2%) | loss: 5.701207 | lrm: 1.00 | dt: 565ms | tok/sec: 115,981 | mfu: 0.2% | epoch: 1 | remaining: 278s    
step 00050 (7.4%) | loss: 5.680469 | lrm: 1.00 | dt: 573ms | tok/sec: 114,447 | mfu: 0.2% | epoch: 1 | remaining: 277s    
step 00051 (7.6%) | loss: 5.668786 | lrm: 1.00 | dt: 565ms | tok/sec: 115,895 | mfu: 0.2% | epoch: 1 | remaining: 277s    
step 00052 (7.8%) | loss: 5.654862 | lrm: 1.00 | dt: 580ms | tok/sec: 112,972 | mfu: 0.2% | epoch: 1 | remaining: 276s    
step 00053 (8.0%) | loss: 5.629823 | lrm: 1.00 | dt: 573ms | tok/sec: 114,396 | mfu: 0.2% | epoch: 1 | remaining: 276s    
step 00054 (8.2%) | loss: 5.615579 | lrm: 1.00 | dt: 565ms | tok/sec: 115,996 | mfu: 0.2% | epoch: 1 | remaining: 275s    
step 00055 (8.3%) | loss: 5.601741 | lrm: 1.00 | dt: 581ms | tok/sec: 112,766 | mfu: 0.2% | epoch: 1 | remaining: 274s    
step 00056 (8.5%) | loss: 5.585428 | lrm: 1.00 | dt: 565ms | tok/sec: 116,014 | mfu: 0.2% | epoch: 1 | remaining: 274s    
step 00057 (8.7%) | loss: 5.564443 | lrm: 1.00 | dt: 572ms | tok/sec: 114,513 | mfu: 0.2% | epoch: 1 | remaining: 273s    
step 00058 (8.9%) | loss: 5.554303 | lrm: 1.00 | dt: 566ms | tok/sec: 115,807 | mfu: 0.2% | epoch: 1 | remaining: 273s    
step 00059 (9.1%) | loss: 5.547026 | lrm: 1.00 | dt: 573ms | tok/sec: 114,452 | mfu: 0.2% | epoch: 1 | remaining: 272s    
step 00060 (9.3%) | loss: 5.535961 | lrm: 1.00 | dt: 573ms | tok/sec: 114,332 | mfu: 0.2% | epoch: 1 | remaining: 272s    
step 00061 (9.5%) | loss: 5.521405 | lrm: 1.00 | dt: 565ms | tok/sec: 115,910 | mfu: 0.2% | epoch: 1 | remaining: 271s    
step 00062 (9.7%) | loss: 5.529869 | lrm: 1.00 | dt: 579ms | tok/sec: 113,115 | mfu: 0.2% | epoch: 1 | remaining: 270s    
step 00063 (9.9%) | loss: 5.527599 | lrm: 1.00 | dt: 566ms | tok/sec: 115,876 | mfu: 0.2% | epoch: 1 | remaining: 270s    
step 00064 (10.1%) | loss: 5.504151 | lrm: 1.00 | dt: 573ms | tok/sec: 114,302 | mfu: 0.2% | epoch: 1 | remaining: 269s    
step 00065 (10.2%) | loss: 5.477412 | lrm: 1.00 | dt: 566ms | tok/sec: 115,863 | mfu: 0.2% | epoch: 1 | remaining: 269s    
step 00066 (10.4%) | loss: 5.458812 | lrm: 1.00 | dt: 580ms | tok/sec: 112,993 | mfu: 0.2% | epoch: 1 | remaining: 268s    
step 00067 (10.6%) | loss: 5.441437 | lrm: 1.00 | dt: 574ms | tok/sec: 114,200 | mfu: 0.2% | epoch: 1 | remaining: 268s    
step 00068 (10.8%) | loss: 5.413357 | lrm: 1.00 | dt: 566ms | tok/sec: 115,795 | mfu: 0.2% | epoch: 1 | remaining: 267s    
step 00069 (11.0%) | loss: 5.387598 | lrm: 1.00 | dt: 582ms | tok/sec: 112,685 | mfu: 0.2% | epoch: 1 | remaining: 266s    
step 00070 (11.2%) | loss: 5.386646 | lrm: 1.00 | dt: 566ms | tok/sec: 115,760 | mfu: 0.2% | epoch: 1 | remaining: 266s    
step 00071 (11.4%) | loss: 5.380184 | lrm: 1.00 | dt: 579ms | tok/sec: 113,201 | mfu: 0.2% | epoch: 1 | remaining: 265s    
step 00072 (11.6%) | loss: 5.367035 | lrm: 1.00 | dt: 568ms | tok/sec: 115,334 | mfu: 0.2% | epoch: 1 | remaining: 265s    
step 00073 (11.8%) | loss: 5.343114 | lrm: 1.00 | dt: 580ms | tok/sec: 112,984 | mfu: 0.2% | epoch: 1 | remaining: 264s    
step 00074 (12.0%) | loss: 5.334016 | lrm: 1.00 | dt: 575ms | tok/sec: 113,934 | mfu: 0.2% | epoch: 1 | remaining: 264s    
step 00075 (12.2%) | loss: 5.322835 | lrm: 1.00 | dt: 570ms | tok/sec: 114,939 | mfu: 0.2% | epoch: 1 | remaining: 263s    
step 00076 (12.4%) | loss: 5.317200 | lrm: 1.00 | dt: 581ms | tok/sec: 112,732 | mfu: 0.2% | epoch: 1 | remaining: 262s    
step 00077 (12.5%) | loss: 5.301096 | lrm: 1.00 | dt: 566ms | tok/sec: 115,859 | mfu: 0.2% | epoch: 1 | remaining: 262s    
step 00078 (12.7%) | loss: 5.288053 | lrm: 1.00 | dt: 574ms | tok/sec: 114,123 | mfu: 0.2% | epoch: 1 | remaining: 261s    
step 00079 (12.9%) | loss: 5.272717 | lrm: 1.00 | dt: 567ms | tok/sec: 115,491 | mfu: 0.2% | epoch: 1 | remaining: 261s    
step 00080 (13.1%) | loss: 5.267661 | lrm: 1.00 | dt: 583ms | tok/sec: 112,467 | mfu: 0.2% | epoch: 1 | remaining: 260s    
step 00081 (13.3%) | loss: 5.265671 | lrm: 1.00 | dt: 576ms | tok/sec: 113,790 | mfu: 0.2% | epoch: 1 | remaining: 259s    
step 00082 (13.5%) | loss: 5.243258 | lrm: 1.00 | dt: 568ms | tok/sec: 115,340 | mfu: 0.2% | epoch: 1 | remaining: 259s    
step 00083 (13.7%) | loss: 5.251785 | lrm: 1.00 | dt: 582ms | tok/sec: 112,632 | mfu: 0.2% | epoch: 1 | remaining: 258s    
step 00084 (13.9%) | loss: 5.250224 | lrm: 1.00 | dt: 569ms | tok/sec: 115,134 | mfu: 0.2% | epoch: 1 | remaining: 258s    
step 00085 (14.1%) | loss: 5.246510 | lrm: 1.00 | dt: 580ms | tok/sec: 112,934 | mfu: 0.2% | epoch: 1 | remaining: 257s    
step 00086 (14.3%) | loss: 5.228961 | lrm: 1.00 | dt: 569ms | tok/sec: 115,150 | mfu: 0.2% | epoch: 1 | remaining: 257s    
step 00087 (14.5%) | loss: 5.221975 | lrm: 1.00 | dt: 578ms | tok/sec: 113,472 | mfu: 0.2% | epoch: 1 | remaining: 256s    
step 00088 (14.6%) | loss: 5.218119 | lrm: 1.00 | dt: 586ms | tok/sec: 111,758 | mfu: 0.2% | epoch: 1 | remaining: 255s    
step 00089 (14.8%) | loss: 5.206112 | lrm: 1.00 | dt: 575ms | tok/sec: 113,977 | mfu: 0.2% | epoch: 1 | remaining: 255s    
step 00090 (15.0%) | loss: 5.204646 | lrm: 1.00 | dt: 580ms | tok/sec: 112,998 | mfu: 0.2% | epoch: 1 | remaining: 254s    
step 00091 (15.2%) | loss: 5.203019 | lrm: 1.00 | dt: 566ms | tok/sec: 115,690 | mfu: 0.2% | epoch: 1 | remaining: 254s    
step 00092 (15.4%) | loss: 5.196848 | lrm: 1.00 | dt: 576ms | tok/sec: 113,729 | mfu: 0.2% | epoch: 1 | remaining: 253s    
step 00093 (15.6%) | loss: 5.200812 | lrm: 1.00 | dt: 576ms | tok/sec: 113,866 | mfu: 0.2% | epoch: 1 | remaining: 253s    
step 00094 (15.8%) | loss: 5.186301 | lrm: 1.00 | dt: 583ms | tok/sec: 112,490 | mfu: 0.2% | epoch: 1 | remaining: 252s    
step 00095 (16.0%) | loss: 5.174511 | lrm: 1.00 | dt: 577ms | tok/sec: 113,596 | mfu: 0.2% | epoch: 1 | remaining: 251s    
step 00096 (16.2%) | loss: 5.171740 | lrm: 1.00 | dt: 568ms | tok/sec: 115,342 | mfu: 0.2% | epoch: 1 | remaining: 251s    
step 00097 (16.4%) | loss: 5.153312 | lrm: 1.00 | dt: 585ms | tok/sec: 112,078 | mfu: 0.2% | epoch: 1 | remaining: 250s    
step 00098 (16.6%) | loss: 5.152238 | lrm: 1.00 | dt: 569ms | tok/sec: 115,190 | mfu: 0.2% | epoch: 1 | remaining: 250s    
step 00099 (16.8%) | loss: 5.149214 | lrm: 1.00 | dt: 582ms | tok/sec: 112,549 | mfu: 0.2% | epoch: 1 | remaining: 249s    
step 00100 (17.0%) | loss: 5.154158 | lrm: 1.00 | dt: 577ms | tok/sec: 113,589 | mfu: 0.2% | epoch: 1 | remaining: 249s    
step 00101 (17.1%) | loss: 5.163629 | lrm: 1.00 | dt: 571ms | tok/sec: 114,811 | mfu: 0.2% | epoch: 1 | remaining: 248s    
step 00102 (17.3%) | loss: 5.143271 | lrm: 1.00 | dt: 580ms | tok/sec: 112,911 | mfu: 0.2% | epoch: 1 | remaining: 247s    
step 00103 (17.5%) | loss: 5.128424 | lrm: 1.00 | dt: 572ms | tok/sec: 114,492 | mfu: 0.2% | epoch: 1 | remaining: 247s    
step 00104 (17.7%) | loss: 5.120688 | lrm: 1.00 | dt: 578ms | tok/sec: 113,454 | mfu: 0.2% | epoch: 1 | remaining: 246s    
step 00105 (17.9%) | loss: 5.113316 | lrm: 1.00 | dt: 568ms | tok/sec: 115,284 | mfu: 0.2% | epoch: 1 | remaining: 246s    
step 00106 (18.1%) | loss: 5.107385 | lrm: 1.00 | dt: 576ms | tok/sec: 113,860 | mfu: 0.2% | epoch: 1 | remaining: 245s    
step 00107 (18.3%) | loss: 5.112259 | lrm: 1.00 | dt: 584ms | tok/sec: 112,152 | mfu: 0.2% | epoch: 1 | remaining: 245s    
step 00108 (18.5%) | loss: 5.115981 | lrm: 1.00 | dt: 568ms | tok/sec: 115,462 | mfu: 0.2% | epoch: 1 | remaining: 244s    
step 00109 (18.7%) | loss: 5.118115 | lrm: 1.00 | dt: 579ms | tok/sec: 113,159 | mfu: 0.2% | epoch: 1 | remaining: 243s    
step 00110 (18.9%) | loss: 5.119398 | lrm: 1.00 | dt: 570ms | tok/sec: 114,883 | mfu: 0.2% | epoch: 1 | remaining: 243s    
step 00111 (19.1%) | loss: 5.099964 | lrm: 1.00 | dt: 583ms | tok/sec: 112,361 | mfu: 0.2% | epoch: 1 | remaining: 242s    
step 00112 (19.3%) | loss: 5.111307 | lrm: 1.00 | dt: 571ms | tok/sec: 114,810 | mfu: 0.2% | epoch: 1 | remaining: 242s    
step 00113 (19.4%) | loss: 5.103987 | lrm: 1.00 | dt: 579ms | tok/sec: 113,102 | mfu: 0.2% | epoch: 1 | remaining: 241s    
step 00114 (19.6%) | loss: 5.083895 | lrm: 1.00 | dt: 574ms | tok/sec: 114,143 | mfu: 0.2% | epoch: 1 | remaining: 240s    
step 00115 (19.8%) | loss: 5.074755 | lrm: 1.00 | dt: 570ms | tok/sec: 115,004 | mfu: 0.2% | epoch: 1 | remaining: 240s    
step 00116 (20.0%) | loss: 5.075775 | lrm: 1.00 | dt: 579ms | tok/sec: 113,180 | mfu: 0.2% | epoch: 1 | remaining: 239s    
step 00117 (20.2%) | loss: 5.074416 | lrm: 1.00 | dt: 573ms | tok/sec: 114,296 | mfu: 0.2% | epoch: 1 | remaining: 239s    
step 00118 (20.4%) | loss: 5.051297 | lrm: 1.00 | dt: 576ms | tok/sec: 113,864 | mfu: 0.2% | epoch: 1 | remaining: 238s    
step 00119 (20.6%) | loss: 5.040608 | lrm: 1.00 | dt: 571ms | tok/sec: 114,868 | mfu: 0.2% | epoch: 1 | remaining: 238s    
step 00120 (20.8%) | loss: 5.032495 | lrm: 1.00 | dt: 575ms | tok/sec: 114,066 | mfu: 0.2% | epoch: 1 | remaining: 237s    
step 00121 (21.0%) | loss: 5.011255 | lrm: 1.00 | dt: 586ms | tok/sec: 111,809 | mfu: 0.2% | epoch: 1 | remaining: 236s    
step 00122 (21.2%) | loss: 4.998432 | lrm: 1.00 | dt: 568ms | tok/sec: 115,307 | mfu: 0.2% | epoch: 1 | remaining: 236s    
step 00123 (21.4%) | loss: 4.996206 | lrm: 1.00 | dt: 578ms | tok/sec: 113,297 | mfu: 0.2% | epoch: 1 | remaining: 235s    
step 00124 (21.6%) | loss: 4.994823 | lrm: 1.00 | dt: 570ms | tok/sec: 114,970 | mfu: 0.2% | epoch: 1 | remaining: 235s    
step 00125 (21.7%) | loss: 4.988876 | lrm: 1.00 | dt: 576ms | tok/sec: 113,717 | mfu: 0.2% | epoch: 1 | remaining: 234s    
step 00126 (21.9%) | loss: 4.977018 | lrm: 1.00 | dt: 570ms | tok/sec: 115,013 | mfu: 0.2% | epoch: 1 | remaining: 234s    
step 00127 (22.1%) | loss: 4.983635 | lrm: 1.00 | dt: 577ms | tok/sec: 113,503 | mfu: 0.2% | epoch: 1 | remaining: 233s    
step 00128 (22.3%) | loss: 4.968161 | lrm: 1.00 | dt: 577ms | tok/sec: 113,611 | mfu: 0.2% | epoch: 1 | remaining: 232s    
step 00129 (22.5%) | loss: 4.994510 | lrm: 1.00 | dt: 571ms | tok/sec: 114,782 | mfu: 0.2% | epoch: 1 | remaining: 232s    
step 00130 (22.7%) | loss: 4.972093 | lrm: 1.00 | dt: 578ms | tok/sec: 113,362 | mfu: 0.2% | epoch: 1 | remaining: 231s    
step 00131 (22.9%) | loss: 4.963094 | lrm: 1.00 | dt: 571ms | tok/sec: 114,715 | mfu: 0.2% | epoch: 1 | remaining: 231s    
step 00132 (23.1%) | loss: 4.972289 | lrm: 1.00 | dt: 577ms | tok/sec: 113,611 | mfu: 0.2% | epoch: 1 | remaining: 230s    
step 00133 (23.3%) | loss: 4.973011 | lrm: 1.00 | dt: 570ms | tok/sec: 115,064 | mfu: 0.2% | epoch: 1 | remaining: 230s    
step 00134 (23.5%) | loss: 4.973819 | lrm: 1.00 | dt: 577ms | tok/sec: 113,581 | mfu: 0.2% | epoch: 1 | remaining: 229s    
step 00135 (23.7%) | loss: 4.978520 | lrm: 1.00 | dt: 580ms | tok/sec: 112,952 | mfu: 0.2% | epoch: 1 | remaining: 228s    
step 00136 (23.9%) | loss: 4.974574 | lrm: 1.00 | dt: 572ms | tok/sec: 114,632 | mfu: 0.2% | epoch: 1 | remaining: 228s    
step 00137 (24.0%) | loss: 4.970036 | lrm: 1.00 | dt: 577ms | tok/sec: 113,601 | mfu: 0.2% | epoch: 1 | remaining: 227s    
step 00138 (24.2%) | loss: 4.971996 | lrm: 1.00 | dt: 573ms | tok/sec: 114,452 | mfu: 0.2% | epoch: 1 | remaining: 227s    
step 00139 (24.4%) | loss: 4.979763 | lrm: 1.00 | dt: 585ms | tok/sec: 112,106 | mfu: 0.2% | epoch: 1 | remaining: 226s    
step 00140 (24.6%) | loss: 4.982471 | lrm: 1.00 | dt: 580ms | tok/sec: 112,981 | mfu: 0.2% | epoch: 1 | remaining: 226s    
step 00141 (24.8%) | loss: 4.979365 | lrm: 1.00 | dt: 570ms | tok/sec: 114,922 | mfu: 0.2% | epoch: 1 | remaining: 225s    
step 00142 (25.0%) | loss: 4.974867 | lrm: 1.00 | dt: 590ms | tok/sec: 111,080 | mfu: 0.2% | epoch: 1 | remaining: 224s    
step 00143 (25.2%) | loss: 4.960520 | lrm: 1.00 | dt: 577ms | tok/sec: 113,603 | mfu: 0.2% | epoch: 1 | remaining: 224s    
step 00144 (25.4%) | loss: 4.946332 | lrm: 1.00 | dt: 575ms | tok/sec: 113,980 | mfu: 0.2% | epoch: 1 | remaining: 223s    
step 00145 (25.6%) | loss: 4.934566 | lrm: 1.00 | dt: 573ms | tok/sec: 114,438 | mfu: 0.2% | epoch: 1 | remaining: 223s    
step 00146 (25.8%) | loss: 4.930330 | lrm: 1.00 | dt: 582ms | tok/sec: 112,625 | mfu: 0.2% | epoch: 1 | remaining: 222s    
step 00147 (26.0%) | loss: 4.918859 | lrm: 1.00 | dt: 579ms | tok/sec: 113,115 | mfu: 0.2% | epoch: 1 | remaining: 221s    
step 00148 (26.2%) | loss: 4.914552 | lrm: 1.00 | dt: 571ms | tok/sec: 114,809 | mfu: 0.2% | epoch: 1 | remaining: 221s    
step 00149 (26.4%) | loss: 4.918053 | lrm: 1.00 | dt: 579ms | tok/sec: 113,214 | mfu: 0.2% | epoch: 1 | remaining: 220s    
step 00150 (26.6%) | loss: 4.913043 | lrm: 1.00 | dt: 569ms | tok/sec: 115,174 | mfu: 0.2% | epoch: 1 | remaining: 220s    
step 00151 (26.7%) | loss: 4.912563 | lrm: 1.00 | dt: 579ms | tok/sec: 113,104 | mfu: 0.2% | epoch: 1 | remaining: 219s    
step 00152 (26.9%) | loss: 4.921696 | lrm: 1.00 | dt: 569ms | tok/sec: 115,252 | mfu: 0.2% | epoch: 1 | remaining: 219s    
step 00153 (27.1%) | loss: 4.907031 | lrm: 1.00 | dt: 578ms | tok/sec: 113,437 | mfu: 0.2% | epoch: 1 | remaining: 218s    
step 00154 (27.3%) | loss: 4.902072 | lrm: 1.00 | dt: 579ms | tok/sec: 113,249 | mfu: 0.2% | epoch: 1 | remaining: 217s    
step 00155 (27.5%) | loss: 4.888133 | lrm: 1.00 | dt: 570ms | tok/sec: 115,065 | mfu: 0.2% | epoch: 1 | remaining: 217s    
step 00156 (27.7%) | loss: 4.891623 | lrm: 1.00 | dt: 585ms | tok/sec: 112,085 | mfu: 0.2% | epoch: 1 | remaining: 216s    
step 00157 (27.9%) | loss: 4.894559 | lrm: 1.00 | dt: 569ms | tok/sec: 115,143 | mfu: 0.2% | epoch: 1 | remaining: 216s    
step 00158 (28.1%) | loss: 4.903732 | lrm: 1.00 | dt: 581ms | tok/sec: 112,820 | mfu: 0.2% | epoch: 1 | remaining: 215s    
step 00159 (28.3%) | loss: 4.894376 | lrm: 1.00 | dt: 571ms | tok/sec: 114,723 | mfu: 0.2% | epoch: 1 | remaining: 215s    
step 00160 (28.5%) | loss: 4.894477 | lrm: 1.00 | dt: 578ms | tok/sec: 113,344 | mfu: 0.2% | epoch: 1 | remaining: 214s    
step 00161 (28.7%) | loss: 4.900711 | lrm: 1.00 | dt: 576ms | tok/sec: 113,732 | mfu: 0.2% | epoch: 1 | remaining: 213s    
step 00162 (28.9%) | loss: 4.894515 | lrm: 1.00 | dt: 569ms | tok/sec: 115,185 | mfu: 0.2% | epoch: 1 | remaining: 213s    
step 00163 (29.0%) | loss: 4.876277 | lrm: 1.00 | dt: 576ms | tok/sec: 113,791 | mfu: 0.2% | epoch: 1 | remaining: 212s    
step 00164 (29.2%) | loss: 4.855316 | lrm: 1.00 | dt: 570ms | tok/sec: 115,051 | mfu: 0.2% | epoch: 1 | remaining: 212s    
step 00165 (29.4%) | loss: 4.849027 | lrm: 1.00 | dt: 576ms | tok/sec: 113,816 | mfu: 0.2% | epoch: 1 | remaining: 211s    
step 00166 (29.6%) | loss: 4.843632 | lrm: 1.00 | dt: 575ms | tok/sec: 113,969 | mfu: 0.2% | epoch: 1 | remaining: 211s    
step 00167 (29.8%) | loss: 4.817779 | lrm: 1.00 | dt: 583ms | tok/sec: 112,437 | mfu: 0.2% | epoch: 1 | remaining: 210s    
step 00168 (30.0%) | loss: 4.818062 | lrm: 1.00 | dt: 579ms | tok/sec: 113,107 | mfu: 0.2% | epoch: 1 | remaining: 209s    
step 00169 (30.2%) | loss: 4.822753 | lrm: 1.00 | dt: 573ms | tok/sec: 114,310 | mfu: 0.2% | epoch: 1 | remaining: 209s    
step 00170 (30.4%) | loss: 4.824042 | lrm: 1.00 | dt: 581ms | tok/sec: 112,730 | mfu: 0.2% | epoch: 1 | remaining: 208s    
step 00171 (30.6%) | loss: 4.832050 | lrm: 1.00 | dt: 574ms | tok/sec: 114,149 | mfu: 0.2% | epoch: 1 | remaining: 208s    
step 00172 (30.8%) | loss: 4.827958 | lrm: 1.00 | dt: 575ms | tok/sec: 114,052 | mfu: 0.2% | epoch: 1 | remaining: 207s    
step 00173 (31.0%) | loss: 4.833835 | lrm: 1.00 | dt: 576ms | tok/sec: 113,738 | mfu: 0.2% | epoch: 1 | remaining: 207s    
step 00174 (31.2%) | loss: 4.823959 | lrm: 1.00 | dt: 577ms | tok/sec: 113,603 | mfu: 0.2% | epoch: 1 | remaining: 206s    
step 00175 (31.3%) | loss: 4.828058 | lrm: 1.00 | dt: 579ms | tok/sec: 113,160 | mfu: 0.2% | epoch: 1 | remaining: 205s    
step 00176 (31.5%) | loss: 4.823141 | lrm: 1.00 | dt: 569ms | tok/sec: 115,148 | mfu: 0.2% | epoch: 1 | remaining: 205s    
step 00177 (31.7%) | loss: 4.808039 | lrm: 1.00 | dt: 589ms | tok/sec: 111,205 | mfu: 0.2% | epoch: 1 | remaining: 204s    
step 00178 (31.9%) | loss: 4.812932 | lrm: 1.00 | dt: 569ms | tok/sec: 115,085 | mfu: 0.2% | epoch: 1 | remaining: 204s    
step 00179 (32.1%) | loss: 4.805636 | lrm: 1.00 | dt: 577ms | tok/sec: 113,605 | mfu: 0.2% | epoch: 1 | remaining: 203s    
step 00180 (32.3%) | loss: 4.808245 | lrm: 1.00 | dt: 584ms | tok/sec: 112,281 | mfu: 0.2% | epoch: 1 | remaining: 202s    
step 00181 (32.5%) | loss: 4.808868 | lrm: 1.00 | dt: 573ms | tok/sec: 114,305 | mfu: 0.2% | epoch: 1 | remaining: 202s    
step 00182 (32.7%) | loss: 4.803016 | lrm: 1.00 | dt: 576ms | tok/sec: 113,773 | mfu: 0.2% | epoch: 1 | remaining: 201s    
step 00183 (32.9%) | loss: 4.817092 | lrm: 1.00 | dt: 572ms | tok/sec: 114,561 | mfu: 0.2% | epoch: 1 | remaining: 201s    
step 00184 (33.1%) | loss: 4.816350 | lrm: 1.00 | dt: 580ms | tok/sec: 112,944 | mfu: 0.2% | epoch: 1 | remaining: 200s    
step 00185 (33.3%) | loss: 4.818484 | lrm: 1.00 | dt: 570ms | tok/sec: 114,997 | mfu: 0.2% | epoch: 1 | remaining: 200s    
step 00186 (33.5%) | loss: 4.812187 | lrm: 1.00 | dt: 580ms | tok/sec: 113,012 | mfu: 0.2% | epoch: 1 | remaining: 199s    
step 00187 (33.7%) | loss: 4.812922 | lrm: 1.00 | dt: 588ms | tok/sec: 111,485 | mfu: 0.2% | epoch: 1 | remaining: 198s    
step 00188 (33.8%) | loss: 4.814410 | lrm: 1.00 | dt: 570ms | tok/sec: 114,982 | mfu: 0.2% | epoch: 1 | remaining: 198s    
step 00189 (34.0%) | loss: 4.795412 | lrm: 1.00 | dt: 578ms | tok/sec: 113,431 | mfu: 0.2% | epoch: 1 | remaining: 197s    
step 00190 (34.2%) | loss: 4.778772 | lrm: 1.00 | dt: 570ms | tok/sec: 114,986 | mfu: 0.2% | epoch: 1 | remaining: 197s    
step 00191 (34.4%) | loss: 4.777495 | lrm: 1.00 | dt: 577ms | tok/sec: 113,512 | mfu: 0.2% | epoch: 1 | remaining: 196s    
step 00192 (34.6%) | loss: 4.767723 | lrm: 1.00 | dt: 570ms | tok/sec: 115,056 | mfu: 0.2% | epoch: 1 | remaining: 196s    
step 00193 (34.8%) | loss: 4.786931 | lrm: 1.00 | dt: 576ms | tok/sec: 113,771 | mfu: 0.2% | epoch: 1 | remaining: 195s    
step 00194 (35.0%) | loss: 4.787743 | lrm: 1.00 | dt: 578ms | tok/sec: 113,306 | mfu: 0.2% | epoch: 1 | remaining: 194s    
step 00195 (35.2%) | loss: 4.783625 | lrm: 1.00 | dt: 573ms | tok/sec: 114,284 | mfu: 0.2% | epoch: 1 | remaining: 194s    
step 00196 (35.4%) | loss: 4.772950 | lrm: 1.00 | dt: 580ms | tok/sec: 113,040 | mfu: 0.2% | epoch: 1 | remaining: 193s    
step 00197 (35.6%) | loss: 4.774490 | lrm: 1.00 | dt: 570ms | tok/sec: 114,899 | mfu: 0.2% | epoch: 1 | remaining: 193s    
step 00198 (35.8%) | loss: 4.776982 | lrm: 1.00 | dt: 579ms | tok/sec: 113,268 | mfu: 0.2% | epoch: 1 | remaining: 192s    
step 00199 (36.0%) | loss: 4.755277 | lrm: 1.00 | dt: 578ms | tok/sec: 113,402 | mfu: 0.2% | epoch: 1 | remaining: 192s    
step 00200 (36.1%) | loss: 4.765702 | lrm: 1.00 | dt: 579ms | tok/sec: 113,201 | mfu: 0.2% | epoch: 1 | remaining: 191s    
step 00201 (36.3%) | loss: 4.771762 | lrm: 1.00 | dt: 586ms | tok/sec: 111,839 | mfu: 0.2% | epoch: 1 | remaining: 190s    
step 00202 (36.5%) | loss: 4.783912 | lrm: 1.00 | dt: 569ms | tok/sec: 115,275 | mfu: 0.2% | epoch: 1 | remaining: 190s    
step 00203 (36.7%) | loss: 4.783161 | lrm: 1.00 | dt: 582ms | tok/sec: 112,636 | mfu: 0.2% | epoch: 1 | remaining: 189s    
step 00204 (36.9%) | loss: 4.782425 | lrm: 1.00 | dt: 571ms | tok/sec: 114,737 | mfu: 0.2% | epoch: 1 | remaining: 189s    
step 00205 (37.1%) | loss: 4.796715 | lrm: 1.00 | dt: 578ms | tok/sec: 113,462 | mfu: 0.2% | epoch: 1 | remaining: 188s    
step 00206 (37.3%) | loss: 4.790024 | lrm: 1.00 | dt: 578ms | tok/sec: 113,464 | mfu: 0.2% | epoch: 1 | remaining: 188s    
step 00207 (37.5%) | loss: 4.792199 | lrm: 1.00 | dt: 574ms | tok/sec: 114,173 | mfu: 0.2% | epoch: 1 | remaining: 187s    
step 00208 (37.7%) | loss: 4.803314 | lrm: 1.00 | dt: 583ms | tok/sec: 112,413 | mfu: 0.2% | epoch: 1 | remaining: 186s    
step 00209 (37.9%) | loss: 4.794409 | lrm: 1.00 | dt: 577ms | tok/sec: 113,498 | mfu: 0.2% | epoch: 1 | remaining: 186s    
step 00210 (38.1%) | loss: 4.778015 | lrm: 1.00 | dt: 575ms | tok/sec: 113,884 | mfu: 0.2% | epoch: 1 | remaining: 185s    
step 00211 (38.3%) | loss: 4.776813 | lrm: 1.00 | dt: 570ms | tok/sec: 114,882 | mfu: 0.2% | epoch: 1 | remaining: 185s    
step 00212 (38.5%) | loss: 4.790333 | lrm: 1.00 | dt: 578ms | tok/sec: 113,368 | mfu: 0.2% | epoch: 1 | remaining: 184s    
step 00213 (38.6%) | loss: 4.803025 | lrm: 1.00 | dt: 579ms | tok/sec: 113,274 | mfu: 0.2% | epoch: 1 | remaining: 183s    
step 00214 (38.8%) | loss: 4.787291 | lrm: 1.00 | dt: 570ms | tok/sec: 114,985 | mfu: 0.2% | epoch: 1 | remaining: 183s    
step 00215 (39.0%) | loss: 4.785082 | lrm: 1.00 | dt: 590ms | tok/sec: 111,055 | mfu: 0.2% | epoch: 1 | remaining: 182s    
step 00216 (39.2%) | loss: 4.771635 | lrm: 1.00 | dt: 570ms | tok/sec: 114,875 | mfu: 0.2% | epoch: 1 | remaining: 182s    
step 00217 (39.4%) | loss: 4.764538 | lrm: 1.00 | dt: 578ms | tok/sec: 113,424 | mfu: 0.2% | epoch: 1 | remaining: 181s    
step 00218 (39.6%) | loss: 4.764093 | lrm: 1.00 | dt: 574ms | tok/sec: 114,220 | mfu: 0.2% | epoch: 1 | remaining: 181s    
step 00219 (39.8%) | loss: 4.748120 | lrm: 1.00 | dt: 582ms | tok/sec: 112,601 | mfu: 0.2% | epoch: 1 | remaining: 180s    
step 00220 (40.0%) | loss: 4.741036 | lrm: 1.00 | dt: 585ms | tok/sec: 111,971 | mfu: 0.2% | epoch: 1 | remaining: 179s    
step 00221 (40.2%) | loss: 4.743545 | lrm: 1.00 | dt: 566ms | tok/sec: 115,732 | mfu: 0.2% | epoch: 1 | remaining: 179s    
step 00222 (40.4%) | loss: 4.750751 | lrm: 1.00 | dt: 588ms | tok/sec: 111,452 | mfu: 0.2% | epoch: 1 | remaining: 178s    
step 00223 (40.6%) | loss: 4.750196 | lrm: 1.00 | dt: 570ms | tok/sec: 114,889 | mfu: 0.2% | epoch: 1 | remaining: 178s    
step 00224 (40.8%) | loss: 4.734363 | lrm: 1.00 | dt: 575ms | tok/sec: 113,968 | mfu: 0.2% | epoch: 1 | remaining: 177s    
step 00225 (41.0%) | loss: 4.732788 | lrm: 1.00 | dt: 573ms | tok/sec: 114,291 | mfu: 0.2% | epoch: 1 | remaining: 177s    
step 00226 (41.1%) | loss: 4.745149 | lrm: 1.00 | dt: 576ms | tok/sec: 113,872 | mfu: 0.2% | epoch: 1 | remaining: 176s    
step 00227 (41.3%) | loss: 4.730988 | lrm: 1.00 | dt: 578ms | tok/sec: 113,406 | mfu: 0.2% | epoch: 1 | remaining: 175s    
step 00228 (41.5%) | loss: 4.727578 | lrm: 1.00 | dt: 571ms | tok/sec: 114,796 | mfu: 0.2% | epoch: 1 | remaining: 175s    
step 00229 (41.7%) | loss: 4.720452 | lrm: 1.00 | dt: 579ms | tok/sec: 113,091 | mfu: 0.2% | epoch: 1 | remaining: 174s    
step 00230 (41.9%) | loss: 4.720773 | lrm: 1.00 | dt: 571ms | tok/sec: 114,767 | mfu: 0.2% | epoch: 1 | remaining: 174s    
step 00231 (42.1%) | loss: 4.723366 | lrm: 1.00 | dt: 575ms | tok/sec: 113,885 | mfu: 0.2% | epoch: 1 | remaining: 173s    
step 00232 (42.3%) | loss: 4.736626 | lrm: 1.00 | dt: 571ms | tok/sec: 114,814 | mfu: 0.2% | epoch: 1 | remaining: 173s    
step 00233 (42.5%) | loss: 4.746987 | lrm: 1.00 | dt: 582ms | tok/sec: 112,549 | mfu: 0.2% | epoch: 1 | remaining: 172s    
step 00234 (42.7%) | loss: 4.737666 | lrm: 1.00 | dt: 578ms | tok/sec: 113,401 | mfu: 0.2% | epoch: 1 | remaining: 171s    
step 00235 (42.9%) | loss: 4.739322 | lrm: 1.00 | dt: 567ms | tok/sec: 115,557 | mfu: 0.2% | epoch: 1 | remaining: 171s    
step 00236 (43.1%) | loss: 4.735596 | lrm: 1.00 | dt: 585ms | tok/sec: 112,106 | mfu: 0.2% | epoch: 1 | remaining: 170s    
step 00237 (43.3%) | loss: 4.725948 | lrm: 1.00 | dt: 571ms | tok/sec: 114,866 | mfu: 0.2% | epoch: 1 | remaining: 170s    
step 00238 (43.5%) | loss: 4.729111 | lrm: 1.00 | dt: 578ms | tok/sec: 113,468 | mfu: 0.2% | epoch: 1 | remaining: 169s    
step 00239 (43.6%) | loss: 4.733148 | lrm: 1.00 | dt: 581ms | tok/sec: 112,708 | mfu: 0.2% | epoch: 1 | remaining: 168s    
step 00240 (43.8%) | loss: 4.738762 | lrm: 1.00 | dt: 569ms | tok/sec: 115,173 | mfu: 0.2% | epoch: 1 | remaining: 168s    
step 00241 (44.0%) | loss: 4.727747 | lrm: 1.00 | dt: 579ms | tok/sec: 113,121 | mfu: 0.2% | epoch: 1 | remaining: 167s    
step 00242 (44.2%) | loss: 4.711173 | lrm: 1.00 | dt: 568ms | tok/sec: 115,331 | mfu: 0.2% | epoch: 1 | remaining: 167s    
step 00243 (44.4%) | loss: 4.706723 | lrm: 1.00 | dt: 591ms | tok/sec: 110,827 | mfu: 0.2% | epoch: 1 | remaining: 166s    
step 00244 (44.6%) | loss: 4.704687 | lrm: 1.00 | dt: 570ms | tok/sec: 114,916 | mfu: 0.2% | epoch: 1 | remaining: 166s    
step 00245 (44.8%) | loss: 4.684798 | lrm: 1.00 | dt: 583ms | tok/sec: 112,414 | mfu: 0.2% | epoch: 1 | remaining: 165s    
step 00246 (45.0%) | loss: 4.690575 | lrm: 1.00 | dt: 579ms | tok/sec: 113,229 | mfu: 0.2% | epoch: 1 | remaining: 164s    
step 00247 (45.2%) | loss: 4.673473 | lrm: 1.00 | dt: 568ms | tok/sec: 115,450 | mfu: 0.2% | epoch: 1 | remaining: 164s    
step 00248 (45.4%) | loss: 4.681264 | lrm: 1.00 | dt: 576ms | tok/sec: 113,763 | mfu: 0.2% | epoch: 1 | remaining: 163s    
step 00249 (45.6%) | loss: 4.659393 | lrm: 1.00 | dt: 570ms | tok/sec: 114,892 | mfu: 0.2% | epoch: 1 | remaining: 163s    
step 00250 (45.8%) | loss: 4.676097 | lrm: 1.00 | dt: 581ms | tok/sec: 112,837 | mfu: 0.2% | epoch: 1 | remaining: 162s    
step 00251 (45.9%) | loss: 4.654340 | lrm: 1.00 | dt: 569ms | tok/sec: 115,090 | mfu: 0.2% | epoch: 1 | remaining: 162s    
step 00252 (46.1%) | loss: 4.643345 | lrm: 1.00 | dt: 577ms | tok/sec: 113,594 | mfu: 0.2% | epoch: 1 | remaining: 161s    
step 00253 (46.3%) | loss: 4.646176 | lrm: 1.00 | dt: 587ms | tok/sec: 111,631 | mfu: 0.2% | epoch: 1 | remaining: 160s    
step 00254 (46.5%) | loss: 4.669297 | lrm: 1.00 | dt: 576ms | tok/sec: 113,709 | mfu: 0.2% | epoch: 1 | remaining: 160s    
step 00255 (46.7%) | loss: 4.660346 | lrm: 1.00 | dt: 578ms | tok/sec: 113,423 | mfu: 0.2% | epoch: 1 | remaining: 159s    
step 00256 (46.9%) | loss: 4.673121 | lrm: 1.00 | dt: 570ms | tok/sec: 114,887 | mfu: 0.2% | epoch: 1 | remaining: 159s    
step 00257 (47.1%) | loss: 4.680591 | lrm: 1.00 | dt: 577ms | tok/sec: 113,500 | mfu: 0.2% | epoch: 1 | remaining: 158s    
step 00258 (47.3%) | loss: 4.677818 | lrm: 1.00 | dt: 570ms | tok/sec: 114,976 | mfu: 0.2% | epoch: 1 | remaining: 158s    
step 00259 (47.5%) | loss: 4.659068 | lrm: 1.00 | dt: 577ms | tok/sec: 113,509 | mfu: 0.2% | epoch: 1 | remaining: 157s    
step 00260 (47.7%) | loss: 4.659435 | lrm: 1.00 | dt: 577ms | tok/sec: 113,500 | mfu: 0.2% | epoch: 1 | remaining: 156s    
step 00261 (47.9%) | loss: 4.664496 | lrm: 1.00 | dt: 567ms | tok/sec: 115,501 | mfu: 0.2% | epoch: 1 | remaining: 156s    
step 00262 (48.1%) | loss: 4.661474 | lrm: 1.00 | dt: 580ms | tok/sec: 113,084 | mfu: 0.2% | epoch: 1 | remaining: 155s    
step 00263 (48.3%) | loss: 4.661749 | lrm: 1.00 | dt: 569ms | tok/sec: 115,136 | mfu: 0.2% | epoch: 1 | remaining: 155s    
step 00264 (48.4%) | loss: 4.656598 | lrm: 1.00 | dt: 579ms | tok/sec: 113,168 | mfu: 0.2% | epoch: 1 | remaining: 154s    
step 00265 (48.6%) | loss: 4.634676 | lrm: 1.00 | dt: 570ms | tok/sec: 114,986 | mfu: 0.2% | epoch: 1 | remaining: 154s    
step 00266 (48.8%) | loss: 4.627511 | lrm: 1.00 | dt: 578ms | tok/sec: 113,385 | mfu: 0.2% | epoch: 1 | remaining: 153s    
step 00267 (49.0%) | loss: 4.591713 | lrm: 1.00 | dt: 588ms | tok/sec: 111,498 | mfu: 0.2% | epoch: 1 | remaining: 152s    
step 00268 (49.2%) | loss: 4.587095 | lrm: 1.00 | dt: 572ms | tok/sec: 114,484 | mfu: 0.2% | epoch: 1 | remaining: 152s    
step 00269 (49.4%) | loss: 4.633522 | lrm: 1.00 | dt: 577ms | tok/sec: 113,543 | mfu: 0.2% | epoch: 1 | remaining: 151s    
step 00270 (49.6%) | loss: 4.631257 | lrm: 1.00 | dt: 569ms | tok/sec: 115,172 | mfu: 0.2% | epoch: 1 | remaining: 151s    
step 00271 (49.8%) | loss: 4.624283 | lrm: 1.00 | dt: 584ms | tok/sec: 112,230 | mfu: 0.2% | epoch: 1 | remaining: 150s    
step 00272 (50.0%) | loss: 4.615159 | lrm: 1.00 | dt: 581ms | tok/sec: 112,863 | mfu: 0.2% | epoch: 1 | remaining: 149s    
step 00273 (50.2%) | loss: 4.602117 | lrm: 1.00 | dt: 569ms | tok/sec: 115,172 | mfu: 0.2% | epoch: 1 | remaining: 149s    
step 00274 (50.4%) | loss: 4.605968 | lrm: 1.00 | dt: 584ms | tok/sec: 112,156 | mfu: 0.2% | epoch: 1 | remaining: 148s    
step 00275 (50.6%) | loss: 4.594939 | lrm: 1.00 | dt: 569ms | tok/sec: 115,167 | mfu: 0.2% | epoch: 1 | remaining: 148s    
step 00276 (50.7%) | loss: 4.569122 | lrm: 1.00 | dt: 574ms | tok/sec: 114,141 | mfu: 0.2% | epoch: 1 | remaining: 147s    
step 00277 (50.9%) | loss: 4.555284 | lrm: 1.00 | dt: 568ms | tok/sec: 115,302 | mfu: 0.2% | epoch: 1 | remaining: 147s    
step 00278 (51.1%) | loss: 4.568093 | lrm: 1.00 | dt: 584ms | tok/sec: 112,212 | mfu: 0.2% | epoch: 1 | remaining: 146s    
step 00279 (51.3%) | loss: 4.563541 | lrm: 1.00 | dt: 578ms | tok/sec: 113,459 | mfu: 0.2% | epoch: 1 | remaining: 145s    
step 00280 (51.5%) | loss: 4.551406 | lrm: 1.00 | dt: 573ms | tok/sec: 114,398 | mfu: 0.2% | epoch: 1 | remaining: 145s    
step 00281 (51.7%) | loss: 4.559234 | lrm: 1.00 | dt: 577ms | tok/sec: 113,560 | mfu: 0.2% | epoch: 1 | remaining: 144s    
step 00282 (51.9%) | loss: 4.561986 | lrm: 1.00 | dt: 574ms | tok/sec: 114,091 | mfu: 0.2% | epoch: 1 | remaining: 144s    
step 00283 (52.1%) | loss: 4.551916 | lrm: 1.00 | dt: 575ms | tok/sec: 113,890 | mfu: 0.2% | epoch: 1 | remaining: 143s    
step 00284 (52.3%) | loss: 4.551608 | lrm: 1.00 | dt: 573ms | tok/sec: 114,345 | mfu: 0.2% | epoch: 1 | remaining: 143s    
step 00285 (52.5%) | loss: 4.554885 | lrm: 1.00 | dt: 580ms | tok/sec: 112,921 | mfu: 0.2% | epoch: 1 | remaining: 142s    
step 00286 (52.7%) | loss: 4.545984 | lrm: 1.00 | dt: 577ms | tok/sec: 113,603 | mfu: 0.2% | epoch: 1 | remaining: 141s    
step 00287 (52.9%) | loss: 4.542783 | lrm: 1.00 | dt: 570ms | tok/sec: 114,960 | mfu: 0.2% | epoch: 1 | remaining: 141s    
step 00288 (53.0%) | loss: 4.556076 | lrm: 1.00 | dt: 578ms | tok/sec: 113,404 | mfu: 0.2% | epoch: 1 | remaining: 140s    
step 00289 (53.2%) | loss: 4.542940 | lrm: 1.00 | dt: 574ms | tok/sec: 114,119 | mfu: 0.2% | epoch: 1 | remaining: 140s    
step 00290 (53.4%) | loss: 4.560539 | lrm: 1.00 | dt: 576ms | tok/sec: 113,721 | mfu: 0.2% | epoch: 1 | remaining: 139s    
step 00291 (53.6%) | loss: 4.562860 | lrm: 1.00 | dt: 570ms | tok/sec: 114,953 | mfu: 0.2% | epoch: 1 | remaining: 139s    
step 00292 (53.8%) | loss: 4.554706 | lrm: 1.00 | dt: 578ms | tok/sec: 113,457 | mfu: 0.2% | epoch: 1 | remaining: 138s    
step 00293 (54.0%) | loss: 4.559948 | lrm: 1.00 | dt: 578ms | tok/sec: 113,374 | mfu: 0.2% | epoch: 1 | remaining: 137s    
step 00294 (54.2%) | loss: 4.535198 | lrm: 1.00 | dt: 570ms | tok/sec: 115,074 | mfu: 0.2% | epoch: 1 | remaining: 137s    
step 00295 (54.4%) | loss: 4.543196 | lrm: 1.00 | dt: 580ms | tok/sec: 112,967 | mfu: 0.2% | epoch: 1 | remaining: 136s    
step 00296 (54.6%) | loss: 4.539056 | lrm: 1.00 | dt: 571ms | tok/sec: 114,713 | mfu: 0.2% | epoch: 1 | remaining: 136s    
step 00297 (54.8%) | loss: 4.562111 | lrm: 1.00 | dt: 578ms | tok/sec: 113,375 | mfu: 0.2% | epoch: 1 | remaining: 135s    
step 00298 (55.0%) | loss: 4.554646 | lrm: 1.00 | dt: 570ms | tok/sec: 115,021 | mfu: 0.2% | epoch: 1 | remaining: 135s    
step 00299 (55.2%) | loss: 4.546346 | lrm: 1.00 | dt: 577ms | tok/sec: 113,494 | mfu: 0.2% | epoch: 1 | remaining: 134s    
step 00300 (55.3%) | loss: 4.549234 | lrm: 1.00 | dt: 577ms | tok/sec: 113,587 | mfu: 0.2% | epoch: 1 | remaining: 133s    
step 00301 (55.5%) | loss: 4.528781 | lrm: 1.00 | dt: 571ms | tok/sec: 114,715 | mfu: 0.2% | epoch: 1 | remaining: 133s    
step 00302 (55.7%) | loss: 4.526748 | lrm: 1.00 | dt: 579ms | tok/sec: 113,269 | mfu: 0.2% | epoch: 1 | remaining: 132s    
step 00303 (55.9%) | loss: 4.515599 | lrm: 1.00 | dt: 572ms | tok/sec: 114,663 | mfu: 0.2% | epoch: 1 | remaining: 132s    
step 00304 (56.1%) | loss: 4.511715 | lrm: 1.00 | dt: 576ms | tok/sec: 113,736 | mfu: 0.2% | epoch: 1 | remaining: 131s    
step 00305 (56.3%) | loss: 4.527495 | lrm: 1.00 | dt: 571ms | tok/sec: 114,847 | mfu: 0.2% | epoch: 1 | remaining: 131s    
step 00306 (56.5%) | loss: 4.524907 | lrm: 1.00 | dt: 580ms | tok/sec: 112,967 | mfu: 0.2% | epoch: 1 | remaining: 130s    
step 00307 (56.7%) | loss: 4.528334 | lrm: 1.00 | dt: 579ms | tok/sec: 113,132 | mfu: 0.2% | epoch: 1 | remaining: 129s    
step 00308 (56.9%) | loss: 4.516527 | lrm: 1.00 | dt: 571ms | tok/sec: 114,715 | mfu: 0.2% | epoch: 1 | remaining: 129s    
step 00309 (57.1%) | loss: 4.499160 | lrm: 1.00 | dt: 586ms | tok/sec: 111,748 | mfu: 0.2% | epoch: 1 | remaining: 128s    
step 00310 (57.3%) | loss: 4.498036 | lrm: 1.00 | dt: 570ms | tok/sec: 115,018 | mfu: 0.2% | epoch: 1 | remaining: 128s    
step 00311 (57.5%) | loss: 4.508270 | lrm: 1.00 | dt: 585ms | tok/sec: 112,000 | mfu: 0.2% | epoch: 1 | remaining: 127s    
step 00312 (57.7%) | loss: 4.525843 | lrm: 1.00 | dt: 578ms | tok/sec: 113,434 | mfu: 0.2% | epoch: 1 | remaining: 126s    
step 00313 (57.8%) | loss: 4.522759 | lrm: 1.00 | dt: 576ms | tok/sec: 113,782 | mfu: 0.2% | epoch: 1 | remaining: 126s    
step 00314 (58.0%) | loss: 4.533818 | lrm: 1.00 | dt: 577ms | tok/sec: 113,613 | mfu: 0.2% | epoch: 1 | remaining: 125s    
step 00315 (58.2%) | loss: 4.540503 | lrm: 1.00 | dt: 572ms | tok/sec: 114,530 | mfu: 0.2% | epoch: 1 | remaining: 125s    
step 00316 (58.4%) | loss: 4.532609 | lrm: 1.00 | dt: 576ms | tok/sec: 113,758 | mfu: 0.2% | epoch: 1 | remaining: 124s    
step 00317 (58.6%) | loss: 4.539517 | lrm: 1.00 | dt: 571ms | tok/sec: 114,814 | mfu: 0.2% | epoch: 1 | remaining: 124s    
step 00318 (58.8%) | loss: 4.540386 | lrm: 1.00 | dt: 578ms | tok/sec: 113,428 | mfu: 0.2% | epoch: 1 | remaining: 123s    
step 00319 (59.0%) | loss: 4.510915 | lrm: 1.00 | dt: 579ms | tok/sec: 113,135 | mfu: 0.2% | epoch: 1 | remaining: 122s    
step 00320 (59.2%) | loss: 4.504990 | lrm: 1.00 | dt: 566ms | tok/sec: 115,722 | mfu: 0.2% | epoch: 1 | remaining: 122s    
step 00321 (59.4%) | loss: 4.492447 | lrm: 1.00 | dt: 575ms | tok/sec: 113,994 | mfu: 0.2% | epoch: 1 | remaining: 121s    
step 00322 (59.6%) | loss: 4.506846 | lrm: 1.00 | dt: 582ms | tok/sec: 112,625 | mfu: 0.2% | epoch: 1 | remaining: 121s    
step 00323 (59.8%) | loss: 4.489167 | lrm: 1.00 | dt: 574ms | tok/sec: 114,110 | mfu: 0.2% | epoch: 1 | remaining: 120s    
step 00324 (60.0%) | loss: 4.492635 | lrm: 1.00 | dt: 572ms | tok/sec: 114,490 | mfu: 0.2% | epoch: 1 | remaining: 120s    
step 00325 (60.1%) | loss: 4.480001 | lrm: 1.00 | dt: 580ms | tok/sec: 113,017 | mfu: 0.2% | epoch: 1 | remaining: 119s    
step 00326 (60.3%) | loss: 4.492788 | lrm: 1.00 | dt: 579ms | tok/sec: 113,181 | mfu: 0.2% | epoch: 1 | remaining: 118s    
step 00327 (60.5%) | loss: 4.507912 | lrm: 1.00 | dt: 567ms | tok/sec: 115,546 | mfu: 0.2% | epoch: 1 | remaining: 118s    
step 00328 (60.7%) | loss: 4.506268 | lrm: 1.00 | dt: 585ms | tok/sec: 112,120 | mfu: 0.2% | epoch: 1 | remaining: 117s    
step 00329 (60.9%) | loss: 4.503042 | lrm: 1.00 | dt: 568ms | tok/sec: 115,352 | mfu: 0.2% | epoch: 1 | remaining: 117s    
step 00330 (61.1%) | loss: 4.501983 | lrm: 1.00 | dt: 582ms | tok/sec: 112,620 | mfu: 0.2% | epoch: 1 | remaining: 116s    
step 00331 (61.3%) | loss: 4.508092 | lrm: 1.00 | dt: 574ms | tok/sec: 114,075 | mfu: 0.2% | epoch: 1 | remaining: 116s    
step 00332 (61.5%) | loss: 4.492114 | lrm: 1.00 | dt: 580ms | tok/sec: 113,019 | mfu: 0.2% | epoch: 1 | remaining: 115s    
step 00333 (61.7%) | loss: 4.487194 | lrm: 1.00 | dt: 585ms | tok/sec: 112,039 | mfu: 0.2% | epoch: 1 | remaining: 114s    
step 00334 (61.9%) | loss: 4.479260 | lrm: 1.00 | dt: 570ms | tok/sec: 114,975 | mfu: 0.2% | epoch: 1 | remaining: 114s    
step 00335 (62.1%) | loss: 4.481633 | lrm: 1.00 | dt: 582ms | tok/sec: 112,533 | mfu: 0.2% | epoch: 1 | remaining: 113s    
step 00336 (62.3%) | loss: 4.476820 | lrm: 1.00 | dt: 568ms | tok/sec: 115,302 | mfu: 0.2% | epoch: 1 | remaining: 113s    
step 00337 (62.5%) | loss: 4.463303 | lrm: 1.00 | dt: 575ms | tok/sec: 113,989 | mfu: 0.2% | epoch: 1 | remaining: 112s    
step 00338 (62.6%) | loss: 4.472550 | lrm: 1.00 | dt: 572ms | tok/sec: 114,520 | mfu: 0.2% | epoch: 1 | remaining: 111s    
step 00339 (62.8%) | loss: 4.513165 | lrm: 1.00 | dt: 583ms | tok/sec: 112,451 | mfu: 0.2% | epoch: 1 | remaining: 111s    
step 00340 (63.0%) | loss: 4.503241 | lrm: 1.00 | dt: 574ms | tok/sec: 114,119 | mfu: 0.2% | epoch: 1 | remaining: 110s    
step 00341 (63.2%) | loss: 4.503736 | lrm: 1.00 | dt: 574ms | tok/sec: 114,085 | mfu: 0.2% | epoch: 1 | remaining: 110s    
step 00342 (63.4%) | loss: 4.485175 | lrm: 1.00 | dt: 577ms | tok/sec: 113,584 | mfu: 0.2% | epoch: 1 | remaining: 109s    
step 00343 (63.6%) | loss: 4.461235 | lrm: 1.00 | dt: 570ms | tok/sec: 114,885 | mfu: 0.2% | epoch: 1 | remaining: 109s    
step 00344 (63.8%) | loss: 4.444660 | lrm: 1.00 | dt: 586ms | tok/sec: 111,755 | mfu: 0.2% | epoch: 1 | remaining: 108s    
step 00345 (64.0%) | loss: 4.429233 | lrm: 1.00 | dt: 574ms | tok/sec: 114,219 | mfu: 0.2% | epoch: 1 | remaining: 107s    
step 00346 (64.2%) | loss: 4.439238 | lrm: 1.00 | dt: 570ms | tok/sec: 115,067 | mfu: 0.2% | epoch: 1 | remaining: 107s    
step 00347 (64.4%) | loss: 4.440399 | lrm: 1.00 | dt: 589ms | tok/sec: 111,246 | mfu: 0.2% | epoch: 1 | remaining: 106s    
step 00348 (64.6%) | loss: 4.442885 | lrm: 1.00 | dt: 569ms | tok/sec: 115,099 | mfu: 0.2% | epoch: 1 | remaining: 106s    
step 00349 (64.8%) | loss: 4.461516 | lrm: 1.00 | dt: 581ms | tok/sec: 112,769 | mfu: 0.2% | epoch: 1 | remaining: 105s    
step 00350 (65.0%) | loss: 4.432215 | lrm: 1.00 | dt: 569ms | tok/sec: 115,258 | mfu: 0.2% | epoch: 1 | remaining: 105s    
step 00351 (65.1%) | loss: 4.421740 | lrm: 1.00 | dt: 577ms | tok/sec: 113,545 | mfu: 0.2% | epoch: 1 | remaining: 104s    
step 00352 (65.3%) | loss: 4.436883 | lrm: 1.00 | dt: 577ms | tok/sec: 113,619 | mfu: 0.2% | epoch: 1 | remaining: 103s    
step 00353 (65.5%) | loss: 4.376906 | lrm: 1.00 | dt: 569ms | tok/sec: 115,184 | mfu: 0.2% | epoch: 1 | remaining: 103s    
step 00354 (65.7%) | loss: 4.386999 | lrm: 1.00 | dt: 585ms | tok/sec: 111,975 | mfu: 0.2% | epoch: 1 | remaining: 102s    
step 00355 (65.9%) | loss: 4.398940 | lrm: 1.00 | dt: 571ms | tok/sec: 114,767 | mfu: 0.2% | epoch: 1 | remaining: 102s    
step 00356 (66.1%) | loss: 4.394443 | lrm: 1.00 | dt: 575ms | tok/sec: 114,031 | mfu: 0.2% | epoch: 1 | remaining: 101s    
step 00357 (66.3%) | loss: 4.405728 | lrm: 1.00 | dt: 569ms | tok/sec: 115,207 | mfu: 0.2% | epoch: 1 | remaining: 101s    
step 00358 (66.5%) | loss: 4.403851 | lrm: 1.00 | dt: 577ms | tok/sec: 113,668 | mfu: 0.2% | epoch: 1 | remaining: 100s    
step 00359 (66.7%) | loss: 4.392872 | lrm: 1.00 | dt: 577ms | tok/sec: 113,536 | mfu: 0.2% | epoch: 1 | remaining: 99s    
step 00360 (66.9%) | loss: 4.398890 | lrm: 1.00 | dt: 569ms | tok/sec: 115,245 | mfu: 0.2% | epoch: 1 | remaining: 99s    
step 00361 (67.1%) | loss: 4.402098 | lrm: 1.00 | dt: 580ms | tok/sec: 113,066 | mfu: 0.2% | epoch: 1 | remaining: 98s    
step 00362 (67.3%) | loss: 4.387842 | lrm: 1.00 | dt: 572ms | tok/sec: 114,521 | mfu: 0.2% | epoch: 1 | remaining: 98s    
step 00363 (67.4%) | loss: 4.381858 | lrm: 1.00 | dt: 578ms | tok/sec: 113,347 | mfu: 0.2% | epoch: 1 | remaining: 97s    
step 00364 (67.6%) | loss: 4.373922 | lrm: 1.00 | dt: 569ms | tok/sec: 115,248 | mfu: 0.2% | epoch: 1 | remaining: 97s    
step 00365 (67.8%) | loss: 4.357251 | lrm: 1.00 | dt: 587ms | tok/sec: 111,591 | mfu: 0.2% | epoch: 1 | remaining: 96s    
step 00366 (68.0%) | loss: 4.366308 | lrm: 1.00 | dt: 580ms | tok/sec: 113,061 | mfu: 0.2% | epoch: 1 | remaining: 95s    
step 00367 (68.2%) | loss: 4.380170 | lrm: 1.00 | dt: 569ms | tok/sec: 115,214 | mfu: 0.2% | epoch: 1 | remaining: 95s    
step 00368 (68.4%) | loss: 4.367957 | lrm: 1.00 | dt: 583ms | tok/sec: 112,456 | mfu: 0.2% | epoch: 1 | remaining: 94s    
step 00369 (68.6%) | loss: 4.363135 | lrm: 1.00 | dt: 572ms | tok/sec: 114,626 | mfu: 0.2% | epoch: 1 | remaining: 94s    
step 00370 (68.8%) | loss: 4.362208 | lrm: 1.00 | dt: 578ms | tok/sec: 113,321 | mfu: 0.2% | epoch: 1 | remaining: 93s    
step 00371 (69.0%) | loss: 4.359110 | lrm: 1.00 | dt: 573ms | tok/sec: 114,379 | mfu: 0.2% | epoch: 1 | remaining: 92s    
step 00372 (69.2%) | loss: 4.363605 | lrm: 1.00 | dt: 580ms | tok/sec: 112,967 | mfu: 0.2% | epoch: 1 | remaining: 92s    
step 00373 (69.4%) | loss: 4.369480 | lrm: 1.00 | dt: 575ms | tok/sec: 114,019 | mfu: 0.2% | epoch: 1 | remaining: 91s    
step 00374 (69.6%) | loss: 4.370465 | lrm: 1.00 | dt: 568ms | tok/sec: 115,412 | mfu: 0.2% | epoch: 1 | remaining: 91s    
step 00375 (69.7%) | loss: 4.361083 | lrm: 1.00 | dt: 583ms | tok/sec: 112,376 | mfu: 0.2% | epoch: 1 | remaining: 90s    
step 00376 (69.9%) | loss: 4.353053 | lrm: 1.00 | dt: 568ms | tok/sec: 115,470 | mfu: 0.2% | epoch: 1 | remaining: 90s    
step 00377 (70.1%) | loss: 4.349631 | lrm: 1.00 | dt: 575ms | tok/sec: 113,900 | mfu: 0.2% | epoch: 1 | remaining: 89s    
step 00378 (70.3%) | loss: 4.345558 | lrm: 0.99 | dt: 572ms | tok/sec: 114,517 | mfu: 0.2% | epoch: 1 | remaining: 88s    
step 00379 (70.5%) | loss: 4.343981 | lrm: 0.98 | dt: 582ms | tok/sec: 112,514 | mfu: 0.2% | epoch: 1 | remaining: 88s    
step 00380 (70.7%) | loss: 4.335135 | lrm: 0.98 | dt: 577ms | tok/sec: 113,546 | mfu: 0.2% | epoch: 1 | remaining: 87s    
step 00381 (70.9%) | loss: 4.332722 | lrm: 0.97 | dt: 569ms | tok/sec: 115,121 | mfu: 0.2% | epoch: 1 | remaining: 87s    
step 00382 (71.1%) | loss: 4.340872 | lrm: 0.96 | dt: 577ms | tok/sec: 113,649 | mfu: 0.2% | epoch: 1 | remaining: 86s    
step 00383 (71.3%) | loss: 4.352537 | lrm: 0.96 | dt: 572ms | tok/sec: 114,612 | mfu: 0.2% | epoch: 1 | remaining: 86s    
step 00384 (71.5%) | loss: 4.351317 | lrm: 0.95 | dt: 576ms | tok/sec: 113,801 | mfu: 0.2% | epoch: 1 | remaining: 85s    
step 00385 (71.7%) | loss: 4.350380 | lrm: 0.94 | dt: 570ms | tok/sec: 114,994 | mfu: 0.2% | epoch: 1 | remaining: 84s    
step 00386 (71.9%) | loss: 4.344943 | lrm: 0.94 | dt: 585ms | tok/sec: 112,039 | mfu: 0.2% | epoch: 1 | remaining: 84s    
step 00387 (72.0%) | loss: 4.342757 | lrm: 0.93 | dt: 576ms | tok/sec: 113,828 | mfu: 0.2% | epoch: 1 | remaining: 83s    
step 00388 (72.2%) | loss: 4.319777 | lrm: 0.93 | dt: 569ms | tok/sec: 115,093 | mfu: 0.2% | epoch: 1 | remaining: 83s    
step 00389 (72.4%) | loss: 4.332414 | lrm: 0.92 | dt: 583ms | tok/sec: 112,407 | mfu: 0.2% | epoch: 1 | remaining: 82s    
step 00390 (72.6%) | loss: 4.328927 | lrm: 0.91 | dt: 569ms | tok/sec: 115,235 | mfu: 0.2% | epoch: 1 | remaining: 82s    
step 00391 (72.8%) | loss: 4.323270 | lrm: 0.91 | dt: 574ms | tok/sec: 114,122 | mfu: 0.2% | epoch: 1 | remaining: 81s    
step 00392 (73.0%) | loss: 4.354693 | lrm: 0.90 | dt: 580ms | tok/sec: 112,999 | mfu: 0.2% | epoch: 1 | remaining: 80s    
step 00393 (73.2%) | loss: 4.328295 | lrm: 0.89 | dt: 577ms | tok/sec: 113,606 | mfu: 0.2% | epoch: 1 | remaining: 80s    
step 00394 (73.4%) | loss: 4.338940 | lrm: 0.89 | dt: 575ms | tok/sec: 114,031 | mfu: 0.2% | epoch: 1 | remaining: 79s    
step 00395 (73.6%) | loss: 4.333488 | lrm: 0.88 | dt: 573ms | tok/sec: 114,463 | mfu: 0.2% | epoch: 1 | remaining: 79s    
step 00396 (73.8%) | loss: 4.352264 | lrm: 0.87 | dt: 579ms | tok/sec: 113,142 | mfu: 0.2% | epoch: 1 | remaining: 78s    
step 00397 (74.0%) | loss: 4.339401 | lrm: 0.87 | dt: 570ms | tok/sec: 114,941 | mfu: 0.2% | epoch: 1 | remaining: 78s    
step 00398 (74.2%) | loss: 4.325534 | lrm: 0.86 | dt: 579ms | tok/sec: 113,242 | mfu: 0.2% | epoch: 1 | remaining: 77s    
step 00399 (74.3%) | loss: 4.332848 | lrm: 0.86 | dt: 580ms | tok/sec: 113,049 | mfu: 0.2% | epoch: 1 | remaining: 76s    
step 00400 (74.5%) | loss: 4.348246 | lrm: 0.85 | dt: 571ms | tok/sec: 114,751 | mfu: 0.2% | epoch: 1 | remaining: 76s    
step 00401 (74.7%) | loss: 4.350927 | lrm: 0.84 | dt: 576ms | tok/sec: 113,779 | mfu: 0.2% | epoch: 1 | remaining: 75s    
step 00402 (74.9%) | loss: 4.358002 | lrm: 0.84 | dt: 572ms | tok/sec: 114,566 | mfu: 0.2% | epoch: 1 | remaining: 75s    
step 00403 (75.1%) | loss: 4.334873 | lrm: 0.83 | dt: 577ms | tok/sec: 113,608 | mfu: 0.2% | epoch: 1 | remaining: 74s    
step 00404 (75.3%) | loss: 4.284299 | lrm: 0.82 | dt: 569ms | tok/sec: 115,250 | mfu: 0.2% | epoch: 1 | remaining: 74s    
step 00405 (75.5%) | loss: 4.273191 | lrm: 0.82 | dt: 576ms | tok/sec: 113,753 | mfu: 0.2% | epoch: 1 | remaining: 73s    
step 00406 (75.7%) | loss: 4.263464 | lrm: 0.81 | dt: 577ms | tok/sec: 113,554 | mfu: 0.2% | epoch: 1 | remaining: 72s    
step 00407 (75.9%) | loss: 4.226845 | lrm: 0.80 | dt: 570ms | tok/sec: 114,879 | mfu: 0.2% | epoch: 1 | remaining: 72s    
step 00408 (76.1%) | loss: 4.236243 | lrm: 0.80 | dt: 578ms | tok/sec: 113,411 | mfu: 0.2% | epoch: 1 | remaining: 71s    
step 00409 (76.3%) | loss: 4.237028 | lrm: 0.79 | dt: 569ms | tok/sec: 115,101 | mfu: 0.2% | epoch: 1 | remaining: 71s    
step 00410 (76.5%) | loss: 4.255658 | lrm: 0.78 | dt: 574ms | tok/sec: 114,100 | mfu: 0.2% | epoch: 1 | remaining: 70s    
step 00411 (76.6%) | loss: 4.259341 | lrm: 0.78 | dt: 572ms | tok/sec: 114,568 | mfu: 0.2% | epoch: 1 | remaining: 69s    
step 00412 (76.8%) | loss: 4.274554 | lrm: 0.77 | dt: 575ms | tok/sec: 113,963 | mfu: 0.2% | epoch: 1 | remaining: 69s    
step 00413 (77.0%) | loss: 4.308830 | lrm: 0.77 | dt: 583ms | tok/sec: 112,493 | mfu: 0.2% | epoch: 1 | remaining: 68s    
step 00414 (77.2%) | loss: 4.311461 | lrm: 0.76 | dt: 569ms | tok/sec: 115,090 | mfu: 0.2% | epoch: 1 | remaining: 68s    
step 00415 (77.4%) | loss: 4.321694 | lrm: 0.75 | dt: 581ms | tok/sec: 112,712 | mfu: 0.2% | epoch: 1 | remaining: 67s    
step 00416 (77.6%) | loss: 4.322734 | lrm: 0.75 | dt: 571ms | tok/sec: 114,706 | mfu: 0.2% | epoch: 1 | remaining: 67s    
step 00417 (77.8%) | loss: 4.316804 | lrm: 0.74 | dt: 577ms | tok/sec: 113,625 | mfu: 0.2% | epoch: 1 | remaining: 66s    
step 00418 (78.0%) | loss: 4.297520 | lrm: 0.73 | dt: 574ms | tok/sec: 114,216 | mfu: 0.2% | epoch: 1 | remaining: 65s    
step 00419 (78.2%) | loss: 4.299526 | lrm: 0.73 | dt: 575ms | tok/sec: 113,946 | mfu: 0.2% | epoch: 1 | remaining: 65s    
step 00420 (78.4%) | loss: 4.291020 | lrm: 0.72 | dt: 576ms | tok/sec: 113,750 | mfu: 0.2% | epoch: 1 | remaining: 64s    
step 00421 (78.6%) | loss: 4.297036 | lrm: 0.71 | dt: 567ms | tok/sec: 115,621 | mfu: 0.2% | epoch: 1 | remaining: 64s    
step 00422 (78.8%) | loss: 4.290949 | lrm: 0.71 | dt: 577ms | tok/sec: 113,487 | mfu: 0.2% | epoch: 1 | remaining: 63s    
step 00423 (78.9%) | loss: 4.294785 | lrm: 0.70 | dt: 574ms | tok/sec: 114,174 | mfu: 0.2% | epoch: 1 | remaining: 63s    
step 00424 (79.1%) | loss: 4.293123 | lrm: 0.70 | dt: 580ms | tok/sec: 112,899 | mfu: 0.2% | epoch: 1 | remaining: 62s    
step 00425 (79.3%) | loss: 4.306062 | lrm: 0.69 | dt: 568ms | tok/sec: 115,448 | mfu: 0.2% | epoch: 1 | remaining: 61s    
step 00426 (79.5%) | loss: 4.284194 | lrm: 0.68 | dt: 575ms | tok/sec: 113,920 | mfu: 0.2% | epoch: 1 | remaining: 61s    
step 00427 (79.7%) | loss: 4.296573 | lrm: 0.68 | dt: 584ms | tok/sec: 112,209 | mfu: 0.2% | epoch: 1 | remaining: 60s    
step 00428 (79.9%) | loss: 4.282022 | lrm: 0.67 | dt: 570ms | tok/sec: 115,012 | mfu: 0.2% | epoch: 1 | remaining: 60s    
step 00429 (80.1%) | loss: 4.280861 | lrm: 0.66 | dt: 577ms | tok/sec: 113,575 | mfu: 0.2% | epoch: 1 | remaining: 59s    
step 00430 (80.3%) | loss: 4.300665 | lrm: 0.66 | dt: 569ms | tok/sec: 115,147 | mfu: 0.2% | epoch: 1 | remaining: 59s    
step 00431 (80.5%) | loss: 4.315093 | lrm: 0.65 | dt: 582ms | tok/sec: 112,639 | mfu: 0.2% | epoch: 1 | remaining: 58s    
step 00432 (80.7%) | loss: 4.328255 | lrm: 0.64 | dt: 568ms | tok/sec: 115,298 | mfu: 0.2% | epoch: 1 | remaining: 57s    
step 00433 (80.9%) | loss: 4.328776 | lrm: 0.64 | dt: 574ms | tok/sec: 114,176 | mfu: 0.2% | epoch: 1 | remaining: 57s    
step 00434 (81.1%) | loss: 4.345484 | lrm: 0.63 | dt: 577ms | tok/sec: 113,632 | mfu: 0.2% | epoch: 1 | remaining: 56s    
step 00435 (81.2%) | loss: 4.358353 | lrm: 0.63 | dt: 575ms | tok/sec: 114,020 | mfu: 0.2% | epoch: 1 | remaining: 56s    
step 00436 (81.4%) | loss: 4.340698 | lrm: 0.62 | dt: 575ms | tok/sec: 114,005 | mfu: 0.2% | epoch: 1 | remaining: 55s    
step 00437 (81.6%) | loss: 4.320594 | lrm: 0.61 | dt: 573ms | tok/sec: 114,414 | mfu: 0.2% | epoch: 1 | remaining: 55s    
step 00438 (81.8%) | loss: 4.309577 | lrm: 0.61 | dt: 587ms | tok/sec: 111,584 | mfu: 0.2% | epoch: 1 | remaining: 54s    
step 00439 (82.0%) | loss: 4.314486 | lrm: 0.60 | dt: 575ms | tok/sec: 114,067 | mfu: 0.2% | epoch: 1 | remaining: 53s    
step 00440 (82.2%) | loss: 4.331292 | lrm: 0.59 | dt: 569ms | tok/sec: 115,231 | mfu: 0.2% | epoch: 1 | remaining: 53s    
step 00441 (82.4%) | loss: 4.314600 | lrm: 0.59 | dt: 582ms | tok/sec: 112,625 | mfu: 0.2% | epoch: 1 | remaining: 52s    
step 00442 (82.6%) | loss: 4.317780 | lrm: 0.58 | dt: 571ms | tok/sec: 114,854 | mfu: 0.2% | epoch: 1 | remaining: 52s    
step 00443 (82.8%) | loss: 4.325168 | lrm: 0.57 | dt: 578ms | tok/sec: 113,390 | mfu: 0.2% | epoch: 1 | remaining: 51s    
step 00444 (83.0%) | loss: 4.320407 | lrm: 0.57 | dt: 570ms | tok/sec: 114,997 | mfu: 0.2% | epoch: 1 | remaining: 51s    
step 00445 (83.2%) | loss: 4.323054 | lrm: 0.56 | dt: 584ms | tok/sec: 112,182 | mfu: 0.2% | epoch: 1 | remaining: 50s    
step 00446 (83.4%) | loss: 4.306328 | lrm: 0.55 | dt: 578ms | tok/sec: 113,350 | mfu: 0.2% | epoch: 1 | remaining: 49s    
step 00447 (83.5%) | loss: 4.318878 | lrm: 0.55 | dt: 569ms | tok/sec: 115,156 | mfu: 0.2% | epoch: 1 | remaining: 49s    
step 00448 (83.7%) | loss: 4.317584 | lrm: 0.54 | dt: 578ms | tok/sec: 113,386 | mfu: 0.2% | epoch: 1 | remaining: 48s    
step 00449 (83.9%) | loss: 4.309074 | lrm: 0.54 | dt: 572ms | tok/sec: 114,552 | mfu: 0.2% | epoch: 1 | remaining: 48s    
step 00450 (84.1%) | loss: 4.302488 | lrm: 0.53 | dt: 576ms | tok/sec: 113,848 | mfu: 0.2% | epoch: 1 | remaining: 47s    
step 00451 (84.3%) | loss: 4.293542 | lrm: 0.52 | dt: 576ms | tok/sec: 113,754 | mfu: 0.2% | epoch: 1 | remaining: 46s    
step 00452 (84.5%) | loss: 4.277346 | lrm: 0.52 | dt: 576ms | tok/sec: 113,723 | mfu: 0.2% | epoch: 1 | remaining: 46s    
step 00453 (84.7%) | loss: 4.256356 | lrm: 0.51 | dt: 575ms | tok/sec: 113,912 | mfu: 0.2% | epoch: 1 | remaining: 45s    
step 00454 (84.9%) | loss: 4.255818 | lrm: 0.50 | dt: 568ms | tok/sec: 115,469 | mfu: 0.2% | epoch: 1 | remaining: 45s    
step 00455 (85.1%) | loss: 4.236835 | lrm: 0.50 | dt: 578ms | tok/sec: 113,442 | mfu: 0.2% | epoch: 1 | remaining: 44s    
step 00456 (85.3%) | loss: 4.240005 | lrm: 0.49 | dt: 570ms | tok/sec: 114,902 | mfu: 0.2% | epoch: 1 | remaining: 44s    
step 00457 (85.5%) | loss: 4.221913 | lrm: 0.48 | dt: 575ms | tok/sec: 113,996 | mfu: 0.2% | epoch: 1 | remaining: 43s    
step 00458 (85.7%) | loss: 4.228876 | lrm: 0.48 | dt: 570ms | tok/sec: 115,070 | mfu: 0.2% | epoch: 1 | remaining: 42s    
step 00459 (85.8%) | loss: 4.217603 | lrm: 0.47 | dt: 573ms | tok/sec: 114,290 | mfu: 0.2% | epoch: 1 | remaining: 42s    
step 00460 (86.0%) | loss: 4.227464 | lrm: 0.47 | dt: 578ms | tok/sec: 113,350 | mfu: 0.2% | epoch: 1 | remaining: 41s    
step 00461 (86.2%) | loss: 4.218594 | lrm: 0.46 | dt: 571ms | tok/sec: 114,818 | mfu: 0.2% | epoch: 1 | remaining: 41s    
step 00462 (86.4%) | loss: 4.248422 | lrm: 0.45 | dt: 589ms | tok/sec: 111,209 | mfu: 0.2% | epoch: 1 | remaining: 40s    
step 00463 (86.6%) | loss: 4.255202 | lrm: 0.45 | dt: 569ms | tok/sec: 115,139 | mfu: 0.2% | epoch: 1 | remaining: 40s    
step 00464 (86.8%) | loss: 4.253163 | lrm: 0.44 | dt: 576ms | tok/sec: 113,808 | mfu: 0.2% | epoch: 1 | remaining: 39s    
step 00465 (87.0%) | loss: 4.245186 | lrm: 0.43 | dt: 568ms | tok/sec: 115,345 | mfu: 0.2% | epoch: 1 | remaining: 38s    
step 00466 (87.2%) | loss: 4.235457 | lrm: 0.43 | dt: 583ms | tok/sec: 112,410 | mfu: 0.2% | epoch: 1 | remaining: 38s    
step 00467 (87.4%) | loss: 4.222762 | lrm: 0.42 | dt: 578ms | tok/sec: 113,324 | mfu: 0.2% | epoch: 1 | remaining: 37s    
step 00468 (87.6%) | loss: 4.221155 | lrm: 0.41 | dt: 569ms | tok/sec: 115,256 | mfu: 0.2% | epoch: 1 | remaining: 37s    
step 00469 (87.8%) | loss: 4.210932 | lrm: 0.41 | dt: 577ms | tok/sec: 113,620 | mfu: 0.2% | epoch: 1 | remaining: 36s    
step 00470 (88.0%) | loss: 4.209720 | lrm: 0.40 | dt: 569ms | tok/sec: 115,134 | mfu: 0.2% | epoch: 1 | remaining: 36s    
step 00471 (88.1%) | loss: 4.214714 | lrm: 0.40 | dt: 577ms | tok/sec: 113,502 | mfu: 0.2% | epoch: 1 | remaining: 35s    
step 00472 (88.3%) | loss: 4.201960 | lrm: 0.39 | dt: 575ms | tok/sec: 114,027 | mfu: 0.2% | epoch: 1 | remaining: 34s    
step 00473 (88.5%) | loss: 4.179228 | lrm: 0.38 | dt: 582ms | tok/sec: 112,696 | mfu: 0.2% | epoch: 1 | remaining: 34s    
step 00474 (88.7%) | loss: 4.186710 | lrm: 0.38 | dt: 577ms | tok/sec: 113,571 | mfu: 0.2% | epoch: 1 | remaining: 33s    
step 00475 (88.9%) | loss: 4.180118 | lrm: 0.37 | dt: 569ms | tok/sec: 115,267 | mfu: 0.2% | epoch: 1 | remaining: 33s    
step 00476 (89.1%) | loss: 4.175738 | lrm: 0.36 | dt: 588ms | tok/sec: 111,475 | mfu: 0.2% | epoch: 1 | remaining: 32s    
step 00477 (89.3%) | loss: 4.204197 | lrm: 0.36 | dt: 570ms | tok/sec: 114,906 | mfu: 0.2% | epoch: 1 | remaining: 32s    
step 00478 (89.5%) | loss: 4.214590 | lrm: 0.35 | dt: 575ms | tok/sec: 113,918 | mfu: 0.2% | epoch: 1 | remaining: 31s    
step 00479 (89.7%) | loss: 4.221916 | lrm: 0.34 | dt: 569ms | tok/sec: 115,247 | mfu: 0.2% | epoch: 1 | remaining: 30s    
step 00480 (89.9%) | loss: 4.232193 | lrm: 0.34 | dt: 579ms | tok/sec: 113,271 | mfu: 0.2% | epoch: 1 | remaining: 30s    
step 00481 (90.1%) | loss: 4.223449 | lrm: 0.33 | dt: 578ms | tok/sec: 113,296 | mfu: 0.2% | epoch: 1 | remaining: 29s    
step 00482 (90.3%) | loss: 4.200470 | lrm: 0.32 | dt: 569ms | tok/sec: 115,167 | mfu: 0.2% | epoch: 1 | remaining: 29s    
step 00483 (90.4%) | loss: 4.236934 | lrm: 0.32 | dt: 585ms | tok/sec: 112,084 | mfu: 0.2% | epoch: 1 | remaining: 28s    
step 00484 (90.6%) | loss: 4.244798 | lrm: 0.31 | dt: 569ms | tok/sec: 115,114 | mfu: 0.2% | epoch: 1 | remaining: 28s    
step 00485 (90.8%) | loss: 4.216915 | lrm: 0.31 | dt: 577ms | tok/sec: 113,526 | mfu: 0.2% | epoch: 1 | remaining: 27s    
step 00486 (91.0%) | loss: 4.214371 | lrm: 0.30 | dt: 578ms | tok/sec: 113,416 | mfu: 0.2% | epoch: 1 | remaining: 26s    
step 00487 (91.2%) | loss: 4.219815 | lrm: 0.29 | dt: 569ms | tok/sec: 115,117 | mfu: 0.2% | epoch: 1 | remaining: 26s    
step 00488 (91.4%) | loss: 4.201466 | lrm: 0.29 | dt: 582ms | tok/sec: 112,655 | mfu: 0.2% | epoch: 1 | remaining: 25s    
step 00489 (91.6%) | loss: 4.214588 | lrm: 0.28 | dt: 571ms | tok/sec: 114,704 | mfu: 0.2% | epoch: 1 | remaining: 25s    
step 00490 (91.8%) | loss: 4.236421 | lrm: 0.27 | dt: 578ms | tok/sec: 113,415 | mfu: 0.2% | epoch: 1 | remaining: 24s    
step 00491 (92.0%) | loss: 4.235643 | lrm: 0.27 | dt: 569ms | tok/sec: 115,245 | mfu: 0.2% | epoch: 1 | remaining: 23s    
step 00492 (92.2%) | loss: 4.238461 | lrm: 0.26 | dt: 581ms | tok/sec: 112,831 | mfu: 0.2% | epoch: 1 | remaining: 23s    
step 00493 (92.4%) | loss: 4.228536 | lrm: 0.25 | dt: 575ms | tok/sec: 114,039 | mfu: 0.2% | epoch: 1 | remaining: 22s    
step 00494 (92.6%) | loss: 4.226236 | lrm: 0.25 | dt: 567ms | tok/sec: 115,583 | mfu: 0.2% | epoch: 1 | remaining: 22s    
step 00495 (92.7%) | loss: 4.214871 | lrm: 0.24 | dt: 581ms | tok/sec: 112,778 | mfu: 0.2% | epoch: 1 | remaining: 21s    
step 00496 (92.9%) | loss: 4.210367 | lrm: 0.24 | dt: 570ms | tok/sec: 114,992 | mfu: 0.2% | epoch: 1 | remaining: 21s    
step 00497 (93.1%) | loss: 4.195563 | lrm: 0.23 | dt: 578ms | tok/sec: 113,387 | mfu: 0.2% | epoch: 1 | remaining: 20s    
step 00498 (93.3%) | loss: 4.203890 | lrm: 0.22 | dt: 572ms | tok/sec: 114,578 | mfu: 0.2% | epoch: 1 | remaining: 19s    
step 00499 (93.5%) | loss: 4.213292 | lrm: 0.22 | dt: 585ms | tok/sec: 112,061 | mfu: 0.2% | epoch: 1 | remaining: 19s    
step 00500 (93.7%) | loss: 4.206189 | lrm: 0.21 | dt: 580ms | tok/sec: 113,036 | mfu: 0.2% | epoch: 1 | remaining: 18s    
step 00501 (93.9%) | loss: 4.222315 | lrm: 0.20 | dt: 568ms | tok/sec: 115,370 | mfu: 0.2% | epoch: 1 | remaining: 18s    
step 00502 (94.1%) | loss: 4.214128 | lrm: 0.20 | dt: 577ms | tok/sec: 113,664 | mfu: 0.2% | epoch: 1 | remaining: 17s    
step 00503 (94.3%) | loss: 4.194228 | lrm: 0.19 | dt: 573ms | tok/sec: 114,443 | mfu: 0.2% | epoch: 1 | remaining: 17s    
step 00504 (94.5%) | loss: 4.193181 | lrm: 0.18 | dt: 587ms | tok/sec: 111,710 | mfu: 0.2% | epoch: 1 | remaining: 16s    
step 00505 (94.7%) | loss: 4.183927 | lrm: 0.18 | dt: 571ms | tok/sec: 114,873 | mfu: 0.2% | epoch: 1 | remaining: 15s    
step 00506 (94.9%) | loss: 4.172792 | lrm: 0.17 | dt: 578ms | tok/sec: 113,356 | mfu: 0.2% | epoch: 1 | remaining: 15s    
step 00507 (95.1%) | loss: 4.189885 | lrm: 0.16 | dt: 580ms | tok/sec: 112,916 | mfu: 0.2% | epoch: 1 | remaining: 14s    
step 00508 (95.2%) | loss: 4.190400 | lrm: 0.16 | dt: 575ms | tok/sec: 114,037 | mfu: 0.2% | epoch: 1 | remaining: 14s    
step 00509 (95.4%) | loss: 4.188094 | lrm: 0.15 | dt: 578ms | tok/sec: 113,422 | mfu: 0.2% | epoch: 1 | remaining: 13s    
step 00510 (95.6%) | loss: 4.199602 | lrm: 0.15 | dt: 570ms | tok/sec: 114,879 | mfu: 0.2% | epoch: 1 | remaining: 13s    
step 00511 (95.8%) | loss: 4.198071 | lrm: 0.14 | dt: 575ms | tok/sec: 113,894 | mfu: 0.2% | epoch: 1 | remaining: 12s    
step 00512 (96.0%) | loss: 4.195526 | lrm: 0.13 | dt: 573ms | tok/sec: 114,353 | mfu: 0.2% | epoch: 1 | remaining: 11s    
step 00513 (96.2%) | loss: 4.185509 | lrm: 0.13 | dt: 576ms | tok/sec: 113,731 | mfu: 0.2% | epoch: 1 | remaining: 11s    
step 00514 (96.4%) | loss: 4.168655 | lrm: 0.12 | dt: 577ms | tok/sec: 113,660 | mfu: 0.2% | epoch: 1 | remaining: 10s    
step 00515 (96.6%) | loss: 4.171728 | lrm: 0.11 | dt: 569ms | tok/sec: 115,259 | mfu: 0.2% | epoch: 1 | remaining: 10s    
step 00516 (96.8%) | loss: 4.153187 | lrm: 0.11 | dt: 576ms | tok/sec: 113,691 | mfu: 0.2% | epoch: 1 | remaining: 9s    
step 00517 (97.0%) | loss: 4.137826 | lrm: 0.10 | dt: 573ms | tok/sec: 114,406 | mfu: 0.2% | epoch: 1 | remaining: 9s    
step 00518 (97.2%) | loss: 4.142792 | lrm: 0.09 | dt: 577ms | tok/sec: 113,641 | mfu: 0.2% | epoch: 1 | remaining: 8s    
step 00519 (97.4%) | loss: 4.155597 | lrm: 0.09 | dt: 568ms | tok/sec: 115,454 | mfu: 0.2% | epoch: 1 | remaining: 7s    
step 00520 (97.5%) | loss: 4.136697 | lrm: 0.08 | dt: 576ms | tok/sec: 113,779 | mfu: 0.2% | epoch: 1 | remaining: 7s    
step 00521 (97.7%) | loss: 4.120954 | lrm: 0.08 | dt: 576ms | tok/sec: 113,858 | mfu: 0.2% | epoch: 1 | remaining: 6s    
step 00522 (97.9%) | loss: 4.109815 | lrm: 0.07 | dt: 569ms | tok/sec: 115,092 | mfu: 0.2% | epoch: 1 | remaining: 6s    
step 00523 (98.1%) | loss: 4.125325 | lrm: 0.06 | dt: 579ms | tok/sec: 113,188 | mfu: 0.2% | epoch: 1 | remaining: 5s    
step 00524 (98.3%) | loss: 4.121803 | lrm: 0.06 | dt: 569ms | tok/sec: 115,097 | mfu: 0.2% | epoch: 1 | remaining: 5s    
step 00525 (98.5%) | loss: 4.123506 | lrm: 0.05 | dt: 577ms | tok/sec: 113,618 | mfu: 0.2% | epoch: 1 | remaining: 4s    
step 00526 (98.7%) | loss: 4.124606 | lrm: 0.04 | dt: 573ms | tok/sec: 114,379 | mfu: 0.2% | epoch: 1 | remaining: 3s    
step 00527 (98.9%) | loss: 4.107513 | lrm: 0.04 | dt: 572ms | tok/sec: 114,491 | mfu: 0.2% | epoch: 1 | remaining: 3s    
step 00528 (99.1%) | loss: 4.123808 | lrm: 0.03 | dt: 585ms | tok/sec: 111,984 | mfu: 0.2% | epoch: 1 | remaining: 2s    
step 00529 (99.3%) | loss: 4.129491 | lrm: 0.02 | dt: 567ms | tok/sec: 115,514 | mfu: 0.2% | epoch: 1 | remaining: 2s    
step 00530 (99.5%) | loss: 4.148360 | lrm: 0.02 | dt: 579ms | tok/sec: 113,237 | mfu: 0.2% | epoch: 1 | remaining: 1s    
step 00531 (99.6%) | loss: 4.165877 | lrm: 0.01 | dt: 569ms | tok/sec: 115,081 | mfu: 0.2% | epoch: 1 | remaining: 0s    
step 00532 (99.8%) | loss: 4.171865 | lrm: 0.01 | dt: 586ms | tok/sec: 111,830 | mfu: 0.2% | epoch: 1 | remaining: 0s    
---
val_bpb:          1.481231
training_seconds: 300.1
total_seconds:    391.1
peak_vram_mb:     1344.9
mfu_percent:      0.17
total_tokens_M:   34.9
num_steps:        533
num_params_M:     3.5
depth:            2
W0311 20:48:40.085000 721900 .venv/lib/python3.10/site-packages/torch/_inductor/utils.py:1613] [0/0] Not enough SMs to use max_autotune_gemm mode
/media/starscream/bumblebee1/blaze/autoresearch/.venv/lib/python3.10/site-packages/torch/_inductor/compile_fx.py:2772: UserWarning: NVIDIA GeForce RTX 2060 does not support bfloat16 compilation natively, skipping
  warnings.warn(
/media/starscream/bumblebee1/blaze/autoresearch/.venv/lib/python3.10/site-packages/torch/_inductor/compile_fx.py:2772: UserWarning: NVIDIA GeForce RTX 2060 does not support bfloat16 compilation natively, skipping
  warnings.warn(
/media/starscream/bumblebee1/blaze/autoresearch/.venv/lib/python3.10/site-packages/torch/_inductor/compile_fx.py:2772: UserWarning: NVIDIA GeForce RTX 2060 does not support bfloat16 compilation natively, skipping
  warnings.warn(
/media/starscream/bumblebee1/blaze/autoresearch/.venv/lib/python3.10/site-packages/torch/_inductor/compile_fx.py:2772: UserWarning: NVIDIA GeForce RTX 2060 does not support bfloat16 compilation natively, skipping
  warnings.warn(
/media/starscream/bumblebee1/blaze/autoresearch/.venv/lib/python3.10/site-packages/torch/_inductor/compile_fx.py:2772: UserWarning: NVIDIA GeForce RTX 2060 does not support bfloat16 compilation natively, skipping
  warnings.warn(
/media/starscream/bumblebee1/blaze/autoresearch/.venv/lib/python3.10/site-packages/torch/_inductor/compile_fx.py:2772: UserWarning: NVIDIA GeForce RTX 2060 does not support bfloat16 compilation natively, skipping
  warnings.warn(
/media/starscream/bumblebee1/blaze/autoresearch/.venv/lib/python3.10/site-packages/torch/_inductor/compile_fx.py:2772: UserWarning: NVIDIA GeForce RTX 2060 does not support bfloat16 compilation natively, skipping
  warnings.warn(
