GPU compute capability (7, 5) < 8.0, using fallback attention (no Flash Attention)
Vocab size: 8,192
Model config: {'sequence_len': 2048, 'vocab_size': 8192, 'n_layer': 4, 'n_head': 2, 'n_kv_head': 2, 'n_embd': 256, 'window_pattern': 'L'}
Parameter counts:
  wte                     : 2,097,152
  value_embeds            : 4,194,304
  lm_head                 : 2,097,152
  transformer_matrices    : 3,145,856
  scalars                 : 8
  total                   : 11,534,472
Estimated FLOPs per token: 5.662387e+07
Scaling AdamW LRs by 1/sqrt(256/768) = 1.732051
Time budget: 300s
Gradient accumulation steps: 8

step 00000 (0.0%) | loss: 9.011391 | lrm: 1.00 | dt: 8498ms | tok/sec: 7,711 | mfu: 0.0% | epoch: 1 | remaining: 300s    
step 00001 (0.0%) | loss: 8.957019 | lrm: 1.00 | dt: 1548ms | tok/sec: 42,336 | mfu: 0.2% | epoch: 1 | remaining: 300s    
step 00002 (0.0%) | loss: 8.716523 | lrm: 1.00 | dt: 1545ms | tok/sec: 42,408 | mfu: 0.2% | epoch: 1 | remaining: 300s    
step 00003 (0.0%) | loss: 8.392811 | lrm: 1.00 | dt: 1542ms | tok/sec: 42,511 | mfu: 0.2% | epoch: 1 | remaining: 300s    
step 00004 (0.0%) | loss: 8.090371 | lrm: 1.00 | dt: 1544ms | tok/sec: 42,443 | mfu: 0.2% | epoch: 1 | remaining: 300s    
step 00005 (0.0%) | loss: 7.774536 | lrm: 1.00 | dt: 1542ms | tok/sec: 42,503 | mfu: 0.2% | epoch: 1 | remaining: 300s    
step 00006 (0.0%) | loss: 7.513967 | lrm: 1.00 | dt: 1553ms | tok/sec: 42,209 | mfu: 0.2% | epoch: 1 | remaining: 300s    
step 00007 (0.0%) | loss: 7.295533 | lrm: 1.00 | dt: 1554ms | tok/sec: 42,161 | mfu: 0.2% | epoch: 1 | remaining: 300s    
step 00008 (0.0%) | loss: 7.118004 | lrm: 1.00 | dt: 1568ms | tok/sec: 41,789 | mfu: 0.2% | epoch: 1 | remaining: 300s    
step 00009 (0.0%) | loss: 7.006885 | lrm: 1.00 | dt: 1547ms | tok/sec: 42,376 | mfu: 0.2% | epoch: 1 | remaining: 300s    
step 00010 (0.0%) | loss: 6.864563 | lrm: 1.00 | dt: 1556ms | tok/sec: 42,122 | mfu: 0.2% | epoch: 1 | remaining: 300s    
step 00011 (0.0%) | loss: 6.753245 | lrm: 1.00 | dt: 1552ms | tok/sec: 42,218 | mfu: 0.2% | epoch: 1 | remaining: 298s    
step 00012 (0.5%) | loss: 6.635046 | lrm: 1.00 | dt: 1560ms | tok/sec: 42,003 | mfu: 0.2% | epoch: 1 | remaining: 297s    
step 00013 (1.0%) | loss: 6.540550 | lrm: 1.00 | dt: 1561ms | tok/sec: 41,994 | mfu: 0.2% | epoch: 1 | remaining: 295s    
step 00014 (1.6%) | loss: 6.464085 | lrm: 1.00 | dt: 1556ms | tok/sec: 42,130 | mfu: 0.2% | epoch: 1 | remaining: 294s    
step 00015 (2.1%) | loss: 6.370494 | lrm: 1.00 | dt: 1568ms | tok/sec: 41,800 | mfu: 0.2% | epoch: 1 | remaining: 292s    
step 00016 (2.6%) | loss: 6.312926 | lrm: 1.00 | dt: 1564ms | tok/sec: 41,890 | mfu: 0.2% | epoch: 1 | remaining: 291s    
step 00017 (3.1%) | loss: 6.255566 | lrm: 1.00 | dt: 1576ms | tok/sec: 41,591 | mfu: 0.2% | epoch: 1 | remaining: 289s    
step 00018 (3.6%) | loss: 6.202607 | lrm: 1.00 | dt: 1565ms | tok/sec: 41,883 | mfu: 0.2% | epoch: 1 | remaining: 287s    
step 00019 (4.2%) | loss: 6.167470 | lrm: 1.00 | dt: 1570ms | tok/sec: 41,742 | mfu: 0.2% | epoch: 1 | remaining: 286s    
step 00020 (4.7%) | loss: 6.116048 | lrm: 1.00 | dt: 1580ms | tok/sec: 41,486 | mfu: 0.2% | epoch: 1 | remaining: 284s    
step 00021 (5.2%) | loss: 6.048603 | lrm: 1.00 | dt: 1569ms | tok/sec: 41,768 | mfu: 0.2% | epoch: 1 | remaining: 283s    
step 00022 (5.7%) | loss: 5.993939 | lrm: 1.00 | dt: 1572ms | tok/sec: 41,700 | mfu: 0.2% | epoch: 1 | remaining: 281s    
step 00023 (6.3%) | loss: 5.974063 | lrm: 1.00 | dt: 1567ms | tok/sec: 41,810 | mfu: 0.2% | epoch: 1 | remaining: 280s    
step 00024 (6.8%) | loss: 5.937102 | lrm: 1.00 | dt: 1579ms | tok/sec: 41,517 | mfu: 0.2% | epoch: 1 | remaining: 278s    
step 00025 (7.3%) | loss: 5.915182 | lrm: 1.00 | dt: 1570ms | tok/sec: 41,735 | mfu: 0.2% | epoch: 1 | remaining: 276s    
step 00026 (7.8%) | loss: 5.894338 | lrm: 1.00 | dt: 1575ms | tok/sec: 41,603 | mfu: 0.2% | epoch: 1 | remaining: 275s    
step 00027 (8.4%) | loss: 5.866564 | lrm: 1.00 | dt: 1582ms | tok/sec: 41,426 | mfu: 0.2% | epoch: 1 | remaining: 273s    
step 00028 (8.9%) | loss: 5.841042 | lrm: 1.00 | dt: 1578ms | tok/sec: 41,543 | mfu: 0.2% | epoch: 1 | remaining: 272s    
step 00029 (9.4%) | loss: 5.813314 | lrm: 1.00 | dt: 1583ms | tok/sec: 41,394 | mfu: 0.2% | epoch: 1 | remaining: 270s    
step 00030 (9.9%) | loss: 5.780409 | lrm: 1.00 | dt: 1577ms | tok/sec: 41,570 | mfu: 0.2% | epoch: 1 | remaining: 269s    
step 00031 (10.5%) | loss: 5.741215 | lrm: 1.00 | dt: 1576ms | tok/sec: 41,588 | mfu: 0.2% | epoch: 1 | remaining: 267s    
step 00032 (11.0%) | loss: 5.712821 | lrm: 1.00 | dt: 1574ms | tok/sec: 41,631 | mfu: 0.2% | epoch: 1 | remaining: 265s    
step 00033 (11.5%) | loss: 5.686333 | lrm: 1.00 | dt: 1586ms | tok/sec: 41,316 | mfu: 0.2% | epoch: 1 | remaining: 264s    
step 00034 (12.0%) | loss: 5.684378 | lrm: 1.00 | dt: 1584ms | tok/sec: 41,376 | mfu: 0.2% | epoch: 1 | remaining: 262s    
step 00035 (12.6%) | loss: 5.682600 | lrm: 1.00 | dt: 1577ms | tok/sec: 41,553 | mfu: 0.2% | epoch: 1 | remaining: 261s    
step 00036 (13.1%) | loss: 5.659708 | lrm: 1.00 | dt: 1589ms | tok/sec: 41,233 | mfu: 0.2% | epoch: 1 | remaining: 259s    
step 00037 (13.6%) | loss: 5.634882 | lrm: 1.00 | dt: 1573ms | tok/sec: 41,654 | mfu: 0.2% | epoch: 1 | remaining: 258s    
step 00038 (14.2%) | loss: 5.619354 | lrm: 1.00 | dt: 1591ms | tok/sec: 41,197 | mfu: 0.2% | epoch: 1 | remaining: 256s    
step 00039 (14.7%) | loss: 5.594683 | lrm: 1.00 | dt: 1579ms | tok/sec: 41,496 | mfu: 0.2% | epoch: 1 | remaining: 254s    
step 00040 (15.2%) | loss: 5.567698 | lrm: 1.00 | dt: 1593ms | tok/sec: 41,148 | mfu: 0.2% | epoch: 1 | remaining: 253s    
step 00041 (15.7%) | loss: 5.547024 | lrm: 1.00 | dt: 1581ms | tok/sec: 41,439 | mfu: 0.2% | epoch: 1 | remaining: 251s    
step 00042 (16.3%) | loss: 5.531846 | lrm: 1.00 | dt: 1582ms | tok/sec: 41,414 | mfu: 0.2% | epoch: 1 | remaining: 250s    
step 00043 (16.8%) | loss: 5.514048 | lrm: 1.00 | dt: 1592ms | tok/sec: 41,164 | mfu: 0.2% | epoch: 1 | remaining: 248s    
step 00044 (17.3%) | loss: 5.497317 | lrm: 1.00 | dt: 1573ms | tok/sec: 41,670 | mfu: 0.2% | epoch: 1 | remaining: 246s    
step 00045 (17.9%) | loss: 5.495465 | lrm: 1.00 | dt: 1588ms | tok/sec: 41,264 | mfu: 0.2% | epoch: 1 | remaining: 245s    
step 00046 (18.4%) | loss: 5.495262 | lrm: 1.00 | dt: 1581ms | tok/sec: 41,447 | mfu: 0.2% | epoch: 1 | remaining: 243s    
step 00047 (18.9%) | loss: 5.477695 | lrm: 1.00 | dt: 1572ms | tok/sec: 41,698 | mfu: 0.2% | epoch: 1 | remaining: 242s    
step 00048 (19.4%) | loss: 5.491590 | lrm: 1.00 | dt: 1603ms | tok/sec: 40,879 | mfu: 0.2% | epoch: 1 | remaining: 240s    
step 00049 (20.0%) | loss: 5.453757 | lrm: 1.00 | dt: 1578ms | tok/sec: 41,532 | mfu: 0.2% | epoch: 1 | remaining: 239s    
step 00050 (20.5%) | loss: 5.434441 | lrm: 1.00 | dt: 1587ms | tok/sec: 41,282 | mfu: 0.2% | epoch: 1 | remaining: 237s    
step 00051 (21.0%) | loss: 5.421215 | lrm: 1.00 | dt: 1574ms | tok/sec: 41,647 | mfu: 0.2% | epoch: 1 | remaining: 235s    
step 00052 (21.5%) | loss: 5.402974 | lrm: 1.00 | dt: 1581ms | tok/sec: 41,464 | mfu: 0.2% | epoch: 1 | remaining: 234s    
step 00053 (22.1%) | loss: 5.373152 | lrm: 1.00 | dt: 1596ms | tok/sec: 41,055 | mfu: 0.2% | epoch: 1 | remaining: 232s    
step 00054 (22.6%) | loss: 5.355299 | lrm: 1.00 | dt: 1586ms | tok/sec: 41,310 | mfu: 0.2% | epoch: 1 | remaining: 231s    
step 00055 (23.1%) | loss: 5.345040 | lrm: 1.00 | dt: 1591ms | tok/sec: 41,203 | mfu: 0.2% | epoch: 1 | remaining: 229s    
step 00056 (23.7%) | loss: 5.328841 | lrm: 1.00 | dt: 1574ms | tok/sec: 41,638 | mfu: 0.2% | epoch: 1 | remaining: 227s    
step 00057 (24.2%) | loss: 5.307202 | lrm: 1.00 | dt: 1593ms | tok/sec: 41,141 | mfu: 0.2% | epoch: 1 | remaining: 226s    
step 00058 (24.7%) | loss: 5.295615 | lrm: 1.00 | dt: 1581ms | tok/sec: 41,462 | mfu: 0.2% | epoch: 1 | remaining: 224s    
step 00059 (25.2%) | loss: 5.290989 | lrm: 1.00 | dt: 1569ms | tok/sec: 41,760 | mfu: 0.2% | epoch: 1 | remaining: 223s    
step 00060 (25.8%) | loss: 5.282801 | lrm: 1.00 | dt: 1587ms | tok/sec: 41,306 | mfu: 0.2% | epoch: 1 | remaining: 221s    
step 00061 (26.3%) | loss: 5.263495 | lrm: 1.00 | dt: 1582ms | tok/sec: 41,414 | mfu: 0.2% | epoch: 1 | remaining: 220s    
step 00062 (26.8%) | loss: 5.261974 | lrm: 1.00 | dt: 1589ms | tok/sec: 41,251 | mfu: 0.2% | epoch: 1 | remaining: 218s    
step 00063 (27.4%) | loss: 5.261067 | lrm: 1.00 | dt: 1576ms | tok/sec: 41,595 | mfu: 0.2% | epoch: 1 | remaining: 216s    
step 00064 (27.9%) | loss: 5.250330 | lrm: 1.00 | dt: 1582ms | tok/sec: 41,428 | mfu: 0.2% | epoch: 1 | remaining: 215s    
step 00065 (28.4%) | loss: 5.219434 | lrm: 1.00 | dt: 1588ms | tok/sec: 41,280 | mfu: 0.2% | epoch: 1 | remaining: 213s    
step 00066 (28.9%) | loss: 5.195115 | lrm: 1.00 | dt: 1570ms | tok/sec: 41,744 | mfu: 0.2% | epoch: 1 | remaining: 212s    
step 00067 (29.5%) | loss: 5.175146 | lrm: 1.00 | dt: 1595ms | tok/sec: 41,090 | mfu: 0.2% | epoch: 1 | remaining: 210s    
step 00068 (30.0%) | loss: 5.143931 | lrm: 1.00 | dt: 1579ms | tok/sec: 41,511 | mfu: 0.2% | epoch: 1 | remaining: 208s    
step 00069 (30.5%) | loss: 5.113888 | lrm: 1.00 | dt: 1587ms | tok/sec: 41,306 | mfu: 0.2% | epoch: 1 | remaining: 207s    
step 00070 (31.0%) | loss: 5.111631 | lrm: 1.00 | dt: 1575ms | tok/sec: 41,614 | mfu: 0.2% | epoch: 1 | remaining: 205s    
step 00071 (31.6%) | loss: 5.101447 | lrm: 1.00 | dt: 1587ms | tok/sec: 41,293 | mfu: 0.2% | epoch: 1 | remaining: 204s    
step 00072 (32.1%) | loss: 5.088562 | lrm: 1.00 | dt: 1584ms | tok/sec: 41,386 | mfu: 0.2% | epoch: 1 | remaining: 202s    
step 00073 (32.6%) | loss: 5.057368 | lrm: 1.00 | dt: 1571ms | tok/sec: 41,718 | mfu: 0.2% | epoch: 1 | remaining: 201s    
step 00074 (33.2%) | loss: 5.046842 | lrm: 1.00 | dt: 1582ms | tok/sec: 41,415 | mfu: 0.2% | epoch: 1 | remaining: 199s    
step 00075 (33.7%) | loss: 5.030998 | lrm: 1.00 | dt: 1572ms | tok/sec: 41,683 | mfu: 0.2% | epoch: 1 | remaining: 197s    
step 00076 (34.2%) | loss: 5.027068 | lrm: 1.00 | dt: 1592ms | tok/sec: 41,167 | mfu: 0.2% | epoch: 1 | remaining: 196s    
step 00077 (34.7%) | loss: 5.014203 | lrm: 1.00 | dt: 1588ms | tok/sec: 41,268 | mfu: 0.2% | epoch: 1 | remaining: 194s    
step 00078 (35.3%) | loss: 5.000961 | lrm: 1.00 | dt: 1579ms | tok/sec: 41,506 | mfu: 0.2% | epoch: 1 | remaining: 193s    
step 00079 (35.8%) | loss: 4.980031 | lrm: 1.00 | dt: 1594ms | tok/sec: 41,125 | mfu: 0.2% | epoch: 1 | remaining: 191s    
step 00080 (36.3%) | loss: 4.968360 | lrm: 1.00 | dt: 1572ms | tok/sec: 41,697 | mfu: 0.2% | epoch: 1 | remaining: 189s    
step 00081 (36.8%) | loss: 4.965454 | lrm: 1.00 | dt: 1587ms | tok/sec: 41,291 | mfu: 0.2% | epoch: 1 | remaining: 188s    
step 00082 (37.4%) | loss: 4.941552 | lrm: 1.00 | dt: 1575ms | tok/sec: 41,610 | mfu: 0.2% | epoch: 1 | remaining: 186s    
step 00083 (37.9%) | loss: 4.946914 | lrm: 1.00 | dt: 1581ms | tok/sec: 41,461 | mfu: 0.2% | epoch: 1 | remaining: 185s    
step 00084 (38.4%) | loss: 4.940032 | lrm: 1.00 | dt: 1582ms | tok/sec: 41,428 | mfu: 0.2% | epoch: 1 | remaining: 183s    
step 00085 (39.0%) | loss: 4.939120 | lrm: 1.00 | dt: 1576ms | tok/sec: 41,572 | mfu: 0.2% | epoch: 1 | remaining: 182s    
step 00086 (39.5%) | loss: 4.920460 | lrm: 1.00 | dt: 1589ms | tok/sec: 41,240 | mfu: 0.2% | epoch: 1 | remaining: 180s    
step 00087 (40.0%) | loss: 4.913095 | lrm: 1.00 | dt: 1576ms | tok/sec: 41,590 | mfu: 0.2% | epoch: 1 | remaining: 178s    
step 00088 (40.5%) | loss: 4.907243 | lrm: 1.00 | dt: 1581ms | tok/sec: 41,461 | mfu: 0.2% | epoch: 1 | remaining: 177s    
step 00089 (41.1%) | loss: 4.892737 | lrm: 1.00 | dt: 1577ms | tok/sec: 41,569 | mfu: 0.2% | epoch: 1 | remaining: 175s    
step 00090 (41.6%) | loss: 4.891666 | lrm: 1.00 | dt: 1582ms | tok/sec: 41,413 | mfu: 0.2% | epoch: 1 | remaining: 174s    
step 00091 (42.1%) | loss: 4.888496 | lrm: 1.00 | dt: 1581ms | tok/sec: 41,452 | mfu: 0.2% | epoch: 1 | remaining: 172s    
step 00092 (42.6%) | loss: 4.882910 | lrm: 1.00 | dt: 1578ms | tok/sec: 41,544 | mfu: 0.2% | epoch: 1 | remaining: 171s    
step 00093 (43.2%) | loss: 4.888967 | lrm: 1.00 | dt: 1592ms | tok/sec: 41,170 | mfu: 0.2% | epoch: 1 | remaining: 169s    
step 00094 (43.7%) | loss: 4.871747 | lrm: 1.00 | dt: 1577ms | tok/sec: 41,570 | mfu: 0.2% | epoch: 1 | remaining: 167s    
step 00095 (44.2%) | loss: 4.858323 | lrm: 1.00 | dt: 1584ms | tok/sec: 41,375 | mfu: 0.2% | epoch: 1 | remaining: 166s    
step 00096 (44.8%) | loss: 4.852017 | lrm: 1.00 | dt: 1587ms | tok/sec: 41,297 | mfu: 0.2% | epoch: 1 | remaining: 164s    
step 00097 (45.3%) | loss: 4.828308 | lrm: 1.00 | dt: 1570ms | tok/sec: 41,754 | mfu: 0.2% | epoch: 1 | remaining: 163s    
step 00098 (45.8%) | loss: 4.822768 | lrm: 1.00 | dt: 1583ms | tok/sec: 41,412 | mfu: 0.2% | epoch: 1 | remaining: 161s    
step 00099 (46.3%) | loss: 4.816560 | lrm: 1.00 | dt: 1573ms | tok/sec: 41,672 | mfu: 0.2% | epoch: 1 | remaining: 159s    
step 00100 (46.9%) | loss: 4.817724 | lrm: 1.00 | dt: 1585ms | tok/sec: 41,359 | mfu: 0.2% | epoch: 1 | remaining: 158s    
step 00101 (47.4%) | loss: 4.825491 | lrm: 1.00 | dt: 1574ms | tok/sec: 41,629 | mfu: 0.2% | epoch: 1 | remaining: 156s    
step 00102 (47.9%) | loss: 4.803289 | lrm: 1.00 | dt: 1573ms | tok/sec: 41,660 | mfu: 0.2% | epoch: 1 | remaining: 155s    
step 00103 (48.4%) | loss: 4.789600 | lrm: 1.00 | dt: 1591ms | tok/sec: 41,203 | mfu: 0.2% | epoch: 1 | remaining: 153s    
step 00104 (49.0%) | loss: 4.776808 | lrm: 1.00 | dt: 1574ms | tok/sec: 41,639 | mfu: 0.2% | epoch: 1 | remaining: 152s    
step 00105 (49.5%) | loss: 4.759246 | lrm: 1.00 | dt: 1588ms | tok/sec: 41,274 | mfu: 0.2% | epoch: 1 | remaining: 150s    
step 00106 (50.0%) | loss: 4.752903 | lrm: 1.00 | dt: 1573ms | tok/sec: 41,670 | mfu: 0.2% | epoch: 1 | remaining: 148s    
step 00107 (50.5%) | loss: 4.752456 | lrm: 1.00 | dt: 1582ms | tok/sec: 41,421 | mfu: 0.2% | epoch: 1 | remaining: 147s    
step 00108 (51.1%) | loss: 4.750892 | lrm: 1.00 | dt: 1569ms | tok/sec: 41,768 | mfu: 0.2% | epoch: 1 | remaining: 145s    
step 00109 (51.6%) | loss: 4.746064 | lrm: 1.00 | dt: 1585ms | tok/sec: 41,344 | mfu: 0.2% | epoch: 1 | remaining: 144s    
step 00110 (52.1%) | loss: 4.740204 | lrm: 1.00 | dt: 1588ms | tok/sec: 41,275 | mfu: 0.2% | epoch: 1 | remaining: 142s    
step 00111 (52.6%) | loss: 4.723970 | lrm: 1.00 | dt: 1575ms | tok/sec: 41,616 | mfu: 0.2% | epoch: 1 | remaining: 140s    
step 00112 (53.2%) | loss: 4.725990 | lrm: 1.00 | dt: 1581ms | tok/sec: 41,445 | mfu: 0.2% | epoch: 1 | remaining: 139s    
step 00113 (53.7%) | loss: 4.718788 | lrm: 1.00 | dt: 1570ms | tok/sec: 41,739 | mfu: 0.2% | epoch: 1 | remaining: 137s    
step 00114 (54.2%) | loss: 4.698333 | lrm: 1.00 | dt: 1593ms | tok/sec: 41,136 | mfu: 0.2% | epoch: 1 | remaining: 136s    
step 00115 (54.8%) | loss: 4.687661 | lrm: 1.00 | dt: 1585ms | tok/sec: 41,360 | mfu: 0.2% | epoch: 1 | remaining: 134s    
step 00116 (55.3%) | loss: 4.682838 | lrm: 1.00 | dt: 1581ms | tok/sec: 41,448 | mfu: 0.2% | epoch: 1 | remaining: 133s    
step 00117 (55.8%) | loss: 4.678121 | lrm: 1.00 | dt: 1596ms | tok/sec: 41,072 | mfu: 0.2% | epoch: 1 | remaining: 131s    
step 00118 (56.3%) | loss: 4.651374 | lrm: 1.00 | dt: 1583ms | tok/sec: 41,395 | mfu: 0.2% | epoch: 1 | remaining: 129s    
step 00119 (56.9%) | loss: 4.637926 | lrm: 1.00 | dt: 1585ms | tok/sec: 41,357 | mfu: 0.2% | epoch: 1 | remaining: 128s    
step 00120 (57.4%) | loss: 4.621065 | lrm: 1.00 | dt: 1573ms | tok/sec: 41,654 | mfu: 0.2% | epoch: 1 | remaining: 126s    
step 00121 (57.9%) | loss: 4.598822 | lrm: 1.00 | dt: 1586ms | tok/sec: 41,334 | mfu: 0.2% | epoch: 1 | remaining: 125s    
step 00122 (58.5%) | loss: 4.578576 | lrm: 1.00 | dt: 1583ms | tok/sec: 41,400 | mfu: 0.2% | epoch: 1 | remaining: 123s    
step 00123 (59.0%) | loss: 4.576864 | lrm: 1.00 | dt: 1574ms | tok/sec: 41,641 | mfu: 0.2% | epoch: 1 | remaining: 121s    
step 00124 (59.5%) | loss: 4.566953 | lrm: 1.00 | dt: 1577ms | tok/sec: 41,551 | mfu: 0.2% | epoch: 1 | remaining: 120s    
step 00125 (60.0%) | loss: 4.552502 | lrm: 1.00 | dt: 1574ms | tok/sec: 41,636 | mfu: 0.2% | epoch: 1 | remaining: 118s    
step 00126 (60.6%) | loss: 4.541229 | lrm: 1.00 | dt: 1578ms | tok/sec: 41,525 | mfu: 0.2% | epoch: 1 | remaining: 117s    
step 00127 (61.1%) | loss: 4.542501 | lrm: 1.00 | dt: 1572ms | tok/sec: 41,694 | mfu: 0.2% | epoch: 1 | remaining: 115s    
step 00128 (61.6%) | loss: 4.514388 | lrm: 1.00 | dt: 1576ms | tok/sec: 41,575 | mfu: 0.2% | epoch: 1 | remaining: 114s    
step 00129 (62.1%) | loss: 4.528115 | lrm: 1.00 | dt: 1572ms | tok/sec: 41,701 | mfu: 0.2% | epoch: 1 | remaining: 112s    
step 00130 (62.7%) | loss: 4.498079 | lrm: 1.00 | dt: 1581ms | tok/sec: 41,440 | mfu: 0.2% | epoch: 1 | remaining: 110s    
step 00131 (63.2%) | loss: 4.480003 | lrm: 1.00 | dt: 1581ms | tok/sec: 41,446 | mfu: 0.2% | epoch: 1 | remaining: 109s    
step 00132 (63.7%) | loss: 4.493421 | lrm: 1.00 | dt: 1581ms | tok/sec: 41,460 | mfu: 0.2% | epoch: 1 | remaining: 107s    
step 00133 (64.2%) | loss: 4.494938 | lrm: 1.00 | dt: 1586ms | tok/sec: 41,312 | mfu: 0.2% | epoch: 1 | remaining: 106s    
step 00134 (64.8%) | loss: 4.497513 | lrm: 1.00 | dt: 1581ms | tok/sec: 41,459 | mfu: 0.2% | epoch: 1 | remaining: 104s    
step 00135 (65.3%) | loss: 4.497181 | lrm: 1.00 | dt: 1577ms | tok/sec: 41,560 | mfu: 0.2% | epoch: 1 | remaining: 103s    
step 00136 (65.8%) | loss: 4.491068 | lrm: 1.00 | dt: 1574ms | tok/sec: 41,636 | mfu: 0.2% | epoch: 1 | remaining: 101s    
step 00137 (66.3%) | loss: 4.476436 | lrm: 1.00 | dt: 1575ms | tok/sec: 41,621 | mfu: 0.2% | epoch: 1 | remaining: 99s    
step 00138 (66.9%) | loss: 4.476996 | lrm: 1.00 | dt: 1591ms | tok/sec: 41,194 | mfu: 0.2% | epoch: 1 | remaining: 98s    
step 00139 (67.4%) | loss: 4.483071 | lrm: 1.00 | dt: 1570ms | tok/sec: 41,744 | mfu: 0.2% | epoch: 1 | remaining: 96s    
step 00140 (67.9%) | loss: 4.482169 | lrm: 1.00 | dt: 1588ms | tok/sec: 41,259 | mfu: 0.2% | epoch: 1 | remaining: 95s    
step 00141 (68.4%) | loss: 4.480719 | lrm: 1.00 | dt: 1582ms | tok/sec: 41,420 | mfu: 0.2% | epoch: 1 | remaining: 93s    
step 00142 (69.0%) | loss: 4.473117 | lrm: 1.00 | dt: 1567ms | tok/sec: 41,810 | mfu: 0.2% | epoch: 1 | remaining: 92s    
step 00143 (69.5%) | loss: 4.455727 | lrm: 1.00 | dt: 1586ms | tok/sec: 41,314 | mfu: 0.2% | epoch: 1 | remaining: 90s    
step 00144 (70.0%) | loss: 4.435076 | lrm: 1.00 | dt: 1566ms | tok/sec: 41,862 | mfu: 0.2% | epoch: 1 | remaining: 88s    
step 00145 (70.5%) | loss: 4.416311 | lrm: 0.98 | dt: 1577ms | tok/sec: 41,558 | mfu: 0.2% | epoch: 1 | remaining: 87s    
step 00146 (71.1%) | loss: 4.414492 | lrm: 0.96 | dt: 1568ms | tok/sec: 41,797 | mfu: 0.2% | epoch: 1 | remaining: 85s    
step 00147 (71.6%) | loss: 4.394220 | lrm: 0.95 | dt: 1577ms | tok/sec: 41,551 | mfu: 0.2% | epoch: 1 | remaining: 84s    
step 00148 (72.1%) | loss: 4.390756 | lrm: 0.93 | dt: 1583ms | tok/sec: 41,401 | mfu: 0.2% | epoch: 1 | remaining: 82s    
step 00149 (72.6%) | loss: 4.379100 | lrm: 0.91 | dt: 1575ms | tok/sec: 41,611 | mfu: 0.2% | epoch: 1 | remaining: 80s    
step 00150 (73.2%) | loss: 4.366569 | lrm: 0.89 | dt: 1581ms | tok/sec: 41,460 | mfu: 0.2% | epoch: 1 | remaining: 79s    
step 00151 (73.7%) | loss: 4.353446 | lrm: 0.88 | dt: 1569ms | tok/sec: 41,773 | mfu: 0.2% | epoch: 1 | remaining: 77s    
step 00152 (74.2%) | loss: 4.349685 | lrm: 0.86 | dt: 1586ms | tok/sec: 41,333 | mfu: 0.2% | epoch: 1 | remaining: 76s    
step 00153 (74.8%) | loss: 4.332429 | lrm: 0.84 | dt: 1573ms | tok/sec: 41,650 | mfu: 0.2% | epoch: 1 | remaining: 74s    
step 00154 (75.3%) | loss: 4.312752 | lrm: 0.82 | dt: 1588ms | tok/sec: 41,281 | mfu: 0.2% | epoch: 1 | remaining: 73s    
step 00155 (75.8%) | loss: 4.285453 | lrm: 0.81 | dt: 1573ms | tok/sec: 41,649 | mfu: 0.2% | epoch: 1 | remaining: 71s    
step 00156 (76.3%) | loss: 4.286966 | lrm: 0.79 | dt: 1571ms | tok/sec: 41,707 | mfu: 0.2% | epoch: 1 | remaining: 69s    
step 00157 (76.9%) | loss: 4.290128 | lrm: 0.77 | dt: 1576ms | tok/sec: 41,596 | mfu: 0.2% | epoch: 1 | remaining: 68s    
step 00158 (77.4%) | loss: 4.298952 | lrm: 0.75 | dt: 1577ms | tok/sec: 41,554 | mfu: 0.2% | epoch: 1 | remaining: 66s    
step 00159 (77.9%) | loss: 4.291817 | lrm: 0.74 | dt: 1578ms | tok/sec: 41,541 | mfu: 0.2% | epoch: 1 | remaining: 65s    
step 00160 (78.4%) | loss: 4.288973 | lrm: 0.72 | dt: 1575ms | tok/sec: 41,612 | mfu: 0.2% | epoch: 1 | remaining: 63s    
step 00161 (79.0%) | loss: 4.284067 | lrm: 0.70 | dt: 1578ms | tok/sec: 41,536 | mfu: 0.2% | epoch: 1 | remaining: 62s    
step 00162 (79.5%) | loss: 4.274482 | lrm: 0.68 | dt: 1575ms | tok/sec: 41,600 | mfu: 0.2% | epoch: 1 | remaining: 60s    
step 00163 (80.0%) | loss: 4.246512 | lrm: 0.67 | dt: 1565ms | tok/sec: 41,863 | mfu: 0.2% | epoch: 1 | remaining: 58s    
step 00164 (80.5%) | loss: 4.221686 | lrm: 0.65 | dt: 1580ms | tok/sec: 41,483 | mfu: 0.2% | epoch: 1 | remaining: 57s    
step 00165 (81.1%) | loss: 4.207652 | lrm: 0.63 | dt: 1571ms | tok/sec: 41,718 | mfu: 0.2% | epoch: 1 | remaining: 55s    
step 00166 (81.6%) | loss: 4.203870 | lrm: 0.61 | dt: 1579ms | tok/sec: 41,494 | mfu: 0.2% | epoch: 1 | remaining: 54s    
step 00167 (82.1%) | loss: 4.178743 | lrm: 0.60 | dt: 1574ms | tok/sec: 41,642 | mfu: 0.2% | epoch: 1 | remaining: 52s    
step 00168 (82.6%) | loss: 4.177240 | lrm: 0.58 | dt: 1567ms | tok/sec: 41,811 | mfu: 0.2% | epoch: 1 | remaining: 51s    
step 00169 (83.2%) | loss: 4.182317 | lrm: 0.56 | dt: 1597ms | tok/sec: 41,045 | mfu: 0.2% | epoch: 1 | remaining: 49s    
step 00170 (83.7%) | loss: 4.183578 | lrm: 0.54 | dt: 1566ms | tok/sec: 41,862 | mfu: 0.2% | epoch: 1 | remaining: 47s    
step 00171 (84.2%) | loss: 4.183968 | lrm: 0.53 | dt: 1588ms | tok/sec: 41,268 | mfu: 0.2% | epoch: 1 | remaining: 46s    
step 00172 (84.7%) | loss: 4.162539 | lrm: 0.51 | dt: 1585ms | tok/sec: 41,350 | mfu: 0.2% | epoch: 1 | remaining: 44s    
step 00173 (85.3%) | loss: 4.168109 | lrm: 0.49 | dt: 1588ms | tok/sec: 41,268 | mfu: 0.2% | epoch: 1 | remaining: 43s    
step 00174 (85.8%) | loss: 4.155071 | lrm: 0.47 | dt: 1583ms | tok/sec: 41,406 | mfu: 0.2% | epoch: 1 | remaining: 41s    
step 00175 (86.3%) | loss: 4.160132 | lrm: 0.46 | dt: 1572ms | tok/sec: 41,686 | mfu: 0.2% | epoch: 1 | remaining: 39s    
step 00176 (86.8%) | loss: 4.156717 | lrm: 0.44 | dt: 1575ms | tok/sec: 41,609 | mfu: 0.2% | epoch: 1 | remaining: 38s    
step 00177 (87.4%) | loss: 4.146762 | lrm: 0.42 | dt: 1569ms | tok/sec: 41,777 | mfu: 0.2% | epoch: 1 | remaining: 36s    
step 00178 (87.9%) | loss: 4.144602 | lrm: 0.40 | dt: 1583ms | tok/sec: 41,398 | mfu: 0.2% | epoch: 1 | remaining: 35s    
step 00179 (88.4%) | loss: 4.137755 | lrm: 0.39 | dt: 1573ms | tok/sec: 41,668 | mfu: 0.2% | epoch: 1 | remaining: 33s    
step 00180 (88.9%) | loss: 4.138612 | lrm: 0.37 | dt: 1577ms | tok/sec: 41,553 | mfu: 0.2% | epoch: 1 | remaining: 32s    
step 00181 (89.5%) | loss: 4.123747 | lrm: 0.35 | dt: 1587ms | tok/sec: 41,284 | mfu: 0.2% | epoch: 1 | remaining: 30s    
step 00182 (90.0%) | loss: 4.119103 | lrm: 0.33 | dt: 1574ms | tok/sec: 41,637 | mfu: 0.2% | epoch: 1 | remaining: 28s    
step 00183 (90.5%) | loss: 4.141986 | lrm: 0.32 | dt: 1587ms | tok/sec: 41,299 | mfu: 0.2% | epoch: 1 | remaining: 27s    
step 00184 (91.1%) | loss: 4.129223 | lrm: 0.30 | dt: 1574ms | tok/sec: 41,631 | mfu: 0.2% | epoch: 1 | remaining: 25s    
step 00185 (91.6%) | loss: 4.130558 | lrm: 0.28 | dt: 1574ms | tok/sec: 41,623 | mfu: 0.2% | epoch: 1 | remaining: 24s    
step 00186 (92.1%) | loss: 4.109910 | lrm: 0.26 | dt: 1578ms | tok/sec: 41,532 | mfu: 0.2% | epoch: 1 | remaining: 22s    
step 00187 (92.6%) | loss: 4.100775 | lrm: 0.25 | dt: 1585ms | tok/sec: 41,358 | mfu: 0.2% | epoch: 1 | remaining: 21s    
step 00188 (93.2%) | loss: 4.095457 | lrm: 0.23 | dt: 1576ms | tok/sec: 41,586 | mfu: 0.2% | epoch: 1 | remaining: 19s    
step 00189 (93.7%) | loss: 4.072051 | lrm: 0.21 | dt: 1572ms | tok/sec: 41,688 | mfu: 0.2% | epoch: 1 | remaining: 17s    
step 00190 (94.2%) | loss: 4.051781 | lrm: 0.19 | dt: 1572ms | tok/sec: 41,682 | mfu: 0.2% | epoch: 1 | remaining: 16s    
step 00191 (94.7%) | loss: 4.034191 | lrm: 0.18 | dt: 1572ms | tok/sec: 41,686 | mfu: 0.2% | epoch: 1 | remaining: 14s    
step 00192 (95.3%) | loss: 4.015385 | lrm: 0.16 | dt: 1592ms | tok/sec: 41,155 | mfu: 0.2% | epoch: 1 | remaining: 13s    
step 00193 (95.8%) | loss: 4.026438 | lrm: 0.14 | dt: 1590ms | tok/sec: 41,210 | mfu: 0.2% | epoch: 1 | remaining: 11s    
step 00194 (96.3%) | loss: 4.020933 | lrm: 0.12 | dt: 1577ms | tok/sec: 41,556 | mfu: 0.2% | epoch: 1 | remaining: 9s    
step 00195 (96.8%) | loss: 4.019196 | lrm: 0.11 | dt: 1580ms | tok/sec: 41,466 | mfu: 0.2% | epoch: 1 | remaining: 8s    
step 00196 (97.4%) | loss: 4.009106 | lrm: 0.09 | dt: 1569ms | tok/sec: 41,776 | mfu: 0.2% | epoch: 1 | remaining: 6s    
step 00197 (97.9%) | loss: 4.022888 | lrm: 0.07 | dt: 1570ms | tok/sec: 41,737 | mfu: 0.2% | epoch: 1 | remaining: 5s    
step 00198 (98.4%) | loss: 4.037352 | lrm: 0.05 | dt: 1573ms | tok/sec: 41,661 | mfu: 0.2% | epoch: 1 | remaining: 3s    
step 00199 (98.9%) | loss: 4.019222 | lrm: 0.04 | dt: 1585ms | tok/sec: 41,334 | mfu: 0.2% | epoch: 1 | remaining: 2s    
step 00200 (99.5%) | loss: 4.031941 | lrm: 0.02 | dt: 1582ms | tok/sec: 41,436 | mfu: 0.2% | epoch: 1 | remaining: 0s    
step 00201 (100.0%) | loss: 4.025521 | lrm: 0.00 | dt: 1574ms | tok/sec: 41,627 | mfu: 0.2% | epoch: 1 | remaining: 0s    
---
val_bpb:          1.433442
training_seconds: 301.6
total_seconds:    527.0
peak_vram_mb:     2186.4
mfu_percent:      0.24
total_tokens_M:   13.2
num_steps:        202
num_params_M:     11.5
depth:            4
W0312 09:19:52.971000 1418229 .venv/lib/python3.10/site-packages/torch/_inductor/utils.py:1613] [0/0] Not enough SMs to use max_autotune_gemm mode
/media/starscream/bumblebee1/blaze/autoresearch/.venv/lib/python3.10/site-packages/torch/_inductor/compile_fx.py:2772: UserWarning: NVIDIA GeForce RTX 2060 does not support bfloat16 compilation natively, skipping
  warnings.warn(
/media/starscream/bumblebee1/blaze/autoresearch/.venv/lib/python3.10/site-packages/torch/_inductor/compile_fx.py:2772: UserWarning: NVIDIA GeForce RTX 2060 does not support bfloat16 compilation natively, skipping
  warnings.warn(
/media/starscream/bumblebee1/blaze/autoresearch/.venv/lib/python3.10/site-packages/torch/_inductor/compile_fx.py:2772: UserWarning: NVIDIA GeForce RTX 2060 does not support bfloat16 compilation natively, skipping
  warnings.warn(
/media/starscream/bumblebee1/blaze/autoresearch/.venv/lib/python3.10/site-packages/torch/_inductor/compile_fx.py:2772: UserWarning: NVIDIA GeForce RTX 2060 does not support bfloat16 compilation natively, skipping
  warnings.warn(
/media/starscream/bumblebee1/blaze/autoresearch/.venv/lib/python3.10/site-packages/torch/_inductor/compile_fx.py:2772: UserWarning: NVIDIA GeForce RTX 2060 does not support bfloat16 compilation natively, skipping
  warnings.warn(
/media/starscream/bumblebee1/blaze/autoresearch/.venv/lib/python3.10/site-packages/torch/_inductor/compile_fx.py:2772: UserWarning: NVIDIA GeForce RTX 2060 does not support bfloat16 compilation natively, skipping
  warnings.warn(
/media/starscream/bumblebee1/blaze/autoresearch/.venv/lib/python3.10/site-packages/torch/_inductor/compile_fx.py:2772: UserWarning: NVIDIA GeForce RTX 2060 does not support bfloat16 compilation natively, skipping
  warnings.warn(
