GPU compute capability (7, 5) < 8.0, using fallback attention (no Flash Attention)
Vocab size: 8,192
Model config: {'sequence_len': 2048, 'vocab_size': 8192, 'n_layer': 4, 'n_head': 2, 'n_kv_head': 2, 'n_embd': 256, 'window_pattern': 'L'}
Parameter counts:
  wte                     : 2,097,152
  value_embeds            : 4,194,304
  lm_head                 : 2,097,152
  transformer_matrices    : 3,145,856
  scalars                 : 8
  total                   : 11,534,472
Estimated FLOPs per token: 5.662387e+07
Scaling AdamW LRs by 1/sqrt(256/768) = 1.732051
Time budget: 300s
Gradient accumulation steps: 8

step 00000 (0.0%) | loss: 9.011391 | lrm: 1.00 | dt: 8461ms | tok/sec: 7,745 | mfu: 0.0% | epoch: 1 | remaining: 300s    
step 00001 (0.0%) | loss: 8.951417 | lrm: 1.00 | dt: 1551ms | tok/sec: 42,253 | mfu: 0.2% | epoch: 1 | remaining: 300s    
step 00002 (0.0%) | loss: 8.716397 | lrm: 1.00 | dt: 1544ms | tok/sec: 42,451 | mfu: 0.2% | epoch: 1 | remaining: 300s    
step 00003 (0.0%) | loss: 8.394875 | lrm: 1.00 | dt: 1553ms | tok/sec: 42,207 | mfu: 0.2% | epoch: 1 | remaining: 300s    
step 00004 (0.0%) | loss: 8.091989 | lrm: 1.00 | dt: 1536ms | tok/sec: 42,677 | mfu: 0.2% | epoch: 1 | remaining: 300s    
step 00005 (0.0%) | loss: 7.776446 | lrm: 1.00 | dt: 1554ms | tok/sec: 42,164 | mfu: 0.2% | epoch: 1 | remaining: 300s    
step 00006 (0.0%) | loss: 7.515519 | lrm: 1.00 | dt: 1551ms | tok/sec: 42,266 | mfu: 0.2% | epoch: 1 | remaining: 300s    
step 00007 (0.0%) | loss: 7.294927 | lrm: 1.00 | dt: 1559ms | tok/sec: 42,026 | mfu: 0.2% | epoch: 1 | remaining: 300s    
step 00008 (0.0%) | loss: 7.114825 | lrm: 1.00 | dt: 1544ms | tok/sec: 42,433 | mfu: 0.2% | epoch: 1 | remaining: 300s    
step 00009 (0.0%) | loss: 7.002335 | lrm: 1.00 | dt: 1558ms | tok/sec: 42,066 | mfu: 0.2% | epoch: 1 | remaining: 300s    
step 00010 (0.0%) | loss: 6.861288 | lrm: 1.00 | dt: 1547ms | tok/sec: 42,362 | mfu: 0.2% | epoch: 1 | remaining: 300s    
step 00011 (0.0%) | loss: 6.750167 | lrm: 1.00 | dt: 1558ms | tok/sec: 42,065 | mfu: 0.2% | epoch: 1 | remaining: 298s    
step 00012 (0.5%) | loss: 6.632583 | lrm: 1.00 | dt: 1559ms | tok/sec: 42,034 | mfu: 0.2% | epoch: 1 | remaining: 297s    
step 00013 (1.0%) | loss: 6.538171 | lrm: 1.00 | dt: 1546ms | tok/sec: 42,396 | mfu: 0.2% | epoch: 1 | remaining: 295s    
step 00014 (1.6%) | loss: 6.461228 | lrm: 1.00 | dt: 1562ms | tok/sec: 41,968 | mfu: 0.2% | epoch: 1 | remaining: 294s    
step 00015 (2.1%) | loss: 6.394393 | lrm: 1.00 | dt: 1546ms | tok/sec: 42,377 | mfu: 0.2% | epoch: 1 | remaining: 292s    
step 00016 (2.6%) | loss: 6.333388 | lrm: 1.00 | dt: 1563ms | tok/sec: 41,929 | mfu: 0.2% | epoch: 1 | remaining: 291s    
step 00017 (3.1%) | loss: 6.272900 | lrm: 1.00 | dt: 1552ms | tok/sec: 42,237 | mfu: 0.2% | epoch: 1 | remaining: 289s    
step 00018 (3.6%) | loss: 6.217629 | lrm: 1.00 | dt: 1566ms | tok/sec: 41,853 | mfu: 0.2% | epoch: 1 | remaining: 288s    
step 00019 (4.2%) | loss: 6.180618 | lrm: 1.00 | dt: 1561ms | tok/sec: 41,983 | mfu: 0.2% | epoch: 1 | remaining: 286s    
step 00020 (4.7%) | loss: 6.127982 | lrm: 1.00 | dt: 1560ms | tok/sec: 42,004 | mfu: 0.2% | epoch: 1 | remaining: 284s    
step 00021 (5.2%) | loss: 6.058606 | lrm: 1.00 | dt: 1568ms | tok/sec: 41,799 | mfu: 0.2% | epoch: 1 | remaining: 283s    
step 00022 (5.7%) | loss: 6.002728 | lrm: 1.00 | dt: 1566ms | tok/sec: 41,848 | mfu: 0.2% | epoch: 1 | remaining: 281s    
step 00023 (6.2%) | loss: 5.981567 | lrm: 1.00 | dt: 1569ms | tok/sec: 41,756 | mfu: 0.2% | epoch: 1 | remaining: 280s    
step 00024 (6.8%) | loss: 5.943626 | lrm: 1.00 | dt: 1562ms | tok/sec: 41,967 | mfu: 0.2% | epoch: 1 | remaining: 278s    
step 00025 (7.3%) | loss: 5.921382 | lrm: 1.00 | dt: 1570ms | tok/sec: 41,745 | mfu: 0.2% | epoch: 1 | remaining: 277s    
step 00026 (7.8%) | loss: 5.899610 | lrm: 1.00 | dt: 1560ms | tok/sec: 42,012 | mfu: 0.2% | epoch: 1 | remaining: 275s    
step 00027 (8.3%) | loss: 5.870851 | lrm: 1.00 | dt: 1568ms | tok/sec: 41,802 | mfu: 0.2% | epoch: 1 | remaining: 273s    
step 00028 (8.8%) | loss: 5.843905 | lrm: 1.00 | dt: 1576ms | tok/sec: 41,581 | mfu: 0.2% | epoch: 1 | remaining: 272s    
step 00029 (9.4%) | loss: 5.814655 | lrm: 1.00 | dt: 1570ms | tok/sec: 41,745 | mfu: 0.2% | epoch: 1 | remaining: 270s    
step 00030 (9.9%) | loss: 5.781393 | lrm: 1.00 | dt: 1574ms | tok/sec: 41,644 | mfu: 0.2% | epoch: 1 | remaining: 269s    
step 00031 (10.4%) | loss: 5.741633 | lrm: 1.00 | dt: 1558ms | tok/sec: 42,056 | mfu: 0.2% | epoch: 1 | remaining: 267s    
step 00032 (10.9%) | loss: 5.713265 | lrm: 1.00 | dt: 1574ms | tok/sec: 41,627 | mfu: 0.2% | epoch: 1 | remaining: 266s    
step 00033 (11.5%) | loss: 5.686414 | lrm: 1.00 | dt: 1568ms | tok/sec: 41,790 | mfu: 0.2% | epoch: 1 | remaining: 264s    
step 00034 (12.0%) | loss: 5.684427 | lrm: 1.00 | dt: 1568ms | tok/sec: 41,782 | mfu: 0.2% | epoch: 1 | remaining: 262s    
step 00035 (12.5%) | loss: 5.682186 | lrm: 1.00 | dt: 1578ms | tok/sec: 41,518 | mfu: 0.2% | epoch: 1 | remaining: 261s    
step 00036 (13.0%) | loss: 5.658041 | lrm: 1.00 | dt: 1554ms | tok/sec: 42,159 | mfu: 0.2% | epoch: 1 | remaining: 259s    
step 00037 (13.6%) | loss: 5.633434 | lrm: 1.00 | dt: 1572ms | tok/sec: 41,692 | mfu: 0.2% | epoch: 1 | remaining: 258s    
step 00038 (14.1%) | loss: 5.619824 | lrm: 1.00 | dt: 1562ms | tok/sec: 41,966 | mfu: 0.2% | epoch: 1 | remaining: 256s    
step 00039 (14.6%) | loss: 5.594764 | lrm: 1.00 | dt: 1579ms | tok/sec: 41,497 | mfu: 0.2% | epoch: 1 | remaining: 255s    
step 00040 (15.1%) | loss: 5.566937 | lrm: 1.00 | dt: 1564ms | tok/sec: 41,896 | mfu: 0.2% | epoch: 1 | remaining: 253s    
step 00041 (15.6%) | loss: 5.547326 | lrm: 1.00 | dt: 1580ms | tok/sec: 41,485 | mfu: 0.2% | epoch: 1 | remaining: 251s    
step 00042 (16.2%) | loss: 5.531741 | lrm: 1.00 | dt: 1586ms | tok/sec: 41,331 | mfu: 0.2% | epoch: 1 | remaining: 250s    
step 00043 (16.7%) | loss: 5.513497 | lrm: 1.00 | dt: 1562ms | tok/sec: 41,945 | mfu: 0.2% | epoch: 1 | remaining: 248s    
step 00044 (17.2%) | loss: 5.497329 | lrm: 1.00 | dt: 1577ms | tok/sec: 41,566 | mfu: 0.2% | epoch: 1 | remaining: 247s    
step 00045 (17.7%) | loss: 5.495509 | lrm: 1.00 | dt: 1561ms | tok/sec: 41,990 | mfu: 0.2% | epoch: 1 | remaining: 245s    
step 00046 (18.3%) | loss: 5.495559 | lrm: 1.00 | dt: 1578ms | tok/sec: 41,527 | mfu: 0.2% | epoch: 1 | remaining: 244s    
step 00047 (18.8%) | loss: 5.478492 | lrm: 1.00 | dt: 1572ms | tok/sec: 41,690 | mfu: 0.2% | epoch: 1 | remaining: 242s    
step 00048 (19.3%) | loss: 5.492833 | lrm: 1.00 | dt: 1573ms | tok/sec: 41,675 | mfu: 0.2% | epoch: 1 | remaining: 240s    
step 00049 (19.8%) | loss: 5.468293 | lrm: 1.00 | dt: 1573ms | tok/sec: 41,665 | mfu: 0.2% | epoch: 1 | remaining: 239s    
step 00050 (20.4%) | loss: 5.447356 | lrm: 1.00 | dt: 1569ms | tok/sec: 41,771 | mfu: 0.2% | epoch: 1 | remaining: 237s    
step 00051 (20.9%) | loss: 5.432488 | lrm: 1.00 | dt: 1587ms | tok/sec: 41,296 | mfu: 0.2% | epoch: 1 | remaining: 236s    
step 00052 (21.4%) | loss: 5.412353 | lrm: 1.00 | dt: 1569ms | tok/sec: 41,774 | mfu: 0.2% | epoch: 1 | remaining: 234s    
step 00053 (21.9%) | loss: 5.381746 | lrm: 1.00 | dt: 1572ms | tok/sec: 41,682 | mfu: 0.2% | epoch: 1 | remaining: 233s    
step 00054 (22.5%) | loss: 5.363040 | lrm: 1.00 | dt: 1559ms | tok/sec: 42,036 | mfu: 0.2% | epoch: 1 | remaining: 231s    
step 00055 (23.0%) | loss: 5.351254 | lrm: 1.00 | dt: 1585ms | tok/sec: 41,341 | mfu: 0.2% | epoch: 1 | remaining: 229s    
step 00056 (23.5%) | loss: 5.334384 | lrm: 1.00 | dt: 1577ms | tok/sec: 41,570 | mfu: 0.2% | epoch: 1 | remaining: 228s    
step 00057 (24.0%) | loss: 5.311090 | lrm: 1.00 | dt: 1570ms | tok/sec: 41,752 | mfu: 0.2% | epoch: 1 | remaining: 226s    
step 00058 (24.6%) | loss: 5.298537 | lrm: 1.00 | dt: 1585ms | tok/sec: 41,360 | mfu: 0.2% | epoch: 1 | remaining: 225s    
step 00059 (25.1%) | loss: 5.292561 | lrm: 1.00 | dt: 1561ms | tok/sec: 41,996 | mfu: 0.2% | epoch: 1 | remaining: 223s    
step 00060 (25.6%) | loss: 5.284662 | lrm: 1.00 | dt: 1581ms | tok/sec: 41,444 | mfu: 0.2% | epoch: 1 | remaining: 222s    
step 00061 (26.1%) | loss: 5.264992 | lrm: 1.00 | dt: 1573ms | tok/sec: 41,674 | mfu: 0.2% | epoch: 1 | remaining: 220s    
step 00062 (26.7%) | loss: 5.263377 | lrm: 1.00 | dt: 1573ms | tok/sec: 41,652 | mfu: 0.2% | epoch: 1 | remaining: 218s    
step 00063 (27.2%) | loss: 5.261031 | lrm: 1.00 | dt: 1579ms | tok/sec: 41,494 | mfu: 0.2% | epoch: 1 | remaining: 217s    
step 00064 (27.7%) | loss: 5.249596 | lrm: 1.00 | dt: 1571ms | tok/sec: 41,717 | mfu: 0.2% | epoch: 1 | remaining: 215s    
step 00065 (28.2%) | loss: 5.217342 | lrm: 1.00 | dt: 1579ms | tok/sec: 41,503 | mfu: 0.2% | epoch: 1 | remaining: 214s    
step 00066 (28.8%) | loss: 5.192168 | lrm: 1.00 | dt: 1571ms | tok/sec: 41,728 | mfu: 0.2% | epoch: 1 | remaining: 212s    
step 00067 (29.3%) | loss: 5.171384 | lrm: 1.00 | dt: 1573ms | tok/sec: 41,670 | mfu: 0.2% | epoch: 1 | remaining: 211s    
step 00068 (29.8%) | loss: 5.140952 | lrm: 1.00 | dt: 1563ms | tok/sec: 41,927 | mfu: 0.2% | epoch: 1 | remaining: 209s    
step 00069 (30.3%) | loss: 5.111446 | lrm: 1.00 | dt: 1579ms | tok/sec: 41,509 | mfu: 0.2% | epoch: 1 | remaining: 207s    
step 00070 (30.9%) | loss: 5.108663 | lrm: 1.00 | dt: 1571ms | tok/sec: 41,723 | mfu: 0.2% | epoch: 1 | remaining: 206s    
step 00071 (31.4%) | loss: 5.097711 | lrm: 1.00 | dt: 1574ms | tok/sec: 41,636 | mfu: 0.2% | epoch: 1 | remaining: 204s    
step 00072 (31.9%) | loss: 5.084881 | lrm: 1.00 | dt: 1567ms | tok/sec: 41,819 | mfu: 0.2% | epoch: 1 | remaining: 203s    
step 00073 (32.4%) | loss: 5.052893 | lrm: 1.00 | dt: 1570ms | tok/sec: 41,739 | mfu: 0.2% | epoch: 1 | remaining: 201s    
step 00074 (33.0%) | loss: 5.041737 | lrm: 1.00 | dt: 1576ms | tok/sec: 41,582 | mfu: 0.2% | epoch: 1 | remaining: 200s    
step 00075 (33.5%) | loss: 5.024924 | lrm: 1.00 | dt: 1568ms | tok/sec: 41,793 | mfu: 0.2% | epoch: 1 | remaining: 198s    
step 00076 (34.0%) | loss: 5.020636 | lrm: 1.00 | dt: 1575ms | tok/sec: 41,599 | mfu: 0.2% | epoch: 1 | remaining: 196s    
step 00077 (34.5%) | loss: 5.006356 | lrm: 1.00 | dt: 1568ms | tok/sec: 41,790 | mfu: 0.2% | epoch: 1 | remaining: 195s    
step 00078 (35.0%) | loss: 4.992797 | lrm: 1.00 | dt: 1565ms | tok/sec: 41,865 | mfu: 0.2% | epoch: 1 | remaining: 193s    
step 00079 (35.6%) | loss: 4.970930 | lrm: 1.00 | dt: 1576ms | tok/sec: 41,592 | mfu: 0.2% | epoch: 1 | remaining: 192s    
step 00080 (36.1%) | loss: 4.956015 | lrm: 1.00 | dt: 1569ms | tok/sec: 41,765 | mfu: 0.2% | epoch: 1 | remaining: 190s    
step 00081 (36.6%) | loss: 4.953042 | lrm: 1.00 | dt: 1573ms | tok/sec: 41,658 | mfu: 0.2% | epoch: 1 | remaining: 189s    
step 00082 (37.1%) | loss: 4.927907 | lrm: 1.00 | dt: 1566ms | tok/sec: 41,847 | mfu: 0.2% | epoch: 1 | remaining: 187s    
step 00083 (37.7%) | loss: 4.932743 | lrm: 1.00 | dt: 1576ms | tok/sec: 41,595 | mfu: 0.2% | epoch: 1 | remaining: 185s    
step 00084 (38.2%) | loss: 4.924089 | lrm: 1.00 | dt: 1578ms | tok/sec: 41,538 | mfu: 0.2% | epoch: 1 | remaining: 184s    
step 00085 (38.7%) | loss: 4.922747 | lrm: 1.00 | dt: 1570ms | tok/sec: 41,747 | mfu: 0.2% | epoch: 1 | remaining: 182s    
step 00086 (39.2%) | loss: 4.904300 | lrm: 1.00 | dt: 1567ms | tok/sec: 41,822 | mfu: 0.2% | epoch: 1 | remaining: 181s    
step 00087 (39.8%) | loss: 4.895612 | lrm: 1.00 | dt: 1561ms | tok/sec: 41,983 | mfu: 0.2% | epoch: 1 | remaining: 179s    
step 00088 (40.3%) | loss: 4.889348 | lrm: 1.00 | dt: 1574ms | tok/sec: 41,631 | mfu: 0.2% | epoch: 1 | remaining: 178s    
step 00089 (40.8%) | loss: 4.871943 | lrm: 1.00 | dt: 1571ms | tok/sec: 41,720 | mfu: 0.2% | epoch: 1 | remaining: 176s    
step 00090 (41.3%) | loss: 4.869704 | lrm: 1.00 | dt: 1574ms | tok/sec: 41,649 | mfu: 0.2% | epoch: 1 | remaining: 174s    
step 00091 (41.9%) | loss: 4.866254 | lrm: 1.00 | dt: 1568ms | tok/sec: 41,796 | mfu: 0.2% | epoch: 1 | remaining: 173s    
step 00092 (42.4%) | loss: 4.859343 | lrm: 1.00 | dt: 1584ms | tok/sec: 41,371 | mfu: 0.2% | epoch: 1 | remaining: 171s    
step 00093 (42.9%) | loss: 4.865022 | lrm: 1.00 | dt: 1565ms | tok/sec: 41,884 | mfu: 0.2% | epoch: 1 | remaining: 170s    
step 00094 (43.4%) | loss: 4.846814 | lrm: 1.00 | dt: 1571ms | tok/sec: 41,712 | mfu: 0.2% | epoch: 1 | remaining: 168s    
step 00095 (43.9%) | loss: 4.828718 | lrm: 1.00 | dt: 1585ms | tok/sec: 41,345 | mfu: 0.2% | epoch: 1 | remaining: 167s    
step 00096 (44.5%) | loss: 4.819809 | lrm: 1.00 | dt: 1562ms | tok/sec: 41,964 | mfu: 0.2% | epoch: 1 | remaining: 165s    
step 00097 (45.0%) | loss: 4.795525 | lrm: 1.00 | dt: 1567ms | tok/sec: 41,819 | mfu: 0.2% | epoch: 1 | remaining: 163s    
step 00098 (45.5%) | loss: 4.783961 | lrm: 1.00 | dt: 1558ms | tok/sec: 42,060 | mfu: 0.2% | epoch: 1 | remaining: 162s    
step 00099 (46.0%) | loss: 4.773907 | lrm: 1.00 | dt: 1569ms | tok/sec: 41,763 | mfu: 0.2% | epoch: 1 | remaining: 160s    
step 00100 (46.6%) | loss: 4.771014 | lrm: 1.00 | dt: 1575ms | tok/sec: 41,597 | mfu: 0.2% | epoch: 1 | remaining: 159s    
step 00101 (47.1%) | loss: 4.776349 | lrm: 1.00 | dt: 1570ms | tok/sec: 41,743 | mfu: 0.2% | epoch: 1 | remaining: 157s    
step 00102 (47.6%) | loss: 4.755934 | lrm: 1.00 | dt: 1574ms | tok/sec: 41,647 | mfu: 0.2% | epoch: 1 | remaining: 156s    
step 00103 (48.1%) | loss: 4.741008 | lrm: 1.00 | dt: 1579ms | tok/sec: 41,504 | mfu: 0.2% | epoch: 1 | remaining: 154s    
step 00104 (48.7%) | loss: 4.724807 | lrm: 1.00 | dt: 1584ms | tok/sec: 41,362 | mfu: 0.2% | epoch: 1 | remaining: 152s    
step 00105 (49.2%) | loss: 4.704505 | lrm: 1.00 | dt: 1562ms | tok/sec: 41,964 | mfu: 0.2% | epoch: 1 | remaining: 151s    
step 00106 (49.7%) | loss: 4.696470 | lrm: 1.00 | dt: 1575ms | tok/sec: 41,620 | mfu: 0.2% | epoch: 1 | remaining: 149s    
step 00107 (50.2%) | loss: 4.696669 | lrm: 1.00 | dt: 1574ms | tok/sec: 41,635 | mfu: 0.2% | epoch: 1 | remaining: 148s    
step 00108 (50.8%) | loss: 4.693366 | lrm: 1.00 | dt: 1571ms | tok/sec: 41,721 | mfu: 0.2% | epoch: 1 | remaining: 146s    
step 00109 (51.3%) | loss: 4.689630 | lrm: 1.00 | dt: 1578ms | tok/sec: 41,530 | mfu: 0.2% | epoch: 1 | remaining: 145s    
step 00110 (51.8%) | loss: 4.686164 | lrm: 1.00 | dt: 1560ms | tok/sec: 42,004 | mfu: 0.2% | epoch: 1 | remaining: 143s    
step 00111 (52.3%) | loss: 4.671854 | lrm: 1.00 | dt: 1566ms | tok/sec: 41,843 | mfu: 0.2% | epoch: 1 | remaining: 141s    
step 00112 (52.9%) | loss: 4.670486 | lrm: 1.00 | dt: 1572ms | tok/sec: 41,695 | mfu: 0.2% | epoch: 1 | remaining: 140s    
step 00113 (53.4%) | loss: 4.664145 | lrm: 1.00 | dt: 1580ms | tok/sec: 41,470 | mfu: 0.2% | epoch: 1 | remaining: 138s    
step 00114 (53.9%) | loss: 4.647625 | lrm: 1.00 | dt: 1580ms | tok/sec: 41,486 | mfu: 0.2% | epoch: 1 | remaining: 137s    
step 00115 (54.4%) | loss: 4.636820 | lrm: 1.00 | dt: 1563ms | tok/sec: 41,937 | mfu: 0.2% | epoch: 1 | remaining: 135s    
step 00116 (54.9%) | loss: 4.628782 | lrm: 1.00 | dt: 1575ms | tok/sec: 41,618 | mfu: 0.2% | epoch: 1 | remaining: 134s    
step 00117 (55.5%) | loss: 4.625595 | lrm: 1.00 | dt: 1577ms | tok/sec: 41,564 | mfu: 0.2% | epoch: 1 | remaining: 132s    
step 00118 (56.0%) | loss: 4.597864 | lrm: 1.00 | dt: 1567ms | tok/sec: 41,827 | mfu: 0.2% | epoch: 1 | remaining: 130s    
step 00119 (56.5%) | loss: 4.583182 | lrm: 1.00 | dt: 1561ms | tok/sec: 41,983 | mfu: 0.2% | epoch: 1 | remaining: 129s    
step 00120 (57.0%) | loss: 4.563694 | lrm: 1.00 | dt: 1570ms | tok/sec: 41,730 | mfu: 0.2% | epoch: 1 | remaining: 127s    
step 00121 (57.6%) | loss: 4.542568 | lrm: 1.00 | dt: 1578ms | tok/sec: 41,535 | mfu: 0.2% | epoch: 1 | remaining: 126s    
step 00122 (58.1%) | loss: 4.523368 | lrm: 1.00 | dt: 1568ms | tok/sec: 41,789 | mfu: 0.2% | epoch: 1 | remaining: 124s    
step 00123 (58.6%) | loss: 4.521374 | lrm: 1.00 | dt: 1576ms | tok/sec: 41,573 | mfu: 0.2% | epoch: 1 | remaining: 123s    
step 00124 (59.1%) | loss: 4.510716 | lrm: 1.00 | dt: 1565ms | tok/sec: 41,885 | mfu: 0.2% | epoch: 1 | remaining: 121s    
step 00125 (59.7%) | loss: 4.496811 | lrm: 1.00 | dt: 1576ms | tok/sec: 41,589 | mfu: 0.2% | epoch: 1 | remaining: 119s    
step 00126 (60.2%) | loss: 4.483625 | lrm: 1.00 | dt: 1573ms | tok/sec: 41,663 | mfu: 0.2% | epoch: 1 | remaining: 118s    
step 00127 (60.7%) | loss: 4.484220 | lrm: 1.00 | dt: 1568ms | tok/sec: 41,784 | mfu: 0.2% | epoch: 1 | remaining: 116s    
step 00128 (61.2%) | loss: 4.456668 | lrm: 1.00 | dt: 1581ms | tok/sec: 41,440 | mfu: 0.2% | epoch: 1 | remaining: 115s    
step 00129 (61.8%) | loss: 4.470986 | lrm: 1.00 | dt: 1560ms | tok/sec: 42,001 | mfu: 0.2% | epoch: 1 | remaining: 113s    
step 00130 (62.3%) | loss: 4.441498 | lrm: 1.00 | dt: 1572ms | tok/sec: 41,684 | mfu: 0.2% | epoch: 1 | remaining: 112s    
step 00131 (62.8%) | loss: 4.420365 | lrm: 1.00 | dt: 1566ms | tok/sec: 41,844 | mfu: 0.2% | epoch: 1 | remaining: 110s    
step 00132 (63.3%) | loss: 4.431311 | lrm: 1.00 | dt: 1565ms | tok/sec: 41,888 | mfu: 0.2% | epoch: 1 | remaining: 108s    
step 00133 (63.8%) | loss: 4.434537 | lrm: 1.00 | dt: 1562ms | tok/sec: 41,963 | mfu: 0.2% | epoch: 1 | remaining: 107s    
step 00134 (64.4%) | loss: 4.436409 | lrm: 1.00 | dt: 1575ms | tok/sec: 41,600 | mfu: 0.2% | epoch: 1 | remaining: 105s    
step 00135 (64.9%) | loss: 4.434349 | lrm: 1.00 | dt: 1566ms | tok/sec: 41,840 | mfu: 0.2% | epoch: 1 | remaining: 104s    
step 00136 (65.4%) | loss: 4.429575 | lrm: 1.00 | dt: 1560ms | tok/sec: 42,015 | mfu: 0.2% | epoch: 1 | remaining: 102s    
step 00137 (65.9%) | loss: 4.413380 | lrm: 1.00 | dt: 1573ms | tok/sec: 41,658 | mfu: 0.2% | epoch: 1 | remaining: 101s    
step 00138 (66.5%) | loss: 4.412334 | lrm: 1.00 | dt: 1562ms | tok/sec: 41,954 | mfu: 0.2% | epoch: 1 | remaining: 99s    
step 00139 (67.0%) | loss: 4.418108 | lrm: 1.00 | dt: 1566ms | tok/sec: 41,858 | mfu: 0.2% | epoch: 1 | remaining: 97s    
step 00140 (67.5%) | loss: 4.419678 | lrm: 1.00 | dt: 1564ms | tok/sec: 41,901 | mfu: 0.2% | epoch: 1 | remaining: 96s    
step 00141 (68.0%) | loss: 4.418829 | lrm: 1.00 | dt: 1576ms | tok/sec: 41,579 | mfu: 0.2% | epoch: 1 | remaining: 94s    
step 00142 (68.6%) | loss: 4.410260 | lrm: 1.00 | dt: 1563ms | tok/sec: 41,932 | mfu: 0.2% | epoch: 1 | remaining: 93s    
step 00143 (69.1%) | loss: 4.394405 | lrm: 1.00 | dt: 1582ms | tok/sec: 41,428 | mfu: 0.2% | epoch: 1 | remaining: 91s    
step 00144 (69.6%) | loss: 4.374459 | lrm: 1.00 | dt: 1565ms | tok/sec: 41,863 | mfu: 0.2% | epoch: 1 | remaining: 90s    
step 00145 (70.1%) | loss: 4.354088 | lrm: 1.00 | dt: 1563ms | tok/sec: 41,928 | mfu: 0.2% | epoch: 1 | remaining: 88s    
step 00146 (70.6%) | loss: 4.354925 | lrm: 0.98 | dt: 1576ms | tok/sec: 41,580 | mfu: 0.2% | epoch: 1 | remaining: 86s    
step 00147 (71.2%) | loss: 4.337208 | lrm: 0.96 | dt: 1560ms | tok/sec: 41,997 | mfu: 0.2% | epoch: 1 | remaining: 85s    
step 00148 (71.7%) | loss: 4.336207 | lrm: 0.94 | dt: 1570ms | tok/sec: 41,743 | mfu: 0.2% | epoch: 1 | remaining: 83s    
step 00149 (72.2%) | loss: 4.321041 | lrm: 0.93 | dt: 1581ms | tok/sec: 41,464 | mfu: 0.2% | epoch: 1 | remaining: 82s    
step 00150 (72.7%) | loss: 4.309000 | lrm: 0.91 | dt: 1576ms | tok/sec: 41,582 | mfu: 0.2% | epoch: 1 | remaining: 80s    
step 00151 (73.3%) | loss: 4.295735 | lrm: 0.89 | dt: 1564ms | tok/sec: 41,910 | mfu: 0.2% | epoch: 1 | remaining: 79s    
step 00152 (73.8%) | loss: 4.292485 | lrm: 0.87 | dt: 1572ms | tok/sec: 41,677 | mfu: 0.2% | epoch: 1 | remaining: 77s    
step 00153 (74.3%) | loss: 4.275655 | lrm: 0.86 | dt: 1571ms | tok/sec: 41,728 | mfu: 0.2% | epoch: 1 | remaining: 76s    
step 00154 (74.8%) | loss: 4.258505 | lrm: 0.84 | dt: 1572ms | tok/sec: 41,698 | mfu: 0.2% | epoch: 1 | remaining: 74s    
step 00155 (75.4%) | loss: 4.233152 | lrm: 0.82 | dt: 1576ms | tok/sec: 41,577 | mfu: 0.2% | epoch: 1 | remaining: 72s    
step 00156 (75.9%) | loss: 4.222080 | lrm: 0.80 | dt: 1564ms | tok/sec: 41,905 | mfu: 0.2% | epoch: 1 | remaining: 71s    
step 00157 (76.4%) | loss: 4.228651 | lrm: 0.79 | dt: 1571ms | tok/sec: 41,716 | mfu: 0.2% | epoch: 1 | remaining: 69s    
step 00158 (76.9%) | loss: 4.240932 | lrm: 0.77 | dt: 1579ms | tok/sec: 41,510 | mfu: 0.2% | epoch: 1 | remaining: 68s    
step 00159 (77.5%) | loss: 4.235327 | lrm: 0.75 | dt: 1563ms | tok/sec: 41,942 | mfu: 0.2% | epoch: 1 | remaining: 66s    
step 00160 (78.0%) | loss: 4.233935 | lrm: 0.73 | dt: 1570ms | tok/sec: 41,737 | mfu: 0.2% | epoch: 1 | remaining: 65s    
step 00161 (78.5%) | loss: 4.232759 | lrm: 0.72 | dt: 1557ms | tok/sec: 42,093 | mfu: 0.2% | epoch: 1 | remaining: 63s    
step 00162 (79.0%) | loss: 4.223340 | lrm: 0.70 | dt: 1575ms | tok/sec: 41,609 | mfu: 0.2% | epoch: 1 | remaining: 61s    
step 00163 (79.5%) | loss: 4.195967 | lrm: 0.68 | dt: 1562ms | tok/sec: 41,960 | mfu: 0.2% | epoch: 1 | remaining: 60s    
step 00164 (80.1%) | loss: 4.171406 | lrm: 0.66 | dt: 1580ms | tok/sec: 41,470 | mfu: 0.2% | epoch: 1 | remaining: 58s    
step 00165 (80.6%) | loss: 4.158563 | lrm: 0.65 | dt: 1570ms | tok/sec: 41,737 | mfu: 0.2% | epoch: 1 | remaining: 57s    
step 00166 (81.1%) | loss: 4.157775 | lrm: 0.63 | dt: 1565ms | tok/sec: 41,866 | mfu: 0.2% | epoch: 1 | remaining: 55s    
step 00167 (81.6%) | loss: 4.133690 | lrm: 0.61 | dt: 1586ms | tok/sec: 41,333 | mfu: 0.2% | epoch: 1 | remaining: 54s    
step 00168 (82.2%) | loss: 4.131719 | lrm: 0.59 | dt: 1569ms | tok/sec: 41,774 | mfu: 0.2% | epoch: 1 | remaining: 52s    
step 00169 (82.7%) | loss: 4.138571 | lrm: 0.58 | dt: 1569ms | tok/sec: 41,781 | mfu: 0.2% | epoch: 1 | remaining: 50s    
step 00170 (83.2%) | loss: 4.140047 | lrm: 0.56 | dt: 1558ms | tok/sec: 42,061 | mfu: 0.2% | epoch: 1 | remaining: 49s    
step 00171 (83.7%) | loss: 4.141263 | lrm: 0.54 | dt: 1565ms | tok/sec: 41,872 | mfu: 0.2% | epoch: 1 | remaining: 47s    
step 00172 (84.2%) | loss: 4.120478 | lrm: 0.53 | dt: 1572ms | tok/sec: 41,680 | mfu: 0.2% | epoch: 1 | remaining: 46s    
step 00173 (84.8%) | loss: 4.128174 | lrm: 0.51 | dt: 1577ms | tok/sec: 41,570 | mfu: 0.2% | epoch: 1 | remaining: 44s    
step 00174 (85.3%) | loss: 4.117286 | lrm: 0.49 | dt: 1566ms | tok/sec: 41,847 | mfu: 0.2% | epoch: 1 | remaining: 43s    
step 00175 (85.8%) | loss: 4.122780 | lrm: 0.47 | dt: 1563ms | tok/sec: 41,928 | mfu: 0.2% | epoch: 1 | remaining: 41s    
step 00176 (86.3%) | loss: 4.119847 | lrm: 0.46 | dt: 1562ms | tok/sec: 41,954 | mfu: 0.2% | epoch: 1 | remaining: 39s    
step 00177 (86.9%) | loss: 4.111298 | lrm: 0.44 | dt: 1567ms | tok/sec: 41,832 | mfu: 0.2% | epoch: 1 | remaining: 38s    
step 00178 (87.4%) | loss: 4.110792 | lrm: 0.42 | dt: 1557ms | tok/sec: 42,087 | mfu: 0.2% | epoch: 1 | remaining: 36s    
step 00179 (87.9%) | loss: 4.103851 | lrm: 0.40 | dt: 1561ms | tok/sec: 41,991 | mfu: 0.2% | epoch: 1 | remaining: 35s    
step 00180 (88.4%) | loss: 4.104198 | lrm: 0.39 | dt: 1574ms | tok/sec: 41,644 | mfu: 0.2% | epoch: 1 | remaining: 33s    
step 00181 (88.9%) | loss: 4.088472 | lrm: 0.37 | dt: 1571ms | tok/sec: 41,710 | mfu: 0.2% | epoch: 1 | remaining: 32s    
step 00182 (89.5%) | loss: 4.084852 | lrm: 0.35 | dt: 1565ms | tok/sec: 41,869 | mfu: 0.2% | epoch: 1 | remaining: 30s    
step 00183 (90.0%) | loss: 4.108584 | lrm: 0.33 | dt: 1574ms | tok/sec: 41,630 | mfu: 0.2% | epoch: 1 | remaining: 28s    
step 00184 (90.5%) | loss: 4.096347 | lrm: 0.32 | dt: 1556ms | tok/sec: 42,107 | mfu: 0.2% | epoch: 1 | remaining: 27s    
step 00185 (91.0%) | loss: 4.097768 | lrm: 0.30 | dt: 1570ms | tok/sec: 41,754 | mfu: 0.2% | epoch: 1 | remaining: 25s    
step 00186 (91.6%) | loss: 4.076994 | lrm: 0.28 | dt: 1568ms | tok/sec: 41,794 | mfu: 0.2% | epoch: 1 | remaining: 24s    
step 00187 (92.1%) | loss: 4.067246 | lrm: 0.26 | dt: 1572ms | tok/sec: 41,701 | mfu: 0.2% | epoch: 1 | remaining: 22s    
step 00188 (92.6%) | loss: 4.060904 | lrm: 0.25 | dt: 1564ms | tok/sec: 41,892 | mfu: 0.2% | epoch: 1 | remaining: 21s    
step 00189 (93.1%) | loss: 4.038729 | lrm: 0.23 | dt: 1561ms | tok/sec: 41,987 | mfu: 0.2% | epoch: 1 | remaining: 19s    
step 00190 (93.6%) | loss: 4.020152 | lrm: 0.21 | dt: 1577ms | tok/sec: 41,554 | mfu: 0.2% | epoch: 1 | remaining: 17s    
step 00191 (94.2%) | loss: 4.003003 | lrm: 0.19 | dt: 1564ms | tok/sec: 41,894 | mfu: 0.2% | epoch: 1 | remaining: 16s    
step 00192 (94.7%) | loss: 3.985428 | lrm: 0.18 | dt: 1571ms | tok/sec: 41,723 | mfu: 0.2% | epoch: 1 | remaining: 14s    
step 00193 (95.2%) | loss: 3.997470 | lrm: 0.16 | dt: 1578ms | tok/sec: 41,540 | mfu: 0.2% | epoch: 1 | remaining: 13s    
step 00194 (95.7%) | loss: 3.992355 | lrm: 0.14 | dt: 1570ms | tok/sec: 41,744 | mfu: 0.2% | epoch: 1 | remaining: 11s    
step 00195 (96.3%) | loss: 3.990549 | lrm: 0.12 | dt: 1562ms | tok/sec: 41,960 | mfu: 0.2% | epoch: 1 | remaining: 10s    
step 00196 (96.8%) | loss: 3.980252 | lrm: 0.11 | dt: 1558ms | tok/sec: 42,050 | mfu: 0.2% | epoch: 1 | remaining: 8s    
step 00197 (97.3%) | loss: 3.993614 | lrm: 0.09 | dt: 1572ms | tok/sec: 41,688 | mfu: 0.2% | epoch: 1 | remaining: 7s    
step 00198 (97.8%) | loss: 4.008200 | lrm: 0.07 | dt: 1567ms | tok/sec: 41,812 | mfu: 0.2% | epoch: 1 | remaining: 5s    
step 00199 (98.4%) | loss: 3.990498 | lrm: 0.05 | dt: 1572ms | tok/sec: 41,698 | mfu: 0.2% | epoch: 1 | remaining: 3s    
step 00200 (98.9%) | loss: 4.003295 | lrm: 0.04 | dt: 1566ms | tok/sec: 41,839 | mfu: 0.2% | epoch: 1 | remaining: 2s    
step 00201 (99.4%) | loss: 3.993696 | lrm: 0.02 | dt: 1580ms | tok/sec: 41,474 | mfu: 0.2% | epoch: 1 | remaining: 0s    
step 00202 (99.9%) | loss: 4.006451 | lrm: 0.00 | dt: 1570ms | tok/sec: 41,739 | mfu: 0.2% | epoch: 1 | remaining: 0s    
---
val_bpb:          1.420768
training_seconds: 301.4
total_seconds:    525.6
peak_vram_mb:     2186.4
mfu_percent:      0.24
total_tokens_M:   13.3
num_steps:        203
num_params_M:     11.5
depth:            4
W0312 21:48:53.923000 2147163 .venv/lib/python3.10/site-packages/torch/_inductor/utils.py:1613] [0/0] Not enough SMs to use max_autotune_gemm mode
/media/starscream/bumblebee1/blaze/autoresearch/.venv/lib/python3.10/site-packages/torch/_inductor/compile_fx.py:2772: UserWarning: NVIDIA GeForce RTX 2060 does not support bfloat16 compilation natively, skipping
  warnings.warn(
/media/starscream/bumblebee1/blaze/autoresearch/.venv/lib/python3.10/site-packages/torch/_inductor/compile_fx.py:2772: UserWarning: NVIDIA GeForce RTX 2060 does not support bfloat16 compilation natively, skipping
  warnings.warn(
/media/starscream/bumblebee1/blaze/autoresearch/.venv/lib/python3.10/site-packages/torch/_inductor/compile_fx.py:2772: UserWarning: NVIDIA GeForce RTX 2060 does not support bfloat16 compilation natively, skipping
  warnings.warn(
/media/starscream/bumblebee1/blaze/autoresearch/.venv/lib/python3.10/site-packages/torch/_inductor/compile_fx.py:2772: UserWarning: NVIDIA GeForce RTX 2060 does not support bfloat16 compilation natively, skipping
  warnings.warn(
/media/starscream/bumblebee1/blaze/autoresearch/.venv/lib/python3.10/site-packages/torch/_inductor/compile_fx.py:2772: UserWarning: NVIDIA GeForce RTX 2060 does not support bfloat16 compilation natively, skipping
  warnings.warn(
/media/starscream/bumblebee1/blaze/autoresearch/.venv/lib/python3.10/site-packages/torch/_inductor/compile_fx.py:2772: UserWarning: NVIDIA GeForce RTX 2060 does not support bfloat16 compilation natively, skipping
  warnings.warn(
/media/starscream/bumblebee1/blaze/autoresearch/.venv/lib/python3.10/site-packages/torch/_inductor/compile_fx.py:2772: UserWarning: NVIDIA GeForce RTX 2060 does not support bfloat16 compilation natively, skipping
  warnings.warn(
