GPU compute capability (7, 5) < 8.0, using fallback attention (no Flash Attention)
Vocab size: 8,192
Model config: {'sequence_len': 2048, 'vocab_size': 8192, 'n_layer': 4, 'n_head': 2, 'n_kv_head': 2, 'n_embd': 256, 'window_pattern': 'L'}
Parameter counts:
  wte                     : 2,097,152
  value_embeds            : 4,194,304
  lm_head                 : 2,097,152
  transformer_matrices    : 3,145,856
  scalars                 : 8
  total                   : 11,534,472
Estimated FLOPs per token: 5.662387e+07
Scaling AdamW LRs by 1/sqrt(256/768) = 1.732051
Time budget: 300s
Gradient accumulation steps: 8

step 00000 (0.0%) | loss: 9.011391 | lrm: 1.00 | dt: 8469ms | tok/sec: 7,738 | mfu: 0.0% | epoch: 1 | remaining: 300s    
step 00001 (0.0%) | loss: 8.951999 | lrm: 1.00 | dt: 1539ms | tok/sec: 42,585 | mfu: 0.2% | epoch: 1 | remaining: 300s    
step 00002 (0.0%) | loss: 8.715913 | lrm: 1.00 | dt: 1537ms | tok/sec: 42,637 | mfu: 0.2% | epoch: 1 | remaining: 300s    
step 00003 (0.0%) | loss: 8.393810 | lrm: 1.00 | dt: 1554ms | tok/sec: 42,171 | mfu: 0.2% | epoch: 1 | remaining: 300s    
step 00004 (0.0%) | loss: 8.091576 | lrm: 1.00 | dt: 1542ms | tok/sec: 42,511 | mfu: 0.2% | epoch: 1 | remaining: 300s    
step 00005 (0.0%) | loss: 7.776162 | lrm: 1.00 | dt: 1556ms | tok/sec: 42,107 | mfu: 0.2% | epoch: 1 | remaining: 300s    
step 00006 (0.0%) | loss: 7.515193 | lrm: 1.00 | dt: 1545ms | tok/sec: 42,425 | mfu: 0.2% | epoch: 1 | remaining: 300s    
step 00007 (0.0%) | loss: 7.295257 | lrm: 1.00 | dt: 1550ms | tok/sec: 42,272 | mfu: 0.2% | epoch: 1 | remaining: 300s    
step 00008 (0.0%) | loss: 7.116143 | lrm: 1.00 | dt: 1560ms | tok/sec: 42,010 | mfu: 0.2% | epoch: 1 | remaining: 300s    
step 00009 (0.0%) | loss: 7.004665 | lrm: 1.00 | dt: 1552ms | tok/sec: 42,239 | mfu: 0.2% | epoch: 1 | remaining: 300s    
step 00010 (0.0%) | loss: 6.862259 | lrm: 1.00 | dt: 1558ms | tok/sec: 42,056 | mfu: 0.2% | epoch: 1 | remaining: 300s    
step 00011 (0.0%) | loss: 6.751214 | lrm: 1.00 | dt: 1547ms | tok/sec: 42,372 | mfu: 0.2% | epoch: 1 | remaining: 298s    
step 00012 (0.5%) | loss: 6.633234 | lrm: 1.00 | dt: 1556ms | tok/sec: 42,118 | mfu: 0.2% | epoch: 1 | remaining: 297s    
step 00013 (1.0%) | loss: 6.538888 | lrm: 1.00 | dt: 1562ms | tok/sec: 41,949 | mfu: 0.2% | epoch: 1 | remaining: 295s    
step 00014 (1.6%) | loss: 6.462007 | lrm: 1.00 | dt: 1564ms | tok/sec: 41,904 | mfu: 0.2% | epoch: 1 | remaining: 294s    
step 00015 (2.1%) | loss: 6.368339 | lrm: 1.00 | dt: 1547ms | tok/sec: 42,376 | mfu: 0.2% | epoch: 1 | remaining: 292s    
step 00016 (2.6%) | loss: 6.310545 | lrm: 1.00 | dt: 1562ms | tok/sec: 41,943 | mfu: 0.2% | epoch: 1 | remaining: 291s    
step 00017 (3.1%) | loss: 6.253381 | lrm: 1.00 | dt: 1568ms | tok/sec: 41,800 | mfu: 0.2% | epoch: 1 | remaining: 289s    
step 00018 (3.6%) | loss: 6.200649 | lrm: 1.00 | dt: 1564ms | tok/sec: 41,914 | mfu: 0.2% | epoch: 1 | remaining: 288s    
step 00019 (4.2%) | loss: 6.165782 | lrm: 1.00 | dt: 1563ms | tok/sec: 41,925 | mfu: 0.2% | epoch: 1 | remaining: 286s    
step 00020 (4.7%) | loss: 6.114424 | lrm: 1.00 | dt: 1567ms | tok/sec: 41,814 | mfu: 0.2% | epoch: 1 | remaining: 284s    
step 00021 (5.2%) | loss: 6.046772 | lrm: 1.00 | dt: 1573ms | tok/sec: 41,669 | mfu: 0.2% | epoch: 1 | remaining: 283s    
step 00022 (5.7%) | loss: 5.992109 | lrm: 1.00 | dt: 1569ms | tok/sec: 41,760 | mfu: 0.2% | epoch: 1 | remaining: 281s    
step 00023 (6.2%) | loss: 5.972405 | lrm: 1.00 | dt: 1576ms | tok/sec: 41,574 | mfu: 0.2% | epoch: 1 | remaining: 280s    
step 00024 (6.8%) | loss: 5.935968 | lrm: 1.00 | dt: 1576ms | tok/sec: 41,576 | mfu: 0.2% | epoch: 1 | remaining: 278s    
step 00025 (7.3%) | loss: 5.914588 | lrm: 1.00 | dt: 1559ms | tok/sec: 42,032 | mfu: 0.2% | epoch: 1 | remaining: 277s    
step 00026 (7.8%) | loss: 5.893922 | lrm: 1.00 | dt: 1576ms | tok/sec: 41,590 | mfu: 0.2% | epoch: 1 | remaining: 275s    
step 00027 (8.3%) | loss: 5.866225 | lrm: 1.00 | dt: 1572ms | tok/sec: 41,694 | mfu: 0.2% | epoch: 1 | remaining: 273s    
step 00028 (8.9%) | loss: 5.840301 | lrm: 1.00 | dt: 1568ms | tok/sec: 41,799 | mfu: 0.2% | epoch: 1 | remaining: 272s    
step 00029 (9.4%) | loss: 5.812228 | lrm: 1.00 | dt: 1565ms | tok/sec: 41,870 | mfu: 0.2% | epoch: 1 | remaining: 270s    
step 00030 (9.9%) | loss: 5.779735 | lrm: 1.00 | dt: 1579ms | tok/sec: 41,492 | mfu: 0.2% | epoch: 1 | remaining: 269s    
step 00031 (10.4%) | loss: 5.740312 | lrm: 1.00 | dt: 1582ms | tok/sec: 41,438 | mfu: 0.2% | epoch: 1 | remaining: 267s    
step 00032 (11.0%) | loss: 5.712156 | lrm: 1.00 | dt: 1567ms | tok/sec: 41,833 | mfu: 0.2% | epoch: 1 | remaining: 266s    
step 00033 (11.5%) | loss: 5.685840 | lrm: 1.00 | dt: 1579ms | tok/sec: 41,505 | mfu: 0.2% | epoch: 1 | remaining: 264s    
step 00034 (12.0%) | loss: 5.683960 | lrm: 1.00 | dt: 1575ms | tok/sec: 41,623 | mfu: 0.2% | epoch: 1 | remaining: 262s    
step 00035 (12.5%) | loss: 5.682007 | lrm: 1.00 | dt: 1584ms | tok/sec: 41,368 | mfu: 0.2% | epoch: 1 | remaining: 261s    
step 00036 (13.1%) | loss: 5.658404 | lrm: 1.00 | dt: 1572ms | tok/sec: 41,690 | mfu: 0.2% | epoch: 1 | remaining: 259s    
step 00037 (13.6%) | loss: 5.634000 | lrm: 1.00 | dt: 1580ms | tok/sec: 41,465 | mfu: 0.2% | epoch: 1 | remaining: 258s    
step 00038 (14.1%) | loss: 5.619321 | lrm: 1.00 | dt: 1578ms | tok/sec: 41,524 | mfu: 0.2% | epoch: 1 | remaining: 256s    
step 00039 (14.6%) | loss: 5.594895 | lrm: 1.00 | dt: 1571ms | tok/sec: 41,724 | mfu: 0.2% | epoch: 1 | remaining: 254s    
step 00040 (15.2%) | loss: 5.567428 | lrm: 1.00 | dt: 1580ms | tok/sec: 41,471 | mfu: 0.2% | epoch: 1 | remaining: 253s    
step 00041 (15.7%) | loss: 5.547043 | lrm: 1.00 | dt: 1572ms | tok/sec: 41,688 | mfu: 0.2% | epoch: 1 | remaining: 251s    
step 00042 (16.2%) | loss: 5.532025 | lrm: 1.00 | dt: 1578ms | tok/sec: 41,541 | mfu: 0.2% | epoch: 1 | remaining: 250s    
step 00043 (16.7%) | loss: 5.514296 | lrm: 1.00 | dt: 1571ms | tok/sec: 41,703 | mfu: 0.2% | epoch: 1 | remaining: 248s    
step 00044 (17.3%) | loss: 5.498372 | lrm: 1.00 | dt: 1584ms | tok/sec: 41,376 | mfu: 0.2% | epoch: 1 | remaining: 247s    
step 00045 (17.8%) | loss: 5.497056 | lrm: 1.00 | dt: 1575ms | tok/sec: 41,601 | mfu: 0.2% | epoch: 1 | remaining: 245s    
step 00046 (18.3%) | loss: 5.497152 | lrm: 1.00 | dt: 1578ms | tok/sec: 41,524 | mfu: 0.2% | epoch: 1 | remaining: 243s    
step 00047 (18.8%) | loss: 5.479403 | lrm: 1.00 | dt: 1580ms | tok/sec: 41,486 | mfu: 0.2% | epoch: 1 | remaining: 242s    
step 00048 (19.4%) | loss: 5.494314 | lrm: 1.00 | dt: 1569ms | tok/sec: 41,773 | mfu: 0.2% | epoch: 1 | remaining: 240s    
step 00049 (19.9%) | loss: 5.457272 | lrm: 1.00 | dt: 1589ms | tok/sec: 41,232 | mfu: 0.2% | epoch: 1 | remaining: 239s    
step 00050 (20.4%) | loss: 5.438606 | lrm: 1.00 | dt: 1574ms | tok/sec: 41,637 | mfu: 0.2% | epoch: 1 | remaining: 237s    
step 00051 (21.0%) | loss: 5.425318 | lrm: 1.00 | dt: 1580ms | tok/sec: 41,479 | mfu: 0.2% | epoch: 1 | remaining: 236s    
step 00052 (21.5%) | loss: 5.406874 | lrm: 1.00 | dt: 1571ms | tok/sec: 41,722 | mfu: 0.2% | epoch: 1 | remaining: 234s    
step 00053 (22.0%) | loss: 5.376955 | lrm: 1.00 | dt: 1574ms | tok/sec: 41,625 | mfu: 0.2% | epoch: 1 | remaining: 232s    
step 00054 (22.5%) | loss: 5.359440 | lrm: 1.00 | dt: 1588ms | tok/sec: 41,282 | mfu: 0.2% | epoch: 1 | remaining: 231s    
step 00055 (23.1%) | loss: 5.349351 | lrm: 1.00 | dt: 1575ms | tok/sec: 41,609 | mfu: 0.2% | epoch: 1 | remaining: 229s    
step 00056 (23.6%) | loss: 5.332636 | lrm: 1.00 | dt: 1578ms | tok/sec: 41,520 | mfu: 0.2% | epoch: 1 | remaining: 228s    
step 00057 (24.1%) | loss: 5.310721 | lrm: 1.00 | dt: 1576ms | tok/sec: 41,595 | mfu: 0.2% | epoch: 1 | remaining: 226s    
step 00058 (24.6%) | loss: 5.298327 | lrm: 1.00 | dt: 1577ms | tok/sec: 41,546 | mfu: 0.2% | epoch: 1 | remaining: 225s    
step 00059 (25.2%) | loss: 5.292760 | lrm: 1.00 | dt: 1590ms | tok/sec: 41,207 | mfu: 0.2% | epoch: 1 | remaining: 223s    
step 00060 (25.7%) | loss: 5.283995 | lrm: 1.00 | dt: 1574ms | tok/sec: 41,648 | mfu: 0.2% | epoch: 1 | remaining: 221s    
step 00061 (26.2%) | loss: 5.264377 | lrm: 1.00 | dt: 1582ms | tok/sec: 41,427 | mfu: 0.2% | epoch: 1 | remaining: 220s    
step 00062 (26.7%) | loss: 5.262208 | lrm: 1.00 | dt: 1570ms | tok/sec: 41,751 | mfu: 0.2% | epoch: 1 | remaining: 218s    
step 00063 (27.3%) | loss: 5.261354 | lrm: 1.00 | dt: 1583ms | tok/sec: 41,395 | mfu: 0.2% | epoch: 1 | remaining: 217s    
step 00064 (27.8%) | loss: 5.250474 | lrm: 1.00 | dt: 1581ms | tok/sec: 41,460 | mfu: 0.2% | epoch: 1 | remaining: 215s    
step 00065 (28.3%) | loss: 5.219525 | lrm: 1.00 | dt: 1572ms | tok/sec: 41,693 | mfu: 0.2% | epoch: 1 | remaining: 213s    
step 00066 (28.8%) | loss: 5.195391 | lrm: 1.00 | dt: 1584ms | tok/sec: 41,368 | mfu: 0.2% | epoch: 1 | remaining: 212s    
step 00067 (29.4%) | loss: 5.176097 | lrm: 1.00 | dt: 1571ms | tok/sec: 41,708 | mfu: 0.2% | epoch: 1 | remaining: 210s    
step 00068 (29.9%) | loss: 5.145494 | lrm: 1.00 | dt: 1569ms | tok/sec: 41,776 | mfu: 0.2% | epoch: 1 | remaining: 209s    
step 00069 (30.4%) | loss: 5.115684 | lrm: 1.00 | dt: 1578ms | tok/sec: 41,522 | mfu: 0.2% | epoch: 1 | remaining: 207s    
step 00070 (30.9%) | loss: 5.113292 | lrm: 1.00 | dt: 1583ms | tok/sec: 41,412 | mfu: 0.2% | epoch: 1 | remaining: 206s    
step 00071 (31.5%) | loss: 5.103404 | lrm: 1.00 | dt: 1575ms | tok/sec: 41,601 | mfu: 0.2% | epoch: 1 | remaining: 204s    
step 00072 (32.0%) | loss: 5.090543 | lrm: 1.00 | dt: 1570ms | tok/sec: 41,741 | mfu: 0.2% | epoch: 1 | remaining: 202s    
step 00073 (32.5%) | loss: 5.058798 | lrm: 1.00 | dt: 1577ms | tok/sec: 41,548 | mfu: 0.2% | epoch: 1 | remaining: 201s    
step 00074 (33.0%) | loss: 5.047968 | lrm: 1.00 | dt: 1578ms | tok/sec: 41,523 | mfu: 0.2% | epoch: 1 | remaining: 199s    
step 00075 (33.6%) | loss: 5.031548 | lrm: 1.00 | dt: 1580ms | tok/sec: 41,471 | mfu: 0.2% | epoch: 1 | remaining: 198s    
step 00076 (34.1%) | loss: 5.027869 | lrm: 1.00 | dt: 1568ms | tok/sec: 41,783 | mfu: 0.2% | epoch: 1 | remaining: 196s    
step 00077 (34.6%) | loss: 5.014640 | lrm: 1.00 | dt: 1576ms | tok/sec: 41,574 | mfu: 0.2% | epoch: 1 | remaining: 195s    
step 00078 (35.1%) | loss: 5.001386 | lrm: 1.00 | dt: 1577ms | tok/sec: 41,562 | mfu: 0.2% | epoch: 1 | remaining: 193s    
step 00079 (35.7%) | loss: 4.980829 | lrm: 1.00 | dt: 1585ms | tok/sec: 41,348 | mfu: 0.2% | epoch: 1 | remaining: 191s    
step 00080 (36.2%) | loss: 4.968015 | lrm: 1.00 | dt: 1575ms | tok/sec: 41,600 | mfu: 0.2% | epoch: 1 | remaining: 190s    
step 00081 (36.7%) | loss: 4.965368 | lrm: 1.00 | dt: 1567ms | tok/sec: 41,823 | mfu: 0.2% | epoch: 1 | remaining: 188s    
step 00082 (37.2%) | loss: 4.942315 | lrm: 1.00 | dt: 1572ms | tok/sec: 41,687 | mfu: 0.2% | epoch: 1 | remaining: 187s    
step 00083 (37.8%) | loss: 4.947560 | lrm: 1.00 | dt: 1566ms | tok/sec: 41,844 | mfu: 0.2% | epoch: 1 | remaining: 185s    
step 00084 (38.3%) | loss: 4.940072 | lrm: 1.00 | dt: 1573ms | tok/sec: 41,671 | mfu: 0.2% | epoch: 1 | remaining: 184s    
step 00085 (38.8%) | loss: 4.938402 | lrm: 1.00 | dt: 1585ms | tok/sec: 41,345 | mfu: 0.2% | epoch: 1 | remaining: 182s    
step 00086 (39.3%) | loss: 4.919852 | lrm: 1.00 | dt: 1569ms | tok/sec: 41,762 | mfu: 0.2% | epoch: 1 | remaining: 180s    
step 00087 (39.9%) | loss: 4.911428 | lrm: 1.00 | dt: 1570ms | tok/sec: 41,748 | mfu: 0.2% | epoch: 1 | remaining: 179s    
step 00088 (40.4%) | loss: 4.905568 | lrm: 1.00 | dt: 1572ms | tok/sec: 41,701 | mfu: 0.2% | epoch: 1 | remaining: 177s    
step 00089 (40.9%) | loss: 4.887317 | lrm: 1.00 | dt: 1574ms | tok/sec: 41,644 | mfu: 0.2% | epoch: 1 | remaining: 176s    
step 00090 (41.4%) | loss: 4.884741 | lrm: 1.00 | dt: 1565ms | tok/sec: 41,864 | mfu: 0.2% | epoch: 1 | remaining: 174s    
step 00091 (42.0%) | loss: 4.881342 | lrm: 1.00 | dt: 1580ms | tok/sec: 41,468 | mfu: 0.2% | epoch: 1 | remaining: 173s    
step 00092 (42.5%) | loss: 4.876307 | lrm: 1.00 | dt: 1574ms | tok/sec: 41,634 | mfu: 0.2% | epoch: 1 | remaining: 171s    
step 00093 (43.0%) | loss: 4.880750 | lrm: 1.00 | dt: 1566ms | tok/sec: 41,848 | mfu: 0.2% | epoch: 1 | remaining: 169s    
step 00094 (43.5%) | loss: 4.863058 | lrm: 1.00 | dt: 1585ms | tok/sec: 41,338 | mfu: 0.2% | epoch: 1 | remaining: 168s    
step 00095 (44.1%) | loss: 4.848143 | lrm: 1.00 | dt: 1566ms | tok/sec: 41,850 | mfu: 0.2% | epoch: 1 | remaining: 166s    
step 00096 (44.6%) | loss: 4.839473 | lrm: 1.00 | dt: 1573ms | tok/sec: 41,651 | mfu: 0.2% | epoch: 1 | remaining: 165s    
step 00097 (45.1%) | loss: 4.814482 | lrm: 1.00 | dt: 1567ms | tok/sec: 41,833 | mfu: 0.2% | epoch: 1 | remaining: 163s    
step 00098 (45.6%) | loss: 4.802908 | lrm: 1.00 | dt: 1579ms | tok/sec: 41,515 | mfu: 0.2% | epoch: 1 | remaining: 162s    
step 00099 (46.2%) | loss: 4.794312 | lrm: 1.00 | dt: 1580ms | tok/sec: 41,467 | mfu: 0.2% | epoch: 1 | remaining: 160s    
step 00100 (46.7%) | loss: 4.793455 | lrm: 1.00 | dt: 1564ms | tok/sec: 41,895 | mfu: 0.2% | epoch: 1 | remaining: 158s    
step 00101 (47.2%) | loss: 4.798761 | lrm: 1.00 | dt: 1584ms | tok/sec: 41,384 | mfu: 0.2% | epoch: 1 | remaining: 157s    
step 00102 (47.7%) | loss: 4.777462 | lrm: 1.00 | dt: 1574ms | tok/sec: 41,643 | mfu: 0.2% | epoch: 1 | remaining: 155s    
step 00103 (48.3%) | loss: 4.763564 | lrm: 1.00 | dt: 1575ms | tok/sec: 41,609 | mfu: 0.2% | epoch: 1 | remaining: 154s    
step 00104 (48.8%) | loss: 4.750677 | lrm: 1.00 | dt: 1561ms | tok/sec: 41,973 | mfu: 0.2% | epoch: 1 | remaining: 152s    
step 00105 (49.3%) | loss: 4.732207 | lrm: 1.00 | dt: 1574ms | tok/sec: 41,623 | mfu: 0.2% | epoch: 1 | remaining: 151s    
step 00106 (49.8%) | loss: 4.732231 | lrm: 1.00 | dt: 1576ms | tok/sec: 41,577 | mfu: 0.2% | epoch: 1 | remaining: 149s    
step 00107 (50.4%) | loss: 4.730437 | lrm: 1.00 | dt: 1564ms | tok/sec: 41,899 | mfu: 0.2% | epoch: 1 | remaining: 147s    
step 00108 (50.9%) | loss: 4.728517 | lrm: 1.00 | dt: 1575ms | tok/sec: 41,619 | mfu: 0.2% | epoch: 1 | remaining: 146s    
step 00109 (51.4%) | loss: 4.725634 | lrm: 1.00 | dt: 1565ms | tok/sec: 41,887 | mfu: 0.2% | epoch: 1 | remaining: 144s    
step 00110 (51.9%) | loss: 4.721439 | lrm: 1.00 | dt: 1584ms | tok/sec: 41,372 | mfu: 0.2% | epoch: 1 | remaining: 143s    
step 00111 (52.4%) | loss: 4.706407 | lrm: 1.00 | dt: 1567ms | tok/sec: 41,824 | mfu: 0.2% | epoch: 1 | remaining: 141s    
step 00112 (53.0%) | loss: 4.704832 | lrm: 1.00 | dt: 1578ms | tok/sec: 41,544 | mfu: 0.2% | epoch: 1 | remaining: 140s    
step 00113 (53.5%) | loss: 4.696698 | lrm: 1.00 | dt: 1582ms | tok/sec: 41,423 | mfu: 0.2% | epoch: 1 | remaining: 138s    
step 00114 (54.0%) | loss: 4.678543 | lrm: 1.00 | dt: 1575ms | tok/sec: 41,602 | mfu: 0.2% | epoch: 1 | remaining: 136s    
step 00115 (54.6%) | loss: 4.668797 | lrm: 1.00 | dt: 1570ms | tok/sec: 41,749 | mfu: 0.2% | epoch: 1 | remaining: 135s    
step 00116 (55.1%) | loss: 4.662172 | lrm: 1.00 | dt: 1573ms | tok/sec: 41,656 | mfu: 0.2% | epoch: 1 | remaining: 133s    
step 00117 (55.6%) | loss: 4.659979 | lrm: 1.00 | dt: 1584ms | tok/sec: 41,368 | mfu: 0.2% | epoch: 1 | remaining: 132s    
step 00118 (56.1%) | loss: 4.631380 | lrm: 1.00 | dt: 1567ms | tok/sec: 41,834 | mfu: 0.2% | epoch: 1 | remaining: 130s    
step 00119 (56.6%) | loss: 4.616941 | lrm: 1.00 | dt: 1579ms | tok/sec: 41,516 | mfu: 0.2% | epoch: 1 | remaining: 128s    
step 00120 (57.2%) | loss: 4.598326 | lrm: 1.00 | dt: 1588ms | tok/sec: 41,267 | mfu: 0.2% | epoch: 1 | remaining: 127s    
step 00121 (57.7%) | loss: 4.574800 | lrm: 1.00 | dt: 1574ms | tok/sec: 41,645 | mfu: 0.2% | epoch: 1 | remaining: 125s    
step 00122 (58.2%) | loss: 4.556162 | lrm: 1.00 | dt: 1567ms | tok/sec: 41,828 | mfu: 0.2% | epoch: 1 | remaining: 124s    
step 00123 (58.8%) | loss: 4.553217 | lrm: 1.00 | dt: 1563ms | tok/sec: 41,942 | mfu: 0.2% | epoch: 1 | remaining: 122s    
step 00124 (59.3%) | loss: 4.542650 | lrm: 1.00 | dt: 1576ms | tok/sec: 41,570 | mfu: 0.2% | epoch: 1 | remaining: 121s    
step 00125 (59.8%) | loss: 4.530153 | lrm: 1.00 | dt: 1569ms | tok/sec: 41,782 | mfu: 0.2% | epoch: 1 | remaining: 119s    
step 00126 (60.3%) | loss: 4.517734 | lrm: 1.00 | dt: 1589ms | tok/sec: 41,241 | mfu: 0.2% | epoch: 1 | remaining: 117s    
step 00127 (60.8%) | loss: 4.519876 | lrm: 1.00 | dt: 1577ms | tok/sec: 41,545 | mfu: 0.2% | epoch: 1 | remaining: 116s    
step 00128 (61.4%) | loss: 4.493067 | lrm: 1.00 | dt: 1567ms | tok/sec: 41,821 | mfu: 0.2% | epoch: 1 | remaining: 114s    
step 00129 (61.9%) | loss: 4.506300 | lrm: 1.00 | dt: 1580ms | tok/sec: 41,487 | mfu: 0.2% | epoch: 1 | remaining: 113s    
step 00130 (62.4%) | loss: 4.476728 | lrm: 1.00 | dt: 1566ms | tok/sec: 41,857 | mfu: 0.2% | epoch: 1 | remaining: 111s    
step 00131 (62.9%) | loss: 4.457921 | lrm: 1.00 | dt: 1581ms | tok/sec: 41,445 | mfu: 0.2% | epoch: 1 | remaining: 110s    
step 00132 (63.5%) | loss: 4.473892 | lrm: 1.00 | dt: 1563ms | tok/sec: 41,934 | mfu: 0.2% | epoch: 1 | remaining: 108s    
step 00133 (64.0%) | loss: 4.476257 | lrm: 1.00 | dt: 1573ms | tok/sec: 41,650 | mfu: 0.2% | epoch: 1 | remaining: 106s    
step 00134 (64.5%) | loss: 4.478642 | lrm: 1.00 | dt: 1588ms | tok/sec: 41,267 | mfu: 0.2% | epoch: 1 | remaining: 105s    
step 00135 (65.0%) | loss: 4.480368 | lrm: 1.00 | dt: 1572ms | tok/sec: 41,686 | mfu: 0.2% | epoch: 1 | remaining: 103s    
step 00136 (65.6%) | loss: 4.475464 | lrm: 1.00 | dt: 1579ms | tok/sec: 41,498 | mfu: 0.2% | epoch: 1 | remaining: 102s    
step 00137 (66.1%) | loss: 4.460244 | lrm: 1.00 | dt: 1567ms | tok/sec: 41,835 | mfu: 0.2% | epoch: 1 | remaining: 100s    
step 00138 (66.6%) | loss: 4.462673 | lrm: 1.00 | dt: 1579ms | tok/sec: 41,504 | mfu: 0.2% | epoch: 1 | remaining: 99s    
step 00139 (67.1%) | loss: 4.470090 | lrm: 1.00 | dt: 1583ms | tok/sec: 41,393 | mfu: 0.2% | epoch: 1 | remaining: 97s    
step 00140 (67.7%) | loss: 4.471350 | lrm: 1.00 | dt: 1570ms | tok/sec: 41,741 | mfu: 0.2% | epoch: 1 | remaining: 95s    
step 00141 (68.2%) | loss: 4.469792 | lrm: 1.00 | dt: 1578ms | tok/sec: 41,520 | mfu: 0.2% | epoch: 1 | remaining: 94s    
step 00142 (68.7%) | loss: 4.464563 | lrm: 1.00 | dt: 1565ms | tok/sec: 41,882 | mfu: 0.2% | epoch: 1 | remaining: 92s    
step 00143 (69.2%) | loss: 4.446224 | lrm: 1.00 | dt: 1572ms | tok/sec: 41,684 | mfu: 0.2% | epoch: 1 | remaining: 91s    
step 00144 (69.8%) | loss: 4.426678 | lrm: 1.00 | dt: 1564ms | tok/sec: 41,897 | mfu: 0.2% | epoch: 1 | remaining: 89s    
step 00145 (70.3%) | loss: 4.407738 | lrm: 0.99 | dt: 1570ms | tok/sec: 41,754 | mfu: 0.2% | epoch: 1 | remaining: 88s    
step 00146 (70.8%) | loss: 4.406184 | lrm: 0.97 | dt: 1567ms | tok/sec: 41,826 | mfu: 0.2% | epoch: 1 | remaining: 86s    
step 00147 (71.3%) | loss: 4.388842 | lrm: 0.96 | dt: 1577ms | tok/sec: 41,560 | mfu: 0.2% | epoch: 1 | remaining: 84s    
step 00148 (71.9%) | loss: 4.387731 | lrm: 0.94 | dt: 1588ms | tok/sec: 41,277 | mfu: 0.2% | epoch: 1 | remaining: 83s    
step 00149 (72.4%) | loss: 4.379324 | lrm: 0.92 | dt: 1571ms | tok/sec: 41,726 | mfu: 0.2% | epoch: 1 | remaining: 81s    
step 00150 (72.9%) | loss: 4.369370 | lrm: 0.90 | dt: 1580ms | tok/sec: 41,473 | mfu: 0.2% | epoch: 1 | remaining: 80s    
step 00151 (73.4%) | loss: 4.356342 | lrm: 0.89 | dt: 1566ms | tok/sec: 41,856 | mfu: 0.2% | epoch: 1 | remaining: 78s    
step 00152 (74.0%) | loss: 4.354599 | lrm: 0.87 | dt: 1584ms | tok/sec: 41,382 | mfu: 0.2% | epoch: 1 | remaining: 77s    
step 00153 (74.5%) | loss: 4.338087 | lrm: 0.85 | dt: 1581ms | tok/sec: 41,444 | mfu: 0.2% | epoch: 1 | remaining: 75s    
step 00154 (75.0%) | loss: 4.321088 | lrm: 0.83 | dt: 1568ms | tok/sec: 41,805 | mfu: 0.2% | epoch: 1 | remaining: 73s    
step 00155 (75.5%) | loss: 4.294744 | lrm: 0.82 | dt: 1595ms | tok/sec: 41,087 | mfu: 0.2% | epoch: 1 | remaining: 72s    
step 00156 (76.1%) | loss: 4.283041 | lrm: 0.80 | dt: 1560ms | tok/sec: 41,998 | mfu: 0.2% | epoch: 1 | remaining: 70s    
step 00157 (76.6%) | loss: 4.287593 | lrm: 0.78 | dt: 1573ms | tok/sec: 41,673 | mfu: 0.2% | epoch: 1 | remaining: 69s    
step 00158 (77.1%) | loss: 4.298839 | lrm: 0.76 | dt: 1568ms | tok/sec: 41,793 | mfu: 0.2% | epoch: 1 | remaining: 67s    
step 00159 (77.6%) | loss: 4.290874 | lrm: 0.75 | dt: 1574ms | tok/sec: 41,644 | mfu: 0.2% | epoch: 1 | remaining: 66s    
step 00160 (78.2%) | loss: 4.288491 | lrm: 0.73 | dt: 1570ms | tok/sec: 41,751 | mfu: 0.2% | epoch: 1 | remaining: 64s    
step 00161 (78.7%) | loss: 4.286487 | lrm: 0.71 | dt: 1581ms | tok/sec: 41,447 | mfu: 0.2% | epoch: 1 | remaining: 62s    
step 00162 (79.2%) | loss: 4.277375 | lrm: 0.69 | dt: 1576ms | tok/sec: 41,571 | mfu: 0.2% | epoch: 1 | remaining: 61s    
step 00163 (79.7%) | loss: 4.252414 | lrm: 0.68 | dt: 1568ms | tok/sec: 41,792 | mfu: 0.2% | epoch: 1 | remaining: 59s    
step 00164 (80.3%) | loss: 4.228699 | lrm: 0.66 | dt: 1578ms | tok/sec: 41,525 | mfu: 0.2% | epoch: 1 | remaining: 58s    
step 00165 (80.8%) | loss: 4.214456 | lrm: 0.64 | dt: 1559ms | tok/sec: 42,033 | mfu: 0.2% | epoch: 1 | remaining: 56s    
step 00166 (81.3%) | loss: 4.211782 | lrm: 0.62 | dt: 1576ms | tok/sec: 41,575 | mfu: 0.2% | epoch: 1 | remaining: 54s    
step 00167 (81.8%) | loss: 4.188052 | lrm: 0.61 | dt: 1572ms | tok/sec: 41,698 | mfu: 0.2% | epoch: 1 | remaining: 53s    
step 00168 (82.4%) | loss: 4.185183 | lrm: 0.59 | dt: 1570ms | tok/sec: 41,734 | mfu: 0.2% | epoch: 1 | remaining: 51s    
step 00169 (82.9%) | loss: 4.191678 | lrm: 0.57 | dt: 1582ms | tok/sec: 41,417 | mfu: 0.2% | epoch: 1 | remaining: 50s    
step 00170 (83.4%) | loss: 4.195615 | lrm: 0.55 | dt: 1566ms | tok/sec: 41,836 | mfu: 0.2% | epoch: 1 | remaining: 48s    
step 00171 (83.9%) | loss: 4.199181 | lrm: 0.54 | dt: 1588ms | tok/sec: 41,279 | mfu: 0.2% | epoch: 1 | remaining: 47s    
step 00172 (84.5%) | loss: 4.176257 | lrm: 0.52 | dt: 1571ms | tok/sec: 41,719 | mfu: 0.2% | epoch: 1 | remaining: 45s    
step 00173 (85.0%) | loss: 4.184185 | lrm: 0.50 | dt: 1579ms | tok/sec: 41,495 | mfu: 0.2% | epoch: 1 | remaining: 43s    
step 00174 (85.5%) | loss: 4.171162 | lrm: 0.48 | dt: 1577ms | tok/sec: 41,563 | mfu: 0.2% | epoch: 1 | remaining: 42s    
step 00175 (86.0%) | loss: 4.175546 | lrm: 0.47 | dt: 1572ms | tok/sec: 41,688 | mfu: 0.2% | epoch: 1 | remaining: 40s    
step 00176 (86.6%) | loss: 4.173794 | lrm: 0.45 | dt: 1578ms | tok/sec: 41,526 | mfu: 0.2% | epoch: 1 | remaining: 39s    
step 00177 (87.1%) | loss: 4.164192 | lrm: 0.43 | dt: 1569ms | tok/sec: 41,769 | mfu: 0.2% | epoch: 1 | remaining: 37s    
step 00178 (87.6%) | loss: 4.162644 | lrm: 0.41 | dt: 1575ms | tok/sec: 41,613 | mfu: 0.2% | epoch: 1 | remaining: 36s    
step 00179 (88.1%) | loss: 4.155954 | lrm: 0.40 | dt: 1561ms | tok/sec: 41,977 | mfu: 0.2% | epoch: 1 | remaining: 34s    
step 00180 (88.7%) | loss: 4.154797 | lrm: 0.38 | dt: 1575ms | tok/sec: 41,603 | mfu: 0.2% | epoch: 1 | remaining: 32s    
step 00181 (89.2%) | loss: 4.140615 | lrm: 0.36 | dt: 1583ms | tok/sec: 41,411 | mfu: 0.2% | epoch: 1 | remaining: 31s    
step 00182 (89.7%) | loss: 4.135232 | lrm: 0.34 | dt: 1569ms | tok/sec: 41,768 | mfu: 0.2% | epoch: 1 | remaining: 29s    
step 00183 (90.2%) | loss: 4.157529 | lrm: 0.33 | dt: 1581ms | tok/sec: 41,452 | mfu: 0.2% | epoch: 1 | remaining: 28s    
step 00184 (90.8%) | loss: 4.146614 | lrm: 0.31 | dt: 1569ms | tok/sec: 41,769 | mfu: 0.2% | epoch: 1 | remaining: 26s    
step 00185 (91.3%) | loss: 4.147587 | lrm: 0.29 | dt: 1582ms | tok/sec: 41,421 | mfu: 0.2% | epoch: 1 | remaining: 25s    
step 00186 (91.8%) | loss: 4.130596 | lrm: 0.27 | dt: 1561ms | tok/sec: 41,977 | mfu: 0.2% | epoch: 1 | remaining: 23s    
step 00187 (92.3%) | loss: 4.122754 | lrm: 0.26 | dt: 1577ms | tok/sec: 41,551 | mfu: 0.2% | epoch: 1 | remaining: 21s    
step 00188 (92.9%) | loss: 4.117773 | lrm: 0.24 | dt: 1572ms | tok/sec: 41,684 | mfu: 0.2% | epoch: 1 | remaining: 20s    
step 00189 (93.4%) | loss: 4.094121 | lrm: 0.22 | dt: 1564ms | tok/sec: 41,900 | mfu: 0.2% | epoch: 1 | remaining: 18s    
step 00190 (93.9%) | loss: 4.071936 | lrm: 0.20 | dt: 1581ms | tok/sec: 41,461 | mfu: 0.2% | epoch: 1 | remaining: 17s    
step 00191 (94.4%) | loss: 4.055106 | lrm: 0.19 | dt: 1571ms | tok/sec: 41,721 | mfu: 0.2% | epoch: 1 | remaining: 15s    
step 00192 (94.9%) | loss: 4.039748 | lrm: 0.17 | dt: 1578ms | tok/sec: 41,521 | mfu: 0.2% | epoch: 1 | remaining: 14s    
step 00193 (95.5%) | loss: 4.051623 | lrm: 0.15 | dt: 1573ms | tok/sec: 41,657 | mfu: 0.2% | epoch: 1 | remaining: 12s    
step 00194 (96.0%) | loss: 4.046503 | lrm: 0.13 | dt: 1574ms | tok/sec: 41,627 | mfu: 0.2% | epoch: 1 | remaining: 10s    
step 00195 (96.5%) | loss: 4.044696 | lrm: 0.12 | dt: 1575ms | tok/sec: 41,609 | mfu: 0.2% | epoch: 1 | remaining: 9s    
step 00196 (97.1%) | loss: 4.033559 | lrm: 0.10 | dt: 1573ms | tok/sec: 41,665 | mfu: 0.2% | epoch: 1 | remaining: 7s    
step 00197 (97.6%) | loss: 4.045526 | lrm: 0.08 | dt: 1575ms | tok/sec: 41,604 | mfu: 0.2% | epoch: 1 | remaining: 6s    
step 00198 (98.1%) | loss: 4.058828 | lrm: 0.06 | dt: 1564ms | tok/sec: 41,907 | mfu: 0.2% | epoch: 1 | remaining: 4s    
step 00199 (98.6%) | loss: 4.040198 | lrm: 0.05 | dt: 1566ms | tok/sec: 41,851 | mfu: 0.2% | epoch: 1 | remaining: 3s    
step 00200 (99.1%) | loss: 4.053172 | lrm: 0.03 | dt: 1572ms | tok/sec: 41,698 | mfu: 0.2% | epoch: 1 | remaining: 1s    
step 00201 (99.7%) | loss: 4.046982 | lrm: 0.01 | dt: 1571ms | tok/sec: 41,710 | mfu: 0.2% | epoch: 1 | remaining: 0s    
---
val_bpb:          1.441151
training_seconds: 300.6
total_seconds:    525.4
peak_vram_mb:     2186.4
mfu_percent:      0.24
total_tokens_M:   13.2
num_steps:        202
num_params_M:     11.5
depth:            4
W0312 21:22:29.489000 2114051 .venv/lib/python3.10/site-packages/torch/_inductor/utils.py:1613] [0/0] Not enough SMs to use max_autotune_gemm mode
/media/starscream/bumblebee1/blaze/autoresearch/.venv/lib/python3.10/site-packages/torch/_inductor/compile_fx.py:2772: UserWarning: NVIDIA GeForce RTX 2060 does not support bfloat16 compilation natively, skipping
  warnings.warn(
/media/starscream/bumblebee1/blaze/autoresearch/.venv/lib/python3.10/site-packages/torch/_inductor/compile_fx.py:2772: UserWarning: NVIDIA GeForce RTX 2060 does not support bfloat16 compilation natively, skipping
  warnings.warn(
/media/starscream/bumblebee1/blaze/autoresearch/.venv/lib/python3.10/site-packages/torch/_inductor/compile_fx.py:2772: UserWarning: NVIDIA GeForce RTX 2060 does not support bfloat16 compilation natively, skipping
  warnings.warn(
/media/starscream/bumblebee1/blaze/autoresearch/.venv/lib/python3.10/site-packages/torch/_inductor/compile_fx.py:2772: UserWarning: NVIDIA GeForce RTX 2060 does not support bfloat16 compilation natively, skipping
  warnings.warn(
/media/starscream/bumblebee1/blaze/autoresearch/.venv/lib/python3.10/site-packages/torch/_inductor/compile_fx.py:2772: UserWarning: NVIDIA GeForce RTX 2060 does not support bfloat16 compilation natively, skipping
  warnings.warn(
/media/starscream/bumblebee1/blaze/autoresearch/.venv/lib/python3.10/site-packages/torch/_inductor/compile_fx.py:2772: UserWarning: NVIDIA GeForce RTX 2060 does not support bfloat16 compilation natively, skipping
  warnings.warn(
/media/starscream/bumblebee1/blaze/autoresearch/.venv/lib/python3.10/site-packages/torch/_inductor/compile_fx.py:2772: UserWarning: NVIDIA GeForce RTX 2060 does not support bfloat16 compilation natively, skipping
  warnings.warn(
