GPU compute capability (7, 5) < 8.0, using fallback attention (no Flash Attention)
Vocab size: 8,192
Model config: {'sequence_len': 2048, 'vocab_size': 8192, 'n_layer': 4, 'n_head': 2, 'n_kv_head': 2, 'n_embd': 256, 'window_pattern': 'L'}
Parameter counts:
  wte                     : 2,097,152
  value_embeds            : 4,194,304
  lm_head                 : 2,097,152
  transformer_matrices    : 3,145,856
  scalars                 : 8
  total                   : 11,534,472
Estimated FLOPs per token: 5.662387e+07
Scaling AdamW LRs by 1/sqrt(256/768) = 1.732051
Time budget: 300s
Gradient accumulation steps: 8

step 00000 (0.0%) | loss: 9.011391 | lrm: 1.00 | dt: 8586ms | tok/sec: 7,632 | mfu: 0.0% | epoch: 1 | remaining: 300s    
step 00001 (0.0%) | loss: 8.952803 | lrm: 1.00 | dt: 1538ms | tok/sec: 42,619 | mfu: 0.2% | epoch: 1 | remaining: 300s    
step 00002 (0.0%) | loss: 8.715968 | lrm: 1.00 | dt: 1541ms | tok/sec: 42,525 | mfu: 0.2% | epoch: 1 | remaining: 300s    
step 00003 (0.0%) | loss: 8.393599 | lrm: 1.00 | dt: 1554ms | tok/sec: 42,185 | mfu: 0.2% | epoch: 1 | remaining: 300s    
step 00004 (0.0%) | loss: 8.091407 | lrm: 1.00 | dt: 1539ms | tok/sec: 42,587 | mfu: 0.2% | epoch: 1 | remaining: 300s    
step 00005 (0.0%) | loss: 7.775715 | lrm: 1.00 | dt: 1553ms | tok/sec: 42,212 | mfu: 0.2% | epoch: 1 | remaining: 300s    
step 00006 (0.0%) | loss: 7.515096 | lrm: 1.00 | dt: 1553ms | tok/sec: 42,200 | mfu: 0.2% | epoch: 1 | remaining: 300s    
step 00007 (0.0%) | loss: 7.294955 | lrm: 1.00 | dt: 1561ms | tok/sec: 41,984 | mfu: 0.2% | epoch: 1 | remaining: 300s    
step 00008 (0.0%) | loss: 7.115341 | lrm: 1.00 | dt: 1547ms | tok/sec: 42,370 | mfu: 0.2% | epoch: 1 | remaining: 300s    
step 00009 (0.0%) | loss: 7.002723 | lrm: 1.00 | dt: 1561ms | tok/sec: 41,971 | mfu: 0.2% | epoch: 1 | remaining: 300s    
step 00010 (0.0%) | loss: 6.861355 | lrm: 1.00 | dt: 1546ms | tok/sec: 42,390 | mfu: 0.2% | epoch: 1 | remaining: 300s    
step 00011 (0.0%) | loss: 6.750321 | lrm: 1.00 | dt: 1556ms | tok/sec: 42,116 | mfu: 0.2% | epoch: 1 | remaining: 298s    
step 00012 (0.5%) | loss: 6.632620 | lrm: 1.00 | dt: 1556ms | tok/sec: 42,109 | mfu: 0.2% | epoch: 1 | remaining: 297s    
step 00013 (1.0%) | loss: 6.538502 | lrm: 1.00 | dt: 1553ms | tok/sec: 42,193 | mfu: 0.2% | epoch: 1 | remaining: 295s    
step 00014 (1.6%) | loss: 6.461711 | lrm: 1.00 | dt: 1562ms | tok/sec: 41,967 | mfu: 0.2% | epoch: 1 | remaining: 294s    
step 00015 (2.1%) | loss: 6.368125 | lrm: 1.00 | dt: 1571ms | tok/sec: 41,728 | mfu: 0.2% | epoch: 1 | remaining: 292s    
step 00016 (2.6%) | loss: 6.310409 | lrm: 1.00 | dt: 1571ms | tok/sec: 41,709 | mfu: 0.2% | epoch: 1 | remaining: 291s    
step 00017 (3.1%) | loss: 6.253093 | lrm: 1.00 | dt: 1556ms | tok/sec: 42,107 | mfu: 0.2% | epoch: 1 | remaining: 289s    
step 00018 (3.6%) | loss: 6.200387 | lrm: 1.00 | dt: 1572ms | tok/sec: 41,689 | mfu: 0.2% | epoch: 1 | remaining: 288s    
step 00019 (4.2%) | loss: 6.165602 | lrm: 1.00 | dt: 1572ms | tok/sec: 41,696 | mfu: 0.2% | epoch: 1 | remaining: 286s    
step 00020 (4.7%) | loss: 6.114334 | lrm: 1.00 | dt: 1575ms | tok/sec: 41,614 | mfu: 0.2% | epoch: 1 | remaining: 284s    
step 00021 (5.2%) | loss: 6.046825 | lrm: 1.00 | dt: 1576ms | tok/sec: 41,595 | mfu: 0.2% | epoch: 1 | remaining: 283s    
step 00022 (5.7%) | loss: 5.992127 | lrm: 1.00 | dt: 1569ms | tok/sec: 41,760 | mfu: 0.2% | epoch: 1 | remaining: 281s    
step 00023 (6.3%) | loss: 5.972430 | lrm: 1.00 | dt: 1572ms | tok/sec: 41,693 | mfu: 0.2% | epoch: 1 | remaining: 280s    
step 00024 (6.8%) | loss: 5.935852 | lrm: 1.00 | dt: 1569ms | tok/sec: 41,777 | mfu: 0.2% | epoch: 1 | remaining: 278s    
step 00025 (7.3%) | loss: 5.914347 | lrm: 1.00 | dt: 1581ms | tok/sec: 41,451 | mfu: 0.2% | epoch: 1 | remaining: 276s    
step 00026 (7.8%) | loss: 5.893499 | lrm: 1.00 | dt: 1575ms | tok/sec: 41,599 | mfu: 0.2% | epoch: 1 | remaining: 275s    
step 00027 (8.4%) | loss: 5.865668 | lrm: 1.00 | dt: 1578ms | tok/sec: 41,520 | mfu: 0.2% | epoch: 1 | remaining: 273s    
step 00028 (8.9%) | loss: 5.839561 | lrm: 1.00 | dt: 1587ms | tok/sec: 41,295 | mfu: 0.2% | epoch: 1 | remaining: 272s    
step 00029 (9.4%) | loss: 5.811448 | lrm: 1.00 | dt: 1584ms | tok/sec: 41,367 | mfu: 0.2% | epoch: 1 | remaining: 270s    
step 00030 (9.9%) | loss: 5.779154 | lrm: 1.00 | dt: 1584ms | tok/sec: 41,385 | mfu: 0.2% | epoch: 1 | remaining: 269s    
step 00031 (10.5%) | loss: 5.739794 | lrm: 1.00 | dt: 1570ms | tok/sec: 41,741 | mfu: 0.2% | epoch: 1 | remaining: 267s    
step 00032 (11.0%) | loss: 5.711838 | lrm: 1.00 | dt: 1587ms | tok/sec: 41,297 | mfu: 0.2% | epoch: 1 | remaining: 265s    
step 00033 (11.5%) | loss: 5.685507 | lrm: 1.00 | dt: 1584ms | tok/sec: 41,363 | mfu: 0.2% | epoch: 1 | remaining: 264s    
step 00034 (12.1%) | loss: 5.684030 | lrm: 1.00 | dt: 1575ms | tok/sec: 41,601 | mfu: 0.2% | epoch: 1 | remaining: 262s    
step 00035 (12.6%) | loss: 5.682098 | lrm: 1.00 | dt: 1575ms | tok/sec: 41,621 | mfu: 0.2% | epoch: 1 | remaining: 261s    
step 00036 (13.1%) | loss: 5.658253 | lrm: 1.00 | dt: 1578ms | tok/sec: 41,529 | mfu: 0.2% | epoch: 1 | remaining: 259s    
step 00037 (13.6%) | loss: 5.633267 | lrm: 1.00 | dt: 1584ms | tok/sec: 41,363 | mfu: 0.2% | epoch: 1 | remaining: 258s    
step 00038 (14.2%) | loss: 5.617267 | lrm: 1.00 | dt: 1587ms | tok/sec: 41,304 | mfu: 0.2% | epoch: 1 | remaining: 256s    
step 00039 (14.7%) | loss: 5.591816 | lrm: 1.00 | dt: 1593ms | tok/sec: 41,144 | mfu: 0.2% | epoch: 1 | remaining: 254s    
step 00040 (15.2%) | loss: 5.564647 | lrm: 1.00 | dt: 1580ms | tok/sec: 41,478 | mfu: 0.2% | epoch: 1 | remaining: 253s    
step 00041 (15.7%) | loss: 5.544868 | lrm: 1.00 | dt: 1573ms | tok/sec: 41,660 | mfu: 0.2% | epoch: 1 | remaining: 251s    
step 00042 (16.3%) | loss: 5.530672 | lrm: 1.00 | dt: 1592ms | tok/sec: 41,155 | mfu: 0.2% | epoch: 1 | remaining: 250s    
step 00043 (16.8%) | loss: 5.513673 | lrm: 1.00 | dt: 1578ms | tok/sec: 41,539 | mfu: 0.2% | epoch: 1 | remaining: 248s    
step 00044 (17.3%) | loss: 5.498323 | lrm: 1.00 | dt: 1596ms | tok/sec: 41,074 | mfu: 0.2% | epoch: 1 | remaining: 246s    
step 00045 (17.9%) | loss: 5.496982 | lrm: 1.00 | dt: 1586ms | tok/sec: 41,332 | mfu: 0.2% | epoch: 1 | remaining: 245s    
step 00046 (18.4%) | loss: 5.496229 | lrm: 1.00 | dt: 1570ms | tok/sec: 41,741 | mfu: 0.2% | epoch: 1 | remaining: 243s    
step 00047 (18.9%) | loss: 5.478639 | lrm: 1.00 | dt: 1582ms | tok/sec: 41,417 | mfu: 0.2% | epoch: 1 | remaining: 242s    
step 00048 (19.4%) | loss: 5.493850 | lrm: 1.00 | dt: 1577ms | tok/sec: 41,551 | mfu: 0.2% | epoch: 1 | remaining: 240s    
step 00049 (20.0%) | loss: 5.456878 | lrm: 1.00 | dt: 1592ms | tok/sec: 41,160 | mfu: 0.2% | epoch: 1 | remaining: 239s    
step 00050 (20.5%) | loss: 5.438181 | lrm: 1.00 | dt: 1576ms | tok/sec: 41,575 | mfu: 0.2% | epoch: 1 | remaining: 237s    
step 00051 (21.0%) | loss: 5.424406 | lrm: 1.00 | dt: 1579ms | tok/sec: 41,501 | mfu: 0.2% | epoch: 1 | remaining: 235s    
step 00052 (21.5%) | loss: 5.406077 | lrm: 1.00 | dt: 1583ms | tok/sec: 41,401 | mfu: 0.2% | epoch: 1 | remaining: 234s    
step 00053 (22.1%) | loss: 5.376738 | lrm: 1.00 | dt: 1574ms | tok/sec: 41,648 | mfu: 0.2% | epoch: 1 | remaining: 232s    
step 00054 (22.6%) | loss: 5.359067 | lrm: 1.00 | dt: 1580ms | tok/sec: 41,469 | mfu: 0.2% | epoch: 1 | remaining: 231s    
step 00055 (23.1%) | loss: 5.348531 | lrm: 1.00 | dt: 1582ms | tok/sec: 41,427 | mfu: 0.2% | epoch: 1 | remaining: 229s    
step 00056 (23.7%) | loss: 5.331684 | lrm: 1.00 | dt: 1582ms | tok/sec: 41,427 | mfu: 0.2% | epoch: 1 | remaining: 227s    
step 00057 (24.2%) | loss: 5.309893 | lrm: 1.00 | dt: 1577ms | tok/sec: 41,562 | mfu: 0.2% | epoch: 1 | remaining: 226s    
step 00058 (24.7%) | loss: 5.297462 | lrm: 1.00 | dt: 1594ms | tok/sec: 41,123 | mfu: 0.2% | epoch: 1 | remaining: 224s    
step 00059 (25.2%) | loss: 5.291723 | lrm: 1.00 | dt: 1601ms | tok/sec: 40,924 | mfu: 0.2% | epoch: 1 | remaining: 223s    
step 00060 (25.8%) | loss: 5.282845 | lrm: 1.00 | dt: 1574ms | tok/sec: 41,628 | mfu: 0.2% | epoch: 1 | remaining: 221s    
step 00061 (26.3%) | loss: 5.263440 | lrm: 1.00 | dt: 1588ms | tok/sec: 41,258 | mfu: 0.2% | epoch: 1 | remaining: 220s    
step 00062 (26.8%) | loss: 5.261626 | lrm: 1.00 | dt: 1576ms | tok/sec: 41,578 | mfu: 0.2% | epoch: 1 | remaining: 218s    
step 00063 (27.3%) | loss: 5.260345 | lrm: 1.00 | dt: 1579ms | tok/sec: 41,511 | mfu: 0.2% | epoch: 1 | remaining: 216s    
step 00064 (27.9%) | loss: 5.248817 | lrm: 1.00 | dt: 1578ms | tok/sec: 41,526 | mfu: 0.2% | epoch: 1 | remaining: 215s    
step 00065 (28.4%) | loss: 5.217759 | lrm: 1.00 | dt: 1573ms | tok/sec: 41,655 | mfu: 0.2% | epoch: 1 | remaining: 213s    
step 00066 (28.9%) | loss: 5.194034 | lrm: 1.00 | dt: 1578ms | tok/sec: 41,520 | mfu: 0.2% | epoch: 1 | remaining: 212s    
step 00067 (29.5%) | loss: 5.174263 | lrm: 1.00 | dt: 1577ms | tok/sec: 41,569 | mfu: 0.2% | epoch: 1 | remaining: 210s    
step 00068 (30.0%) | loss: 5.144186 | lrm: 1.00 | dt: 1592ms | tok/sec: 41,171 | mfu: 0.2% | epoch: 1 | remaining: 208s    
step 00069 (30.5%) | loss: 5.113996 | lrm: 1.00 | dt: 1574ms | tok/sec: 41,627 | mfu: 0.2% | epoch: 1 | remaining: 207s    
step 00070 (31.0%) | loss: 5.112055 | lrm: 1.00 | dt: 1595ms | tok/sec: 41,098 | mfu: 0.2% | epoch: 1 | remaining: 205s    
step 00071 (31.6%) | loss: 5.101297 | lrm: 1.00 | dt: 1579ms | tok/sec: 41,497 | mfu: 0.2% | epoch: 1 | remaining: 204s    
step 00072 (32.1%) | loss: 5.088467 | lrm: 1.00 | dt: 1575ms | tok/sec: 41,610 | mfu: 0.2% | epoch: 1 | remaining: 202s    
step 00073 (32.6%) | loss: 5.057058 | lrm: 1.00 | dt: 1578ms | tok/sec: 41,521 | mfu: 0.2% | epoch: 1 | remaining: 201s    
step 00074 (33.1%) | loss: 5.045187 | lrm: 1.00 | dt: 1578ms | tok/sec: 41,534 | mfu: 0.2% | epoch: 1 | remaining: 199s    
step 00075 (33.7%) | loss: 5.028326 | lrm: 1.00 | dt: 1589ms | tok/sec: 41,255 | mfu: 0.2% | epoch: 1 | remaining: 197s    
step 00076 (34.2%) | loss: 5.023551 | lrm: 1.00 | dt: 1580ms | tok/sec: 41,483 | mfu: 0.2% | epoch: 1 | remaining: 196s    
step 00077 (34.7%) | loss: 5.010146 | lrm: 1.00 | dt: 1588ms | tok/sec: 41,269 | mfu: 0.2% | epoch: 1 | remaining: 194s    
step 00078 (35.3%) | loss: 4.996332 | lrm: 1.00 | dt: 1584ms | tok/sec: 41,377 | mfu: 0.2% | epoch: 1 | remaining: 193s    
step 00079 (35.8%) | loss: 4.974639 | lrm: 1.00 | dt: 1584ms | tok/sec: 41,385 | mfu: 0.2% | epoch: 1 | remaining: 191s    
step 00080 (36.3%) | loss: 4.961255 | lrm: 1.00 | dt: 1588ms | tok/sec: 41,272 | mfu: 0.2% | epoch: 1 | remaining: 189s    
step 00081 (36.8%) | loss: 4.958256 | lrm: 1.00 | dt: 1584ms | tok/sec: 41,378 | mfu: 0.2% | epoch: 1 | remaining: 188s    
step 00082 (37.4%) | loss: 4.933721 | lrm: 1.00 | dt: 1583ms | tok/sec: 41,404 | mfu: 0.2% | epoch: 1 | remaining: 186s    
step 00083 (37.9%) | loss: 4.938076 | lrm: 1.00 | dt: 1575ms | tok/sec: 41,597 | mfu: 0.2% | epoch: 1 | remaining: 185s    
step 00084 (38.4%) | loss: 4.930380 | lrm: 1.00 | dt: 1569ms | tok/sec: 41,756 | mfu: 0.2% | epoch: 1 | remaining: 183s    
step 00085 (38.9%) | loss: 4.929563 | lrm: 1.00 | dt: 1576ms | tok/sec: 41,578 | mfu: 0.2% | epoch: 1 | remaining: 182s    
step 00086 (39.5%) | loss: 4.910709 | lrm: 1.00 | dt: 1581ms | tok/sec: 41,459 | mfu: 0.2% | epoch: 1 | remaining: 180s    
step 00087 (40.0%) | loss: 4.902425 | lrm: 1.00 | dt: 1583ms | tok/sec: 41,389 | mfu: 0.2% | epoch: 1 | remaining: 178s    
step 00088 (40.5%) | loss: 4.895850 | lrm: 1.00 | dt: 1572ms | tok/sec: 41,684 | mfu: 0.2% | epoch: 1 | remaining: 177s    
step 00089 (41.0%) | loss: 4.878802 | lrm: 1.00 | dt: 1581ms | tok/sec: 41,446 | mfu: 0.2% | epoch: 1 | remaining: 175s    
step 00090 (41.6%) | loss: 4.876402 | lrm: 1.00 | dt: 1581ms | tok/sec: 41,455 | mfu: 0.2% | epoch: 1 | remaining: 174s    
step 00091 (42.1%) | loss: 4.873231 | lrm: 1.00 | dt: 1580ms | tok/sec: 41,485 | mfu: 0.2% | epoch: 1 | remaining: 172s    
step 00092 (42.6%) | loss: 4.867247 | lrm: 1.00 | dt: 1588ms | tok/sec: 41,281 | mfu: 0.2% | epoch: 1 | remaining: 171s    
step 00093 (43.2%) | loss: 4.873080 | lrm: 1.00 | dt: 1569ms | tok/sec: 41,766 | mfu: 0.2% | epoch: 1 | remaining: 169s    
step 00094 (43.7%) | loss: 4.854881 | lrm: 1.00 | dt: 1590ms | tok/sec: 41,216 | mfu: 0.2% | epoch: 1 | remaining: 167s    
step 00095 (44.2%) | loss: 4.837741 | lrm: 1.00 | dt: 1584ms | tok/sec: 41,361 | mfu: 0.2% | epoch: 1 | remaining: 166s    
step 00096 (44.7%) | loss: 4.830687 | lrm: 1.00 | dt: 1571ms | tok/sec: 41,709 | mfu: 0.2% | epoch: 1 | remaining: 164s    
step 00097 (45.3%) | loss: 4.807911 | lrm: 1.00 | dt: 1583ms | tok/sec: 41,387 | mfu: 0.2% | epoch: 1 | remaining: 163s    
step 00098 (45.8%) | loss: 4.798428 | lrm: 1.00 | dt: 1574ms | tok/sec: 41,624 | mfu: 0.2% | epoch: 1 | remaining: 161s    
step 00099 (46.3%) | loss: 4.789567 | lrm: 1.00 | dt: 1584ms | tok/sec: 41,362 | mfu: 0.2% | epoch: 1 | remaining: 159s    
step 00100 (46.8%) | loss: 4.788359 | lrm: 1.00 | dt: 1568ms | tok/sec: 41,790 | mfu: 0.2% | epoch: 1 | remaining: 158s    
step 00101 (47.4%) | loss: 4.794354 | lrm: 1.00 | dt: 1583ms | tok/sec: 41,389 | mfu: 0.2% | epoch: 1 | remaining: 156s    
step 00102 (47.9%) | loss: 4.773179 | lrm: 1.00 | dt: 1575ms | tok/sec: 41,621 | mfu: 0.2% | epoch: 1 | remaining: 155s    
step 00103 (48.4%) | loss: 4.758525 | lrm: 1.00 | dt: 1577ms | tok/sec: 41,567 | mfu: 0.2% | epoch: 1 | remaining: 153s    
step 00104 (48.9%) | loss: 4.744427 | lrm: 1.00 | dt: 1586ms | tok/sec: 41,318 | mfu: 0.2% | epoch: 1 | remaining: 152s    
step 00105 (49.5%) | loss: 4.723683 | lrm: 1.00 | dt: 1585ms | tok/sec: 41,349 | mfu: 0.2% | epoch: 1 | remaining: 150s    
step 00106 (50.0%) | loss: 4.715649 | lrm: 1.00 | dt: 1583ms | tok/sec: 41,393 | mfu: 0.2% | epoch: 1 | remaining: 148s    
step 00107 (50.5%) | loss: 4.716354 | lrm: 1.00 | dt: 1569ms | tok/sec: 41,782 | mfu: 0.2% | epoch: 1 | remaining: 147s    
step 00108 (51.0%) | loss: 4.713031 | lrm: 1.00 | dt: 1579ms | tok/sec: 41,513 | mfu: 0.2% | epoch: 1 | remaining: 145s    
step 00109 (51.6%) | loss: 4.709755 | lrm: 1.00 | dt: 1587ms | tok/sec: 41,304 | mfu: 0.2% | epoch: 1 | remaining: 144s    
step 00110 (52.1%) | loss: 4.706470 | lrm: 1.00 | dt: 1570ms | tok/sec: 41,753 | mfu: 0.2% | epoch: 1 | remaining: 142s    
step 00111 (52.6%) | loss: 4.689862 | lrm: 1.00 | dt: 1579ms | tok/sec: 41,493 | mfu: 0.2% | epoch: 1 | remaining: 141s    
step 00112 (53.2%) | loss: 4.688839 | lrm: 1.00 | dt: 1577ms | tok/sec: 41,564 | mfu: 0.2% | epoch: 1 | remaining: 139s    
step 00113 (53.7%) | loss: 4.681752 | lrm: 1.00 | dt: 1574ms | tok/sec: 41,632 | mfu: 0.2% | epoch: 1 | remaining: 137s    
step 00114 (54.2%) | loss: 4.663665 | lrm: 1.00 | dt: 1569ms | tok/sec: 41,765 | mfu: 0.2% | epoch: 1 | remaining: 136s    
step 00115 (54.7%) | loss: 4.652829 | lrm: 1.00 | dt: 1588ms | tok/sec: 41,264 | mfu: 0.2% | epoch: 1 | remaining: 134s    
step 00116 (55.3%) | loss: 4.645568 | lrm: 1.00 | dt: 1583ms | tok/sec: 41,395 | mfu: 0.2% | epoch: 1 | remaining: 133s    
step 00117 (55.8%) | loss: 4.641828 | lrm: 1.00 | dt: 1573ms | tok/sec: 41,662 | mfu: 0.2% | epoch: 1 | remaining: 131s    
step 00118 (56.3%) | loss: 4.613892 | lrm: 1.00 | dt: 1585ms | tok/sec: 41,335 | mfu: 0.2% | epoch: 1 | remaining: 129s    
step 00119 (56.8%) | loss: 4.600050 | lrm: 1.00 | dt: 1575ms | tok/sec: 41,607 | mfu: 0.2% | epoch: 1 | remaining: 128s    
step 00120 (57.4%) | loss: 4.582347 | lrm: 1.00 | dt: 1582ms | tok/sec: 41,420 | mfu: 0.2% | epoch: 1 | remaining: 126s    
step 00121 (57.9%) | loss: 4.560009 | lrm: 1.00 | dt: 1577ms | tok/sec: 41,563 | mfu: 0.2% | epoch: 1 | remaining: 125s    
step 00122 (58.4%) | loss: 4.538629 | lrm: 1.00 | dt: 1575ms | tok/sec: 41,611 | mfu: 0.2% | epoch: 1 | remaining: 123s    
step 00123 (58.9%) | loss: 4.535907 | lrm: 1.00 | dt: 1581ms | tok/sec: 41,464 | mfu: 0.2% | epoch: 1 | remaining: 122s    
step 00124 (59.5%) | loss: 4.524510 | lrm: 1.00 | dt: 1572ms | tok/sec: 41,694 | mfu: 0.2% | epoch: 1 | remaining: 120s    
step 00125 (60.0%) | loss: 4.509585 | lrm: 1.00 | dt: 1593ms | tok/sec: 41,134 | mfu: 0.2% | epoch: 1 | remaining: 118s    
step 00126 (60.5%) | loss: 4.497233 | lrm: 1.00 | dt: 1571ms | tok/sec: 41,723 | mfu: 0.2% | epoch: 1 | remaining: 117s    
step 00127 (61.0%) | loss: 4.499425 | lrm: 1.00 | dt: 1585ms | tok/sec: 41,359 | mfu: 0.2% | epoch: 1 | remaining: 115s    
step 00128 (61.6%) | loss: 4.471336 | lrm: 1.00 | dt: 1580ms | tok/sec: 41,482 | mfu: 0.2% | epoch: 1 | remaining: 114s    
step 00129 (62.1%) | loss: 4.485068 | lrm: 1.00 | dt: 1574ms | tok/sec: 41,639 | mfu: 0.2% | epoch: 1 | remaining: 112s    
step 00130 (62.6%) | loss: 4.455424 | lrm: 1.00 | dt: 1584ms | tok/sec: 41,366 | mfu: 0.2% | epoch: 1 | remaining: 111s    
step 00131 (63.2%) | loss: 4.434511 | lrm: 1.00 | dt: 1575ms | tok/sec: 41,602 | mfu: 0.2% | epoch: 1 | remaining: 109s    
step 00132 (63.7%) | loss: 4.445474 | lrm: 1.00 | dt: 1593ms | tok/sec: 41,138 | mfu: 0.2% | epoch: 1 | remaining: 107s    
step 00133 (64.2%) | loss: 4.448971 | lrm: 1.00 | dt: 1571ms | tok/sec: 41,714 | mfu: 0.2% | epoch: 1 | remaining: 106s    
step 00134 (64.7%) | loss: 4.450652 | lrm: 1.00 | dt: 1575ms | tok/sec: 41,622 | mfu: 0.2% | epoch: 1 | remaining: 104s    
step 00135 (65.3%) | loss: 4.448513 | lrm: 1.00 | dt: 1574ms | tok/sec: 41,641 | mfu: 0.2% | epoch: 1 | remaining: 103s    
step 00136 (65.8%) | loss: 4.442626 | lrm: 1.00 | dt: 1567ms | tok/sec: 41,814 | mfu: 0.2% | epoch: 1 | remaining: 101s    
step 00137 (66.3%) | loss: 4.426284 | lrm: 1.00 | dt: 1578ms | tok/sec: 41,528 | mfu: 0.2% | epoch: 1 | remaining: 100s    
step 00138 (66.8%) | loss: 4.425970 | lrm: 1.00 | dt: 1572ms | tok/sec: 41,684 | mfu: 0.2% | epoch: 1 | remaining: 98s    
step 00139 (67.4%) | loss: 4.431688 | lrm: 1.00 | dt: 1573ms | tok/sec: 41,657 | mfu: 0.2% | epoch: 1 | remaining: 96s    
step 00140 (67.9%) | loss: 4.431987 | lrm: 1.00 | dt: 1569ms | tok/sec: 41,766 | mfu: 0.2% | epoch: 1 | remaining: 95s    
step 00141 (68.4%) | loss: 4.430671 | lrm: 1.00 | dt: 1577ms | tok/sec: 41,555 | mfu: 0.2% | epoch: 1 | remaining: 93s    
step 00142 (68.9%) | loss: 4.423732 | lrm: 1.00 | dt: 1578ms | tok/sec: 41,523 | mfu: 0.2% | epoch: 1 | remaining: 92s    
step 00143 (69.5%) | loss: 4.408254 | lrm: 1.00 | dt: 1573ms | tok/sec: 41,666 | mfu: 0.2% | epoch: 1 | remaining: 90s    
step 00144 (70.0%) | loss: 4.388227 | lrm: 1.00 | dt: 1572ms | tok/sec: 41,702 | mfu: 0.2% | epoch: 1 | remaining: 88s    
step 00145 (70.5%) | loss: 4.369589 | lrm: 0.98 | dt: 1569ms | tok/sec: 41,779 | mfu: 0.2% | epoch: 1 | remaining: 87s    
step 00146 (71.0%) | loss: 4.369248 | lrm: 0.97 | dt: 1576ms | tok/sec: 41,581 | mfu: 0.2% | epoch: 1 | remaining: 85s    
step 00147 (71.6%) | loss: 4.351761 | lrm: 0.95 | dt: 1580ms | tok/sec: 41,468 | mfu: 0.2% | epoch: 1 | remaining: 84s    
step 00148 (72.1%) | loss: 4.349564 | lrm: 0.93 | dt: 1590ms | tok/sec: 41,218 | mfu: 0.2% | epoch: 1 | remaining: 82s    
step 00149 (72.6%) | loss: 4.335377 | lrm: 0.91 | dt: 1584ms | tok/sec: 41,367 | mfu: 0.2% | epoch: 1 | remaining: 81s    
step 00150 (73.1%) | loss: 4.324732 | lrm: 0.90 | dt: 1571ms | tok/sec: 41,716 | mfu: 0.2% | epoch: 1 | remaining: 79s    
step 00151 (73.7%) | loss: 4.311235 | lrm: 0.88 | dt: 1577ms | tok/sec: 41,557 | mfu: 0.2% | epoch: 1 | remaining: 77s    
step 00152 (74.2%) | loss: 4.306874 | lrm: 0.86 | dt: 1567ms | tok/sec: 41,820 | mfu: 0.2% | epoch: 1 | remaining: 76s    
step 00153 (74.7%) | loss: 4.289695 | lrm: 0.84 | dt: 1583ms | tok/sec: 41,390 | mfu: 0.2% | epoch: 1 | remaining: 74s    
step 00154 (75.2%) | loss: 4.270848 | lrm: 0.83 | dt: 1574ms | tok/sec: 41,631 | mfu: 0.2% | epoch: 1 | remaining: 73s    
step 00155 (75.8%) | loss: 4.245119 | lrm: 0.81 | dt: 1581ms | tok/sec: 41,448 | mfu: 0.2% | epoch: 1 | remaining: 71s    
step 00156 (76.3%) | loss: 4.248668 | lrm: 0.79 | dt: 1591ms | tok/sec: 41,198 | mfu: 0.2% | epoch: 1 | remaining: 70s    
step 00157 (76.8%) | loss: 4.253088 | lrm: 0.77 | dt: 1565ms | tok/sec: 41,873 | mfu: 0.2% | epoch: 1 | remaining: 68s    
step 00158 (77.3%) | loss: 4.263841 | lrm: 0.76 | dt: 1575ms | tok/sec: 41,602 | mfu: 0.2% | epoch: 1 | remaining: 66s    
step 00159 (77.9%) | loss: 4.257143 | lrm: 0.74 | dt: 1567ms | tok/sec: 41,822 | mfu: 0.2% | epoch: 1 | remaining: 65s    
step 00160 (78.4%) | loss: 4.253273 | lrm: 0.72 | dt: 1586ms | tok/sec: 41,318 | mfu: 0.2% | epoch: 1 | remaining: 63s    
step 00161 (78.9%) | loss: 4.249472 | lrm: 0.70 | dt: 1583ms | tok/sec: 41,410 | mfu: 0.2% | epoch: 1 | remaining: 62s    
step 00162 (79.4%) | loss: 4.239604 | lrm: 0.69 | dt: 1586ms | tok/sec: 41,318 | mfu: 0.2% | epoch: 1 | remaining: 60s    
step 00163 (80.0%) | loss: 4.210384 | lrm: 0.67 | dt: 1578ms | tok/sec: 41,537 | mfu: 0.2% | epoch: 1 | remaining: 59s    
step 00164 (80.5%) | loss: 4.185696 | lrm: 0.65 | dt: 1567ms | tok/sec: 41,825 | mfu: 0.2% | epoch: 1 | remaining: 57s    
step 00165 (81.0%) | loss: 4.172314 | lrm: 0.63 | dt: 1581ms | tok/sec: 41,451 | mfu: 0.2% | epoch: 1 | remaining: 55s    
step 00166 (81.5%) | loss: 4.169218 | lrm: 0.62 | dt: 1566ms | tok/sec: 41,850 | mfu: 0.2% | epoch: 1 | remaining: 54s    
step 00167 (82.1%) | loss: 4.144553 | lrm: 0.60 | dt: 1589ms | tok/sec: 41,253 | mfu: 0.2% | epoch: 1 | remaining: 52s    
step 00168 (82.6%) | loss: 4.143745 | lrm: 0.58 | dt: 1586ms | tok/sec: 41,309 | mfu: 0.2% | epoch: 1 | remaining: 51s    
step 00169 (83.1%) | loss: 4.150385 | lrm: 0.56 | dt: 1565ms | tok/sec: 41,886 | mfu: 0.2% | epoch: 1 | remaining: 49s    
step 00170 (83.6%) | loss: 4.151208 | lrm: 0.55 | dt: 1571ms | tok/sec: 41,723 | mfu: 0.2% | epoch: 1 | remaining: 47s    
step 00171 (84.2%) | loss: 4.152158 | lrm: 0.53 | dt: 1580ms | tok/sec: 41,490 | mfu: 0.2% | epoch: 1 | remaining: 46s    
step 00172 (84.7%) | loss: 4.130333 | lrm: 0.51 | dt: 1574ms | tok/sec: 41,639 | mfu: 0.2% | epoch: 1 | remaining: 44s    
step 00173 (85.2%) | loss: 4.136238 | lrm: 0.49 | dt: 1569ms | tok/sec: 41,767 | mfu: 0.2% | epoch: 1 | remaining: 43s    
step 00174 (85.7%) | loss: 4.123182 | lrm: 0.48 | dt: 1583ms | tok/sec: 41,405 | mfu: 0.2% | epoch: 1 | remaining: 41s    
step 00175 (86.3%) | loss: 4.128561 | lrm: 0.46 | dt: 1575ms | tok/sec: 41,604 | mfu: 0.2% | epoch: 1 | remaining: 40s    
step 00176 (86.8%) | loss: 4.126106 | lrm: 0.44 | dt: 1569ms | tok/sec: 41,771 | mfu: 0.2% | epoch: 1 | remaining: 38s    
step 00177 (87.3%) | loss: 4.116949 | lrm: 0.42 | dt: 1579ms | tok/sec: 41,504 | mfu: 0.2% | epoch: 1 | remaining: 36s    
step 00178 (87.8%) | loss: 4.114817 | lrm: 0.41 | dt: 1571ms | tok/sec: 41,711 | mfu: 0.2% | epoch: 1 | remaining: 35s    
step 00179 (88.4%) | loss: 4.107362 | lrm: 0.39 | dt: 1566ms | tok/sec: 41,842 | mfu: 0.2% | epoch: 1 | remaining: 33s    
step 00180 (88.9%) | loss: 4.108693 | lrm: 0.37 | dt: 1575ms | tok/sec: 41,610 | mfu: 0.2% | epoch: 1 | remaining: 32s    
step 00181 (89.4%) | loss: 4.094052 | lrm: 0.35 | dt: 1581ms | tok/sec: 41,460 | mfu: 0.2% | epoch: 1 | remaining: 30s    
step 00182 (89.9%) | loss: 4.088752 | lrm: 0.34 | dt: 1580ms | tok/sec: 41,483 | mfu: 0.2% | epoch: 1 | remaining: 29s    
step 00183 (90.5%) | loss: 4.111947 | lrm: 0.32 | dt: 1566ms | tok/sec: 41,843 | mfu: 0.2% | epoch: 1 | remaining: 27s    
step 00184 (91.0%) | loss: 4.099559 | lrm: 0.30 | dt: 1574ms | tok/sec: 41,646 | mfu: 0.2% | epoch: 1 | remaining: 25s    
step 00185 (91.5%) | loss: 4.101302 | lrm: 0.28 | dt: 1568ms | tok/sec: 41,808 | mfu: 0.2% | epoch: 1 | remaining: 24s    
step 00186 (92.0%) | loss: 4.080667 | lrm: 0.27 | dt: 1585ms | tok/sec: 41,342 | mfu: 0.2% | epoch: 1 | remaining: 22s    
step 00187 (92.6%) | loss: 4.072609 | lrm: 0.25 | dt: 1569ms | tok/sec: 41,779 | mfu: 0.2% | epoch: 1 | remaining: 21s    
step 00188 (93.1%) | loss: 4.066558 | lrm: 0.23 | dt: 1596ms | tok/sec: 41,068 | mfu: 0.2% | epoch: 1 | remaining: 19s    
step 00189 (93.6%) | loss: 4.044677 | lrm: 0.21 | dt: 1570ms | tok/sec: 41,755 | mfu: 0.2% | epoch: 1 | remaining: 18s    
step 00190 (94.1%) | loss: 4.024922 | lrm: 0.20 | dt: 1577ms | tok/sec: 41,569 | mfu: 0.2% | epoch: 1 | remaining: 16s    
step 00191 (94.7%) | loss: 4.007222 | lrm: 0.18 | dt: 1580ms | tok/sec: 41,477 | mfu: 0.2% | epoch: 1 | remaining: 14s    
step 00192 (95.2%) | loss: 3.988144 | lrm: 0.16 | dt: 1568ms | tok/sec: 41,804 | mfu: 0.2% | epoch: 1 | remaining: 13s    
step 00193 (95.7%) | loss: 4.000383 | lrm: 0.14 | dt: 1575ms | tok/sec: 41,604 | mfu: 0.2% | epoch: 1 | remaining: 11s    
step 00194 (96.2%) | loss: 3.994856 | lrm: 0.13 | dt: 1574ms | tok/sec: 41,628 | mfu: 0.2% | epoch: 1 | remaining: 10s    
step 00195 (96.8%) | loss: 3.994399 | lrm: 0.11 | dt: 1583ms | tok/sec: 41,411 | mfu: 0.2% | epoch: 1 | remaining: 8s    
step 00196 (97.3%) | loss: 3.984986 | lrm: 0.09 | dt: 1579ms | tok/sec: 41,494 | mfu: 0.2% | epoch: 1 | remaining: 7s    
step 00197 (97.8%) | loss: 3.998131 | lrm: 0.07 | dt: 1571ms | tok/sec: 41,726 | mfu: 0.2% | epoch: 1 | remaining: 5s    
step 00198 (98.4%) | loss: 4.013431 | lrm: 0.05 | dt: 1580ms | tok/sec: 41,474 | mfu: 0.2% | epoch: 1 | remaining: 3s    
step 00199 (98.9%) | loss: 3.995356 | lrm: 0.04 | dt: 1573ms | tok/sec: 41,660 | mfu: 0.2% | epoch: 1 | remaining: 2s    
step 00200 (99.4%) | loss: 4.007436 | lrm: 0.02 | dt: 1574ms | tok/sec: 41,640 | mfu: 0.2% | epoch: 1 | remaining: 0s    
step 00201 (99.9%) | loss: 3.999329 | lrm: 0.00 | dt: 1571ms | tok/sec: 41,725 | mfu: 0.2% | epoch: 1 | remaining: 0s    
---
val_bpb:          1.424930
training_seconds: 301.3
total_seconds:    526.7
peak_vram_mb:     2186.4
mfu_percent:      0.24
total_tokens_M:   13.2
num_steps:        202
num_params_M:     11.5
depth:            4
W0312 09:28:43.001000 1429224 .venv/lib/python3.10/site-packages/torch/_inductor/utils.py:1613] [0/0] Not enough SMs to use max_autotune_gemm mode
/media/starscream/bumblebee1/blaze/autoresearch/.venv/lib/python3.10/site-packages/torch/_inductor/compile_fx.py:2772: UserWarning: NVIDIA GeForce RTX 2060 does not support bfloat16 compilation natively, skipping
  warnings.warn(
/media/starscream/bumblebee1/blaze/autoresearch/.venv/lib/python3.10/site-packages/torch/_inductor/compile_fx.py:2772: UserWarning: NVIDIA GeForce RTX 2060 does not support bfloat16 compilation natively, skipping
  warnings.warn(
/media/starscream/bumblebee1/blaze/autoresearch/.venv/lib/python3.10/site-packages/torch/_inductor/compile_fx.py:2772: UserWarning: NVIDIA GeForce RTX 2060 does not support bfloat16 compilation natively, skipping
  warnings.warn(
/media/starscream/bumblebee1/blaze/autoresearch/.venv/lib/python3.10/site-packages/torch/_inductor/compile_fx.py:2772: UserWarning: NVIDIA GeForce RTX 2060 does not support bfloat16 compilation natively, skipping
  warnings.warn(
/media/starscream/bumblebee1/blaze/autoresearch/.venv/lib/python3.10/site-packages/torch/_inductor/compile_fx.py:2772: UserWarning: NVIDIA GeForce RTX 2060 does not support bfloat16 compilation natively, skipping
  warnings.warn(
/media/starscream/bumblebee1/blaze/autoresearch/.venv/lib/python3.10/site-packages/torch/_inductor/compile_fx.py:2772: UserWarning: NVIDIA GeForce RTX 2060 does not support bfloat16 compilation natively, skipping
  warnings.warn(
/media/starscream/bumblebee1/blaze/autoresearch/.venv/lib/python3.10/site-packages/torch/_inductor/compile_fx.py:2772: UserWarning: NVIDIA GeForce RTX 2060 does not support bfloat16 compilation natively, skipping
  warnings.warn(
