GPU compute capability (7, 5) < 8.0, using fallback attention (no Flash Attention)
Vocab size: 8,192
Model config: {'sequence_len': 2048, 'vocab_size': 8192, 'n_layer': 4, 'n_head': 2, 'n_kv_head': 2, 'n_embd': 256, 'window_pattern': 'L'}
Parameter counts:
  wte                     : 2,097,152
  value_embeds            : 4,194,304
  lm_head                 : 2,097,152
  transformer_matrices    : 3,145,856
  scalars                 : 8
  total                   : 11,534,472
Estimated FLOPs per token: 5.662387e+07
Scaling AdamW LRs by 1/sqrt(256/768) = 1.732051
Time budget: 300s
Gradient accumulation steps: 8

step 00000 (0.0%) | loss: 9.011391 | lrm: 1.00 | dt: 8594ms | tok/sec: 7,625 | mfu: 0.0% | epoch: 1 | remaining: 300s    
step 00001 (0.0%) | loss: 8.950729 | lrm: 1.00 | dt: 1589ms | tok/sec: 41,244 | mfu: 0.2% | epoch: 1 | remaining: 300s    
step 00002 (0.0%) | loss: 8.715252 | lrm: 1.00 | dt: 1600ms | tok/sec: 40,950 | mfu: 0.2% | epoch: 1 | remaining: 300s    
step 00003 (0.0%) | loss: 8.393142 | lrm: 1.00 | dt: 1605ms | tok/sec: 40,834 | mfu: 0.2% | epoch: 1 | remaining: 300s    
step 00004 (0.0%) | loss: 8.089796 | lrm: 1.00 | dt: 1600ms | tok/sec: 40,962 | mfu: 0.2% | epoch: 1 | remaining: 300s    
step 00005 (0.0%) | loss: 7.774561 | lrm: 1.00 | dt: 1610ms | tok/sec: 40,702 | mfu: 0.2% | epoch: 1 | remaining: 300s    
step 00006 (0.0%) | loss: 7.513564 | lrm: 1.00 | dt: 1603ms | tok/sec: 40,878 | mfu: 0.2% | epoch: 1 | remaining: 300s    
step 00007 (0.0%) | loss: 7.293116 | lrm: 1.00 | dt: 1618ms | tok/sec: 40,492 | mfu: 0.2% | epoch: 1 | remaining: 300s    
step 00008 (0.0%) | loss: 7.114002 | lrm: 1.00 | dt: 1620ms | tok/sec: 40,458 | mfu: 0.2% | epoch: 1 | remaining: 300s    
step 00009 (0.0%) | loss: 7.001573 | lrm: 1.00 | dt: 1610ms | tok/sec: 40,714 | mfu: 0.2% | epoch: 1 | remaining: 300s    
step 00010 (0.0%) | loss: 6.859475 | lrm: 1.00 | dt: 1618ms | tok/sec: 40,512 | mfu: 0.2% | epoch: 1 | remaining: 300s    
step 00011 (0.0%) | loss: 6.748346 | lrm: 1.00 | dt: 1607ms | tok/sec: 40,785 | mfu: 0.2% | epoch: 1 | remaining: 298s    
step 00012 (0.5%) | loss: 6.630805 | lrm: 1.00 | dt: 1630ms | tok/sec: 40,200 | mfu: 0.2% | epoch: 1 | remaining: 297s    
step 00013 (1.1%) | loss: 6.536742 | lrm: 1.00 | dt: 1626ms | tok/sec: 40,302 | mfu: 0.2% | epoch: 1 | remaining: 295s    
step 00014 (1.6%) | loss: 6.460006 | lrm: 1.00 | dt: 1621ms | tok/sec: 40,439 | mfu: 0.2% | epoch: 1 | remaining: 294s    
step 00015 (2.2%) | loss: 6.366645 | lrm: 1.00 | dt: 1645ms | tok/sec: 39,829 | mfu: 0.2% | epoch: 1 | remaining: 292s    
step 00016 (2.7%) | loss: 6.309158 | lrm: 1.00 | dt: 1633ms | tok/sec: 40,131 | mfu: 0.2% | epoch: 1 | remaining: 290s    
step 00017 (3.3%) | loss: 6.252364 | lrm: 1.00 | dt: 1629ms | tok/sec: 40,230 | mfu: 0.2% | epoch: 1 | remaining: 289s    
step 00018 (3.8%) | loss: 6.199653 | lrm: 1.00 | dt: 1629ms | tok/sec: 40,239 | mfu: 0.2% | epoch: 1 | remaining: 287s    
step 00019 (4.3%) | loss: 6.164870 | lrm: 1.00 | dt: 1622ms | tok/sec: 40,396 | mfu: 0.2% | epoch: 1 | remaining: 285s    
step 00020 (4.9%) | loss: 6.113611 | lrm: 1.00 | dt: 1628ms | tok/sec: 40,256 | mfu: 0.2% | epoch: 1 | remaining: 284s    
step 00021 (5.4%) | loss: 6.046381 | lrm: 1.00 | dt: 1627ms | tok/sec: 40,282 | mfu: 0.2% | epoch: 1 | remaining: 282s    
step 00022 (6.0%) | loss: 5.992205 | lrm: 1.00 | dt: 1625ms | tok/sec: 40,320 | mfu: 0.2% | epoch: 1 | remaining: 280s    
step 00023 (6.5%) | loss: 5.972983 | lrm: 1.00 | dt: 1635ms | tok/sec: 40,073 | mfu: 0.2% | epoch: 1 | remaining: 279s    
step 00024 (7.1%) | loss: 5.936882 | lrm: 1.00 | dt: 1637ms | tok/sec: 40,030 | mfu: 0.2% | epoch: 1 | remaining: 277s    
step 00025 (7.6%) | loss: 5.915822 | lrm: 1.00 | dt: 1624ms | tok/sec: 40,364 | mfu: 0.2% | epoch: 1 | remaining: 276s    
step 00026 (8.1%) | loss: 5.895363 | lrm: 1.00 | dt: 1624ms | tok/sec: 40,355 | mfu: 0.2% | epoch: 1 | remaining: 274s    
step 00027 (8.7%) | loss: 5.868071 | lrm: 1.00 | dt: 1628ms | tok/sec: 40,251 | mfu: 0.2% | epoch: 1 | remaining: 272s    
step 00028 (9.2%) | loss: 5.842711 | lrm: 1.00 | dt: 1640ms | tok/sec: 39,971 | mfu: 0.2% | epoch: 1 | remaining: 271s    
step 00029 (9.8%) | loss: 5.814807 | lrm: 1.00 | dt: 1635ms | tok/sec: 40,072 | mfu: 0.2% | epoch: 1 | remaining: 269s    
step 00030 (10.3%) | loss: 5.782432 | lrm: 1.00 | dt: 1639ms | tok/sec: 39,978 | mfu: 0.2% | epoch: 1 | remaining: 267s    
step 00031 (10.9%) | loss: 5.743213 | lrm: 1.00 | dt: 1649ms | tok/sec: 39,741 | mfu: 0.2% | epoch: 1 | remaining: 266s    
step 00032 (11.4%) | loss: 5.715170 | lrm: 1.00 | dt: 1689ms | tok/sec: 38,792 | mfu: 0.2% | epoch: 1 | remaining: 264s    
step 00033 (12.0%) | loss: 5.688711 | lrm: 1.00 | dt: 1672ms | tok/sec: 39,203 | mfu: 0.2% | epoch: 1 | remaining: 262s    
step 00034 (12.5%) | loss: 5.687108 | lrm: 1.00 | dt: 1653ms | tok/sec: 39,655 | mfu: 0.2% | epoch: 1 | remaining: 261s    
step 00035 (13.1%) | loss: 5.685872 | lrm: 1.00 | dt: 1644ms | tok/sec: 39,864 | mfu: 0.2% | epoch: 1 | remaining: 259s    
step 00036 (13.6%) | loss: 5.661851 | lrm: 1.00 | dt: 1631ms | tok/sec: 40,178 | mfu: 0.2% | epoch: 1 | remaining: 257s    
step 00037 (14.2%) | loss: 5.637098 | lrm: 1.00 | dt: 1672ms | tok/sec: 39,197 | mfu: 0.2% | epoch: 1 | remaining: 256s    
step 00038 (14.7%) | loss: 5.621951 | lrm: 1.00 | dt: 1583ms | tok/sec: 41,399 | mfu: 0.2% | epoch: 1 | remaining: 254s    
step 00039 (15.3%) | loss: 5.597160 | lrm: 1.00 | dt: 1623ms | tok/sec: 40,385 | mfu: 0.2% | epoch: 1 | remaining: 253s    
step 00040 (15.8%) | loss: 5.570255 | lrm: 1.00 | dt: 1582ms | tok/sec: 41,427 | mfu: 0.2% | epoch: 1 | remaining: 251s    
step 00041 (16.3%) | loss: 5.550600 | lrm: 1.00 | dt: 1576ms | tok/sec: 41,595 | mfu: 0.2% | epoch: 1 | remaining: 249s    
step 00042 (16.9%) | loss: 5.536127 | lrm: 1.00 | dt: 1582ms | tok/sec: 41,419 | mfu: 0.2% | epoch: 1 | remaining: 248s    
step 00043 (17.4%) | loss: 5.518668 | lrm: 1.00 | dt: 1572ms | tok/sec: 41,690 | mfu: 0.2% | epoch: 1 | remaining: 246s    
step 00044 (17.9%) | loss: 5.502843 | lrm: 1.00 | dt: 1581ms | tok/sec: 41,465 | mfu: 0.2% | epoch: 1 | remaining: 245s    
step 00045 (18.4%) | loss: 5.501818 | lrm: 1.00 | dt: 1586ms | tok/sec: 41,326 | mfu: 0.2% | epoch: 1 | remaining: 243s    
step 00046 (19.0%) | loss: 5.501722 | lrm: 1.00 | dt: 1585ms | tok/sec: 41,359 | mfu: 0.2% | epoch: 1 | remaining: 242s    
step 00047 (19.5%) | loss: 5.484177 | lrm: 1.00 | dt: 1581ms | tok/sec: 41,441 | mfu: 0.2% | epoch: 1 | remaining: 240s    
step 00048 (20.0%) | loss: 5.498872 | lrm: 1.00 | dt: 1568ms | tok/sec: 41,784 | mfu: 0.2% | epoch: 1 | remaining: 238s    
step 00049 (20.5%) | loss: 5.461951 | lrm: 1.00 | dt: 1594ms | tok/sec: 41,113 | mfu: 0.2% | epoch: 1 | remaining: 237s    
step 00050 (21.1%) | loss: 5.442799 | lrm: 1.00 | dt: 1580ms | tok/sec: 41,488 | mfu: 0.2% | epoch: 1 | remaining: 235s    
step 00051 (21.6%) | loss: 5.429364 | lrm: 1.00 | dt: 1574ms | tok/sec: 41,636 | mfu: 0.2% | epoch: 1 | remaining: 234s    
step 00052 (22.1%) | loss: 5.411437 | lrm: 1.00 | dt: 1586ms | tok/sec: 41,322 | mfu: 0.2% | epoch: 1 | remaining: 232s    
step 00053 (22.6%) | loss: 5.381693 | lrm: 1.00 | dt: 1571ms | tok/sec: 41,728 | mfu: 0.2% | epoch: 1 | remaining: 230s    
step 00054 (23.2%) | loss: 5.364475 | lrm: 1.00 | dt: 1579ms | tok/sec: 41,502 | mfu: 0.2% | epoch: 1 | remaining: 229s    
step 00055 (23.7%) | loss: 5.353621 | lrm: 1.00 | dt: 1578ms | tok/sec: 41,541 | mfu: 0.2% | epoch: 1 | remaining: 227s    
step 00056 (24.2%) | loss: 5.336600 | lrm: 1.00 | dt: 1590ms | tok/sec: 41,228 | mfu: 0.2% | epoch: 1 | remaining: 226s    
step 00057 (24.8%) | loss: 5.314360 | lrm: 1.00 | dt: 1586ms | tok/sec: 41,319 | mfu: 0.2% | epoch: 1 | remaining: 224s    
step 00058 (25.3%) | loss: 5.302619 | lrm: 1.00 | dt: 1573ms | tok/sec: 41,666 | mfu: 0.2% | epoch: 1 | remaining: 223s    
step 00059 (25.8%) | loss: 5.296663 | lrm: 1.00 | dt: 1577ms | tok/sec: 41,553 | mfu: 0.2% | epoch: 1 | remaining: 221s    
step 00060 (26.3%) | loss: 5.287747 | lrm: 1.00 | dt: 1571ms | tok/sec: 41,727 | mfu: 0.2% | epoch: 1 | remaining: 219s    
step 00061 (26.9%) | loss: 5.268209 | lrm: 1.00 | dt: 1592ms | tok/sec: 41,174 | mfu: 0.2% | epoch: 1 | remaining: 218s    
step 00062 (27.4%) | loss: 5.266496 | lrm: 1.00 | dt: 1570ms | tok/sec: 41,742 | mfu: 0.2% | epoch: 1 | remaining: 216s    
step 00063 (27.9%) | loss: 5.264297 | lrm: 1.00 | dt: 1583ms | tok/sec: 41,388 | mfu: 0.2% | epoch: 1 | remaining: 215s    
step 00064 (28.4%) | loss: 5.240567 | lrm: 1.00 | dt: 1572ms | tok/sec: 41,684 | mfu: 0.2% | epoch: 1 | remaining: 213s    
step 00065 (29.0%) | loss: 5.209739 | lrm: 1.00 | dt: 1582ms | tok/sec: 41,417 | mfu: 0.2% | epoch: 1 | remaining: 212s    
step 00066 (29.5%) | loss: 5.185890 | lrm: 1.00 | dt: 1580ms | tok/sec: 41,469 | mfu: 0.2% | epoch: 1 | remaining: 210s    
step 00067 (30.0%) | loss: 5.166813 | lrm: 1.00 | dt: 1581ms | tok/sec: 41,451 | mfu: 0.2% | epoch: 1 | remaining: 208s    
step 00068 (30.5%) | loss: 5.137527 | lrm: 1.00 | dt: 1592ms | tok/sec: 41,168 | mfu: 0.2% | epoch: 1 | remaining: 207s    
step 00069 (31.1%) | loss: 5.108149 | lrm: 1.00 | dt: 1571ms | tok/sec: 41,719 | mfu: 0.2% | epoch: 1 | remaining: 205s    
step 00070 (31.6%) | loss: 5.105773 | lrm: 1.00 | dt: 1580ms | tok/sec: 41,484 | mfu: 0.2% | epoch: 1 | remaining: 204s    
step 00071 (32.1%) | loss: 5.095329 | lrm: 1.00 | dt: 1588ms | tok/sec: 41,261 | mfu: 0.2% | epoch: 1 | remaining: 202s    
step 00072 (32.7%) | loss: 5.082961 | lrm: 1.00 | dt: 1580ms | tok/sec: 41,485 | mfu: 0.2% | epoch: 1 | remaining: 200s    
step 00073 (33.2%) | loss: 5.050935 | lrm: 1.00 | dt: 1583ms | tok/sec: 41,400 | mfu: 0.2% | epoch: 1 | remaining: 199s    
step 00074 (33.7%) | loss: 5.039790 | lrm: 1.00 | dt: 1576ms | tok/sec: 41,573 | mfu: 0.2% | epoch: 1 | remaining: 197s    
step 00075 (34.2%) | loss: 5.022851 | lrm: 1.00 | dt: 1588ms | tok/sec: 41,270 | mfu: 0.2% | epoch: 1 | remaining: 196s    
step 00076 (34.8%) | loss: 5.018263 | lrm: 1.00 | dt: 1582ms | tok/sec: 41,438 | mfu: 0.2% | epoch: 1 | remaining: 194s    
step 00077 (35.3%) | loss: 5.003411 | lrm: 1.00 | dt: 1580ms | tok/sec: 41,491 | mfu: 0.2% | epoch: 1 | remaining: 193s    
step 00078 (35.8%) | loss: 4.990786 | lrm: 1.00 | dt: 1594ms | tok/sec: 41,124 | mfu: 0.2% | epoch: 1 | remaining: 191s    
step 00079 (36.3%) | loss: 4.969446 | lrm: 1.00 | dt: 1577ms | tok/sec: 41,569 | mfu: 0.2% | epoch: 1 | remaining: 189s    
step 00080 (36.9%) | loss: 4.953868 | lrm: 1.00 | dt: 1580ms | tok/sec: 41,474 | mfu: 0.2% | epoch: 1 | remaining: 188s    
step 00081 (37.4%) | loss: 4.950702 | lrm: 1.00 | dt: 1586ms | tok/sec: 41,327 | mfu: 0.2% | epoch: 1 | remaining: 186s    
step 00082 (37.9%) | loss: 4.926520 | lrm: 1.00 | dt: 1575ms | tok/sec: 41,621 | mfu: 0.2% | epoch: 1 | remaining: 185s    
step 00083 (38.5%) | loss: 4.930814 | lrm: 1.00 | dt: 1582ms | tok/sec: 41,420 | mfu: 0.2% | epoch: 1 | remaining: 183s    
step 00084 (39.0%) | loss: 4.922475 | lrm: 1.00 | dt: 1564ms | tok/sec: 41,892 | mfu: 0.2% | epoch: 1 | remaining: 181s    
step 00085 (39.5%) | loss: 4.919362 | lrm: 1.00 | dt: 1586ms | tok/sec: 41,311 | mfu: 0.2% | epoch: 1 | remaining: 180s    
step 00086 (40.0%) | loss: 4.900263 | lrm: 1.00 | dt: 1570ms | tok/sec: 41,731 | mfu: 0.2% | epoch: 1 | remaining: 178s    
step 00087 (40.6%) | loss: 4.891360 | lrm: 1.00 | dt: 1582ms | tok/sec: 41,414 | mfu: 0.2% | epoch: 1 | remaining: 177s    
step 00088 (41.1%) | loss: 4.884737 | lrm: 1.00 | dt: 1577ms | tok/sec: 41,565 | mfu: 0.2% | epoch: 1 | remaining: 175s    
step 00089 (41.6%) | loss: 4.867237 | lrm: 1.00 | dt: 1575ms | tok/sec: 41,609 | mfu: 0.2% | epoch: 1 | remaining: 174s    
step 00090 (42.1%) | loss: 4.864980 | lrm: 1.00 | dt: 1586ms | tok/sec: 41,317 | mfu: 0.2% | epoch: 1 | remaining: 172s    
step 00091 (42.7%) | loss: 4.860555 | lrm: 1.00 | dt: 1574ms | tok/sec: 41,644 | mfu: 0.2% | epoch: 1 | remaining: 170s    
step 00092 (43.2%) | loss: 4.852569 | lrm: 1.00 | dt: 1576ms | tok/sec: 41,583 | mfu: 0.2% | epoch: 1 | remaining: 169s    
step 00093 (43.7%) | loss: 4.856653 | lrm: 1.00 | dt: 1576ms | tok/sec: 41,594 | mfu: 0.2% | epoch: 1 | remaining: 167s    
step 00094 (44.2%) | loss: 4.838750 | lrm: 1.00 | dt: 1589ms | tok/sec: 41,248 | mfu: 0.2% | epoch: 1 | remaining: 166s    
step 00095 (44.8%) | loss: 4.820794 | lrm: 1.00 | dt: 1582ms | tok/sec: 41,413 | mfu: 0.2% | epoch: 1 | remaining: 164s    
step 00096 (45.3%) | loss: 4.810887 | lrm: 1.00 | dt: 1568ms | tok/sec: 41,798 | mfu: 0.2% | epoch: 1 | remaining: 163s    
step 00097 (45.8%) | loss: 4.786975 | lrm: 1.00 | dt: 1576ms | tok/sec: 41,577 | mfu: 0.2% | epoch: 1 | remaining: 161s    
step 00098 (46.3%) | loss: 4.776738 | lrm: 1.00 | dt: 1570ms | tok/sec: 41,729 | mfu: 0.2% | epoch: 1 | remaining: 159s    
step 00099 (46.9%) | loss: 4.766798 | lrm: 1.00 | dt: 1584ms | tok/sec: 41,364 | mfu: 0.2% | epoch: 1 | remaining: 158s    
step 00100 (47.4%) | loss: 4.764601 | lrm: 1.00 | dt: 1568ms | tok/sec: 41,792 | mfu: 0.2% | epoch: 1 | remaining: 156s    
step 00101 (47.9%) | loss: 4.770286 | lrm: 1.00 | dt: 1582ms | tok/sec: 41,419 | mfu: 0.2% | epoch: 1 | remaining: 155s    
step 00102 (48.4%) | loss: 4.750432 | lrm: 1.00 | dt: 1585ms | tok/sec: 41,350 | mfu: 0.2% | epoch: 1 | remaining: 153s    
step 00103 (49.0%) | loss: 4.735314 | lrm: 1.00 | dt: 1575ms | tok/sec: 41,611 | mfu: 0.2% | epoch: 1 | remaining: 152s    
step 00104 (49.5%) | loss: 4.718468 | lrm: 1.00 | dt: 1582ms | tok/sec: 41,416 | mfu: 0.2% | epoch: 1 | remaining: 150s    
step 00105 (50.0%) | loss: 4.697692 | lrm: 1.00 | dt: 1569ms | tok/sec: 41,778 | mfu: 0.2% | epoch: 1 | remaining: 148s    
step 00106 (50.5%) | loss: 4.698574 | lrm: 1.00 | dt: 1582ms | tok/sec: 41,437 | mfu: 0.2% | epoch: 1 | remaining: 147s    
step 00107 (51.1%) | loss: 4.698396 | lrm: 1.00 | dt: 1572ms | tok/sec: 41,698 | mfu: 0.2% | epoch: 1 | remaining: 145s    
step 00108 (51.6%) | loss: 4.694535 | lrm: 1.00 | dt: 1582ms | tok/sec: 41,415 | mfu: 0.2% | epoch: 1 | remaining: 144s    
step 00109 (52.1%) | loss: 4.690718 | lrm: 1.00 | dt: 1577ms | tok/sec: 41,555 | mfu: 0.2% | epoch: 1 | remaining: 142s    
step 00110 (52.7%) | loss: 4.684860 | lrm: 1.00 | dt: 1573ms | tok/sec: 41,658 | mfu: 0.2% | epoch: 1 | remaining: 140s    
step 00111 (53.2%) | loss: 4.667930 | lrm: 1.00 | dt: 1574ms | tok/sec: 41,624 | mfu: 0.2% | epoch: 1 | remaining: 139s    
step 00112 (53.7%) | loss: 4.665472 | lrm: 1.00 | dt: 1576ms | tok/sec: 41,575 | mfu: 0.2% | epoch: 1 | remaining: 137s    
step 00113 (54.2%) | loss: 4.659217 | lrm: 1.00 | dt: 1577ms | tok/sec: 41,545 | mfu: 0.2% | epoch: 1 | remaining: 136s    
step 00114 (54.8%) | loss: 4.640748 | lrm: 1.00 | dt: 1570ms | tok/sec: 41,748 | mfu: 0.2% | epoch: 1 | remaining: 134s    
step 00115 (55.3%) | loss: 4.627915 | lrm: 1.00 | dt: 1574ms | tok/sec: 41,626 | mfu: 0.2% | epoch: 1 | remaining: 133s    
step 00116 (55.8%) | loss: 4.619310 | lrm: 1.00 | dt: 1575ms | tok/sec: 41,601 | mfu: 0.2% | epoch: 1 | remaining: 131s    
step 00117 (56.3%) | loss: 4.614602 | lrm: 1.00 | dt: 1577ms | tok/sec: 41,560 | mfu: 0.2% | epoch: 1 | remaining: 129s    
step 00118 (56.9%) | loss: 4.586756 | lrm: 1.00 | dt: 1587ms | tok/sec: 41,308 | mfu: 0.2% | epoch: 1 | remaining: 128s    
step 00119 (57.4%) | loss: 4.571932 | lrm: 1.00 | dt: 1569ms | tok/sec: 41,778 | mfu: 0.2% | epoch: 1 | remaining: 126s    
step 00120 (57.9%) | loss: 4.550210 | lrm: 1.00 | dt: 1579ms | tok/sec: 41,494 | mfu: 0.2% | epoch: 1 | remaining: 125s    
step 00121 (58.4%) | loss: 4.528675 | lrm: 1.00 | dt: 1582ms | tok/sec: 41,420 | mfu: 0.2% | epoch: 1 | remaining: 123s    
step 00122 (59.0%) | loss: 4.509863 | lrm: 1.00 | dt: 1577ms | tok/sec: 41,548 | mfu: 0.2% | epoch: 1 | remaining: 122s    
step 00123 (59.5%) | loss: 4.507323 | lrm: 1.00 | dt: 1584ms | tok/sec: 41,365 | mfu: 0.2% | epoch: 1 | remaining: 120s    
step 00124 (60.0%) | loss: 4.497123 | lrm: 1.00 | dt: 1566ms | tok/sec: 41,852 | mfu: 0.2% | epoch: 1 | remaining: 118s    
step 00125 (60.5%) | loss: 4.482874 | lrm: 1.00 | dt: 1588ms | tok/sec: 41,281 | mfu: 0.2% | epoch: 1 | remaining: 117s    
step 00126 (61.1%) | loss: 4.470119 | lrm: 1.00 | dt: 1581ms | tok/sec: 41,454 | mfu: 0.2% | epoch: 1 | remaining: 115s    
step 00127 (61.6%) | loss: 4.470835 | lrm: 1.00 | dt: 1586ms | tok/sec: 41,310 | mfu: 0.2% | epoch: 1 | remaining: 114s    
step 00128 (62.1%) | loss: 4.442970 | lrm: 1.00 | dt: 1579ms | tok/sec: 41,503 | mfu: 0.2% | epoch: 1 | remaining: 112s    
step 00129 (62.6%) | loss: 4.456975 | lrm: 1.00 | dt: 1576ms | tok/sec: 41,595 | mfu: 0.2% | epoch: 1 | remaining: 110s    
step 00130 (63.2%) | loss: 4.425963 | lrm: 1.00 | dt: 1590ms | tok/sec: 41,224 | mfu: 0.2% | epoch: 1 | remaining: 109s    
step 00131 (63.7%) | loss: 4.406617 | lrm: 1.00 | dt: 1567ms | tok/sec: 41,819 | mfu: 0.2% | epoch: 1 | remaining: 107s    
step 00132 (64.2%) | loss: 4.417933 | lrm: 1.00 | dt: 1576ms | tok/sec: 41,591 | mfu: 0.2% | epoch: 1 | remaining: 106s    
step 00133 (64.7%) | loss: 4.421927 | lrm: 1.00 | dt: 1570ms | tok/sec: 41,740 | mfu: 0.2% | epoch: 1 | remaining: 104s    
step 00134 (65.3%) | loss: 4.422879 | lrm: 1.00 | dt: 1570ms | tok/sec: 41,731 | mfu: 0.2% | epoch: 1 | remaining: 103s    
step 00135 (65.8%) | loss: 4.422824 | lrm: 1.00 | dt: 1583ms | tok/sec: 41,398 | mfu: 0.2% | epoch: 1 | remaining: 101s    
step 00136 (66.3%) | loss: 4.417761 | lrm: 1.00 | dt: 1575ms | tok/sec: 41,619 | mfu: 0.2% | epoch: 1 | remaining: 99s    
step 00137 (66.8%) | loss: 4.399614 | lrm: 1.00 | dt: 1583ms | tok/sec: 41,398 | mfu: 0.2% | epoch: 1 | remaining: 98s    
step 00138 (67.4%) | loss: 4.400254 | lrm: 1.00 | dt: 1568ms | tok/sec: 41,789 | mfu: 0.2% | epoch: 1 | remaining: 96s    
step 00139 (67.9%) | loss: 4.406215 | lrm: 1.00 | dt: 1582ms | tok/sec: 41,433 | mfu: 0.2% | epoch: 1 | remaining: 95s    
step 00140 (68.4%) | loss: 4.406726 | lrm: 1.00 | dt: 1573ms | tok/sec: 41,655 | mfu: 0.2% | epoch: 1 | remaining: 93s    
step 00141 (68.9%) | loss: 4.405286 | lrm: 1.00 | dt: 1583ms | tok/sec: 41,403 | mfu: 0.2% | epoch: 1 | remaining: 92s    
step 00142 (69.5%) | loss: 4.398376 | lrm: 1.00 | dt: 1575ms | tok/sec: 41,604 | mfu: 0.2% | epoch: 1 | remaining: 90s    
step 00143 (70.0%) | loss: 4.381536 | lrm: 1.00 | dt: 1569ms | tok/sec: 41,758 | mfu: 0.2% | epoch: 1 | remaining: 88s    
step 00144 (70.5%) | loss: 4.361130 | lrm: 0.98 | dt: 1583ms | tok/sec: 41,404 | mfu: 0.2% | epoch: 1 | remaining: 87s    
step 00145 (71.1%) | loss: 4.340649 | lrm: 0.96 | dt: 1564ms | tok/sec: 41,908 | mfu: 0.2% | epoch: 1 | remaining: 85s    
step 00146 (71.6%) | loss: 4.339839 | lrm: 0.95 | dt: 1589ms | tok/sec: 41,252 | mfu: 0.2% | epoch: 1 | remaining: 84s    
step 00147 (72.1%) | loss: 4.323404 | lrm: 0.93 | dt: 1575ms | tok/sec: 41,615 | mfu: 0.2% | epoch: 1 | remaining: 82s    
step 00148 (72.6%) | loss: 4.320458 | lrm: 0.91 | dt: 1577ms | tok/sec: 41,563 | mfu: 0.2% | epoch: 1 | remaining: 81s    
step 00149 (73.2%) | loss: 4.306032 | lrm: 0.89 | dt: 1592ms | tok/sec: 41,172 | mfu: 0.2% | epoch: 1 | remaining: 79s    
step 00150 (73.7%) | loss: 4.295653 | lrm: 0.88 | dt: 1572ms | tok/sec: 41,681 | mfu: 0.2% | epoch: 1 | remaining: 77s    
step 00151 (74.2%) | loss: 4.282066 | lrm: 0.86 | dt: 1587ms | tok/sec: 41,307 | mfu: 0.2% | epoch: 1 | remaining: 76s    
step 00152 (74.7%) | loss: 4.278667 | lrm: 0.84 | dt: 1566ms | tok/sec: 41,840 | mfu: 0.2% | epoch: 1 | remaining: 74s    
step 00153 (75.3%) | loss: 4.261746 | lrm: 0.82 | dt: 1577ms | tok/sec: 41,567 | mfu: 0.2% | epoch: 1 | remaining: 73s    
step 00154 (75.8%) | loss: 4.241818 | lrm: 0.81 | dt: 1581ms | tok/sec: 41,442 | mfu: 0.2% | epoch: 1 | remaining: 71s    
step 00155 (76.3%) | loss: 4.216242 | lrm: 0.79 | dt: 1579ms | tok/sec: 41,514 | mfu: 0.2% | epoch: 1 | remaining: 69s    
step 00156 (76.8%) | loss: 4.205885 | lrm: 0.77 | dt: 1574ms | tok/sec: 41,649 | mfu: 0.2% | epoch: 1 | remaining: 68s    
step 00157 (77.4%) | loss: 4.212248 | lrm: 0.75 | dt: 1567ms | tok/sec: 41,818 | mfu: 0.2% | epoch: 1 | remaining: 66s    
step 00158 (77.9%) | loss: 4.224512 | lrm: 0.74 | dt: 1589ms | tok/sec: 41,239 | mfu: 0.2% | epoch: 1 | remaining: 65s    
step 00159 (78.4%) | loss: 4.219077 | lrm: 0.72 | dt: 1576ms | tok/sec: 41,572 | mfu: 0.2% | epoch: 1 | remaining: 63s    
step 00160 (78.9%) | loss: 4.217667 | lrm: 0.70 | dt: 1578ms | tok/sec: 41,524 | mfu: 0.2% | epoch: 1 | remaining: 62s    
step 00161 (79.5%) | loss: 4.216420 | lrm: 0.68 | dt: 1580ms | tok/sec: 41,467 | mfu: 0.2% | epoch: 1 | remaining: 60s    
step 00162 (80.0%) | loss: 4.207801 | lrm: 0.67 | dt: 1571ms | tok/sec: 41,719 | mfu: 0.2% | epoch: 1 | remaining: 58s    
step 00163 (80.5%) | loss: 4.180727 | lrm: 0.65 | dt: 1573ms | tok/sec: 41,654 | mfu: 0.2% | epoch: 1 | remaining: 57s    
step 00164 (81.0%) | loss: 4.155720 | lrm: 0.63 | dt: 1574ms | tok/sec: 41,632 | mfu: 0.2% | epoch: 1 | remaining: 55s    
step 00165 (81.6%) | loss: 4.143442 | lrm: 0.61 | dt: 1572ms | tok/sec: 41,682 | mfu: 0.2% | epoch: 1 | remaining: 54s    
step 00166 (82.1%) | loss: 4.141085 | lrm: 0.60 | dt: 1573ms | tok/sec: 41,656 | mfu: 0.2% | epoch: 1 | remaining: 52s    
step 00167 (82.6%) | loss: 4.115974 | lrm: 0.58 | dt: 1585ms | tok/sec: 41,359 | mfu: 0.2% | epoch: 1 | remaining: 51s    
step 00168 (83.1%) | loss: 4.114913 | lrm: 0.56 | dt: 1576ms | tok/sec: 41,596 | mfu: 0.2% | epoch: 1 | remaining: 49s    
step 00169 (83.7%) | loss: 4.122893 | lrm: 0.54 | dt: 1569ms | tok/sec: 41,769 | mfu: 0.2% | epoch: 1 | remaining: 47s    
step 00170 (84.2%) | loss: 4.123977 | lrm: 0.53 | dt: 1585ms | tok/sec: 41,346 | mfu: 0.2% | epoch: 1 | remaining: 46s    
step 00171 (84.7%) | loss: 4.125147 | lrm: 0.51 | dt: 1565ms | tok/sec: 41,862 | mfu: 0.2% | epoch: 1 | remaining: 44s    
step 00172 (85.2%) | loss: 4.104397 | lrm: 0.49 | dt: 1571ms | tok/sec: 41,721 | mfu: 0.2% | epoch: 1 | remaining: 43s    
step 00173 (85.8%) | loss: 4.111937 | lrm: 0.47 | dt: 1567ms | tok/sec: 41,819 | mfu: 0.2% | epoch: 1 | remaining: 41s    
step 00174 (86.3%) | loss: 4.100126 | lrm: 0.46 | dt: 1584ms | tok/sec: 41,362 | mfu: 0.2% | epoch: 1 | remaining: 40s    
step 00175 (86.8%) | loss: 4.104927 | lrm: 0.44 | dt: 1581ms | tok/sec: 41,464 | mfu: 0.2% | epoch: 1 | remaining: 38s    
step 00176 (87.3%) | loss: 4.103016 | lrm: 0.42 | dt: 1570ms | tok/sec: 41,751 | mfu: 0.2% | epoch: 1 | remaining: 36s    
step 00177 (87.9%) | loss: 4.095130 | lrm: 0.40 | dt: 1574ms | tok/sec: 41,629 | mfu: 0.2% | epoch: 1 | remaining: 35s    
step 00178 (88.4%) | loss: 4.095565 | lrm: 0.39 | dt: 1578ms | tok/sec: 41,537 | mfu: 0.2% | epoch: 1 | remaining: 33s    
step 00179 (88.9%) | loss: 4.089240 | lrm: 0.37 | dt: 1580ms | tok/sec: 41,485 | mfu: 0.2% | epoch: 1 | remaining: 32s    
step 00180 (89.4%) | loss: 4.090202 | lrm: 0.35 | dt: 1570ms | tok/sec: 41,751 | mfu: 0.2% | epoch: 1 | remaining: 30s    
step 00181 (90.0%) | loss: 4.074753 | lrm: 0.33 | dt: 1581ms | tok/sec: 41,439 | mfu: 0.2% | epoch: 1 | remaining: 29s    
step 00182 (90.5%) | loss: 4.070591 | lrm: 0.32 | dt: 1577ms | tok/sec: 41,563 | mfu: 0.2% | epoch: 1 | remaining: 27s    
step 00183 (91.0%) | loss: 4.094330 | lrm: 0.30 | dt: 1577ms | tok/sec: 41,546 | mfu: 0.2% | epoch: 1 | remaining: 25s    
step 00184 (91.5%) | loss: 4.081504 | lrm: 0.28 | dt: 1581ms | tok/sec: 41,465 | mfu: 0.2% | epoch: 1 | remaining: 24s    
step 00185 (92.1%) | loss: 4.082858 | lrm: 0.26 | dt: 1577ms | tok/sec: 41,548 | mfu: 0.2% | epoch: 1 | remaining: 22s    
step 00186 (92.6%) | loss: 4.062772 | lrm: 0.25 | dt: 1587ms | tok/sec: 41,298 | mfu: 0.2% | epoch: 1 | remaining: 21s    
step 00187 (93.1%) | loss: 4.053896 | lrm: 0.23 | dt: 1582ms | tok/sec: 41,416 | mfu: 0.2% | epoch: 1 | remaining: 19s    
step 00188 (93.7%) | loss: 4.047655 | lrm: 0.21 | dt: 1581ms | tok/sec: 41,439 | mfu: 0.2% | epoch: 1 | remaining: 17s    
step 00189 (94.2%) | loss: 4.026731 | lrm: 0.19 | dt: 1589ms | tok/sec: 41,247 | mfu: 0.2% | epoch: 1 | remaining: 16s    
step 00190 (94.7%) | loss: 4.008257 | lrm: 0.18 | dt: 1565ms | tok/sec: 41,868 | mfu: 0.2% | epoch: 1 | remaining: 14s    
step 00191 (95.2%) | loss: 3.991444 | lrm: 0.16 | dt: 1575ms | tok/sec: 41,597 | mfu: 0.2% | epoch: 1 | remaining: 13s    
step 00192 (95.8%) | loss: 3.972914 | lrm: 0.14 | dt: 1571ms | tok/sec: 41,727 | mfu: 0.2% | epoch: 1 | remaining: 11s    
step 00193 (96.3%) | loss: 3.983662 | lrm: 0.12 | dt: 1586ms | tok/sec: 41,327 | mfu: 0.2% | epoch: 1 | remaining: 10s    
step 00194 (96.8%) | loss: 3.978796 | lrm: 0.11 | dt: 1580ms | tok/sec: 41,473 | mfu: 0.2% | epoch: 1 | remaining: 8s    
step 00195 (97.3%) | loss: 3.979120 | lrm: 0.09 | dt: 1569ms | tok/sec: 41,762 | mfu: 0.2% | epoch: 1 | remaining: 6s    
step 00196 (97.9%) | loss: 3.969732 | lrm: 0.07 | dt: 1574ms | tok/sec: 41,631 | mfu: 0.2% | epoch: 1 | remaining: 5s    
step 00197 (98.4%) | loss: 3.983589 | lrm: 0.05 | dt: 1577ms | tok/sec: 41,559 | mfu: 0.2% | epoch: 1 | remaining: 3s    
step 00198 (98.9%) | loss: 3.999411 | lrm: 0.04 | dt: 1585ms | tok/sec: 41,349 | mfu: 0.2% | epoch: 1 | remaining: 2s    
step 00199 (99.4%) | loss: 3.981440 | lrm: 0.02 | dt: 1560ms | tok/sec: 41,997 | mfu: 0.2% | epoch: 1 | remaining: 0s    
step 00200 (100.0%) | loss: 3.995318 | lrm: 0.00 | dt: 1583ms | tok/sec: 41,387 | mfu: 0.2% | epoch: 1 | remaining: 0s    
---
val_bpb:          1.421175
training_seconds: 301.5
total_seconds:    527.5
peak_vram_mb:     2186.4
mfu_percent:      0.24
total_tokens_M:   13.2
num_steps:        201
num_params_M:     11.5
depth:            4
W0312 08:44:34.984000 1374356 .venv/lib/python3.10/site-packages/torch/_inductor/utils.py:1613] [0/0] Not enough SMs to use max_autotune_gemm mode
/media/starscream/bumblebee1/blaze/autoresearch/.venv/lib/python3.10/site-packages/torch/_inductor/compile_fx.py:2772: UserWarning: NVIDIA GeForce RTX 2060 does not support bfloat16 compilation natively, skipping
  warnings.warn(
/media/starscream/bumblebee1/blaze/autoresearch/.venv/lib/python3.10/site-packages/torch/_inductor/compile_fx.py:2772: UserWarning: NVIDIA GeForce RTX 2060 does not support bfloat16 compilation natively, skipping
  warnings.warn(
/media/starscream/bumblebee1/blaze/autoresearch/.venv/lib/python3.10/site-packages/torch/_inductor/compile_fx.py:2772: UserWarning: NVIDIA GeForce RTX 2060 does not support bfloat16 compilation natively, skipping
  warnings.warn(
/media/starscream/bumblebee1/blaze/autoresearch/.venv/lib/python3.10/site-packages/torch/_inductor/compile_fx.py:2772: UserWarning: NVIDIA GeForce RTX 2060 does not support bfloat16 compilation natively, skipping
  warnings.warn(
/media/starscream/bumblebee1/blaze/autoresearch/.venv/lib/python3.10/site-packages/torch/_inductor/compile_fx.py:2772: UserWarning: NVIDIA GeForce RTX 2060 does not support bfloat16 compilation natively, skipping
  warnings.warn(
/media/starscream/bumblebee1/blaze/autoresearch/.venv/lib/python3.10/site-packages/torch/_inductor/compile_fx.py:2772: UserWarning: NVIDIA GeForce RTX 2060 does not support bfloat16 compilation natively, skipping
  warnings.warn(
/media/starscream/bumblebee1/blaze/autoresearch/.venv/lib/python3.10/site-packages/torch/_inductor/compile_fx.py:2772: UserWarning: NVIDIA GeForce RTX 2060 does not support bfloat16 compilation natively, skipping
  warnings.warn(
