GPU compute capability (7, 5) < 8.0, using fallback attention (no Flash Attention)
Vocab size: 8,192
Model config: {'sequence_len': 2048, 'vocab_size': 8192, 'n_layer': 4, 'n_head': 2, 'n_kv_head': 2, 'n_embd': 256, 'window_pattern': 'L'}
Parameter counts:
  wte                     : 2,097,152
  value_embeds            : 4,194,304
  lm_head                 : 2,097,152
  transformer_matrices    : 3,145,856
  scalars                 : 8
  total                   : 11,534,472
Estimated FLOPs per token: 5.662387e+07
Scaling AdamW LRs by 1/sqrt(256/768) = 1.732051
Time budget: 300s
Gradient accumulation steps: 2

step 00000 (0.0%) | loss: 9.011222 | lrm: 1.00 | dt: 8225ms | tok/sec: 1,992 | mfu: 0.0% | epoch: 1 | remaining: 300s    
step 00001 (0.0%) | loss: 8.952355 | lrm: 1.00 | dt: 836ms | tok/sec: 19,600 | mfu: 0.1% | epoch: 1 | remaining: 300s    
step 00002 (0.0%) | loss: 8.788822 | lrm: 1.00 | dt: 834ms | tok/sec: 19,644 | mfu: 0.1% | epoch: 1 | remaining: 300s    
step 00003 (0.0%) | loss: 8.545347 | lrm: 1.00 | dt: 842ms | tok/sec: 19,460 | mfu: 0.1% | epoch: 1 | remaining: 300s    
step 00004 (0.0%) | loss: 8.311325 | lrm: 1.00 | dt: 840ms | tok/sec: 19,499 | mfu: 0.1% | epoch: 1 | remaining: 300s    
step 00005 (0.0%) | loss: 8.062846 | lrm: 1.00 | dt: 839ms | tok/sec: 19,529 | mfu: 0.1% | epoch: 1 | remaining: 300s    
step 00006 (0.0%) | loss: 7.905296 | lrm: 1.00 | dt: 852ms | tok/sec: 19,231 | mfu: 0.1% | epoch: 1 | remaining: 300s    
step 00007 (0.0%) | loss: 7.725639 | lrm: 1.00 | dt: 830ms | tok/sec: 19,733 | mfu: 0.1% | epoch: 1 | remaining: 300s    
step 00008 (0.0%) | loss: 7.570675 | lrm: 1.00 | dt: 842ms | tok/sec: 19,453 | mfu: 0.1% | epoch: 1 | remaining: 300s    
step 00009 (0.0%) | loss: 7.457318 | lrm: 1.00 | dt: 827ms | tok/sec: 19,800 | mfu: 0.1% | epoch: 1 | remaining: 300s    
step 00010 (0.0%) | loss: 7.359673 | lrm: 1.00 | dt: 839ms | tok/sec: 19,535 | mfu: 0.1% | epoch: 1 | remaining: 300s    
step 00011 (0.0%) | loss: 7.272322 | lrm: 1.00 | dt: 840ms | tok/sec: 19,513 | mfu: 0.1% | epoch: 1 | remaining: 299s    
step 00012 (0.3%) | loss: 7.181663 | lrm: 1.00 | dt: 832ms | tok/sec: 19,683 | mfu: 0.1% | epoch: 1 | remaining: 298s    
step 00013 (0.6%) | loss: 7.093006 | lrm: 1.00 | dt: 833ms | tok/sec: 19,679 | mfu: 0.1% | epoch: 1 | remaining: 297s    
step 00014 (0.8%) | loss: 7.037543 | lrm: 1.00 | dt: 845ms | tok/sec: 19,400 | mfu: 0.1% | epoch: 1 | remaining: 297s    
step 00015 (1.1%) | loss: 6.991745 | lrm: 1.00 | dt: 844ms | tok/sec: 19,403 | mfu: 0.1% | epoch: 1 | remaining: 296s    
step 00016 (1.4%) | loss: 6.930627 | lrm: 1.00 | dt: 831ms | tok/sec: 19,725 | mfu: 0.1% | epoch: 1 | remaining: 295s    
step 00017 (1.7%) | loss: 6.861977 | lrm: 1.00 | dt: 844ms | tok/sec: 19,417 | mfu: 0.1% | epoch: 1 | remaining: 294s    
step 00018 (2.0%) | loss: 6.822760 | lrm: 1.00 | dt: 841ms | tok/sec: 19,476 | mfu: 0.1% | epoch: 1 | remaining: 293s    
step 00019 (2.2%) | loss: 6.790028 | lrm: 1.00 | dt: 823ms | tok/sec: 19,910 | mfu: 0.1% | epoch: 1 | remaining: 292s    
step 00020 (2.5%) | loss: 6.744382 | lrm: 1.00 | dt: 843ms | tok/sec: 19,427 | mfu: 0.1% | epoch: 1 | remaining: 292s    
step 00021 (2.8%) | loss: 6.719903 | lrm: 1.00 | dt: 838ms | tok/sec: 19,548 | mfu: 0.1% | epoch: 1 | remaining: 291s    
step 00022 (3.1%) | loss: 6.683294 | lrm: 1.00 | dt: 843ms | tok/sec: 19,444 | mfu: 0.1% | epoch: 1 | remaining: 290s    
step 00023 (3.4%) | loss: 6.638370 | lrm: 1.00 | dt: 832ms | tok/sec: 19,699 | mfu: 0.1% | epoch: 1 | remaining: 289s    
step 00024 (3.6%) | loss: 6.611578 | lrm: 1.00 | dt: 841ms | tok/sec: 19,489 | mfu: 0.1% | epoch: 1 | remaining: 288s    
step 00025 (3.9%) | loss: 6.581092 | lrm: 1.00 | dt: 835ms | tok/sec: 19,630 | mfu: 0.1% | epoch: 1 | remaining: 287s    
step 00026 (4.2%) | loss: 6.545060 | lrm: 1.00 | dt: 826ms | tok/sec: 19,824 | mfu: 0.1% | epoch: 1 | remaining: 287s    
step 00027 (4.5%) | loss: 6.507627 | lrm: 1.00 | dt: 843ms | tok/sec: 19,429 | mfu: 0.1% | epoch: 1 | remaining: 286s    
step 00028 (4.7%) | loss: 6.486665 | lrm: 1.00 | dt: 850ms | tok/sec: 19,272 | mfu: 0.1% | epoch: 1 | remaining: 285s    
step 00029 (5.0%) | loss: 6.465834 | lrm: 1.00 | dt: 844ms | tok/sec: 19,402 | mfu: 0.1% | epoch: 1 | remaining: 284s    
step 00030 (5.3%) | loss: 6.443735 | lrm: 1.00 | dt: 831ms | tok/sec: 19,717 | mfu: 0.1% | epoch: 1 | remaining: 283s    
step 00031 (5.6%) | loss: 6.414976 | lrm: 1.00 | dt: 838ms | tok/sec: 19,543 | mfu: 0.1% | epoch: 1 | remaining: 282s    
step 00032 (5.9%) | loss: 6.392099 | lrm: 1.00 | dt: 841ms | tok/sec: 19,483 | mfu: 0.1% | epoch: 1 | remaining: 282s    
step 00033 (6.1%) | loss: 6.359200 | lrm: 1.00 | dt: 828ms | tok/sec: 19,779 | mfu: 0.1% | epoch: 1 | remaining: 281s    
step 00034 (6.4%) | loss: 6.346172 | lrm: 1.00 | dt: 839ms | tok/sec: 19,527 | mfu: 0.1% | epoch: 1 | remaining: 280s    
step 00035 (6.7%) | loss: 6.322029 | lrm: 1.00 | dt: 851ms | tok/sec: 19,251 | mfu: 0.1% | epoch: 1 | remaining: 279s    
step 00036 (7.0%) | loss: 6.314721 | lrm: 1.00 | dt: 833ms | tok/sec: 19,670 | mfu: 0.1% | epoch: 1 | remaining: 278s    
step 00037 (7.3%) | loss: 6.285496 | lrm: 1.00 | dt: 818ms | tok/sec: 20,022 | mfu: 0.1% | epoch: 1 | remaining: 277s    
step 00038 (7.5%) | loss: 6.268987 | lrm: 1.00 | dt: 848ms | tok/sec: 19,311 | mfu: 0.1% | epoch: 1 | remaining: 277s    
step 00039 (7.8%) | loss: 6.280169 | lrm: 1.00 | dt: 836ms | tok/sec: 19,588 | mfu: 0.1% | epoch: 1 | remaining: 276s    
step 00040 (8.1%) | loss: 6.264789 | lrm: 1.00 | dt: 824ms | tok/sec: 19,876 | mfu: 0.1% | epoch: 1 | remaining: 275s    
step 00041 (8.4%) | loss: 6.237836 | lrm: 1.00 | dt: 841ms | tok/sec: 19,480 | mfu: 0.1% | epoch: 1 | remaining: 274s    
step 00042 (8.7%) | loss: 6.222826 | lrm: 1.00 | dt: 839ms | tok/sec: 19,517 | mfu: 0.1% | epoch: 1 | remaining: 273s    
step 00043 (8.9%) | loss: 6.218032 | lrm: 1.00 | dt: 836ms | tok/sec: 19,596 | mfu: 0.1% | epoch: 1 | remaining: 272s    
step 00044 (9.2%) | loss: 6.202770 | lrm: 1.00 | dt: 830ms | tok/sec: 19,743 | mfu: 0.1% | epoch: 1 | remaining: 272s    
step 00045 (9.5%) | loss: 6.190233 | lrm: 1.00 | dt: 838ms | tok/sec: 19,541 | mfu: 0.1% | epoch: 1 | remaining: 271s    
step 00046 (9.8%) | loss: 6.185832 | lrm: 1.00 | dt: 847ms | tok/sec: 19,341 | mfu: 0.1% | epoch: 1 | remaining: 270s    
step 00047 (10.0%) | loss: 6.176867 | lrm: 1.00 | dt: 838ms | tok/sec: 19,546 | mfu: 0.1% | epoch: 1 | remaining: 269s    
step 00048 (10.3%) | loss: 6.157902 | lrm: 1.00 | dt: 840ms | tok/sec: 19,515 | mfu: 0.1% | epoch: 1 | remaining: 268s    
step 00049 (10.6%) | loss: 6.155252 | lrm: 1.00 | dt: 842ms | tok/sec: 19,468 | mfu: 0.1% | epoch: 1 | remaining: 267s    
step 00050 (10.9%) | loss: 6.139244 | lrm: 1.00 | dt: 851ms | tok/sec: 19,241 | mfu: 0.1% | epoch: 1 | remaining: 266s    
step 00051 (11.2%) | loss: 6.112335 | lrm: 1.00 | dt: 817ms | tok/sec: 20,064 | mfu: 0.1% | epoch: 1 | remaining: 266s    
step 00052 (11.4%) | loss: 6.094457 | lrm: 1.00 | dt: 846ms | tok/sec: 19,371 | mfu: 0.1% | epoch: 1 | remaining: 265s    
step 00053 (11.7%) | loss: 6.092749 | lrm: 1.00 | dt: 839ms | tok/sec: 19,538 | mfu: 0.1% | epoch: 1 | remaining: 264s    
step 00054 (12.0%) | loss: 6.098780 | lrm: 1.00 | dt: 833ms | tok/sec: 19,679 | mfu: 0.1% | epoch: 1 | remaining: 263s    
step 00055 (12.3%) | loss: 6.082519 | lrm: 1.00 | dt: 846ms | tok/sec: 19,359 | mfu: 0.1% | epoch: 1 | remaining: 262s    
step 00056 (12.6%) | loss: 6.050597 | lrm: 1.00 | dt: 837ms | tok/sec: 19,573 | mfu: 0.1% | epoch: 1 | remaining: 261s    
step 00057 (12.8%) | loss: 6.044969 | lrm: 1.00 | dt: 843ms | tok/sec: 19,443 | mfu: 0.1% | epoch: 1 | remaining: 261s    
step 00058 (13.1%) | loss: 6.036266 | lrm: 1.00 | dt: 830ms | tok/sec: 19,748 | mfu: 0.1% | epoch: 1 | remaining: 260s    
step 00059 (13.4%) | loss: 6.028975 | lrm: 1.00 | dt: 844ms | tok/sec: 19,412 | mfu: 0.1% | epoch: 1 | remaining: 259s    
step 00060 (13.7%) | loss: 6.031841 | lrm: 1.00 | dt: 857ms | tok/sec: 19,121 | mfu: 0.1% | epoch: 1 | remaining: 258s    
step 00061 (14.0%) | loss: 6.019921 | lrm: 1.00 | dt: 818ms | tok/sec: 20,026 | mfu: 0.1% | epoch: 1 | remaining: 257s    
step 00062 (14.2%) | loss: 6.002963 | lrm: 1.00 | dt: 837ms | tok/sec: 19,585 | mfu: 0.1% | epoch: 1 | remaining: 256s    
step 00063 (14.5%) | loss: 5.975735 | lrm: 1.00 | dt: 842ms | tok/sec: 19,465 | mfu: 0.1% | epoch: 1 | remaining: 256s    
step 00064 (14.8%) | loss: 5.978916 | lrm: 1.00 | dt: 841ms | tok/sec: 19,475 | mfu: 0.1% | epoch: 1 | remaining: 255s    
step 00065 (15.1%) | loss: 5.972236 | lrm: 1.00 | dt: 823ms | tok/sec: 19,911 | mfu: 0.1% | epoch: 1 | remaining: 254s    
step 00066 (15.4%) | loss: 5.961032 | lrm: 1.00 | dt: 849ms | tok/sec: 19,287 | mfu: 0.1% | epoch: 1 | remaining: 253s    
step 00067 (15.6%) | loss: 5.959338 | lrm: 1.00 | dt: 847ms | tok/sec: 19,338 | mfu: 0.1% | epoch: 1 | remaining: 252s    
step 00068 (15.9%) | loss: 5.946167 | lrm: 1.00 | dt: 826ms | tok/sec: 19,830 | mfu: 0.1% | epoch: 1 | remaining: 251s    
step 00069 (16.2%) | loss: 5.937009 | lrm: 1.00 | dt: 842ms | tok/sec: 19,468 | mfu: 0.1% | epoch: 1 | remaining: 251s    
step 00070 (16.5%) | loss: 5.935074 | lrm: 1.00 | dt: 847ms | tok/sec: 19,354 | mfu: 0.1% | epoch: 1 | remaining: 250s    
step 00071 (16.8%) | loss: 5.929086 | lrm: 1.00 | dt: 850ms | tok/sec: 19,267 | mfu: 0.1% | epoch: 1 | remaining: 249s    
step 00072 (17.0%) | loss: 5.926941 | lrm: 1.00 | dt: 821ms | tok/sec: 19,956 | mfu: 0.1% | epoch: 1 | remaining: 248s    
step 00073 (17.3%) | loss: 5.931937 | lrm: 1.00 | dt: 849ms | tok/sec: 19,300 | mfu: 0.1% | epoch: 1 | remaining: 247s    
step 00074 (17.6%) | loss: 5.926111 | lrm: 1.00 | dt: 832ms | tok/sec: 19,689 | mfu: 0.1% | epoch: 1 | remaining: 246s    
step 00075 (17.9%) | loss: 5.916483 | lrm: 1.00 | dt: 830ms | tok/sec: 19,729 | mfu: 0.1% | epoch: 1 | remaining: 246s    
step 00076 (18.2%) | loss: 5.907470 | lrm: 1.00 | dt: 847ms | tok/sec: 19,336 | mfu: 0.1% | epoch: 1 | remaining: 245s    
step 00077 (18.4%) | loss: 5.893742 | lrm: 1.00 | dt: 842ms | tok/sec: 19,464 | mfu: 0.1% | epoch: 1 | remaining: 244s    
step 00078 (18.7%) | loss: 5.877784 | lrm: 1.00 | dt: 823ms | tok/sec: 19,910 | mfu: 0.1% | epoch: 1 | remaining: 243s    
step 00079 (19.0%) | loss: 5.893988 | lrm: 1.00 | dt: 841ms | tok/sec: 19,478 | mfu: 0.1% | epoch: 1 | remaining: 242s    
step 00080 (19.3%) | loss: 5.888454 | lrm: 1.00 | dt: 837ms | tok/sec: 19,574 | mfu: 0.1% | epoch: 1 | remaining: 241s    
step 00081 (19.6%) | loss: 5.880235 | lrm: 1.00 | dt: 858ms | tok/sec: 19,090 | mfu: 0.1% | epoch: 1 | remaining: 240s    
step 00082 (19.8%) | loss: 5.876081 | lrm: 1.00 | dt: 825ms | tok/sec: 19,857 | mfu: 0.1% | epoch: 1 | remaining: 240s    
step 00083 (20.1%) | loss: 5.868429 | lrm: 1.00 | dt: 832ms | tok/sec: 19,690 | mfu: 0.1% | epoch: 1 | remaining: 239s    
step 00084 (20.4%) | loss: 5.854714 | lrm: 1.00 | dt: 844ms | tok/sec: 19,406 | mfu: 0.1% | epoch: 1 | remaining: 238s    
step 00085 (20.7%) | loss: 5.840855 | lrm: 1.00 | dt: 816ms | tok/sec: 20,068 | mfu: 0.1% | epoch: 1 | remaining: 237s    
step 00086 (20.9%) | loss: 5.828040 | lrm: 1.00 | dt: 831ms | tok/sec: 19,714 | mfu: 0.1% | epoch: 1 | remaining: 236s    
step 00087 (21.2%) | loss: 5.796336 | lrm: 1.00 | dt: 840ms | tok/sec: 19,501 | mfu: 0.1% | epoch: 1 | remaining: 235s    
step 00088 (21.5%) | loss: 5.785761 | lrm: 1.00 | dt: 837ms | tok/sec: 19,583 | mfu: 0.1% | epoch: 1 | remaining: 235s    
step 00089 (21.8%) | loss: 5.779247 | lrm: 1.00 | dt: 820ms | tok/sec: 19,973 | mfu: 0.1% | epoch: 1 | remaining: 234s    
step 00090 (22.1%) | loss: 5.775216 | lrm: 1.00 | dt: 848ms | tok/sec: 19,329 | mfu: 0.1% | epoch: 1 | remaining: 233s    
step 00091 (22.3%) | loss: 5.755357 | lrm: 1.00 | dt: 846ms | tok/sec: 19,360 | mfu: 0.1% | epoch: 1 | remaining: 232s    
step 00092 (22.6%) | loss: 5.737909 | lrm: 1.00 | dt: 819ms | tok/sec: 19,994 | mfu: 0.1% | epoch: 1 | remaining: 231s    
step 00093 (22.9%) | loss: 5.730038 | lrm: 1.00 | dt: 850ms | tok/sec: 19,284 | mfu: 0.1% | epoch: 1 | remaining: 230s    
step 00094 (23.2%) | loss: 5.734723 | lrm: 1.00 | dt: 851ms | tok/sec: 19,253 | mfu: 0.1% | epoch: 1 | remaining: 230s    
step 00095 (23.5%) | loss: 5.753544 | lrm: 1.00 | dt: 837ms | tok/sec: 19,567 | mfu: 0.1% | epoch: 1 | remaining: 229s    
step 00096 (23.7%) | loss: 5.754669 | lrm: 1.00 | dt: 826ms | tok/sec: 19,833 | mfu: 0.1% | epoch: 1 | remaining: 228s    
step 00097 (24.0%) | loss: 5.745896 | lrm: 1.00 | dt: 840ms | tok/sec: 19,515 | mfu: 0.1% | epoch: 1 | remaining: 227s    
step 00098 (24.3%) | loss: 5.755198 | lrm: 1.00 | dt: 837ms | tok/sec: 19,563 | mfu: 0.1% | epoch: 1 | remaining: 226s    
step 00099 (24.6%) | loss: 5.748023 | lrm: 1.00 | dt: 838ms | tok/sec: 19,558 | mfu: 0.1% | epoch: 1 | remaining: 225s    
step 00100 (24.8%) | loss: 5.743799 | lrm: 1.00 | dt: 832ms | tok/sec: 19,696 | mfu: 0.1% | epoch: 1 | remaining: 225s    
step 00101 (25.1%) | loss: 5.733402 | lrm: 1.00 | dt: 846ms | tok/sec: 19,362 | mfu: 0.1% | epoch: 1 | remaining: 224s    
step 00102 (25.4%) | loss: 5.744891 | lrm: 1.00 | dt: 837ms | tok/sec: 19,566 | mfu: 0.1% | epoch: 1 | remaining: 223s    
step 00103 (25.7%) | loss: 5.754573 | lrm: 1.00 | dt: 823ms | tok/sec: 19,913 | mfu: 0.1% | epoch: 1 | remaining: 222s    
step 00104 (26.0%) | loss: 5.757880 | lrm: 1.00 | dt: 836ms | tok/sec: 19,600 | mfu: 0.1% | epoch: 1 | remaining: 221s    
step 00105 (26.2%) | loss: 5.753964 | lrm: 1.00 | dt: 842ms | tok/sec: 19,461 | mfu: 0.1% | epoch: 1 | remaining: 220s    
step 00106 (26.5%) | loss: 5.734757 | lrm: 1.00 | dt: 832ms | tok/sec: 19,680 | mfu: 0.1% | epoch: 1 | remaining: 220s    
step 00107 (26.8%) | loss: 5.735403 | lrm: 1.00 | dt: 789ms | tok/sec: 20,758 | mfu: 0.1% | epoch: 1 | remaining: 219s    
step 00108 (27.1%) | loss: 5.715436 | lrm: 1.00 | dt: 840ms | tok/sec: 19,502 | mfu: 0.1% | epoch: 1 | remaining: 218s    
step 00109 (27.3%) | loss: 5.715350 | lrm: 1.00 | dt: 852ms | tok/sec: 19,234 | mfu: 0.1% | epoch: 1 | remaining: 217s    
step 00110 (27.6%) | loss: 5.725214 | lrm: 1.00 | dt: 814ms | tok/sec: 20,117 | mfu: 0.1% | epoch: 1 | remaining: 216s    
step 00111 (27.9%) | loss: 5.730315 | lrm: 1.00 | dt: 841ms | tok/sec: 19,491 | mfu: 0.1% | epoch: 1 | remaining: 215s    
step 00112 (28.2%) | loss: 5.731450 | lrm: 1.00 | dt: 843ms | tok/sec: 19,438 | mfu: 0.1% | epoch: 1 | remaining: 215s    
step 00113 (28.5%) | loss: 5.707988 | lrm: 1.00 | dt: 840ms | tok/sec: 19,508 | mfu: 0.1% | epoch: 1 | remaining: 214s    
step 00114 (28.7%) | loss: 5.707998 | lrm: 1.00 | dt: 827ms | tok/sec: 19,809 | mfu: 0.1% | epoch: 1 | remaining: 213s    
step 00115 (29.0%) | loss: 5.716269 | lrm: 1.00 | dt: 841ms | tok/sec: 19,484 | mfu: 0.1% | epoch: 1 | remaining: 212s    
step 00116 (29.3%) | loss: 5.733638 | lrm: 1.00 | dt: 835ms | tok/sec: 19,623 | mfu: 0.1% | epoch: 1 | remaining: 211s    
step 00117 (29.6%) | loss: 5.709375 | lrm: 1.00 | dt: 841ms | tok/sec: 19,474 | mfu: 0.1% | epoch: 1 | remaining: 210s    
step 00118 (29.9%) | loss: 5.675241 | lrm: 1.00 | dt: 668ms | tok/sec: 24,543 | mfu: 0.1% | epoch: 1 | remaining: 210s    
step 00119 (30.1%) | loss: 5.673281 | lrm: 1.00 | dt: 397ms | tok/sec: 41,300 | mfu: 0.2% | epoch: 1 | remaining: 209s    
step 00120 (30.2%) | loss: 5.657784 | lrm: 1.00 | dt: 400ms | tok/sec: 40,965 | mfu: 0.2% | epoch: 1 | remaining: 209s    
step 00121 (30.3%) | loss: 5.657705 | lrm: 1.00 | dt: 402ms | tok/sec: 40,802 | mfu: 0.2% | epoch: 1 | remaining: 209s    
step 00122 (30.5%) | loss: 5.662785 | lrm: 1.00 | dt: 403ms | tok/sec: 40,644 | mfu: 0.2% | epoch: 1 | remaining: 208s    
step 00123 (30.6%) | loss: 5.645029 | lrm: 1.00 | dt: 395ms | tok/sec: 41,441 | mfu: 0.2% | epoch: 1 | remaining: 208s    
step 00124 (30.7%) | loss: 5.635829 | lrm: 1.00 | dt: 400ms | tok/sec: 40,953 | mfu: 0.2% | epoch: 1 | remaining: 207s    
step 00125 (30.9%) | loss: 5.632454 | lrm: 1.00 | dt: 407ms | tok/sec: 40,254 | mfu: 0.2% | epoch: 1 | remaining: 207s    
step 00126 (31.0%) | loss: 5.642597 | lrm: 1.00 | dt: 397ms | tok/sec: 41,315 | mfu: 0.2% | epoch: 1 | remaining: 207s    
step 00127 (31.1%) | loss: 5.627326 | lrm: 1.00 | dt: 404ms | tok/sec: 40,568 | mfu: 0.2% | epoch: 1 | remaining: 206s    
step 00128 (31.3%) | loss: 5.618058 | lrm: 1.00 | dt: 393ms | tok/sec: 41,685 | mfu: 0.2% | epoch: 1 | remaining: 206s    
step 00129 (31.4%) | loss: 5.619733 | lrm: 1.00 | dt: 395ms | tok/sec: 41,436 | mfu: 0.2% | epoch: 1 | remaining: 205s    
step 00130 (31.5%) | loss: 5.658219 | lrm: 1.00 | dt: 402ms | tok/sec: 40,758 | mfu: 0.2% | epoch: 1 | remaining: 205s    
step 00131 (31.7%) | loss: 5.647191 | lrm: 1.00 | dt: 395ms | tok/sec: 41,478 | mfu: 0.2% | epoch: 1 | remaining: 205s    
step 00132 (31.8%) | loss: 5.664385 | lrm: 1.00 | dt: 402ms | tok/sec: 40,731 | mfu: 0.2% | epoch: 1 | remaining: 204s    
step 00133 (31.9%) | loss: 5.662934 | lrm: 1.00 | dt: 395ms | tok/sec: 41,458 | mfu: 0.2% | epoch: 1 | remaining: 204s    
step 00134 (32.1%) | loss: 5.654181 | lrm: 1.00 | dt: 400ms | tok/sec: 40,949 | mfu: 0.2% | epoch: 1 | remaining: 203s    
step 00135 (32.2%) | loss: 5.649280 | lrm: 1.00 | dt: 415ms | tok/sec: 39,446 | mfu: 0.2% | epoch: 1 | remaining: 203s    
step 00136 (32.3%) | loss: 5.629110 | lrm: 1.00 | dt: 393ms | tok/sec: 41,723 | mfu: 0.2% | epoch: 1 | remaining: 203s    
step 00137 (32.5%) | loss: 5.626096 | lrm: 1.00 | dt: 403ms | tok/sec: 40,662 | mfu: 0.2% | epoch: 1 | remaining: 202s    
step 00138 (32.6%) | loss: 5.635716 | lrm: 1.00 | dt: 394ms | tok/sec: 41,591 | mfu: 0.2% | epoch: 1 | remaining: 202s    
step 00139 (32.7%) | loss: 5.648207 | lrm: 1.00 | dt: 398ms | tok/sec: 41,153 | mfu: 0.2% | epoch: 1 | remaining: 201s    
step 00140 (32.9%) | loss: 5.629157 | lrm: 1.00 | dt: 410ms | tok/sec: 39,999 | mfu: 0.2% | epoch: 1 | remaining: 201s    
step 00141 (33.0%) | loss: 5.621519 | lrm: 1.00 | dt: 395ms | tok/sec: 41,433 | mfu: 0.2% | epoch: 1 | remaining: 201s    
step 00142 (33.1%) | loss: 5.612920 | lrm: 1.00 | dt: 402ms | tok/sec: 40,751 | mfu: 0.2% | epoch: 1 | remaining: 200s    
step 00143 (33.3%) | loss: 5.629694 | lrm: 1.00 | dt: 394ms | tok/sec: 41,538 | mfu: 0.2% | epoch: 1 | remaining: 200s    
step 00144 (33.4%) | loss: 5.625908 | lrm: 1.00 | dt: 399ms | tok/sec: 41,032 | mfu: 0.2% | epoch: 1 | remaining: 199s    
step 00145 (33.5%) | loss: 5.632740 | lrm: 1.00 | dt: 407ms | tok/sec: 40,243 | mfu: 0.2% | epoch: 1 | remaining: 199s    
step 00146 (33.7%) | loss: 5.620299 | lrm: 1.00 | dt: 398ms | tok/sec: 41,192 | mfu: 0.2% | epoch: 1 | remaining: 199s    
step 00147 (33.8%) | loss: 5.610620 | lrm: 1.00 | dt: 405ms | tok/sec: 40,422 | mfu: 0.2% | epoch: 1 | remaining: 198s    
step 00148 (33.9%) | loss: 5.595453 | lrm: 1.00 | dt: 395ms | tok/sec: 41,446 | mfu: 0.2% | epoch: 1 | remaining: 198s    
step 00149 (34.1%) | loss: 5.582004 | lrm: 1.00 | dt: 397ms | tok/sec: 41,271 | mfu: 0.2% | epoch: 1 | remaining: 197s    
step 00150 (34.2%) | loss: 5.591967 | lrm: 1.00 | dt: 410ms | tok/sec: 39,993 | mfu: 0.2% | epoch: 1 | remaining: 197s    
step 00151 (34.3%) | loss: 5.587095 | lrm: 1.00 | dt: 394ms | tok/sec: 41,582 | mfu: 0.2% | epoch: 1 | remaining: 197s    
step 00152 (34.5%) | loss: 5.613370 | lrm: 1.00 | dt: 405ms | tok/sec: 40,482 | mfu: 0.2% | epoch: 1 | remaining: 196s    
step 00153 (34.6%) | loss: 5.597016 | lrm: 1.00 | dt: 400ms | tok/sec: 40,982 | mfu: 0.2% | epoch: 1 | remaining: 196s    
step 00154 (34.7%) | loss: 5.571568 | lrm: 1.00 | dt: 403ms | tok/sec: 40,605 | mfu: 0.2% | epoch: 1 | remaining: 195s    
step 00155 (34.9%) | loss: 5.574713 | lrm: 1.00 | dt: 406ms | tok/sec: 40,336 | mfu: 0.2% | epoch: 1 | remaining: 195s    
step 00156 (35.0%) | loss: 5.560504 | lrm: 1.00 | dt: 400ms | tok/sec: 40,981 | mfu: 0.2% | epoch: 1 | remaining: 195s    
step 00157 (35.1%) | loss: 5.546496 | lrm: 1.00 | dt: 406ms | tok/sec: 40,362 | mfu: 0.2% | epoch: 1 | remaining: 194s    
step 00158 (35.3%) | loss: 5.522216 | lrm: 1.00 | dt: 393ms | tok/sec: 41,705 | mfu: 0.2% | epoch: 1 | remaining: 194s    
step 00159 (35.4%) | loss: 5.516974 | lrm: 1.00 | dt: 395ms | tok/sec: 41,490 | mfu: 0.2% | epoch: 1 | remaining: 193s    
step 00160 (35.5%) | loss: 5.534661 | lrm: 1.00 | dt: 409ms | tok/sec: 40,061 | mfu: 0.2% | epoch: 1 | remaining: 193s    
step 00161 (35.7%) | loss: 5.536064 | lrm: 1.00 | dt: 396ms | tok/sec: 41,369 | mfu: 0.2% | epoch: 1 | remaining: 193s    
step 00162 (35.8%) | loss: 5.532445 | lrm: 1.00 | dt: 405ms | tok/sec: 40,435 | mfu: 0.2% | epoch: 1 | remaining: 192s    
step 00163 (35.9%) | loss: 5.521494 | lrm: 1.00 | dt: 395ms | tok/sec: 41,488 | mfu: 0.2% | epoch: 1 | remaining: 192s    
step 00164 (36.1%) | loss: 5.520047 | lrm: 1.00 | dt: 397ms | tok/sec: 41,293 | mfu: 0.2% | epoch: 1 | remaining: 191s    
step 00165 (36.2%) | loss: 5.523485 | lrm: 1.00 | dt: 402ms | tok/sec: 40,759 | mfu: 0.2% | epoch: 1 | remaining: 191s    
step 00166 (36.3%) | loss: 5.523688 | lrm: 1.00 | dt: 396ms | tok/sec: 41,413 | mfu: 0.2% | epoch: 1 | remaining: 191s    
step 00167 (36.5%) | loss: 5.517483 | lrm: 1.00 | dt: 406ms | tok/sec: 40,309 | mfu: 0.2% | epoch: 1 | remaining: 190s    
step 00168 (36.6%) | loss: 5.515588 | lrm: 1.00 | dt: 394ms | tok/sec: 41,563 | mfu: 0.2% | epoch: 1 | remaining: 190s    
step 00169 (36.7%) | loss: 5.498467 | lrm: 1.00 | dt: 398ms | tok/sec: 41,202 | mfu: 0.2% | epoch: 1 | remaining: 189s    
step 00170 (36.9%) | loss: 5.497076 | lrm: 1.00 | dt: 408ms | tok/sec: 40,190 | mfu: 0.2% | epoch: 1 | remaining: 189s    
step 00171 (37.0%) | loss: 5.497033 | lrm: 1.00 | dt: 395ms | tok/sec: 41,430 | mfu: 0.2% | epoch: 1 | remaining: 189s    
step 00172 (37.1%) | loss: 5.492299 | lrm: 1.00 | dt: 405ms | tok/sec: 40,491 | mfu: 0.2% | epoch: 1 | remaining: 188s    
step 00173 (37.3%) | loss: 5.488398 | lrm: 1.00 | dt: 396ms | tok/sec: 41,372 | mfu: 0.2% | epoch: 1 | remaining: 188s    
step 00174 (37.4%) | loss: 5.497992 | lrm: 1.00 | dt: 395ms | tok/sec: 41,465 | mfu: 0.2% | epoch: 1 | remaining: 187s    
step 00175 (37.5%) | loss: 5.497664 | lrm: 1.00 | dt: 407ms | tok/sec: 40,271 | mfu: 0.2% | epoch: 1 | remaining: 187s    
step 00176 (37.7%) | loss: 5.491267 | lrm: 1.00 | dt: 396ms | tok/sec: 41,414 | mfu: 0.2% | epoch: 1 | remaining: 187s    
step 00177 (37.8%) | loss: 5.498479 | lrm: 1.00 | dt: 407ms | tok/sec: 40,294 | mfu: 0.2% | epoch: 1 | remaining: 186s    
step 00178 (37.9%) | loss: 5.504945 | lrm: 1.00 | dt: 393ms | tok/sec: 41,705 | mfu: 0.2% | epoch: 1 | remaining: 186s    
step 00179 (38.1%) | loss: 5.499380 | lrm: 1.00 | dt: 395ms | tok/sec: 41,496 | mfu: 0.2% | epoch: 1 | remaining: 185s    
step 00180 (38.2%) | loss: 5.489124 | lrm: 1.00 | dt: 408ms | tok/sec: 40,136 | mfu: 0.2% | epoch: 1 | remaining: 185s    
step 00181 (38.3%) | loss: 5.472635 | lrm: 1.00 | dt: 394ms | tok/sec: 41,593 | mfu: 0.2% | epoch: 1 | remaining: 185s    
step 00182 (38.5%) | loss: 5.466942 | lrm: 1.00 | dt: 406ms | tok/sec: 40,329 | mfu: 0.2% | epoch: 1 | remaining: 184s    
step 00183 (38.6%) | loss: 5.478150 | lrm: 1.00 | dt: 395ms | tok/sec: 41,529 | mfu: 0.2% | epoch: 1 | remaining: 184s    
step 00184 (38.7%) | loss: 5.482981 | lrm: 1.00 | dt: 402ms | tok/sec: 40,774 | mfu: 0.2% | epoch: 1 | remaining: 183s    
step 00185 (38.9%) | loss: 5.473989 | lrm: 1.00 | dt: 416ms | tok/sec: 39,340 | mfu: 0.2% | epoch: 1 | remaining: 183s    
step 00186 (39.0%) | loss: 5.488282 | lrm: 1.00 | dt: 391ms | tok/sec: 41,849 | mfu: 0.2% | epoch: 1 | remaining: 183s    
step 00187 (39.1%) | loss: 5.502448 | lrm: 1.00 | dt: 403ms | tok/sec: 40,625 | mfu: 0.2% | epoch: 1 | remaining: 182s    
step 00188 (39.3%) | loss: 5.476998 | lrm: 1.00 | dt: 396ms | tok/sec: 41,422 | mfu: 0.2% | epoch: 1 | remaining: 182s    
step 00189 (39.4%) | loss: 5.464562 | lrm: 1.00 | dt: 398ms | tok/sec: 41,131 | mfu: 0.2% | epoch: 1 | remaining: 181s    
step 00190 (39.5%) | loss: 5.464613 | lrm: 1.00 | dt: 410ms | tok/sec: 39,949 | mfu: 0.2% | epoch: 1 | remaining: 181s    
step 00191 (39.7%) | loss: 5.463484 | lrm: 1.00 | dt: 395ms | tok/sec: 41,508 | mfu: 0.2% | epoch: 1 | remaining: 181s    
step 00192 (39.8%) | loss: 5.463045 | lrm: 1.00 | dt: 405ms | tok/sec: 40,419 | mfu: 0.2% | epoch: 1 | remaining: 180s    
step 00193 (39.9%) | loss: 5.446010 | lrm: 1.00 | dt: 393ms | tok/sec: 41,706 | mfu: 0.2% | epoch: 1 | remaining: 180s    
step 00194 (40.1%) | loss: 5.425575 | lrm: 1.00 | dt: 396ms | tok/sec: 41,355 | mfu: 0.2% | epoch: 1 | remaining: 179s    
step 00195 (40.2%) | loss: 5.463755 | lrm: 1.00 | dt: 404ms | tok/sec: 40,597 | mfu: 0.2% | epoch: 1 | remaining: 179s    
step 00196 (40.3%) | loss: 5.450807 | lrm: 1.00 | dt: 395ms | tok/sec: 41,443 | mfu: 0.2% | epoch: 1 | remaining: 179s    
step 00197 (40.5%) | loss: 5.438393 | lrm: 1.00 | dt: 406ms | tok/sec: 40,381 | mfu: 0.2% | epoch: 1 | remaining: 178s    
step 00198 (40.6%) | loss: 5.428790 | lrm: 1.00 | dt: 395ms | tok/sec: 41,506 | mfu: 0.2% | epoch: 1 | remaining: 178s    
step 00199 (40.7%) | loss: 5.404600 | lrm: 1.00 | dt: 404ms | tok/sec: 40,568 | mfu: 0.2% | epoch: 1 | remaining: 177s    
step 00200 (40.9%) | loss: 5.395454 | lrm: 1.00 | dt: 418ms | tok/sec: 39,216 | mfu: 0.2% | epoch: 1 | remaining: 177s    
step 00201 (41.0%) | loss: 5.390415 | lrm: 1.00 | dt: 395ms | tok/sec: 41,458 | mfu: 0.2% | epoch: 1 | remaining: 177s    
step 00202 (41.2%) | loss: 5.388873 | lrm: 1.00 | dt: 402ms | tok/sec: 40,785 | mfu: 0.2% | epoch: 1 | remaining: 176s    
step 00203 (41.3%) | loss: 5.388477 | lrm: 1.00 | dt: 394ms | tok/sec: 41,534 | mfu: 0.2% | epoch: 1 | remaining: 176s    
step 00204 (41.4%) | loss: 5.387488 | lrm: 1.00 | dt: 399ms | tok/sec: 41,096 | mfu: 0.2% | epoch: 1 | remaining: 175s    
step 00205 (41.5%) | loss: 5.368459 | lrm: 1.00 | dt: 401ms | tok/sec: 40,807 | mfu: 0.2% | epoch: 1 | remaining: 175s    
step 00206 (41.7%) | loss: 5.376813 | lrm: 1.00 | dt: 399ms | tok/sec: 41,041 | mfu: 0.2% | epoch: 1 | remaining: 175s    
step 00207 (41.8%) | loss: 5.381798 | lrm: 1.00 | dt: 400ms | tok/sec: 40,938 | mfu: 0.2% | epoch: 1 | remaining: 174s    
step 00208 (41.9%) | loss: 5.383170 | lrm: 1.00 | dt: 393ms | tok/sec: 41,685 | mfu: 0.2% | epoch: 1 | remaining: 174s    
step 00209 (42.1%) | loss: 5.391274 | lrm: 1.00 | dt: 397ms | tok/sec: 41,225 | mfu: 0.2% | epoch: 1 | remaining: 173s    
step 00210 (42.2%) | loss: 5.386999 | lrm: 1.00 | dt: 404ms | tok/sec: 40,574 | mfu: 0.2% | epoch: 1 | remaining: 173s    
step 00211 (42.3%) | loss: 5.384216 | lrm: 1.00 | dt: 395ms | tok/sec: 41,518 | mfu: 0.2% | epoch: 1 | remaining: 173s    
step 00212 (42.5%) | loss: 5.394251 | lrm: 1.00 | dt: 405ms | tok/sec: 40,437 | mfu: 0.2% | epoch: 1 | remaining: 172s    
step 00213 (42.6%) | loss: 5.396859 | lrm: 1.00 | dt: 394ms | tok/sec: 41,594 | mfu: 0.2% | epoch: 1 | remaining: 172s    
step 00214 (42.7%) | loss: 5.369978 | lrm: 1.00 | dt: 397ms | tok/sec: 41,306 | mfu: 0.2% | epoch: 1 | remaining: 171s    
step 00215 (42.9%) | loss: 5.350338 | lrm: 1.00 | dt: 411ms | tok/sec: 39,878 | mfu: 0.2% | epoch: 1 | remaining: 171s    
step 00216 (43.0%) | loss: 5.355125 | lrm: 1.00 | dt: 395ms | tok/sec: 41,497 | mfu: 0.2% | epoch: 1 | remaining: 171s    
step 00217 (43.1%) | loss: 5.370409 | lrm: 1.00 | dt: 402ms | tok/sec: 40,788 | mfu: 0.2% | epoch: 1 | remaining: 170s    
step 00218 (43.3%) | loss: 5.375467 | lrm: 1.00 | dt: 393ms | tok/sec: 41,670 | mfu: 0.2% | epoch: 1 | remaining: 170s    
step 00219 (43.4%) | loss: 5.372960 | lrm: 1.00 | dt: 404ms | tok/sec: 40,515 | mfu: 0.2% | epoch: 1 | remaining: 169s    
step 00220 (43.5%) | loss: 5.366164 | lrm: 1.00 | dt: 416ms | tok/sec: 39,358 | mfu: 0.2% | epoch: 1 | remaining: 169s    
step 00221 (43.7%) | loss: 5.382178 | lrm: 1.00 | dt: 393ms | tok/sec: 41,645 | mfu: 0.2% | epoch: 1 | remaining: 169s    
step 00222 (43.8%) | loss: 5.367970 | lrm: 1.00 | dt: 412ms | tok/sec: 39,797 | mfu: 0.2% | epoch: 1 | remaining: 168s    
step 00223 (44.0%) | loss: 5.372451 | lrm: 1.00 | dt: 393ms | tok/sec: 41,660 | mfu: 0.2% | epoch: 1 | remaining: 168s    
step 00224 (44.1%) | loss: 5.376656 | lrm: 1.00 | dt: 393ms | tok/sec: 41,670 | mfu: 0.2% | epoch: 1 | remaining: 167s    
step 00225 (44.2%) | loss: 5.400248 | lrm: 1.00 | dt: 401ms | tok/sec: 40,907 | mfu: 0.2% | epoch: 1 | remaining: 167s    
step 00226 (44.3%) | loss: 5.406273 | lrm: 1.00 | dt: 395ms | tok/sec: 41,485 | mfu: 0.2% | epoch: 1 | remaining: 167s    
step 00227 (44.5%) | loss: 5.397375 | lrm: 1.00 | dt: 403ms | tok/sec: 40,678 | mfu: 0.2% | epoch: 1 | remaining: 166s    
step 00228 (44.6%) | loss: 5.398154 | lrm: 1.00 | dt: 394ms | tok/sec: 41,588 | mfu: 0.2% | epoch: 1 | remaining: 166s    
step 00229 (44.7%) | loss: 5.409509 | lrm: 1.00 | dt: 397ms | tok/sec: 41,256 | mfu: 0.2% | epoch: 1 | remaining: 165s    
step 00230 (44.9%) | loss: 5.386538 | lrm: 1.00 | dt: 401ms | tok/sec: 40,807 | mfu: 0.2% | epoch: 1 | remaining: 165s    
step 00231 (45.0%) | loss: 5.374018 | lrm: 1.00 | dt: 394ms | tok/sec: 41,540 | mfu: 0.2% | epoch: 1 | remaining: 165s    
step 00232 (45.1%) | loss: 5.354409 | lrm: 1.00 | dt: 404ms | tok/sec: 40,581 | mfu: 0.2% | epoch: 1 | remaining: 164s    
step 00233 (45.3%) | loss: 5.342951 | lrm: 1.00 | dt: 395ms | tok/sec: 41,475 | mfu: 0.2% | epoch: 1 | remaining: 164s    
step 00234 (45.4%) | loss: 5.327827 | lrm: 1.00 | dt: 395ms | tok/sec: 41,505 | mfu: 0.2% | epoch: 1 | remaining: 163s    
step 00235 (45.5%) | loss: 5.329078 | lrm: 1.00 | dt: 404ms | tok/sec: 40,528 | mfu: 0.2% | epoch: 1 | remaining: 163s    
step 00236 (45.7%) | loss: 5.309810 | lrm: 1.00 | dt: 396ms | tok/sec: 41,411 | mfu: 0.2% | epoch: 1 | remaining: 163s    
step 00237 (45.8%) | loss: 5.315632 | lrm: 1.00 | dt: 405ms | tok/sec: 40,437 | mfu: 0.2% | epoch: 1 | remaining: 162s    
step 00238 (45.9%) | loss: 5.312683 | lrm: 1.00 | dt: 394ms | tok/sec: 41,568 | mfu: 0.2% | epoch: 1 | remaining: 162s    
step 00239 (46.1%) | loss: 5.317147 | lrm: 1.00 | dt: 400ms | tok/sec: 40,995 | mfu: 0.2% | epoch: 1 | remaining: 161s    
step 00240 (46.2%) | loss: 5.316917 | lrm: 1.00 | dt: 405ms | tok/sec: 40,456 | mfu: 0.2% | epoch: 1 | remaining: 161s    
step 00241 (46.3%) | loss: 5.304851 | lrm: 1.00 | dt: 393ms | tok/sec: 41,645 | mfu: 0.2% | epoch: 1 | remaining: 161s    
step 00242 (46.5%) | loss: 5.303148 | lrm: 1.00 | dt: 400ms | tok/sec: 40,943 | mfu: 0.2% | epoch: 1 | remaining: 160s    
step 00243 (46.6%) | loss: 5.305256 | lrm: 1.00 | dt: 395ms | tok/sec: 41,444 | mfu: 0.2% | epoch: 1 | remaining: 160s    
step 00244 (46.7%) | loss: 5.297441 | lrm: 1.00 | dt: 397ms | tok/sec: 41,301 | mfu: 0.2% | epoch: 1 | remaining: 159s    
step 00245 (46.9%) | loss: 5.286806 | lrm: 1.00 | dt: 404ms | tok/sec: 40,544 | mfu: 0.2% | epoch: 1 | remaining: 159s    
step 00246 (47.0%) | loss: 5.297896 | lrm: 1.00 | dt: 398ms | tok/sec: 41,179 | mfu: 0.2% | epoch: 1 | remaining: 159s    
step 00247 (47.1%) | loss: 5.289203 | lrm: 1.00 | dt: 404ms | tok/sec: 40,601 | mfu: 0.2% | epoch: 1 | remaining: 158s    
step 00248 (47.3%) | loss: 5.287692 | lrm: 1.00 | dt: 400ms | tok/sec: 41,003 | mfu: 0.2% | epoch: 1 | remaining: 158s    
step 00249 (47.4%) | loss: 5.271569 | lrm: 1.00 | dt: 398ms | tok/sec: 41,200 | mfu: 0.2% | epoch: 1 | remaining: 157s    
step 00250 (47.5%) | loss: 5.268222 | lrm: 1.00 | dt: 412ms | tok/sec: 39,803 | mfu: 0.2% | epoch: 1 | remaining: 157s    
step 00251 (47.7%) | loss: 5.286292 | lrm: 1.00 | dt: 396ms | tok/sec: 41,402 | mfu: 0.2% | epoch: 1 | remaining: 157s    
step 00252 (47.8%) | loss: 5.267679 | lrm: 1.00 | dt: 405ms | tok/sec: 40,417 | mfu: 0.2% | epoch: 1 | remaining: 156s    
step 00253 (47.9%) | loss: 5.276568 | lrm: 1.00 | dt: 395ms | tok/sec: 41,477 | mfu: 0.2% | epoch: 1 | remaining: 156s    
step 00254 (48.1%) | loss: 5.271688 | lrm: 1.00 | dt: 399ms | tok/sec: 41,104 | mfu: 0.2% | epoch: 1 | remaining: 155s    
step 00255 (48.2%) | loss: 5.284761 | lrm: 1.00 | dt: 400ms | tok/sec: 40,986 | mfu: 0.2% | epoch: 1 | remaining: 155s    
step 00256 (48.3%) | loss: 5.266548 | lrm: 1.00 | dt: 396ms | tok/sec: 41,346 | mfu: 0.2% | epoch: 1 | remaining: 155s    
step 00257 (48.5%) | loss: 5.250623 | lrm: 1.00 | dt: 403ms | tok/sec: 40,627 | mfu: 0.2% | epoch: 1 | remaining: 154s    
step 00258 (48.6%) | loss: 5.237730 | lrm: 1.00 | dt: 397ms | tok/sec: 41,245 | mfu: 0.2% | epoch: 1 | remaining: 154s    
step 00259 (48.7%) | loss: 5.229210 | lrm: 1.00 | dt: 398ms | tok/sec: 41,150 | mfu: 0.2% | epoch: 1 | remaining: 153s    
step 00260 (48.9%) | loss: 5.234507 | lrm: 1.00 | dt: 409ms | tok/sec: 40,106 | mfu: 0.2% | epoch: 1 | remaining: 153s    
step 00261 (49.0%) | loss: 5.238643 | lrm: 1.00 | dt: 400ms | tok/sec: 40,917 | mfu: 0.2% | epoch: 1 | remaining: 153s    
step 00262 (49.1%) | loss: 5.233441 | lrm: 1.00 | dt: 412ms | tok/sec: 39,810 | mfu: 0.2% | epoch: 1 | remaining: 152s    
step 00263 (49.3%) | loss: 5.215199 | lrm: 1.00 | dt: 398ms | tok/sec: 41,187 | mfu: 0.2% | epoch: 1 | remaining: 152s    
step 00264 (49.4%) | loss: 5.208432 | lrm: 1.00 | dt: 394ms | tok/sec: 41,618 | mfu: 0.2% | epoch: 1 | remaining: 151s    
step 00265 (49.5%) | loss: 5.200250 | lrm: 1.00 | dt: 407ms | tok/sec: 40,237 | mfu: 0.2% | epoch: 1 | remaining: 151s    
step 00266 (49.7%) | loss: 5.209690 | lrm: 1.00 | dt: 393ms | tok/sec: 41,653 | mfu: 0.2% | epoch: 1 | remaining: 151s    
step 00267 (49.8%) | loss: 5.201294 | lrm: 1.00 | dt: 404ms | tok/sec: 40,585 | mfu: 0.2% | epoch: 1 | remaining: 150s    
step 00268 (49.9%) | loss: 5.232006 | lrm: 1.00 | dt: 395ms | tok/sec: 41,460 | mfu: 0.2% | epoch: 1 | remaining: 150s    
step 00269 (50.1%) | loss: 5.244859 | lrm: 1.00 | dt: 398ms | tok/sec: 41,161 | mfu: 0.2% | epoch: 1 | remaining: 149s    
step 00270 (50.2%) | loss: 5.247788 | lrm: 1.00 | dt: 406ms | tok/sec: 40,383 | mfu: 0.2% | epoch: 1 | remaining: 149s    
step 00271 (50.3%) | loss: 5.238289 | lrm: 1.00 | dt: 396ms | tok/sec: 41,400 | mfu: 0.2% | epoch: 1 | remaining: 149s    
step 00272 (50.5%) | loss: 5.257642 | lrm: 1.00 | dt: 404ms | tok/sec: 40,599 | mfu: 0.2% | epoch: 1 | remaining: 148s    
step 00273 (50.6%) | loss: 5.242288 | lrm: 1.00 | dt: 395ms | tok/sec: 41,433 | mfu: 0.2% | epoch: 1 | remaining: 148s    
step 00274 (50.7%) | loss: 5.245183 | lrm: 1.00 | dt: 395ms | tok/sec: 41,444 | mfu: 0.2% | epoch: 1 | remaining: 147s    
step 00275 (50.9%) | loss: 5.217632 | lrm: 1.00 | dt: 410ms | tok/sec: 39,971 | mfu: 0.2% | epoch: 1 | remaining: 147s    
step 00276 (51.0%) | loss: 5.212317 | lrm: 1.00 | dt: 393ms | tok/sec: 41,675 | mfu: 0.2% | epoch: 1 | remaining: 147s    
step 00277 (51.1%) | loss: 5.188298 | lrm: 1.00 | dt: 406ms | tok/sec: 40,355 | mfu: 0.2% | epoch: 1 | remaining: 146s    
step 00278 (51.3%) | loss: 5.180432 | lrm: 1.00 | dt: 393ms | tok/sec: 41,694 | mfu: 0.2% | epoch: 1 | remaining: 146s    
step 00279 (51.4%) | loss: 5.163272 | lrm: 1.00 | dt: 396ms | tok/sec: 41,383 | mfu: 0.2% | epoch: 1 | remaining: 145s    
step 00280 (51.5%) | loss: 5.145814 | lrm: 1.00 | dt: 413ms | tok/sec: 39,643 | mfu: 0.2% | epoch: 1 | remaining: 145s    
step 00281 (51.7%) | loss: 5.142479 | lrm: 1.00 | dt: 395ms | tok/sec: 41,497 | mfu: 0.2% | epoch: 1 | remaining: 145s    
step 00282 (51.8%) | loss: 5.121459 | lrm: 1.00 | dt: 407ms | tok/sec: 40,242 | mfu: 0.2% | epoch: 1 | remaining: 144s    
step 00283 (51.9%) | loss: 5.133986 | lrm: 1.00 | dt: 400ms | tok/sec: 40,961 | mfu: 0.2% | epoch: 1 | remaining: 144s    
step 00284 (52.1%) | loss: 5.147570 | lrm: 1.00 | dt: 401ms | tok/sec: 40,885 | mfu: 0.2% | epoch: 1 | remaining: 143s    
step 00285 (52.2%) | loss: 5.143745 | lrm: 1.00 | dt: 404ms | tok/sec: 40,504 | mfu: 0.2% | epoch: 1 | remaining: 143s    
step 00286 (52.3%) | loss: 5.149084 | lrm: 1.00 | dt: 393ms | tok/sec: 41,716 | mfu: 0.2% | epoch: 1 | remaining: 143s    
step 00287 (52.5%) | loss: 5.149688 | lrm: 1.00 | dt: 402ms | tok/sec: 40,764 | mfu: 0.2% | epoch: 1 | remaining: 142s    
step 00288 (52.6%) | loss: 5.150421 | lrm: 1.00 | dt: 396ms | tok/sec: 41,360 | mfu: 0.2% | epoch: 1 | remaining: 142s    
step 00289 (52.7%) | loss: 5.151566 | lrm: 1.00 | dt: 399ms | tok/sec: 41,063 | mfu: 0.2% | epoch: 1 | remaining: 141s    
step 00290 (52.9%) | loss: 5.159458 | lrm: 1.00 | dt: 409ms | tok/sec: 40,097 | mfu: 0.2% | epoch: 1 | remaining: 141s    
step 00291 (53.0%) | loss: 5.156041 | lrm: 1.00 | dt: 399ms | tok/sec: 41,044 | mfu: 0.2% | epoch: 1 | remaining: 141s    
step 00292 (53.1%) | loss: 5.158404 | lrm: 1.00 | dt: 406ms | tok/sec: 40,371 | mfu: 0.2% | epoch: 1 | remaining: 140s    
step 00293 (53.3%) | loss: 5.172325 | lrm: 1.00 | dt: 392ms | tok/sec: 41,769 | mfu: 0.2% | epoch: 1 | remaining: 140s    
step 00294 (53.4%) | loss: 5.178662 | lrm: 1.00 | dt: 397ms | tok/sec: 41,287 | mfu: 0.2% | epoch: 1 | remaining: 139s    
step 00295 (53.5%) | loss: 5.152010 | lrm: 1.00 | dt: 409ms | tok/sec: 40,064 | mfu: 0.2% | epoch: 1 | remaining: 139s    
step 00296 (53.7%) | loss: 5.149011 | lrm: 1.00 | dt: 396ms | tok/sec: 41,351 | mfu: 0.2% | epoch: 1 | remaining: 139s    
step 00297 (53.8%) | loss: 5.146829 | lrm: 1.00 | dt: 403ms | tok/sec: 40,682 | mfu: 0.2% | epoch: 1 | remaining: 138s    
step 00298 (53.9%) | loss: 5.143005 | lrm: 1.00 | dt: 396ms | tok/sec: 41,388 | mfu: 0.2% | epoch: 1 | remaining: 138s    
step 00299 (54.1%) | loss: 5.135775 | lrm: 1.00 | dt: 400ms | tok/sec: 40,971 | mfu: 0.2% | epoch: 1 | remaining: 137s    
step 00300 (54.2%) | loss: 5.119352 | lrm: 1.00 | dt: 401ms | tok/sec: 40,904 | mfu: 0.2% | epoch: 1 | remaining: 137s    
step 00301 (54.3%) | loss: 5.108654 | lrm: 1.00 | dt: 395ms | tok/sec: 41,449 | mfu: 0.2% | epoch: 1 | remaining: 137s    
step 00302 (54.5%) | loss: 5.079732 | lrm: 1.00 | dt: 404ms | tok/sec: 40,528 | mfu: 0.2% | epoch: 1 | remaining: 136s    
step 00303 (54.6%) | loss: 5.073156 | lrm: 1.00 | dt: 394ms | tok/sec: 41,603 | mfu: 0.2% | epoch: 1 | remaining: 136s    
step 00304 (54.7%) | loss: 5.074671 | lrm: 1.00 | dt: 397ms | tok/sec: 41,265 | mfu: 0.2% | epoch: 1 | remaining: 135s    
step 00305 (54.9%) | loss: 5.082127 | lrm: 1.00 | dt: 407ms | tok/sec: 40,271 | mfu: 0.2% | epoch: 1 | remaining: 135s    
step 00306 (55.0%) | loss: 5.091432 | lrm: 1.00 | dt: 399ms | tok/sec: 41,037 | mfu: 0.2% | epoch: 1 | remaining: 135s    
step 00307 (55.1%) | loss: 5.093507 | lrm: 1.00 | dt: 403ms | tok/sec: 40,701 | mfu: 0.2% | epoch: 1 | remaining: 134s    
step 00308 (55.3%) | loss: 5.080004 | lrm: 1.00 | dt: 395ms | tok/sec: 41,478 | mfu: 0.2% | epoch: 1 | remaining: 134s    
step 00309 (55.4%) | loss: 5.075841 | lrm: 1.00 | dt: 395ms | tok/sec: 41,441 | mfu: 0.2% | epoch: 1 | remaining: 133s    
step 00310 (55.5%) | loss: 5.080876 | lrm: 1.00 | dt: 406ms | tok/sec: 40,387 | mfu: 0.2% | epoch: 1 | remaining: 133s    
step 00311 (55.7%) | loss: 5.070260 | lrm: 1.00 | dt: 397ms | tok/sec: 41,246 | mfu: 0.2% | epoch: 1 | remaining: 133s    
step 00312 (55.8%) | loss: 5.057712 | lrm: 1.00 | dt: 403ms | tok/sec: 40,623 | mfu: 0.2% | epoch: 1 | remaining: 132s    
step 00313 (55.9%) | loss: 5.034415 | lrm: 1.00 | dt: 394ms | tok/sec: 41,531 | mfu: 0.2% | epoch: 1 | remaining: 132s    
step 00314 (56.1%) | loss: 5.043054 | lrm: 1.00 | dt: 397ms | tok/sec: 41,231 | mfu: 0.2% | epoch: 1 | remaining: 131s    
step 00315 (56.2%) | loss: 5.039177 | lrm: 1.00 | dt: 407ms | tok/sec: 40,232 | mfu: 0.2% | epoch: 1 | remaining: 131s    
step 00316 (56.3%) | loss: 5.037815 | lrm: 1.00 | dt: 394ms | tok/sec: 41,552 | mfu: 0.2% | epoch: 1 | remaining: 131s    
step 00317 (56.5%) | loss: 5.029063 | lrm: 1.00 | dt: 407ms | tok/sec: 40,215 | mfu: 0.2% | epoch: 1 | remaining: 130s    
step 00318 (56.6%) | loss: 5.019705 | lrm: 1.00 | dt: 393ms | tok/sec: 41,649 | mfu: 0.2% | epoch: 1 | remaining: 130s    
step 00319 (56.7%) | loss: 4.998482 | lrm: 1.00 | dt: 396ms | tok/sec: 41,358 | mfu: 0.2% | epoch: 1 | remaining: 129s    
step 00320 (56.9%) | loss: 4.989518 | lrm: 1.00 | dt: 401ms | tok/sec: 40,816 | mfu: 0.2% | epoch: 1 | remaining: 129s    
step 00321 (57.0%) | loss: 4.988044 | lrm: 1.00 | dt: 396ms | tok/sec: 41,424 | mfu: 0.2% | epoch: 1 | remaining: 129s    
step 00322 (57.1%) | loss: 5.008040 | lrm: 1.00 | dt: 400ms | tok/sec: 40,969 | mfu: 0.2% | epoch: 1 | remaining: 128s    
step 00323 (57.3%) | loss: 4.991323 | lrm: 1.00 | dt: 396ms | tok/sec: 41,356 | mfu: 0.2% | epoch: 1 | remaining: 128s    
step 00324 (57.4%) | loss: 4.999112 | lrm: 1.00 | dt: 399ms | tok/sec: 41,057 | mfu: 0.2% | epoch: 1 | remaining: 127s    
step 00325 (57.5%) | loss: 4.997702 | lrm: 1.00 | dt: 410ms | tok/sec: 39,988 | mfu: 0.2% | epoch: 1 | remaining: 127s    
step 00326 (57.7%) | loss: 4.990492 | lrm: 1.00 | dt: 398ms | tok/sec: 41,137 | mfu: 0.2% | epoch: 1 | remaining: 127s    
step 00327 (57.8%) | loss: 4.992125 | lrm: 1.00 | dt: 401ms | tok/sec: 40,815 | mfu: 0.2% | epoch: 1 | remaining: 126s    
step 00328 (57.9%) | loss: 4.990745 | lrm: 1.00 | dt: 392ms | tok/sec: 41,776 | mfu: 0.2% | epoch: 1 | remaining: 126s    
step 00329 (58.1%) | loss: 5.002244 | lrm: 1.00 | dt: 403ms | tok/sec: 40,617 | mfu: 0.2% | epoch: 1 | remaining: 125s    
step 00330 (58.2%) | loss: 5.006452 | lrm: 1.00 | dt: 407ms | tok/sec: 40,221 | mfu: 0.2% | epoch: 1 | remaining: 125s    
step 00331 (58.3%) | loss: 4.991593 | lrm: 1.00 | dt: 392ms | tok/sec: 41,749 | mfu: 0.2% | epoch: 1 | remaining: 125s    
step 00332 (58.5%) | loss: 4.987005 | lrm: 1.00 | dt: 404ms | tok/sec: 40,593 | mfu: 0.2% | epoch: 1 | remaining: 124s    
step 00333 (58.6%) | loss: 4.974345 | lrm: 1.00 | dt: 395ms | tok/sec: 41,453 | mfu: 0.2% | epoch: 1 | remaining: 124s    
step 00334 (58.7%) | loss: 4.979953 | lrm: 1.00 | dt: 397ms | tok/sec: 41,266 | mfu: 0.2% | epoch: 1 | remaining: 123s    
step 00335 (58.9%) | loss: 4.989512 | lrm: 1.00 | dt: 401ms | tok/sec: 40,878 | mfu: 0.2% | epoch: 1 | remaining: 123s    
step 00336 (59.0%) | loss: 4.989179 | lrm: 1.00 | dt: 396ms | tok/sec: 41,392 | mfu: 0.2% | epoch: 1 | remaining: 123s    
step 00337 (59.1%) | loss: 4.977660 | lrm: 1.00 | dt: 403ms | tok/sec: 40,677 | mfu: 0.2% | epoch: 1 | remaining: 122s    
step 00338 (59.3%) | loss: 4.960347 | lrm: 1.00 | dt: 399ms | tok/sec: 41,050 | mfu: 0.2% | epoch: 1 | remaining: 122s    
step 00339 (59.4%) | loss: 4.960943 | lrm: 1.00 | dt: 397ms | tok/sec: 41,236 | mfu: 0.2% | epoch: 1 | remaining: 121s    
step 00340 (59.5%) | loss: 4.961218 | lrm: 1.00 | dt: 399ms | tok/sec: 41,068 | mfu: 0.2% | epoch: 1 | remaining: 121s    
step 00341 (59.7%) | loss: 4.949285 | lrm: 1.00 | dt: 397ms | tok/sec: 41,260 | mfu: 0.2% | epoch: 1 | remaining: 121s    
step 00342 (59.8%) | loss: 4.951570 | lrm: 1.00 | dt: 401ms | tok/sec: 40,859 | mfu: 0.2% | epoch: 1 | remaining: 120s    
step 00343 (59.9%) | loss: 4.957540 | lrm: 1.00 | dt: 396ms | tok/sec: 41,418 | mfu: 0.2% | epoch: 1 | remaining: 120s    
step 00344 (60.1%) | loss: 4.954106 | lrm: 1.00 | dt: 398ms | tok/sec: 41,213 | mfu: 0.2% | epoch: 1 | remaining: 119s    
step 00345 (60.2%) | loss: 4.949369 | lrm: 1.00 | dt: 411ms | tok/sec: 39,906 | mfu: 0.2% | epoch: 1 | remaining: 119s    
step 00346 (60.3%) | loss: 4.934795 | lrm: 1.00 | dt: 398ms | tok/sec: 41,201 | mfu: 0.2% | epoch: 1 | remaining: 119s    
step 00347 (60.5%) | loss: 4.924078 | lrm: 1.00 | dt: 412ms | tok/sec: 39,773 | mfu: 0.2% | epoch: 1 | remaining: 118s    
step 00348 (60.6%) | loss: 4.916544 | lrm: 1.00 | dt: 393ms | tok/sec: 41,688 | mfu: 0.2% | epoch: 1 | remaining: 118s    
step 00349 (60.7%) | loss: 4.918041 | lrm: 1.00 | dt: 395ms | tok/sec: 41,496 | mfu: 0.2% | epoch: 1 | remaining: 117s    
step 00350 (60.9%) | loss: 4.910843 | lrm: 1.00 | dt: 402ms | tok/sec: 40,803 | mfu: 0.2% | epoch: 1 | remaining: 117s    
step 00351 (61.0%) | loss: 4.912589 | lrm: 1.00 | dt: 397ms | tok/sec: 41,283 | mfu: 0.2% | epoch: 1 | remaining: 117s    
step 00352 (61.1%) | loss: 4.897762 | lrm: 1.00 | dt: 405ms | tok/sec: 40,486 | mfu: 0.2% | epoch: 1 | remaining: 116s    
step 00353 (61.3%) | loss: 4.896004 | lrm: 1.00 | dt: 397ms | tok/sec: 41,307 | mfu: 0.2% | epoch: 1 | remaining: 116s    
step 00354 (61.4%) | loss: 4.900110 | lrm: 1.00 | dt: 396ms | tok/sec: 41,332 | mfu: 0.2% | epoch: 1 | remaining: 115s    
step 00355 (61.5%) | loss: 4.902475 | lrm: 1.00 | dt: 408ms | tok/sec: 40,111 | mfu: 0.2% | epoch: 1 | remaining: 115s    
step 00356 (61.7%) | loss: 4.912924 | lrm: 1.00 | dt: 395ms | tok/sec: 41,426 | mfu: 0.2% | epoch: 1 | remaining: 115s    
step 00357 (61.8%) | loss: 4.899554 | lrm: 1.00 | dt: 404ms | tok/sec: 40,582 | mfu: 0.2% | epoch: 1 | remaining: 114s    
step 00358 (61.9%) | loss: 4.892681 | lrm: 1.00 | dt: 395ms | tok/sec: 41,508 | mfu: 0.2% | epoch: 1 | remaining: 114s    
step 00359 (62.1%) | loss: 4.889269 | lrm: 1.00 | dt: 395ms | tok/sec: 41,502 | mfu: 0.2% | epoch: 1 | remaining: 113s    
step 00360 (62.2%) | loss: 4.896919 | lrm: 1.00 | dt: 404ms | tok/sec: 40,527 | mfu: 0.2% | epoch: 1 | remaining: 113s    
step 00361 (62.3%) | loss: 4.897280 | lrm: 1.00 | dt: 395ms | tok/sec: 41,493 | mfu: 0.2% | epoch: 1 | remaining: 113s    
step 00362 (62.5%) | loss: 4.888715 | lrm: 1.00 | dt: 397ms | tok/sec: 41,252 | mfu: 0.2% | epoch: 1 | remaining: 112s    
step 00363 (62.6%) | loss: 4.893228 | lrm: 1.00 | dt: 400ms | tok/sec: 41,007 | mfu: 0.2% | epoch: 1 | remaining: 112s    
step 00364 (62.7%) | loss: 4.889586 | lrm: 1.00 | dt: 396ms | tok/sec: 41,420 | mfu: 0.2% | epoch: 1 | remaining: 111s    
step 00365 (62.9%) | loss: 4.899743 | lrm: 1.00 | dt: 402ms | tok/sec: 40,730 | mfu: 0.2% | epoch: 1 | remaining: 111s    
step 00366 (63.0%) | loss: 4.885059 | lrm: 1.00 | dt: 394ms | tok/sec: 41,622 | mfu: 0.2% | epoch: 1 | remaining: 111s    
step 00367 (63.1%) | loss: 4.894436 | lrm: 1.00 | dt: 393ms | tok/sec: 41,677 | mfu: 0.2% | epoch: 1 | remaining: 110s    
step 00368 (63.3%) | loss: 4.911809 | lrm: 1.00 | dt: 402ms | tok/sec: 40,731 | mfu: 0.2% | epoch: 1 | remaining: 110s    
step 00369 (63.4%) | loss: 4.893624 | lrm: 1.00 | dt: 399ms | tok/sec: 41,065 | mfu: 0.2% | epoch: 1 | remaining: 109s    
step 00370 (63.5%) | loss: 4.892526 | lrm: 1.00 | dt: 414ms | tok/sec: 39,581 | mfu: 0.2% | epoch: 1 | remaining: 109s    
step 00371 (63.7%) | loss: 4.890298 | lrm: 1.00 | dt: 396ms | tok/sec: 41,413 | mfu: 0.2% | epoch: 1 | remaining: 109s    
step 00372 (63.8%) | loss: 4.890125 | lrm: 1.00 | dt: 395ms | tok/sec: 41,512 | mfu: 0.2% | epoch: 1 | remaining: 108s    
step 00373 (63.9%) | loss: 4.881977 | lrm: 1.00 | dt: 402ms | tok/sec: 40,784 | mfu: 0.2% | epoch: 1 | remaining: 108s    
step 00374 (64.1%) | loss: 4.875622 | lrm: 1.00 | dt: 396ms | tok/sec: 41,411 | mfu: 0.2% | epoch: 1 | remaining: 107s    
step 00375 (64.2%) | loss: 4.888090 | lrm: 1.00 | dt: 401ms | tok/sec: 40,816 | mfu: 0.2% | epoch: 1 | remaining: 107s    
step 00376 (64.3%) | loss: 4.865918 | lrm: 1.00 | dt: 394ms | tok/sec: 41,545 | mfu: 0.2% | epoch: 1 | remaining: 107s    
step 00377 (64.5%) | loss: 4.885389 | lrm: 1.00 | dt: 395ms | tok/sec: 41,514 | mfu: 0.2% | epoch: 1 | remaining: 106s    
step 00378 (64.6%) | loss: 4.898188 | lrm: 1.00 | dt: 403ms | tok/sec: 40,686 | mfu: 0.2% | epoch: 1 | remaining: 106s    
step 00379 (64.7%) | loss: 4.880528 | lrm: 1.00 | dt: 395ms | tok/sec: 41,515 | mfu: 0.2% | epoch: 1 | remaining: 105s    
step 00380 (64.9%) | loss: 4.868828 | lrm: 1.00 | dt: 401ms | tok/sec: 40,809 | mfu: 0.2% | epoch: 1 | remaining: 105s    
step 00381 (65.0%) | loss: 4.886908 | lrm: 1.00 | dt: 396ms | tok/sec: 41,368 | mfu: 0.2% | epoch: 1 | remaining: 105s    
step 00382 (65.1%) | loss: 4.875458 | lrm: 1.00 | dt: 396ms | tok/sec: 41,356 | mfu: 0.2% | epoch: 1 | remaining: 104s    
step 00383 (65.3%) | loss: 4.862634 | lrm: 1.00 | dt: 399ms | tok/sec: 41,025 | mfu: 0.2% | epoch: 1 | remaining: 104s    
step 00384 (65.4%) | loss: 4.848370 | lrm: 1.00 | dt: 400ms | tok/sec: 40,923 | mfu: 0.2% | epoch: 1 | remaining: 103s    
step 00385 (65.5%) | loss: 4.854107 | lrm: 1.00 | dt: 411ms | tok/sec: 39,815 | mfu: 0.2% | epoch: 1 | remaining: 103s    
step 00386 (65.7%) | loss: 4.840989 | lrm: 1.00 | dt: 403ms | tok/sec: 40,655 | mfu: 0.2% | epoch: 1 | remaining: 103s    
step 00387 (65.8%) | loss: 4.839395 | lrm: 1.00 | dt: 404ms | tok/sec: 40,538 | mfu: 0.2% | epoch: 1 | remaining: 102s    
step 00388 (65.9%) | loss: 4.827041 | lrm: 1.00 | dt: 399ms | tok/sec: 41,042 | mfu: 0.2% | epoch: 1 | remaining: 102s    
step 00389 (66.1%) | loss: 4.847180 | lrm: 1.00 | dt: 395ms | tok/sec: 41,478 | mfu: 0.2% | epoch: 1 | remaining: 101s    
step 00390 (66.2%) | loss: 4.843626 | lrm: 1.00 | dt: 404ms | tok/sec: 40,533 | mfu: 0.2% | epoch: 1 | remaining: 101s    
step 00391 (66.3%) | loss: 4.824742 | lrm: 1.00 | dt: 394ms | tok/sec: 41,559 | mfu: 0.2% | epoch: 1 | remaining: 101s    
step 00392 (66.5%) | loss: 4.819040 | lrm: 1.00 | dt: 396ms | tok/sec: 41,407 | mfu: 0.2% | epoch: 1 | remaining: 100s    
step 00393 (66.6%) | loss: 4.816542 | lrm: 1.00 | dt: 402ms | tok/sec: 40,791 | mfu: 0.2% | epoch: 1 | remaining: 100s    
step 00394 (66.7%) | loss: 4.808405 | lrm: 1.00 | dt: 397ms | tok/sec: 41,266 | mfu: 0.2% | epoch: 1 | remaining: 99s    
step 00395 (66.9%) | loss: 4.796025 | lrm: 1.00 | dt: 401ms | tok/sec: 40,867 | mfu: 0.2% | epoch: 1 | remaining: 99s    
step 00396 (67.0%) | loss: 4.792815 | lrm: 1.00 | dt: 395ms | tok/sec: 41,510 | mfu: 0.2% | epoch: 1 | remaining: 99s    
step 00397 (67.1%) | loss: 4.802470 | lrm: 1.00 | dt: 400ms | tok/sec: 40,966 | mfu: 0.2% | epoch: 1 | remaining: 98s    
step 00398 (67.3%) | loss: 4.805901 | lrm: 1.00 | dt: 401ms | tok/sec: 40,851 | mfu: 0.2% | epoch: 1 | remaining: 98s    
step 00399 (67.4%) | loss: 4.802767 | lrm: 1.00 | dt: 396ms | tok/sec: 41,359 | mfu: 0.2% | epoch: 1 | remaining: 97s    
step 00400 (67.5%) | loss: 4.790613 | lrm: 1.00 | dt: 401ms | tok/sec: 40,860 | mfu: 0.2% | epoch: 1 | remaining: 97s    
step 00401 (67.7%) | loss: 4.771391 | lrm: 1.00 | dt: 397ms | tok/sec: 41,227 | mfu: 0.2% | epoch: 1 | remaining: 97s    
step 00402 (67.8%) | loss: 4.782859 | lrm: 1.00 | dt: 395ms | tok/sec: 41,521 | mfu: 0.2% | epoch: 1 | remaining: 96s    
step 00403 (67.9%) | loss: 4.786225 | lrm: 1.00 | dt: 404ms | tok/sec: 40,559 | mfu: 0.2% | epoch: 1 | remaining: 96s    
step 00404 (68.1%) | loss: 4.763533 | lrm: 1.00 | dt: 399ms | tok/sec: 41,032 | mfu: 0.2% | epoch: 1 | remaining: 95s    
step 00405 (68.2%) | loss: 4.765224 | lrm: 1.00 | dt: 412ms | tok/sec: 39,749 | mfu: 0.2% | epoch: 1 | remaining: 95s    
step 00406 (68.3%) | loss: 4.758016 | lrm: 1.00 | dt: 401ms | tok/sec: 40,900 | mfu: 0.2% | epoch: 1 | remaining: 95s    
step 00407 (68.5%) | loss: 4.764397 | lrm: 1.00 | dt: 397ms | tok/sec: 41,289 | mfu: 0.2% | epoch: 1 | remaining: 94s    
step 00408 (68.6%) | loss: 4.745075 | lrm: 1.00 | dt: 402ms | tok/sec: 40,756 | mfu: 0.2% | epoch: 1 | remaining: 94s    
step 00409 (68.7%) | loss: 4.745403 | lrm: 1.00 | dt: 403ms | tok/sec: 40,647 | mfu: 0.2% | epoch: 1 | remaining: 93s    
step 00410 (68.9%) | loss: 4.744029 | lrm: 1.00 | dt: 407ms | tok/sec: 40,240 | mfu: 0.2% | epoch: 1 | remaining: 93s    
step 00411 (69.0%) | loss: 4.732226 | lrm: 1.00 | dt: 395ms | tok/sec: 41,450 | mfu: 0.2% | epoch: 1 | remaining: 93s    
step 00412 (69.1%) | loss: 4.738847 | lrm: 1.00 | dt: 399ms | tok/sec: 41,079 | mfu: 0.2% | epoch: 1 | remaining: 92s    
step 00413 (69.3%) | loss: 4.734458 | lrm: 1.00 | dt: 402ms | tok/sec: 40,728 | mfu: 0.2% | epoch: 1 | remaining: 92s    
step 00414 (69.4%) | loss: 4.717237 | lrm: 1.00 | dt: 397ms | tok/sec: 41,301 | mfu: 0.2% | epoch: 1 | remaining: 91s    
step 00415 (69.5%) | loss: 4.713443 | lrm: 1.00 | dt: 410ms | tok/sec: 39,928 | mfu: 0.2% | epoch: 1 | remaining: 91s    
step 00416 (69.7%) | loss: 4.694415 | lrm: 1.00 | dt: 396ms | tok/sec: 41,408 | mfu: 0.2% | epoch: 1 | remaining: 91s    
step 00417 (69.8%) | loss: 4.712020 | lrm: 1.00 | dt: 397ms | tok/sec: 41,276 | mfu: 0.2% | epoch: 1 | remaining: 90s    
step 00418 (69.9%) | loss: 4.737264 | lrm: 1.00 | dt: 400ms | tok/sec: 40,923 | mfu: 0.2% | epoch: 1 | remaining: 90s    
step 00419 (70.1%) | loss: 4.726731 | lrm: 1.00 | dt: 396ms | tok/sec: 41,355 | mfu: 0.2% | epoch: 1 | remaining: 89s    
step 00420 (70.2%) | loss: 4.736054 | lrm: 0.99 | dt: 404ms | tok/sec: 40,601 | mfu: 0.2% | epoch: 1 | remaining: 89s    
step 00421 (70.3%) | loss: 4.719526 | lrm: 0.99 | dt: 394ms | tok/sec: 41,560 | mfu: 0.2% | epoch: 1 | remaining: 89s    
step 00422 (70.5%) | loss: 4.732238 | lrm: 0.98 | dt: 398ms | tok/sec: 41,141 | mfu: 0.2% | epoch: 1 | remaining: 88s    
step 00423 (70.6%) | loss: 4.717263 | lrm: 0.98 | dt: 402ms | tok/sec: 40,801 | mfu: 0.2% | epoch: 1 | remaining: 88s    
step 00424 (70.7%) | loss: 4.706511 | lrm: 0.98 | dt: 398ms | tok/sec: 41,159 | mfu: 0.2% | epoch: 1 | remaining: 87s    
step 00425 (70.9%) | loss: 4.712217 | lrm: 0.97 | dt: 404ms | tok/sec: 40,525 | mfu: 0.2% | epoch: 1 | remaining: 87s    
step 00426 (71.0%) | loss: 4.696210 | lrm: 0.97 | dt: 395ms | tok/sec: 41,471 | mfu: 0.2% | epoch: 1 | remaining: 87s    
step 00427 (71.1%) | loss: 4.714950 | lrm: 0.96 | dt: 395ms | tok/sec: 41,436 | mfu: 0.2% | epoch: 1 | remaining: 86s    
step 00428 (71.3%) | loss: 4.704871 | lrm: 0.96 | dt: 402ms | tok/sec: 40,800 | mfu: 0.2% | epoch: 1 | remaining: 86s    
step 00429 (71.4%) | loss: 4.694091 | lrm: 0.95 | dt: 394ms | tok/sec: 41,635 | mfu: 0.2% | epoch: 1 | remaining: 85s    
step 00430 (71.5%) | loss: 4.696836 | lrm: 0.95 | dt: 401ms | tok/sec: 40,885 | mfu: 0.2% | epoch: 1 | remaining: 85s    
step 00431 (71.7%) | loss: 4.707775 | lrm: 0.94 | dt: 398ms | tok/sec: 41,134 | mfu: 0.2% | epoch: 1 | remaining: 85s    
step 00432 (71.8%) | loss: 4.700570 | lrm: 0.94 | dt: 399ms | tok/sec: 41,027 | mfu: 0.2% | epoch: 1 | remaining: 84s    
step 00433 (71.9%) | loss: 4.713728 | lrm: 0.94 | dt: 403ms | tok/sec: 40,636 | mfu: 0.2% | epoch: 1 | remaining: 84s    
step 00434 (72.1%) | loss: 4.691178 | lrm: 0.93 | dt: 395ms | tok/sec: 41,444 | mfu: 0.2% | epoch: 1 | remaining: 83s    
step 00435 (72.2%) | loss: 4.692499 | lrm: 0.93 | dt: 403ms | tok/sec: 40,682 | mfu: 0.2% | epoch: 1 | remaining: 83s    
step 00436 (72.3%) | loss: 4.701741 | lrm: 0.92 | dt: 396ms | tok/sec: 41,402 | mfu: 0.2% | epoch: 1 | remaining: 83s    
step 00437 (72.5%) | loss: 4.700660 | lrm: 0.92 | dt: 395ms | tok/sec: 41,465 | mfu: 0.2% | epoch: 1 | remaining: 82s    
step 00438 (72.6%) | loss: 4.701011 | lrm: 0.91 | dt: 401ms | tok/sec: 40,849 | mfu: 0.2% | epoch: 1 | remaining: 82s    
step 00439 (72.7%) | loss: 4.707520 | lrm: 0.91 | dt: 397ms | tok/sec: 41,275 | mfu: 0.2% | epoch: 1 | remaining: 81s    
step 00440 (72.8%) | loss: 4.688802 | lrm: 0.91 | dt: 403ms | tok/sec: 40,700 | mfu: 0.2% | epoch: 1 | remaining: 81s    
step 00441 (73.0%) | loss: 4.681245 | lrm: 0.90 | dt: 397ms | tok/sec: 41,244 | mfu: 0.2% | epoch: 1 | remaining: 81s    
step 00442 (73.1%) | loss: 4.682145 | lrm: 0.90 | dt: 394ms | tok/sec: 41,593 | mfu: 0.2% | epoch: 1 | remaining: 80s    
step 00443 (73.2%) | loss: 4.687148 | lrm: 0.89 | dt: 401ms | tok/sec: 40,847 | mfu: 0.2% | epoch: 1 | remaining: 80s    
step 00444 (73.4%) | loss: 4.666777 | lrm: 0.89 | dt: 394ms | tok/sec: 41,566 | mfu: 0.2% | epoch: 1 | remaining: 79s    
step 00445 (73.5%) | loss: 4.649877 | lrm: 0.88 | dt: 410ms | tok/sec: 39,915 | mfu: 0.2% | epoch: 1 | remaining: 79s    
step 00446 (73.6%) | loss: 4.660609 | lrm: 0.88 | dt: 404ms | tok/sec: 40,602 | mfu: 0.2% | epoch: 1 | remaining: 79s    
step 00447 (73.8%) | loss: 4.662386 | lrm: 0.87 | dt: 404ms | tok/sec: 40,582 | mfu: 0.2% | epoch: 1 | remaining: 78s    
step 00448 (73.9%) | loss: 4.648422 | lrm: 0.87 | dt: 403ms | tok/sec: 40,693 | mfu: 0.2% | epoch: 1 | remaining: 78s    
step 00449 (74.1%) | loss: 4.647124 | lrm: 0.86 | dt: 396ms | tok/sec: 41,385 | mfu: 0.2% | epoch: 1 | remaining: 77s    
step 00450 (74.2%) | loss: 4.639033 | lrm: 0.86 | dt: 400ms | tok/sec: 40,935 | mfu: 0.2% | epoch: 1 | remaining: 77s    
step 00451 (74.3%) | loss: 4.645843 | lrm: 0.86 | dt: 394ms | tok/sec: 41,571 | mfu: 0.2% | epoch: 1 | remaining: 77s    
step 00452 (74.4%) | loss: 4.650458 | lrm: 0.85 | dt: 399ms | tok/sec: 41,046 | mfu: 0.2% | epoch: 1 | remaining: 76s    
step 00453 (74.6%) | loss: 4.626048 | lrm: 0.85 | dt: 403ms | tok/sec: 40,631 | mfu: 0.2% | epoch: 1 | remaining: 76s    
step 00454 (74.7%) | loss: 4.644151 | lrm: 0.84 | dt: 397ms | tok/sec: 41,289 | mfu: 0.2% | epoch: 1 | remaining: 75s    
step 00455 (74.8%) | loss: 4.654393 | lrm: 0.84 | dt: 403ms | tok/sec: 40,635 | mfu: 0.2% | epoch: 1 | remaining: 75s    
step 00456 (75.0%) | loss: 4.639960 | lrm: 0.83 | dt: 394ms | tok/sec: 41,594 | mfu: 0.2% | epoch: 1 | remaining: 75s    
step 00457 (75.1%) | loss: 4.640777 | lrm: 0.83 | dt: 395ms | tok/sec: 41,469 | mfu: 0.2% | epoch: 1 | remaining: 74s    
step 00458 (75.2%) | loss: 4.643713 | lrm: 0.83 | dt: 402ms | tok/sec: 40,763 | mfu: 0.2% | epoch: 1 | remaining: 74s    
step 00459 (75.4%) | loss: 4.643938 | lrm: 0.82 | dt: 396ms | tok/sec: 41,375 | mfu: 0.2% | epoch: 1 | remaining: 73s    
step 00460 (75.5%) | loss: 4.645072 | lrm: 0.82 | dt: 410ms | tok/sec: 39,986 | mfu: 0.2% | epoch: 1 | remaining: 73s    
step 00461 (75.6%) | loss: 4.632277 | lrm: 0.81 | dt: 394ms | tok/sec: 41,592 | mfu: 0.2% | epoch: 1 | remaining: 73s    
step 00462 (75.8%) | loss: 4.621146 | lrm: 0.81 | dt: 397ms | tok/sec: 41,220 | mfu: 0.2% | epoch: 1 | remaining: 72s    
step 00463 (75.9%) | loss: 4.618852 | lrm: 0.80 | dt: 402ms | tok/sec: 40,745 | mfu: 0.2% | epoch: 1 | remaining: 72s    
step 00464 (76.0%) | loss: 4.622254 | lrm: 0.80 | dt: 398ms | tok/sec: 41,192 | mfu: 0.2% | epoch: 1 | remaining: 71s    
step 00465 (76.2%) | loss: 4.628395 | lrm: 0.79 | dt: 409ms | tok/sec: 40,048 | mfu: 0.2% | epoch: 1 | remaining: 71s    
step 00466 (76.3%) | loss: 4.622440 | lrm: 0.79 | dt: 394ms | tok/sec: 41,550 | mfu: 0.2% | epoch: 1 | remaining: 71s    
step 00467 (76.4%) | loss: 4.623770 | lrm: 0.79 | dt: 401ms | tok/sec: 40,872 | mfu: 0.2% | epoch: 1 | remaining: 70s    
step 00468 (76.6%) | loss: 4.625831 | lrm: 0.78 | dt: 407ms | tok/sec: 40,302 | mfu: 0.2% | epoch: 1 | remaining: 70s    
step 00469 (76.7%) | loss: 4.632914 | lrm: 0.78 | dt: 395ms | tok/sec: 41,486 | mfu: 0.2% | epoch: 1 | remaining: 69s    
step 00470 (76.8%) | loss: 4.626534 | lrm: 0.77 | dt: 406ms | tok/sec: 40,315 | mfu: 0.2% | epoch: 1 | remaining: 69s    
step 00471 (77.0%) | loss: 4.630348 | lrm: 0.77 | dt: 395ms | tok/sec: 41,477 | mfu: 0.2% | epoch: 1 | remaining: 69s    
step 00472 (77.1%) | loss: 4.628502 | lrm: 0.76 | dt: 397ms | tok/sec: 41,259 | mfu: 0.2% | epoch: 1 | remaining: 68s    
step 00473 (77.2%) | loss: 4.612931 | lrm: 0.76 | dt: 402ms | tok/sec: 40,725 | mfu: 0.2% | epoch: 1 | remaining: 68s    
step 00474 (77.4%) | loss: 4.601570 | lrm: 0.75 | dt: 397ms | tok/sec: 41,262 | mfu: 0.2% | epoch: 1 | remaining: 67s    
step 00475 (77.5%) | loss: 4.589817 | lrm: 0.75 | dt: 411ms | tok/sec: 39,846 | mfu: 0.2% | epoch: 1 | remaining: 67s    
step 00476 (77.7%) | loss: 4.599397 | lrm: 0.74 | dt: 396ms | tok/sec: 41,350 | mfu: 0.2% | epoch: 1 | remaining: 67s    
step 00477 (77.8%) | loss: 4.600915 | lrm: 0.74 | dt: 396ms | tok/sec: 41,327 | mfu: 0.2% | epoch: 1 | remaining: 66s    
step 00478 (77.9%) | loss: 4.577444 | lrm: 0.74 | dt: 405ms | tok/sec: 40,490 | mfu: 0.2% | epoch: 1 | remaining: 66s    
step 00479 (78.1%) | loss: 4.572815 | lrm: 0.73 | dt: 395ms | tok/sec: 41,491 | mfu: 0.2% | epoch: 1 | remaining: 65s    
step 00480 (78.2%) | loss: 4.574086 | lrm: 0.73 | dt: 408ms | tok/sec: 40,149 | mfu: 0.2% | epoch: 1 | remaining: 65s    
step 00481 (78.3%) | loss: 4.564763 | lrm: 0.72 | dt: 396ms | tok/sec: 41,406 | mfu: 0.2% | epoch: 1 | remaining: 65s    
step 00482 (78.4%) | loss: 4.552038 | lrm: 0.72 | dt: 399ms | tok/sec: 41,074 | mfu: 0.2% | epoch: 1 | remaining: 64s    
step 00483 (78.6%) | loss: 4.540517 | lrm: 0.71 | dt: 400ms | tok/sec: 40,970 | mfu: 0.2% | epoch: 1 | remaining: 64s    
step 00484 (78.7%) | loss: 4.550765 | lrm: 0.71 | dt: 398ms | tok/sec: 41,174 | mfu: 0.2% | epoch: 1 | remaining: 63s    
step 00485 (78.8%) | loss: 4.540393 | lrm: 0.71 | dt: 410ms | tok/sec: 39,921 | mfu: 0.2% | epoch: 1 | remaining: 63s    
step 00486 (79.0%) | loss: 4.542867 | lrm: 0.70 | dt: 398ms | tok/sec: 41,143 | mfu: 0.2% | epoch: 1 | remaining: 63s    
step 00487 (79.1%) | loss: 4.533071 | lrm: 0.70 | dt: 397ms | tok/sec: 41,286 | mfu: 0.2% | epoch: 1 | remaining: 62s    
step 00488 (79.3%) | loss: 4.513671 | lrm: 0.69 | dt: 408ms | tok/sec: 40,112 | mfu: 0.2% | epoch: 1 | remaining: 62s    
step 00489 (79.4%) | loss: 4.529590 | lrm: 0.69 | dt: 395ms | tok/sec: 41,499 | mfu: 0.2% | epoch: 1 | remaining: 61s    
step 00490 (79.5%) | loss: 4.514875 | lrm: 0.68 | dt: 410ms | tok/sec: 39,941 | mfu: 0.2% | epoch: 1 | remaining: 61s    
step 00491 (79.7%) | loss: 4.508454 | lrm: 0.68 | dt: 404ms | tok/sec: 40,590 | mfu: 0.2% | epoch: 1 | remaining: 61s    
step 00492 (79.8%) | loss: 4.496838 | lrm: 0.67 | dt: 404ms | tok/sec: 40,532 | mfu: 0.2% | epoch: 1 | remaining: 60s    
step 00493 (79.9%) | loss: 4.492851 | lrm: 0.67 | dt: 399ms | tok/sec: 41,026 | mfu: 0.2% | epoch: 1 | remaining: 60s    
step 00494 (80.1%) | loss: 4.494731 | lrm: 0.66 | dt: 393ms | tok/sec: 41,702 | mfu: 0.2% | epoch: 1 | remaining: 59s    
step 00495 (80.2%) | loss: 4.502595 | lrm: 0.66 | dt: 410ms | tok/sec: 39,986 | mfu: 0.2% | epoch: 1 | remaining: 59s    
step 00496 (80.3%) | loss: 4.507113 | lrm: 0.66 | dt: 394ms | tok/sec: 41,615 | mfu: 0.2% | epoch: 1 | remaining: 59s    
step 00497 (80.5%) | loss: 4.500593 | lrm: 0.65 | dt: 398ms | tok/sec: 41,188 | mfu: 0.2% | epoch: 1 | remaining: 58s    
step 00498 (80.6%) | loss: 4.508881 | lrm: 0.65 | dt: 402ms | tok/sec: 40,721 | mfu: 0.2% | epoch: 1 | remaining: 58s    
step 00499 (80.7%) | loss: 4.503262 | lrm: 0.64 | dt: 395ms | tok/sec: 41,466 | mfu: 0.2% | epoch: 1 | remaining: 57s    
step 00500 (80.9%) | loss: 4.477233 | lrm: 0.64 | dt: 400ms | tok/sec: 40,946 | mfu: 0.2% | epoch: 1 | remaining: 57s    
step 00501 (81.0%) | loss: 4.488067 | lrm: 0.63 | dt: 395ms | tok/sec: 41,490 | mfu: 0.2% | epoch: 1 | remaining: 57s    
step 00502 (81.1%) | loss: 4.478442 | lrm: 0.63 | dt: 396ms | tok/sec: 41,371 | mfu: 0.2% | epoch: 1 | remaining: 56s    
step 00503 (81.3%) | loss: 4.475892 | lrm: 0.62 | dt: 406ms | tok/sec: 40,359 | mfu: 0.2% | epoch: 1 | remaining: 56s    
step 00504 (81.4%) | loss: 4.492570 | lrm: 0.62 | dt: 394ms | tok/sec: 41,627 | mfu: 0.2% | epoch: 1 | remaining: 55s    
step 00505 (81.5%) | loss: 4.489949 | lrm: 0.62 | dt: 409ms | tok/sec: 40,094 | mfu: 0.2% | epoch: 1 | remaining: 55s    
step 00506 (81.7%) | loss: 4.493169 | lrm: 0.61 | dt: 395ms | tok/sec: 41,503 | mfu: 0.2% | epoch: 1 | remaining: 55s    
step 00507 (81.8%) | loss: 4.486674 | lrm: 0.61 | dt: 396ms | tok/sec: 41,396 | mfu: 0.2% | epoch: 1 | remaining: 54s    
step 00508 (81.9%) | loss: 4.491387 | lrm: 0.60 | dt: 404ms | tok/sec: 40,592 | mfu: 0.2% | epoch: 1 | remaining: 54s    
step 00509 (82.1%) | loss: 4.477718 | lrm: 0.60 | dt: 398ms | tok/sec: 41,201 | mfu: 0.2% | epoch: 1 | remaining: 53s    
step 00510 (82.2%) | loss: 4.488465 | lrm: 0.59 | dt: 408ms | tok/sec: 40,161 | mfu: 0.2% | epoch: 1 | remaining: 53s    
step 00511 (82.3%) | loss: 4.494597 | lrm: 0.59 | dt: 395ms | tok/sec: 41,524 | mfu: 0.2% | epoch: 1 | remaining: 53s    
step 00512 (82.5%) | loss: 4.490473 | lrm: 0.58 | dt: 399ms | tok/sec: 41,018 | mfu: 0.2% | epoch: 1 | remaining: 52s    
step 00513 (82.6%) | loss: 4.479313 | lrm: 0.58 | dt: 401ms | tok/sec: 40,841 | mfu: 0.2% | epoch: 1 | remaining: 52s    
step 00514 (82.7%) | loss: 4.445665 | lrm: 0.58 | dt: 394ms | tok/sec: 41,561 | mfu: 0.2% | epoch: 1 | remaining: 51s    
step 00515 (82.9%) | loss: 4.433201 | lrm: 0.57 | dt: 412ms | tok/sec: 39,729 | mfu: 0.2% | epoch: 1 | remaining: 51s    
step 00516 (83.0%) | loss: 4.449771 | lrm: 0.57 | dt: 394ms | tok/sec: 41,585 | mfu: 0.2% | epoch: 1 | remaining: 51s    
step 00517 (83.1%) | loss: 4.463346 | lrm: 0.56 | dt: 396ms | tok/sec: 41,358 | mfu: 0.2% | epoch: 1 | remaining: 50s    
step 00518 (83.3%) | loss: 4.483062 | lrm: 0.56 | dt: 403ms | tok/sec: 40,694 | mfu: 0.2% | epoch: 1 | remaining: 50s    
step 00519 (83.4%) | loss: 4.499592 | lrm: 0.55 | dt: 395ms | tok/sec: 41,470 | mfu: 0.2% | epoch: 1 | remaining: 49s    
step 00520 (83.5%) | loss: 4.480788 | lrm: 0.55 | dt: 408ms | tok/sec: 40,143 | mfu: 0.2% | epoch: 1 | remaining: 49s    
step 00521 (83.7%) | loss: 4.494005 | lrm: 0.54 | dt: 397ms | tok/sec: 41,294 | mfu: 0.2% | epoch: 1 | remaining: 49s    
step 00522 (83.8%) | loss: 4.495184 | lrm: 0.54 | dt: 395ms | tok/sec: 41,513 | mfu: 0.2% | epoch: 1 | remaining: 48s    
step 00523 (83.9%) | loss: 4.469779 | lrm: 0.54 | dt: 403ms | tok/sec: 40,667 | mfu: 0.2% | epoch: 1 | remaining: 48s    
step 00524 (84.1%) | loss: 4.478723 | lrm: 0.53 | dt: 398ms | tok/sec: 41,157 | mfu: 0.2% | epoch: 1 | remaining: 47s    
step 00525 (84.2%) | loss: 4.471571 | lrm: 0.53 | dt: 409ms | tok/sec: 40,064 | mfu: 0.2% | epoch: 1 | remaining: 47s    
step 00526 (84.3%) | loss: 4.467317 | lrm: 0.52 | dt: 396ms | tok/sec: 41,323 | mfu: 0.2% | epoch: 1 | remaining: 47s    
step 00527 (84.5%) | loss: 4.452369 | lrm: 0.52 | dt: 394ms | tok/sec: 41,532 | mfu: 0.2% | epoch: 1 | remaining: 46s    
step 00528 (84.6%) | loss: 4.430144 | lrm: 0.51 | dt: 404ms | tok/sec: 40,509 | mfu: 0.2% | epoch: 1 | remaining: 46s    
step 00529 (84.7%) | loss: 4.423293 | lrm: 0.51 | dt: 395ms | tok/sec: 41,493 | mfu: 0.2% | epoch: 1 | remaining: 45s    
step 00530 (84.9%) | loss: 4.424903 | lrm: 0.50 | dt: 402ms | tok/sec: 40,804 | mfu: 0.2% | epoch: 1 | remaining: 45s    
step 00531 (85.0%) | loss: 4.432719 | lrm: 0.50 | dt: 396ms | tok/sec: 41,356 | mfu: 0.2% | epoch: 1 | remaining: 45s    
step 00532 (85.1%) | loss: 4.415440 | lrm: 0.50 | dt: 402ms | tok/sec: 40,806 | mfu: 0.2% | epoch: 1 | remaining: 44s    
step 00533 (85.3%) | loss: 4.416769 | lrm: 0.49 | dt: 406ms | tok/sec: 40,333 | mfu: 0.2% | epoch: 1 | remaining: 44s    
step 00534 (85.4%) | loss: 4.406958 | lrm: 0.49 | dt: 395ms | tok/sec: 41,450 | mfu: 0.2% | epoch: 1 | remaining: 43s    
step 00535 (85.5%) | loss: 4.421292 | lrm: 0.48 | dt: 400ms | tok/sec: 41,001 | mfu: 0.2% | epoch: 1 | remaining: 43s    
step 00536 (85.7%) | loss: 4.418820 | lrm: 0.48 | dt: 393ms | tok/sec: 41,662 | mfu: 0.2% | epoch: 1 | remaining: 43s    
step 00537 (85.8%) | loss: 4.409687 | lrm: 0.47 | dt: 398ms | tok/sec: 41,209 | mfu: 0.2% | epoch: 1 | remaining: 42s    
step 00538 (85.9%) | loss: 4.416099 | lrm: 0.47 | dt: 406ms | tok/sec: 40,365 | mfu: 0.2% | epoch: 1 | remaining: 42s    
step 00539 (86.0%) | loss: 4.426027 | lrm: 0.47 | dt: 400ms | tok/sec: 40,919 | mfu: 0.2% | epoch: 1 | remaining: 41s    
step 00540 (86.2%) | loss: 4.441980 | lrm: 0.46 | dt: 403ms | tok/sec: 40,650 | mfu: 0.2% | epoch: 1 | remaining: 41s    
step 00541 (86.3%) | loss: 4.430681 | lrm: 0.46 | dt: 394ms | tok/sec: 41,595 | mfu: 0.2% | epoch: 1 | remaining: 41s    
step 00542 (86.4%) | loss: 4.425399 | lrm: 0.45 | dt: 396ms | tok/sec: 41,345 | mfu: 0.2% | epoch: 1 | remaining: 40s    
step 00543 (86.6%) | loss: 4.433600 | lrm: 0.45 | dt: 403ms | tok/sec: 40,605 | mfu: 0.2% | epoch: 1 | remaining: 40s    
step 00544 (86.7%) | loss: 4.434153 | lrm: 0.44 | dt: 398ms | tok/sec: 41,115 | mfu: 0.2% | epoch: 1 | remaining: 39s    
step 00545 (86.8%) | loss: 4.423781 | lrm: 0.44 | dt: 402ms | tok/sec: 40,765 | mfu: 0.2% | epoch: 1 | remaining: 39s    
step 00546 (87.0%) | loss: 4.425587 | lrm: 0.43 | dt: 394ms | tok/sec: 41,553 | mfu: 0.2% | epoch: 1 | remaining: 39s    
step 00547 (87.1%) | loss: 4.429022 | lrm: 0.43 | dt: 397ms | tok/sec: 41,261 | mfu: 0.2% | epoch: 1 | remaining: 38s    
step 00548 (87.2%) | loss: 4.372545 | lrm: 0.43 | dt: 400ms | tok/sec: 40,948 | mfu: 0.2% | epoch: 1 | remaining: 38s    
step 00549 (87.4%) | loss: 4.367924 | lrm: 0.42 | dt: 396ms | tok/sec: 41,363 | mfu: 0.2% | epoch: 1 | remaining: 37s    
step 00550 (87.5%) | loss: 4.379469 | lrm: 0.42 | dt: 408ms | tok/sec: 40,117 | mfu: 0.2% | epoch: 1 | remaining: 37s    
step 00551 (87.6%) | loss: 4.374125 | lrm: 0.41 | dt: 399ms | tok/sec: 41,022 | mfu: 0.2% | epoch: 1 | remaining: 37s    
step 00552 (87.8%) | loss: 4.376478 | lrm: 0.41 | dt: 403ms | tok/sec: 40,678 | mfu: 0.2% | epoch: 1 | remaining: 36s    
step 00553 (87.9%) | loss: 4.371400 | lrm: 0.40 | dt: 405ms | tok/sec: 40,459 | mfu: 0.2% | epoch: 1 | remaining: 36s    
step 00554 (88.1%) | loss: 4.382923 | lrm: 0.40 | dt: 394ms | tok/sec: 41,617 | mfu: 0.2% | epoch: 1 | remaining: 35s    
step 00555 (88.2%) | loss: 4.390033 | lrm: 0.39 | dt: 407ms | tok/sec: 40,254 | mfu: 0.2% | epoch: 1 | remaining: 35s    
step 00556 (88.3%) | loss: 4.379615 | lrm: 0.39 | dt: 393ms | tok/sec: 41,712 | mfu: 0.2% | epoch: 1 | remaining: 35s    
step 00557 (88.4%) | loss: 4.389975 | lrm: 0.39 | dt: 397ms | tok/sec: 41,320 | mfu: 0.2% | epoch: 1 | remaining: 34s    
step 00558 (88.6%) | loss: 4.381975 | lrm: 0.38 | dt: 402ms | tok/sec: 40,776 | mfu: 0.2% | epoch: 1 | remaining: 34s    
step 00559 (88.7%) | loss: 4.394823 | lrm: 0.38 | dt: 398ms | tok/sec: 41,170 | mfu: 0.2% | epoch: 1 | remaining: 33s    
step 00560 (88.8%) | loss: 4.389624 | lrm: 0.37 | dt: 402ms | tok/sec: 40,776 | mfu: 0.2% | epoch: 1 | remaining: 33s    
step 00561 (89.0%) | loss: 4.385460 | lrm: 0.37 | dt: 400ms | tok/sec: 40,912 | mfu: 0.2% | epoch: 1 | remaining: 33s    
step 00562 (89.1%) | loss: 4.360276 | lrm: 0.36 | dt: 396ms | tok/sec: 41,335 | mfu: 0.2% | epoch: 1 | remaining: 32s    
step 00563 (89.2%) | loss: 4.374433 | lrm: 0.36 | dt: 403ms | tok/sec: 40,669 | mfu: 0.2% | epoch: 1 | remaining: 32s    
step 00564 (89.4%) | loss: 4.391194 | lrm: 0.35 | dt: 400ms | tok/sec: 40,958 | mfu: 0.2% | epoch: 1 | remaining: 31s    
step 00565 (89.5%) | loss: 4.399107 | lrm: 0.35 | dt: 406ms | tok/sec: 40,351 | mfu: 0.2% | epoch: 1 | remaining: 31s    
step 00566 (89.6%) | loss: 4.397228 | lrm: 0.35 | dt: 395ms | tok/sec: 41,431 | mfu: 0.2% | epoch: 1 | remaining: 31s    
step 00567 (89.8%) | loss: 4.405495 | lrm: 0.34 | dt: 399ms | tok/sec: 41,014 | mfu: 0.2% | epoch: 1 | remaining: 30s    
step 00568 (89.9%) | loss: 4.401326 | lrm: 0.34 | dt: 405ms | tok/sec: 40,457 | mfu: 0.2% | epoch: 1 | remaining: 30s    
step 00569 (90.0%) | loss: 4.400267 | lrm: 0.33 | dt: 398ms | tok/sec: 41,167 | mfu: 0.2% | epoch: 1 | remaining: 29s    
step 00570 (90.2%) | loss: 4.374694 | lrm: 0.33 | dt: 402ms | tok/sec: 40,790 | mfu: 0.2% | epoch: 1 | remaining: 29s    
step 00571 (90.3%) | loss: 4.377299 | lrm: 0.32 | dt: 396ms | tok/sec: 41,388 | mfu: 0.2% | epoch: 1 | remaining: 29s    
step 00572 (90.4%) | loss: 4.389154 | lrm: 0.32 | dt: 395ms | tok/sec: 41,508 | mfu: 0.2% | epoch: 1 | remaining: 28s    
step 00573 (90.6%) | loss: 4.345757 | lrm: 0.31 | dt: 409ms | tok/sec: 40,021 | mfu: 0.2% | epoch: 1 | remaining: 28s    
step 00574 (90.7%) | loss: 4.334747 | lrm: 0.31 | dt: 398ms | tok/sec: 41,201 | mfu: 0.2% | epoch: 1 | remaining: 27s    
step 00575 (90.8%) | loss: 4.345663 | lrm: 0.31 | dt: 411ms | tok/sec: 39,883 | mfu: 0.2% | epoch: 1 | remaining: 27s    
step 00576 (91.0%) | loss: 4.349657 | lrm: 0.30 | dt: 397ms | tok/sec: 41,273 | mfu: 0.2% | epoch: 1 | remaining: 27s    
step 00577 (91.1%) | loss: 4.345809 | lrm: 0.30 | dt: 393ms | tok/sec: 41,693 | mfu: 0.2% | epoch: 1 | remaining: 26s    
step 00578 (91.2%) | loss: 4.352738 | lrm: 0.29 | dt: 401ms | tok/sec: 40,879 | mfu: 0.2% | epoch: 1 | remaining: 26s    
step 00579 (91.4%) | loss: 4.343141 | lrm: 0.29 | dt: 399ms | tok/sec: 41,062 | mfu: 0.2% | epoch: 1 | remaining: 25s    
step 00580 (91.5%) | loss: 4.345585 | lrm: 0.28 | dt: 404ms | tok/sec: 40,601 | mfu: 0.2% | epoch: 1 | remaining: 25s    
step 00581 (91.6%) | loss: 4.341429 | lrm: 0.28 | dt: 398ms | tok/sec: 41,202 | mfu: 0.2% | epoch: 1 | remaining: 25s    
step 00582 (91.8%) | loss: 4.325841 | lrm: 0.27 | dt: 395ms | tok/sec: 41,505 | mfu: 0.2% | epoch: 1 | remaining: 24s    
step 00583 (91.9%) | loss: 4.315665 | lrm: 0.27 | dt: 410ms | tok/sec: 39,952 | mfu: 0.2% | epoch: 1 | remaining: 24s    
step 00584 (92.1%) | loss: 4.313159 | lrm: 0.26 | dt: 395ms | tok/sec: 41,504 | mfu: 0.2% | epoch: 1 | remaining: 23s    
step 00585 (92.2%) | loss: 4.305880 | lrm: 0.26 | dt: 410ms | tok/sec: 39,934 | mfu: 0.2% | epoch: 1 | remaining: 23s    
step 00586 (92.3%) | loss: 4.299179 | lrm: 0.26 | dt: 395ms | tok/sec: 41,470 | mfu: 0.2% | epoch: 1 | remaining: 23s    
step 00587 (92.5%) | loss: 4.310071 | lrm: 0.25 | dt: 398ms | tok/sec: 41,208 | mfu: 0.2% | epoch: 1 | remaining: 22s    
step 00588 (92.6%) | loss: 4.302624 | lrm: 0.25 | dt: 402ms | tok/sec: 40,798 | mfu: 0.2% | epoch: 1 | remaining: 22s    
step 00589 (92.7%) | loss: 4.317144 | lrm: 0.24 | dt: 395ms | tok/sec: 41,506 | mfu: 0.2% | epoch: 1 | remaining: 21s    
step 00590 (92.8%) | loss: 4.306957 | lrm: 0.24 | dt: 410ms | tok/sec: 39,988 | mfu: 0.2% | epoch: 1 | remaining: 21s    
step 00591 (93.0%) | loss: 4.300925 | lrm: 0.23 | dt: 394ms | tok/sec: 41,562 | mfu: 0.2% | epoch: 1 | remaining: 21s    
step 00592 (93.1%) | loss: 4.309598 | lrm: 0.23 | dt: 397ms | tok/sec: 41,303 | mfu: 0.2% | epoch: 1 | remaining: 20s    
step 00593 (93.2%) | loss: 4.314337 | lrm: 0.23 | dt: 406ms | tok/sec: 40,318 | mfu: 0.2% | epoch: 1 | remaining: 20s    
step 00594 (93.4%) | loss: 4.329041 | lrm: 0.22 | dt: 394ms | tok/sec: 41,576 | mfu: 0.2% | epoch: 1 | remaining: 19s    
step 00595 (93.5%) | loss: 4.331707 | lrm: 0.22 | dt: 415ms | tok/sec: 39,470 | mfu: 0.2% | epoch: 1 | remaining: 19s    
step 00596 (93.7%) | loss: 4.326789 | lrm: 0.21 | dt: 397ms | tok/sec: 41,249 | mfu: 0.2% | epoch: 1 | remaining: 19s    
step 00597 (93.8%) | loss: 4.335330 | lrm: 0.21 | dt: 402ms | tok/sec: 40,753 | mfu: 0.2% | epoch: 1 | remaining: 18s    
step 00598 (93.9%) | loss: 4.334201 | lrm: 0.20 | dt: 406ms | tok/sec: 40,310 | mfu: 0.2% | epoch: 1 | remaining: 18s    
step 00599 (94.1%) | loss: 4.330357 | lrm: 0.20 | dt: 395ms | tok/sec: 41,462 | mfu: 0.2% | epoch: 1 | remaining: 17s    
step 00600 (94.2%) | loss: 4.333225 | lrm: 0.19 | dt: 399ms | tok/sec: 41,047 | mfu: 0.2% | epoch: 1 | remaining: 17s    
step 00601 (94.3%) | loss: 4.328384 | lrm: 0.19 | dt: 393ms | tok/sec: 41,666 | mfu: 0.2% | epoch: 1 | remaining: 17s    
step 00602 (94.5%) | loss: 4.317824 | lrm: 0.18 | dt: 396ms | tok/sec: 41,387 | mfu: 0.2% | epoch: 1 | remaining: 16s    
step 00603 (94.6%) | loss: 4.313394 | lrm: 0.18 | dt: 404ms | tok/sec: 40,586 | mfu: 0.2% | epoch: 1 | remaining: 16s    
step 00604 (94.7%) | loss: 4.303988 | lrm: 0.18 | dt: 396ms | tok/sec: 41,365 | mfu: 0.2% | epoch: 1 | remaining: 15s    
step 00605 (94.9%) | loss: 4.321140 | lrm: 0.17 | dt: 410ms | tok/sec: 39,990 | mfu: 0.2% | epoch: 1 | remaining: 15s    
step 00606 (95.0%) | loss: 4.307975 | lrm: 0.17 | dt: 395ms | tok/sec: 41,484 | mfu: 0.2% | epoch: 1 | remaining: 15s    
step 00607 (95.1%) | loss: 4.302069 | lrm: 0.16 | dt: 395ms | tok/sec: 41,452 | mfu: 0.2% | epoch: 1 | remaining: 14s    
step 00608 (95.2%) | loss: 4.299167 | lrm: 0.16 | dt: 403ms | tok/sec: 40,647 | mfu: 0.2% | epoch: 1 | remaining: 14s    
step 00609 (95.4%) | loss: 4.306852 | lrm: 0.15 | dt: 395ms | tok/sec: 41,528 | mfu: 0.2% | epoch: 1 | remaining: 13s    
step 00610 (95.5%) | loss: 4.307641 | lrm: 0.15 | dt: 406ms | tok/sec: 40,334 | mfu: 0.2% | epoch: 1 | remaining: 13s    
step 00611 (95.7%) | loss: 4.312225 | lrm: 0.14 | dt: 397ms | tok/sec: 41,236 | mfu: 0.2% | epoch: 1 | remaining: 13s    
step 00612 (95.8%) | loss: 4.305974 | lrm: 0.14 | dt: 394ms | tok/sec: 41,543 | mfu: 0.2% | epoch: 1 | remaining: 12s    
step 00613 (95.9%) | loss: 4.296637 | lrm: 0.14 | dt: 403ms | tok/sec: 40,604 | mfu: 0.2% | epoch: 1 | remaining: 12s    
step 00614 (96.0%) | loss: 4.306988 | lrm: 0.13 | dt: 394ms | tok/sec: 41,560 | mfu: 0.2% | epoch: 1 | remaining: 11s    
step 00615 (96.2%) | loss: 4.296355 | lrm: 0.13 | dt: 400ms | tok/sec: 40,972 | mfu: 0.2% | epoch: 1 | remaining: 11s    
step 00616 (96.3%) | loss: 4.286671 | lrm: 0.12 | dt: 398ms | tok/sec: 41,148 | mfu: 0.2% | epoch: 1 | remaining: 11s    
step 00617 (96.4%) | loss: 4.271631 | lrm: 0.12 | dt: 395ms | tok/sec: 41,435 | mfu: 0.2% | epoch: 1 | remaining: 10s    
step 00618 (96.6%) | loss: 4.274830 | lrm: 0.11 | dt: 400ms | tok/sec: 40,912 | mfu: 0.2% | epoch: 1 | remaining: 10s    
step 00619 (96.7%) | loss: 4.263008 | lrm: 0.11 | dt: 394ms | tok/sec: 41,592 | mfu: 0.2% | epoch: 1 | remaining: 9s    
step 00620 (96.8%) | loss: 4.269834 | lrm: 0.11 | dt: 402ms | tok/sec: 40,718 | mfu: 0.2% | epoch: 1 | remaining: 9s    
step 00621 (97.0%) | loss: 4.263627 | lrm: 0.10 | dt: 396ms | tok/sec: 41,339 | mfu: 0.2% | epoch: 1 | remaining: 9s    
step 00622 (97.1%) | loss: 4.266364 | lrm: 0.10 | dt: 400ms | tok/sec: 41,007 | mfu: 0.2% | epoch: 1 | remaining: 8s    
step 00623 (97.2%) | loss: 4.248748 | lrm: 0.09 | dt: 403ms | tok/sec: 40,687 | mfu: 0.2% | epoch: 1 | remaining: 8s    
step 00624 (97.4%) | loss: 4.243905 | lrm: 0.09 | dt: 395ms | tok/sec: 41,481 | mfu: 0.2% | epoch: 1 | remaining: 7s    
step 00625 (97.5%) | loss: 4.243965 | lrm: 0.08 | dt: 402ms | tok/sec: 40,750 | mfu: 0.2% | epoch: 1 | remaining: 7s    
step 00626 (97.6%) | loss: 4.236734 | lrm: 0.08 | dt: 396ms | tok/sec: 41,347 | mfu: 0.2% | epoch: 1 | remaining: 7s    
step 00627 (97.8%) | loss: 4.247915 | lrm: 0.07 | dt: 395ms | tok/sec: 41,498 | mfu: 0.2% | epoch: 1 | remaining: 6s    
step 00628 (97.9%) | loss: 4.253107 | lrm: 0.07 | dt: 403ms | tok/sec: 40,684 | mfu: 0.2% | epoch: 1 | remaining: 6s    
step 00629 (98.0%) | loss: 4.257509 | lrm: 0.07 | dt: 397ms | tok/sec: 41,290 | mfu: 0.2% | epoch: 1 | remaining: 5s    
step 00630 (98.2%) | loss: 4.267701 | lrm: 0.06 | dt: 404ms | tok/sec: 40,576 | mfu: 0.2% | epoch: 1 | remaining: 5s    
step 00631 (98.3%) | loss: 4.276258 | lrm: 0.06 | dt: 395ms | tok/sec: 41,436 | mfu: 0.2% | epoch: 1 | remaining: 5s    
step 00632 (98.4%) | loss: 4.281652 | lrm: 0.05 | dt: 398ms | tok/sec: 41,197 | mfu: 0.2% | epoch: 1 | remaining: 4s    
step 00633 (98.6%) | loss: 4.276611 | lrm: 0.05 | dt: 402ms | tok/sec: 40,795 | mfu: 0.2% | epoch: 1 | remaining: 4s    
step 00634 (98.7%) | loss: 4.273855 | lrm: 0.04 | dt: 395ms | tok/sec: 41,482 | mfu: 0.2% | epoch: 1 | remaining: 3s    
step 00635 (98.8%) | loss: 4.289240 | lrm: 0.04 | dt: 405ms | tok/sec: 40,436 | mfu: 0.2% | epoch: 1 | remaining: 3s    
step 00636 (99.0%) | loss: 4.307146 | lrm: 0.03 | dt: 397ms | tok/sec: 41,292 | mfu: 0.2% | epoch: 1 | remaining: 3s    
step 00637 (99.1%) | loss: 4.285071 | lrm: 0.03 | dt: 393ms | tok/sec: 41,676 | mfu: 0.2% | epoch: 1 | remaining: 2s    
step 00638 (99.2%) | loss: 4.282814 | lrm: 0.03 | dt: 400ms | tok/sec: 40,946 | mfu: 0.2% | epoch: 1 | remaining: 2s    
step 00639 (99.4%) | loss: 4.278754 | lrm: 0.02 | dt: 397ms | tok/sec: 41,306 | mfu: 0.2% | epoch: 1 | remaining: 1s    
step 00640 (99.5%) | loss: 4.234401 | lrm: 0.02 | dt: 400ms | tok/sec: 40,972 | mfu: 0.2% | epoch: 1 | remaining: 1s    
step 00641 (99.6%) | loss: 4.252728 | lrm: 0.01 | dt: 409ms | tok/sec: 40,027 | mfu: 0.2% | epoch: 1 | remaining: 1s    
step 00642 (99.8%) | loss: 4.253837 | lrm: 0.01 | dt: 398ms | tok/sec: 41,145 | mfu: 0.2% | epoch: 1 | remaining: 0s    
step 00643 (99.9%) | loss: 4.261952 | lrm: 0.00 | dt: 408ms | tok/sec: 40,203 | mfu: 0.2% | epoch: 1 | remaining: 0s    
---
val_bpb:          1.519974
training_seconds: 300.1
total_seconds:    517.7
peak_vram_mb:     2186.4
mfu_percent:      0.20
total_tokens_M:   10.6
num_steps:        644
num_params_M:     11.5
depth:            4
W0311 21:05:54.919000 750847 .venv/lib/python3.10/site-packages/torch/_inductor/utils.py:1613] [0/0] Not enough SMs to use max_autotune_gemm mode
/media/starscream/bumblebee1/blaze/autoresearch/.venv/lib/python3.10/site-packages/torch/_inductor/compile_fx.py:2772: UserWarning: NVIDIA GeForce RTX 2060 does not support bfloat16 compilation natively, skipping
  warnings.warn(
/media/starscream/bumblebee1/blaze/autoresearch/.venv/lib/python3.10/site-packages/torch/_inductor/compile_fx.py:2772: UserWarning: NVIDIA GeForce RTX 2060 does not support bfloat16 compilation natively, skipping
  warnings.warn(
/media/starscream/bumblebee1/blaze/autoresearch/.venv/lib/python3.10/site-packages/torch/_inductor/compile_fx.py:2772: UserWarning: NVIDIA GeForce RTX 2060 does not support bfloat16 compilation natively, skipping
  warnings.warn(
/media/starscream/bumblebee1/blaze/autoresearch/.venv/lib/python3.10/site-packages/torch/_inductor/compile_fx.py:2772: UserWarning: NVIDIA GeForce RTX 2060 does not support bfloat16 compilation natively, skipping
  warnings.warn(
/media/starscream/bumblebee1/blaze/autoresearch/.venv/lib/python3.10/site-packages/torch/_inductor/compile_fx.py:2772: UserWarning: NVIDIA GeForce RTX 2060 does not support bfloat16 compilation natively, skipping
  warnings.warn(
/media/starscream/bumblebee1/blaze/autoresearch/.venv/lib/python3.10/site-packages/torch/_inductor/compile_fx.py:2772: UserWarning: NVIDIA GeForce RTX 2060 does not support bfloat16 compilation natively, skipping
  warnings.warn(
/media/starscream/bumblebee1/blaze/autoresearch/.venv/lib/python3.10/site-packages/torch/_inductor/compile_fx.py:2772: UserWarning: NVIDIA GeForce RTX 2060 does not support bfloat16 compilation natively, skipping
  warnings.warn(
