GPU compute capability (7, 5) < 8.0, using fallback attention (no Flash Attention)
Vocab size: 8,192
Model config: {'sequence_len': 2048, 'vocab_size': 8192, 'n_layer': 5, 'n_head': 3, 'n_kv_head': 3, 'n_embd': 384, 'window_pattern': 'L'}
Parameter counts:
  wte                     : 3,145,728
  value_embeds            : 9,437,184
  lm_head                 : 3,145,728
  transformer_matrices    : 8,847,648
  scalars                 : 10
  total                   : 24,576,298
Estimated FLOPs per token: 1.191462e+08
Scaling AdamW LRs by 1/sqrt(384/768) = 1.414214
Time budget: 300s
Gradient accumulation steps: 2
W0311 21:05:16.965000 749440 .venv/lib/python3.10/site-packages/torch/_inductor/utils.py:1613] [0/0] Not enough SMs to use max_autotune_gemm mode
/media/starscream/bumblebee1/blaze/autoresearch/.venv/lib/python3.10/site-packages/torch/_inductor/compile_fx.py:2772: UserWarning: NVIDIA GeForce RTX 2060 does not support bfloat16 compilation natively, skipping
  warnings.warn(
/media/starscream/bumblebee1/blaze/autoresearch/.venv/lib/python3.10/site-packages/torch/_inductor/compile_fx.py:2772: UserWarning: NVIDIA GeForce RTX 2060 does not support bfloat16 compilation natively, skipping
  warnings.warn(
/media/starscream/bumblebee1/blaze/autoresearch/.venv/lib/python3.10/site-packages/torch/_inductor/compile_fx.py:2772: UserWarning: NVIDIA GeForce RTX 2060 does not support bfloat16 compilation natively, skipping
  warnings.warn(
/media/starscream/bumblebee1/blaze/autoresearch/.venv/lib/python3.10/site-packages/torch/_inductor/compile_fx.py:2772: UserWarning: NVIDIA GeForce RTX 2060 does not support bfloat16 compilation natively, skipping
  warnings.warn(
/media/starscream/bumblebee1/blaze/autoresearch/.venv/lib/python3.10/site-packages/torch/_inductor/compile_fx.py:2772: UserWarning: NVIDIA GeForce RTX 2060 does not support bfloat16 compilation natively, skipping
  warnings.warn(
/media/starscream/bumblebee1/blaze/autoresearch/.venv/lib/python3.10/site-packages/torch/_inductor/compile_fx.py:2772: UserWarning: NVIDIA GeForce RTX 2060 does not support bfloat16 compilation natively, skipping
  warnings.warn(
Traceback (most recent call last):
  File "/media/starscream/bumblebee1/blaze/autoresearch/train.py", line 570, in <module>
    loss = model(x, y)
  File "/media/starscream/bumblebee1/blaze/autoresearch/.venv/lib/python3.10/site-packages/torch/_dynamo/eval_frame.py", line 414, in __call__
    return super().__call__(*args, **kwargs)
  File "/media/starscream/bumblebee1/blaze/autoresearch/.venv/lib/python3.10/site-packages/torch/nn/modules/module.py", line 1775, in _wrapped_call_impl
    return self._call_impl(*args, **kwargs)
  File "/media/starscream/bumblebee1/blaze/autoresearch/.venv/lib/python3.10/site-packages/torch/nn/modules/module.py", line 1786, in _call_impl
    return forward_call(*args, **kwargs)
  File "/media/starscream/bumblebee1/blaze/autoresearch/.venv/lib/python3.10/site-packages/torch/_dynamo/eval_frame.py", line 832, in compile_wrapper
    return fn(*args, **kwargs)
  File "/media/starscream/bumblebee1/blaze/autoresearch/.venv/lib/python3.10/site-packages/torch/nn/modules/module.py", line 1775, in _wrapped_call_impl
    return self._call_impl(*args, **kwargs)
  File "/media/starscream/bumblebee1/blaze/autoresearch/.venv/lib/python3.10/site-packages/torch/nn/modules/module.py", line 1786, in _call_impl
    return forward_call(*args, **kwargs)
  File "/media/starscream/bumblebee1/blaze/autoresearch/train.py", line 301, in forward
    x = block(x, ve, cos_sin, self.window_sizes[i])
  File "/media/starscream/bumblebee1/blaze/autoresearch/.venv/lib/python3.10/site-packages/torch/nn/modules/module.py", line 1775, in _wrapped_call_impl
    return self._call_impl(*args, **kwargs)
  File "/media/starscream/bumblebee1/blaze/autoresearch/.venv/lib/python3.10/site-packages/torch/nn/modules/module.py", line 1786, in _call_impl
    return forward_call(*args, **kwargs)
  File "/media/starscream/bumblebee1/blaze/autoresearch/train.py", line 141, in forward
    x = x + self.attn(norm(x), ve, cos_sin, window_size)
  File "/media/starscream/bumblebee1/blaze/autoresearch/.venv/lib/python3.10/site-packages/torch/nn/modules/module.py", line 1775, in _wrapped_call_impl
    return self._call_impl(*args, **kwargs)
  File "/media/starscream/bumblebee1/blaze/autoresearch/.venv/lib/python3.10/site-packages/torch/nn/modules/module.py", line 1786, in _call_impl
    return forward_call(*args, **kwargs)
  File "/media/starscream/bumblebee1/blaze/autoresearch/train.py", line 113, in forward
    y = F.scaled_dot_product_attention(q, k, v, is_causal=True)
torch.OutOfMemoryError: CUDA out of memory. Tried to allocate 384.00 MiB. GPU 0 has a total capacity of 5.59 GiB of which 326.56 MiB is free. Process 735523 has 2.04 GiB memory in use. Including non-PyTorch memory, this process has 2.88 GiB memory in use. Of the allocated memory 2.59 GiB is allocated by PyTorch, and 202.53 MiB is reserved by PyTorch but unallocated. If reserved but unallocated memory is large try setting PYTORCH_CUDA_ALLOC_CONF=expandable_segments:True to avoid fragmentation.  See documentation for Memory Management  (https://pytorch.org/docs/stable/notes/cuda.html#environment-variables)
