GPU compute capability (7, 5) < 8.0, using fallback attention (no Flash Attention)
Vocab size: 8,192
Model config: {'sequence_len': 2048, 'vocab_size': 8192, 'n_layer': 4, 'n_head': 2, 'n_kv_head': 2, 'n_embd': 256, 'window_pattern': 'L'}
Parameter counts:
  wte                     : 2,097,152
  value_embeds            : 4,194,304
  lm_head                 : 2,097,152
  transformer_matrices    : 3,145,856
  scalars                 : 8
  total                   : 11,534,472
Estimated FLOPs per token: 5.662387e+07
Scaling AdamW LRs by 1/sqrt(256/768) = 1.732051
Time budget: 300s
Gradient accumulation steps: 8

step 00000 (0.0%) | loss: 9.011391 | lrm: 1.00 | dt: 8568ms | tok/sec: 7,648 | mfu: 0.0% | epoch: 1 | remaining: 300s    
step 00001 (0.0%) | loss: 8.950747 | lrm: 1.00 | dt: 1542ms | tok/sec: 42,508 | mfu: 0.2% | epoch: 1 | remaining: 300s    
step 00002 (0.0%) | loss: 8.716196 | lrm: 1.00 | dt: 1541ms | tok/sec: 42,515 | mfu: 0.2% | epoch: 1 | remaining: 300s    
step 00003 (0.0%) | loss: 8.394745 | lrm: 1.00 | dt: 1537ms | tok/sec: 42,638 | mfu: 0.2% | epoch: 1 | remaining: 300s    
step 00004 (0.0%) | loss: 8.091027 | lrm: 1.00 | dt: 1551ms | tok/sec: 42,259 | mfu: 0.2% | epoch: 1 | remaining: 300s    
step 00005 (0.0%) | loss: 7.775466 | lrm: 1.00 | dt: 1554ms | tok/sec: 42,181 | mfu: 0.2% | epoch: 1 | remaining: 300s    
step 00006 (0.0%) | loss: 7.514595 | lrm: 1.00 | dt: 1544ms | tok/sec: 42,445 | mfu: 0.2% | epoch: 1 | remaining: 300s    
step 00007 (0.0%) | loss: 7.293672 | lrm: 1.00 | dt: 1555ms | tok/sec: 42,138 | mfu: 0.2% | epoch: 1 | remaining: 300s    
step 00008 (0.0%) | loss: 7.113516 | lrm: 1.00 | dt: 1546ms | tok/sec: 42,401 | mfu: 0.2% | epoch: 1 | remaining: 300s    
step 00009 (0.0%) | loss: 6.999307 | lrm: 1.00 | dt: 1563ms | tok/sec: 41,924 | mfu: 0.2% | epoch: 1 | remaining: 300s    
step 00010 (0.0%) | loss: 6.858172 | lrm: 1.00 | dt: 1548ms | tok/sec: 42,322 | mfu: 0.2% | epoch: 1 | remaining: 300s    
step 00011 (0.0%) | loss: 6.747482 | lrm: 1.00 | dt: 1562ms | tok/sec: 41,950 | mfu: 0.2% | epoch: 1 | remaining: 298s    
step 00012 (0.5%) | loss: 6.630123 | lrm: 1.00 | dt: 1555ms | tok/sec: 42,137 | mfu: 0.2% | epoch: 1 | remaining: 297s    
step 00013 (1.0%) | loss: 6.536136 | lrm: 1.00 | dt: 1565ms | tok/sec: 41,866 | mfu: 0.2% | epoch: 1 | remaining: 295s    
step 00014 (1.6%) | loss: 6.459442 | lrm: 1.00 | dt: 1579ms | tok/sec: 41,505 | mfu: 0.2% | epoch: 1 | remaining: 294s    
step 00015 (2.1%) | loss: 6.365852 | lrm: 1.00 | dt: 1562ms | tok/sec: 41,968 | mfu: 0.2% | epoch: 1 | remaining: 292s    
step 00016 (2.6%) | loss: 6.308121 | lrm: 1.00 | dt: 1572ms | tok/sec: 41,676 | mfu: 0.2% | epoch: 1 | remaining: 291s    
step 00017 (3.1%) | loss: 6.250895 | lrm: 1.00 | dt: 1560ms | tok/sec: 42,003 | mfu: 0.2% | epoch: 1 | remaining: 289s    
step 00018 (3.7%) | loss: 6.198138 | lrm: 1.00 | dt: 1574ms | tok/sec: 41,640 | mfu: 0.2% | epoch: 1 | remaining: 287s    
step 00019 (4.2%) | loss: 6.163151 | lrm: 1.00 | dt: 1561ms | tok/sec: 41,978 | mfu: 0.2% | epoch: 1 | remaining: 286s    
step 00020 (4.7%) | loss: 6.111922 | lrm: 1.00 | dt: 1584ms | tok/sec: 41,386 | mfu: 0.2% | epoch: 1 | remaining: 284s    
step 00021 (5.2%) | loss: 6.044186 | lrm: 1.00 | dt: 1579ms | tok/sec: 41,506 | mfu: 0.2% | epoch: 1 | remaining: 283s    
step 00022 (5.8%) | loss: 5.989779 | lrm: 1.00 | dt: 1567ms | tok/sec: 41,810 | mfu: 0.2% | epoch: 1 | remaining: 281s    
step 00023 (6.3%) | loss: 5.970445 | lrm: 1.00 | dt: 1587ms | tok/sec: 41,308 | mfu: 0.2% | epoch: 1 | remaining: 280s    
step 00024 (6.8%) | loss: 5.933589 | lrm: 1.00 | dt: 1580ms | tok/sec: 41,486 | mfu: 0.2% | epoch: 1 | remaining: 278s    
step 00025 (7.3%) | loss: 5.912091 | lrm: 1.00 | dt: 1578ms | tok/sec: 41,520 | mfu: 0.2% | epoch: 1 | remaining: 276s    
step 00026 (7.9%) | loss: 5.891049 | lrm: 1.00 | dt: 1576ms | tok/sec: 41,571 | mfu: 0.2% | epoch: 1 | remaining: 275s    
step 00027 (8.4%) | loss: 5.862964 | lrm: 1.00 | dt: 1586ms | tok/sec: 41,309 | mfu: 0.2% | epoch: 1 | remaining: 273s    
step 00028 (8.9%) | loss: 5.836670 | lrm: 1.00 | dt: 1588ms | tok/sec: 41,274 | mfu: 0.2% | epoch: 1 | remaining: 272s    
step 00029 (9.4%) | loss: 5.808062 | lrm: 1.00 | dt: 1577ms | tok/sec: 41,545 | mfu: 0.2% | epoch: 1 | remaining: 270s    
step 00030 (10.0%) | loss: 5.775518 | lrm: 1.00 | dt: 1579ms | tok/sec: 41,513 | mfu: 0.2% | epoch: 1 | remaining: 269s    
step 00031 (10.5%) | loss: 5.736488 | lrm: 1.00 | dt: 1574ms | tok/sec: 41,646 | mfu: 0.2% | epoch: 1 | remaining: 267s    
step 00032 (11.0%) | loss: 5.708856 | lrm: 1.00 | dt: 1579ms | tok/sec: 41,515 | mfu: 0.2% | epoch: 1 | remaining: 265s    
step 00033 (11.5%) | loss: 5.682631 | lrm: 1.00 | dt: 1573ms | tok/sec: 41,653 | mfu: 0.2% | epoch: 1 | remaining: 264s    
step 00034 (12.1%) | loss: 5.681089 | lrm: 1.00 | dt: 1582ms | tok/sec: 41,435 | mfu: 0.2% | epoch: 1 | remaining: 262s    
step 00035 (12.6%) | loss: 5.679663 | lrm: 1.00 | dt: 1585ms | tok/sec: 41,342 | mfu: 0.2% | epoch: 1 | remaining: 261s    
step 00036 (13.1%) | loss: 5.655591 | lrm: 1.00 | dt: 1581ms | tok/sec: 41,462 | mfu: 0.2% | epoch: 1 | remaining: 259s    
step 00037 (13.6%) | loss: 5.630894 | lrm: 1.00 | dt: 1593ms | tok/sec: 41,138 | mfu: 0.2% | epoch: 1 | remaining: 257s    
step 00038 (14.2%) | loss: 5.616556 | lrm: 1.00 | dt: 1579ms | tok/sec: 41,516 | mfu: 0.2% | epoch: 1 | remaining: 256s    
step 00039 (14.7%) | loss: 5.591260 | lrm: 1.00 | dt: 1593ms | tok/sec: 41,151 | mfu: 0.2% | epoch: 1 | remaining: 254s    
step 00040 (15.2%) | loss: 5.563830 | lrm: 1.00 | dt: 1594ms | tok/sec: 41,117 | mfu: 0.2% | epoch: 1 | remaining: 253s    
step 00041 (15.8%) | loss: 5.545042 | lrm: 1.00 | dt: 1577ms | tok/sec: 41,549 | mfu: 0.2% | epoch: 1 | remaining: 251s    
step 00042 (16.3%) | loss: 5.529627 | lrm: 1.00 | dt: 1588ms | tok/sec: 41,261 | mfu: 0.2% | epoch: 1 | remaining: 250s    
step 00043 (16.8%) | loss: 5.511592 | lrm: 1.00 | dt: 1584ms | tok/sec: 41,377 | mfu: 0.2% | epoch: 1 | remaining: 248s    
step 00044 (17.4%) | loss: 5.495447 | lrm: 1.00 | dt: 1589ms | tok/sec: 41,232 | mfu: 0.2% | epoch: 1 | remaining: 246s    
step 00045 (17.9%) | loss: 5.493168 | lrm: 1.00 | dt: 1576ms | tok/sec: 41,587 | mfu: 0.2% | epoch: 1 | remaining: 245s    
step 00046 (18.4%) | loss: 5.492978 | lrm: 1.00 | dt: 1591ms | tok/sec: 41,190 | mfu: 0.2% | epoch: 1 | remaining: 243s    
step 00047 (18.9%) | loss: 5.475816 | lrm: 1.00 | dt: 1586ms | tok/sec: 41,312 | mfu: 0.2% | epoch: 1 | remaining: 242s    
step 00048 (19.5%) | loss: 5.490583 | lrm: 1.00 | dt: 1587ms | tok/sec: 41,292 | mfu: 0.2% | epoch: 1 | remaining: 240s    
step 00049 (20.0%) | loss: 5.453048 | lrm: 1.00 | dt: 1584ms | tok/sec: 41,375 | mfu: 0.2% | epoch: 1 | remaining: 238s    
step 00050 (20.5%) | loss: 5.433139 | lrm: 1.00 | dt: 1581ms | tok/sec: 41,444 | mfu: 0.2% | epoch: 1 | remaining: 237s    
step 00051 (21.0%) | loss: 5.419543 | lrm: 1.00 | dt: 1587ms | tok/sec: 41,282 | mfu: 0.2% | epoch: 1 | remaining: 235s    
step 00052 (21.6%) | loss: 5.400574 | lrm: 1.00 | dt: 1595ms | tok/sec: 41,086 | mfu: 0.2% | epoch: 1 | remaining: 234s    
step 00053 (22.1%) | loss: 5.370636 | lrm: 1.00 | dt: 1574ms | tok/sec: 41,635 | mfu: 0.2% | epoch: 1 | remaining: 232s    
step 00054 (22.6%) | loss: 5.353595 | lrm: 1.00 | dt: 1582ms | tok/sec: 41,432 | mfu: 0.2% | epoch: 1 | remaining: 231s    
step 00055 (23.2%) | loss: 5.342721 | lrm: 1.00 | dt: 1585ms | tok/sec: 41,355 | mfu: 0.2% | epoch: 1 | remaining: 229s    
step 00056 (23.7%) | loss: 5.325902 | lrm: 1.00 | dt: 1588ms | tok/sec: 41,268 | mfu: 0.2% | epoch: 1 | remaining: 227s    
step 00057 (24.2%) | loss: 5.303621 | lrm: 1.00 | dt: 1582ms | tok/sec: 41,418 | mfu: 0.2% | epoch: 1 | remaining: 226s    
step 00058 (24.7%) | loss: 5.290603 | lrm: 1.00 | dt: 1589ms | tok/sec: 41,238 | mfu: 0.2% | epoch: 1 | remaining: 224s    
step 00059 (25.3%) | loss: 5.283782 | lrm: 1.00 | dt: 1598ms | tok/sec: 41,003 | mfu: 0.2% | epoch: 1 | remaining: 223s    
step 00060 (25.8%) | loss: 5.275320 | lrm: 1.00 | dt: 1571ms | tok/sec: 41,725 | mfu: 0.2% | epoch: 1 | remaining: 221s    
step 00061 (26.3%) | loss: 5.255045 | lrm: 1.00 | dt: 1588ms | tok/sec: 41,269 | mfu: 0.2% | epoch: 1 | remaining: 219s    
step 00062 (26.9%) | loss: 5.254413 | lrm: 1.00 | dt: 1587ms | tok/sec: 41,285 | mfu: 0.2% | epoch: 1 | remaining: 218s    
step 00063 (27.4%) | loss: 5.252514 | lrm: 1.00 | dt: 1587ms | tok/sec: 41,286 | mfu: 0.2% | epoch: 1 | remaining: 216s    
step 00064 (27.9%) | loss: 5.239789 | lrm: 1.00 | dt: 1579ms | tok/sec: 41,506 | mfu: 0.2% | epoch: 1 | remaining: 215s    
step 00065 (28.4%) | loss: 5.207637 | lrm: 1.00 | dt: 1574ms | tok/sec: 41,624 | mfu: 0.2% | epoch: 1 | remaining: 213s    
step 00066 (29.0%) | loss: 5.183966 | lrm: 1.00 | dt: 1595ms | tok/sec: 41,082 | mfu: 0.2% | epoch: 1 | remaining: 211s    
step 00067 (29.5%) | loss: 5.163275 | lrm: 1.00 | dt: 1585ms | tok/sec: 41,359 | mfu: 0.2% | epoch: 1 | remaining: 210s    
step 00068 (30.0%) | loss: 5.133017 | lrm: 1.00 | dt: 1589ms | tok/sec: 41,236 | mfu: 0.2% | epoch: 1 | remaining: 208s    
step 00069 (30.6%) | loss: 5.102911 | lrm: 1.00 | dt: 1578ms | tok/sec: 41,525 | mfu: 0.2% | epoch: 1 | remaining: 207s    
step 00070 (31.1%) | loss: 5.098995 | lrm: 1.00 | dt: 1587ms | tok/sec: 41,289 | mfu: 0.2% | epoch: 1 | remaining: 205s    
step 00071 (31.6%) | loss: 5.087407 | lrm: 1.00 | dt: 1585ms | tok/sec: 41,351 | mfu: 0.2% | epoch: 1 | remaining: 204s    
step 00072 (32.1%) | loss: 5.074475 | lrm: 1.00 | dt: 1584ms | tok/sec: 41,367 | mfu: 0.2% | epoch: 1 | remaining: 202s    
step 00073 (32.7%) | loss: 5.042001 | lrm: 1.00 | dt: 1589ms | tok/sec: 41,254 | mfu: 0.2% | epoch: 1 | remaining: 200s    
step 00074 (33.2%) | loss: 5.030271 | lrm: 1.00 | dt: 1581ms | tok/sec: 41,444 | mfu: 0.2% | epoch: 1 | remaining: 199s    
step 00075 (33.7%) | loss: 5.012529 | lrm: 1.00 | dt: 1582ms | tok/sec: 41,419 | mfu: 0.2% | epoch: 1 | remaining: 197s    
step 00076 (34.3%) | loss: 5.007320 | lrm: 1.00 | dt: 1593ms | tok/sec: 41,148 | mfu: 0.2% | epoch: 1 | remaining: 196s    
step 00077 (34.8%) | loss: 4.991335 | lrm: 1.00 | dt: 1587ms | tok/sec: 41,288 | mfu: 0.2% | epoch: 1 | remaining: 194s    
step 00078 (35.3%) | loss: 4.978992 | lrm: 1.00 | dt: 1576ms | tok/sec: 41,579 | mfu: 0.2% | epoch: 1 | remaining: 192s    
step 00079 (35.8%) | loss: 4.954998 | lrm: 1.00 | dt: 1577ms | tok/sec: 41,548 | mfu: 0.2% | epoch: 1 | remaining: 191s    
step 00080 (36.4%) | loss: 4.936244 | lrm: 1.00 | dt: 1569ms | tok/sec: 41,763 | mfu: 0.2% | epoch: 1 | remaining: 189s    
step 00081 (36.9%) | loss: 4.930313 | lrm: 1.00 | dt: 1580ms | tok/sec: 41,470 | mfu: 0.2% | epoch: 1 | remaining: 188s    
step 00082 (37.4%) | loss: 4.907168 | lrm: 1.00 | dt: 1580ms | tok/sec: 41,487 | mfu: 0.2% | epoch: 1 | remaining: 186s    
step 00083 (37.9%) | loss: 4.911604 | lrm: 1.00 | dt: 1581ms | tok/sec: 41,450 | mfu: 0.2% | epoch: 1 | remaining: 185s    
step 00084 (38.5%) | loss: 4.902593 | lrm: 1.00 | dt: 1580ms | tok/sec: 41,485 | mfu: 0.2% | epoch: 1 | remaining: 183s    
step 00085 (39.0%) | loss: 4.900986 | lrm: 1.00 | dt: 1598ms | tok/sec: 41,002 | mfu: 0.2% | epoch: 1 | remaining: 181s    
step 00086 (39.5%) | loss: 4.882233 | lrm: 1.00 | dt: 1585ms | tok/sec: 41,339 | mfu: 0.2% | epoch: 1 | remaining: 180s    
step 00087 (40.1%) | loss: 4.872495 | lrm: 1.00 | dt: 1586ms | tok/sec: 41,333 | mfu: 0.2% | epoch: 1 | remaining: 178s    
step 00088 (40.6%) | loss: 4.865057 | lrm: 1.00 | dt: 1583ms | tok/sec: 41,408 | mfu: 0.2% | epoch: 1 | remaining: 177s    
step 00089 (41.1%) | loss: 4.847615 | lrm: 1.00 | dt: 1568ms | tok/sec: 41,791 | mfu: 0.2% | epoch: 1 | remaining: 175s    
step 00090 (41.6%) | loss: 4.845213 | lrm: 1.00 | dt: 1581ms | tok/sec: 41,444 | mfu: 0.2% | epoch: 1 | remaining: 174s    
step 00091 (42.2%) | loss: 4.840495 | lrm: 1.00 | dt: 1582ms | tok/sec: 41,426 | mfu: 0.2% | epoch: 1 | remaining: 172s    
step 00092 (42.7%) | loss: 4.830421 | lrm: 1.00 | dt: 1582ms | tok/sec: 41,423 | mfu: 0.2% | epoch: 1 | remaining: 170s    
step 00093 (43.2%) | loss: 4.837009 | lrm: 1.00 | dt: 1575ms | tok/sec: 41,613 | mfu: 0.2% | epoch: 1 | remaining: 169s    
step 00094 (43.7%) | loss: 4.817168 | lrm: 1.00 | dt: 1575ms | tok/sec: 41,602 | mfu: 0.2% | epoch: 1 | remaining: 167s    
step 00095 (44.3%) | loss: 4.796114 | lrm: 1.00 | dt: 1586ms | tok/sec: 41,318 | mfu: 0.2% | epoch: 1 | remaining: 166s    
step 00096 (44.8%) | loss: 4.787250 | lrm: 1.00 | dt: 1590ms | tok/sec: 41,217 | mfu: 0.2% | epoch: 1 | remaining: 164s    
step 00097 (45.3%) | loss: 4.762730 | lrm: 1.00 | dt: 1588ms | tok/sec: 41,264 | mfu: 0.2% | epoch: 1 | remaining: 162s    
step 00098 (45.9%) | loss: 4.747028 | lrm: 1.00 | dt: 1575ms | tok/sec: 41,601 | mfu: 0.2% | epoch: 1 | remaining: 161s    
step 00099 (46.4%) | loss: 4.736897 | lrm: 1.00 | dt: 1581ms | tok/sec: 41,462 | mfu: 0.2% | epoch: 1 | remaining: 159s    
step 00100 (46.9%) | loss: 4.735481 | lrm: 1.00 | dt: 1572ms | tok/sec: 41,676 | mfu: 0.2% | epoch: 1 | remaining: 158s    
step 00101 (47.4%) | loss: 4.739770 | lrm: 1.00 | dt: 1586ms | tok/sec: 41,317 | mfu: 0.2% | epoch: 1 | remaining: 156s    
step 00102 (48.0%) | loss: 4.719683 | lrm: 1.00 | dt: 1587ms | tok/sec: 41,294 | mfu: 0.2% | epoch: 1 | remaining: 155s    
step 00103 (48.5%) | loss: 4.706189 | lrm: 1.00 | dt: 1575ms | tok/sec: 41,599 | mfu: 0.2% | epoch: 1 | remaining: 153s    
step 00104 (49.0%) | loss: 4.689008 | lrm: 1.00 | dt: 1585ms | tok/sec: 41,343 | mfu: 0.2% | epoch: 1 | remaining: 151s    
step 00105 (49.5%) | loss: 4.668090 | lrm: 1.00 | dt: 1581ms | tok/sec: 41,462 | mfu: 0.2% | epoch: 1 | remaining: 150s    
step 00106 (50.1%) | loss: 4.672433 | lrm: 1.00 | dt: 1579ms | tok/sec: 41,499 | mfu: 0.2% | epoch: 1 | remaining: 148s    
step 00107 (50.6%) | loss: 4.674233 | lrm: 1.00 | dt: 1582ms | tok/sec: 41,416 | mfu: 0.2% | epoch: 1 | remaining: 147s    
step 00108 (51.1%) | loss: 4.668983 | lrm: 1.00 | dt: 1571ms | tok/sec: 41,728 | mfu: 0.2% | epoch: 1 | remaining: 145s    
step 00109 (51.6%) | loss: 4.665431 | lrm: 1.00 | dt: 1588ms | tok/sec: 41,277 | mfu: 0.2% | epoch: 1 | remaining: 143s    
step 00110 (52.2%) | loss: 4.660247 | lrm: 1.00 | dt: 1578ms | tok/sec: 41,526 | mfu: 0.2% | epoch: 1 | remaining: 142s    
step 00111 (52.7%) | loss: 4.645668 | lrm: 1.00 | dt: 1589ms | tok/sec: 41,252 | mfu: 0.2% | epoch: 1 | remaining: 140s    
step 00112 (53.2%) | loss: 4.641019 | lrm: 1.00 | dt: 1574ms | tok/sec: 41,623 | mfu: 0.2% | epoch: 1 | remaining: 139s    
step 00113 (53.8%) | loss: 4.634853 | lrm: 1.00 | dt: 1574ms | tok/sec: 41,624 | mfu: 0.2% | epoch: 1 | remaining: 137s    
step 00114 (54.3%) | loss: 4.619307 | lrm: 1.00 | dt: 1585ms | tok/sec: 41,355 | mfu: 0.2% | epoch: 1 | remaining: 136s    
step 00115 (54.8%) | loss: 4.606949 | lrm: 1.00 | dt: 1579ms | tok/sec: 41,502 | mfu: 0.2% | epoch: 1 | remaining: 134s    
step 00116 (55.3%) | loss: 4.599217 | lrm: 1.00 | dt: 1588ms | tok/sec: 41,274 | mfu: 0.2% | epoch: 1 | remaining: 132s    
step 00117 (55.9%) | loss: 4.595791 | lrm: 1.00 | dt: 1575ms | tok/sec: 41,614 | mfu: 0.2% | epoch: 1 | remaining: 131s    
step 00118 (56.4%) | loss: 4.569942 | lrm: 1.00 | dt: 1578ms | tok/sec: 41,534 | mfu: 0.2% | epoch: 1 | remaining: 129s    
step 00119 (56.9%) | loss: 4.555303 | lrm: 1.00 | dt: 1578ms | tok/sec: 41,530 | mfu: 0.2% | epoch: 1 | remaining: 128s    
step 00120 (57.4%) | loss: 4.533981 | lrm: 1.00 | dt: 1582ms | tok/sec: 41,430 | mfu: 0.2% | epoch: 1 | remaining: 126s    
step 00121 (58.0%) | loss: 4.513738 | lrm: 1.00 | dt: 1583ms | tok/sec: 41,395 | mfu: 0.2% | epoch: 1 | remaining: 124s    
step 00122 (58.5%) | loss: 4.493949 | lrm: 1.00 | dt: 1574ms | tok/sec: 41,623 | mfu: 0.2% | epoch: 1 | remaining: 123s    
step 00123 (59.0%) | loss: 4.493453 | lrm: 1.00 | dt: 1579ms | tok/sec: 41,501 | mfu: 0.2% | epoch: 1 | remaining: 121s    
step 00124 (59.6%) | loss: 4.483169 | lrm: 1.00 | dt: 1581ms | tok/sec: 41,443 | mfu: 0.2% | epoch: 1 | remaining: 120s    
step 00125 (60.1%) | loss: 4.467647 | lrm: 1.00 | dt: 1597ms | tok/sec: 41,031 | mfu: 0.2% | epoch: 1 | remaining: 118s    
step 00126 (60.6%) | loss: 4.455047 | lrm: 1.00 | dt: 1583ms | tok/sec: 41,394 | mfu: 0.2% | epoch: 1 | remaining: 117s    
step 00127 (61.1%) | loss: 4.456164 | lrm: 1.00 | dt: 1572ms | tok/sec: 41,692 | mfu: 0.2% | epoch: 1 | remaining: 115s    
step 00128 (61.7%) | loss: 4.429478 | lrm: 1.00 | dt: 1585ms | tok/sec: 41,334 | mfu: 0.2% | epoch: 1 | remaining: 113s    
step 00129 (62.2%) | loss: 4.443290 | lrm: 1.00 | dt: 1569ms | tok/sec: 41,771 | mfu: 0.2% | epoch: 1 | remaining: 112s    
step 00130 (62.7%) | loss: 4.412997 | lrm: 1.00 | dt: 1590ms | tok/sec: 41,217 | mfu: 0.2% | epoch: 1 | remaining: 110s    
step 00131 (63.2%) | loss: 4.392579 | lrm: 1.00 | dt: 1569ms | tok/sec: 41,781 | mfu: 0.2% | epoch: 1 | remaining: 109s    
step 00132 (63.8%) | loss: 4.400194 | lrm: 1.00 | dt: 1587ms | tok/sec: 41,297 | mfu: 0.2% | epoch: 1 | remaining: 107s    
step 00133 (64.3%) | loss: 4.405692 | lrm: 1.00 | dt: 1585ms | tok/sec: 41,340 | mfu: 0.2% | epoch: 1 | remaining: 106s    
step 00134 (64.8%) | loss: 4.408237 | lrm: 1.00 | dt: 1573ms | tok/sec: 41,671 | mfu: 0.2% | epoch: 1 | remaining: 104s    
step 00135 (65.3%) | loss: 4.407811 | lrm: 1.00 | dt: 1579ms | tok/sec: 41,511 | mfu: 0.2% | epoch: 1 | remaining: 102s    
step 00136 (65.9%) | loss: 4.404684 | lrm: 1.00 | dt: 1585ms | tok/sec: 41,351 | mfu: 0.2% | epoch: 1 | remaining: 101s    
step 00137 (66.4%) | loss: 4.388881 | lrm: 1.00 | dt: 1587ms | tok/sec: 41,299 | mfu: 0.2% | epoch: 1 | remaining: 99s    
step 00138 (66.9%) | loss: 4.389776 | lrm: 1.00 | dt: 1577ms | tok/sec: 41,563 | mfu: 0.2% | epoch: 1 | remaining: 98s    
step 00139 (67.5%) | loss: 4.396466 | lrm: 1.00 | dt: 1588ms | tok/sec: 41,263 | mfu: 0.2% | epoch: 1 | remaining: 96s    
step 00140 (68.0%) | loss: 4.398905 | lrm: 1.00 | dt: 1593ms | tok/sec: 41,148 | mfu: 0.2% | epoch: 1 | remaining: 94s    
step 00141 (68.5%) | loss: 4.399928 | lrm: 1.00 | dt: 1574ms | tok/sec: 41,625 | mfu: 0.2% | epoch: 1 | remaining: 93s    
step 00142 (69.0%) | loss: 4.393689 | lrm: 1.00 | dt: 1585ms | tok/sec: 41,338 | mfu: 0.2% | epoch: 1 | remaining: 91s    
step 00143 (69.6%) | loss: 4.377913 | lrm: 1.00 | dt: 1570ms | tok/sec: 41,729 | mfu: 0.2% | epoch: 1 | remaining: 90s    
step 00144 (70.1%) | loss: 4.357220 | lrm: 1.00 | dt: 1574ms | tok/sec: 41,638 | mfu: 0.2% | epoch: 1 | remaining: 88s    
step 00145 (70.6%) | loss: 4.335642 | lrm: 0.98 | dt: 1585ms | tok/sec: 41,359 | mfu: 0.2% | epoch: 1 | remaining: 87s    
step 00146 (71.1%) | loss: 4.336551 | lrm: 0.96 | dt: 1568ms | tok/sec: 41,784 | mfu: 0.2% | epoch: 1 | remaining: 85s    
step 00147 (71.7%) | loss: 4.318720 | lrm: 0.94 | dt: 1585ms | tok/sec: 41,353 | mfu: 0.2% | epoch: 1 | remaining: 83s    
step 00148 (72.2%) | loss: 4.316897 | lrm: 0.93 | dt: 1575ms | tok/sec: 41,618 | mfu: 0.2% | epoch: 1 | remaining: 82s    
step 00149 (72.7%) | loss: 4.300867 | lrm: 0.91 | dt: 1585ms | tok/sec: 41,339 | mfu: 0.2% | epoch: 1 | remaining: 80s    
step 00150 (73.3%) | loss: 4.290744 | lrm: 0.89 | dt: 1565ms | tok/sec: 41,883 | mfu: 0.2% | epoch: 1 | remaining: 79s    
step 00151 (73.8%) | loss: 4.278167 | lrm: 0.87 | dt: 1582ms | tok/sec: 41,416 | mfu: 0.2% | epoch: 1 | remaining: 77s    
step 00152 (74.3%) | loss: 4.274458 | lrm: 0.86 | dt: 1585ms | tok/sec: 41,343 | mfu: 0.2% | epoch: 1 | remaining: 76s    
step 00153 (74.8%) | loss: 4.257892 | lrm: 0.84 | dt: 1574ms | tok/sec: 41,647 | mfu: 0.2% | epoch: 1 | remaining: 74s    
step 00154 (75.4%) | loss: 4.239996 | lrm: 0.82 | dt: 1585ms | tok/sec: 41,337 | mfu: 0.2% | epoch: 1 | remaining: 72s    
step 00155 (75.9%) | loss: 4.214765 | lrm: 0.80 | dt: 1570ms | tok/sec: 41,738 | mfu: 0.2% | epoch: 1 | remaining: 71s    
step 00156 (76.4%) | loss: 4.204987 | lrm: 0.79 | dt: 1576ms | tok/sec: 41,593 | mfu: 0.2% | epoch: 1 | remaining: 69s    
step 00157 (76.9%) | loss: 4.211748 | lrm: 0.77 | dt: 1579ms | tok/sec: 41,509 | mfu: 0.2% | epoch: 1 | remaining: 68s    
step 00158 (77.5%) | loss: 4.224899 | lrm: 0.75 | dt: 1585ms | tok/sec: 41,339 | mfu: 0.2% | epoch: 1 | remaining: 66s    
step 00159 (78.0%) | loss: 4.219066 | lrm: 0.73 | dt: 1573ms | tok/sec: 41,652 | mfu: 0.2% | epoch: 1 | remaining: 64s    
step 00160 (78.5%) | loss: 4.217699 | lrm: 0.72 | dt: 1568ms | tok/sec: 41,796 | mfu: 0.2% | epoch: 1 | remaining: 63s    
step 00161 (79.0%) | loss: 4.215521 | lrm: 0.70 | dt: 1577ms | tok/sec: 41,562 | mfu: 0.2% | epoch: 1 | remaining: 61s    
step 00162 (79.6%) | loss: 4.208424 | lrm: 0.68 | dt: 1572ms | tok/sec: 41,683 | mfu: 0.2% | epoch: 1 | remaining: 60s    
step 00163 (80.1%) | loss: 4.180424 | lrm: 0.66 | dt: 1582ms | tok/sec: 41,418 | mfu: 0.2% | epoch: 1 | remaining: 58s    
step 00164 (80.6%) | loss: 4.156815 | lrm: 0.65 | dt: 1570ms | tok/sec: 41,733 | mfu: 0.2% | epoch: 1 | remaining: 57s    
step 00165 (81.1%) | loss: 4.143489 | lrm: 0.63 | dt: 1582ms | tok/sec: 41,423 | mfu: 0.2% | epoch: 1 | remaining: 55s    
step 00166 (81.7%) | loss: 4.143334 | lrm: 0.61 | dt: 1582ms | tok/sec: 41,427 | mfu: 0.2% | epoch: 1 | remaining: 53s    
step 00167 (82.2%) | loss: 4.117627 | lrm: 0.59 | dt: 1578ms | tok/sec: 41,540 | mfu: 0.2% | epoch: 1 | remaining: 52s    
step 00168 (82.7%) | loss: 4.117827 | lrm: 0.58 | dt: 1584ms | tok/sec: 41,372 | mfu: 0.2% | epoch: 1 | remaining: 50s    
step 00169 (83.2%) | loss: 4.125013 | lrm: 0.56 | dt: 1574ms | tok/sec: 41,636 | mfu: 0.2% | epoch: 1 | remaining: 49s    
step 00170 (83.8%) | loss: 4.126895 | lrm: 0.54 | dt: 1582ms | tok/sec: 41,418 | mfu: 0.2% | epoch: 1 | remaining: 47s    
step 00171 (84.3%) | loss: 4.127673 | lrm: 0.52 | dt: 1582ms | tok/sec: 41,414 | mfu: 0.2% | epoch: 1 | remaining: 46s    
step 00172 (84.8%) | loss: 4.107363 | lrm: 0.51 | dt: 1569ms | tok/sec: 41,770 | mfu: 0.2% | epoch: 1 | remaining: 44s    
step 00173 (85.3%) | loss: 4.113712 | lrm: 0.49 | dt: 1588ms | tok/sec: 41,265 | mfu: 0.2% | epoch: 1 | remaining: 42s    
step 00174 (85.9%) | loss: 4.101838 | lrm: 0.47 | dt: 1569ms | tok/sec: 41,773 | mfu: 0.2% | epoch: 1 | remaining: 41s    
step 00175 (86.4%) | loss: 4.107641 | lrm: 0.45 | dt: 1586ms | tok/sec: 41,329 | mfu: 0.2% | epoch: 1 | remaining: 39s    
step 00176 (86.9%) | loss: 4.104537 | lrm: 0.44 | dt: 1570ms | tok/sec: 41,746 | mfu: 0.2% | epoch: 1 | remaining: 38s    
step 00177 (87.4%) | loss: 4.096146 | lrm: 0.42 | dt: 1572ms | tok/sec: 41,688 | mfu: 0.2% | epoch: 1 | remaining: 36s    
step 00178 (88.0%) | loss: 4.096585 | lrm: 0.40 | dt: 1583ms | tok/sec: 41,408 | mfu: 0.2% | epoch: 1 | remaining: 34s    
step 00179 (88.5%) | loss: 4.089693 | lrm: 0.38 | dt: 1571ms | tok/sec: 41,709 | mfu: 0.2% | epoch: 1 | remaining: 33s    
step 00180 (89.0%) | loss: 4.091790 | lrm: 0.37 | dt: 1584ms | tok/sec: 41,378 | mfu: 0.2% | epoch: 1 | remaining: 31s    
step 00181 (89.6%) | loss: 4.075711 | lrm: 0.35 | dt: 1582ms | tok/sec: 41,437 | mfu: 0.2% | epoch: 1 | remaining: 30s    
step 00182 (90.1%) | loss: 4.070390 | lrm: 0.33 | dt: 1575ms | tok/sec: 41,622 | mfu: 0.2% | epoch: 1 | remaining: 28s    
step 00183 (90.6%) | loss: 4.094417 | lrm: 0.31 | dt: 1567ms | tok/sec: 41,820 | mfu: 0.2% | epoch: 1 | remaining: 27s    
step 00184 (91.1%) | loss: 4.081937 | lrm: 0.30 | dt: 1577ms | tok/sec: 41,552 | mfu: 0.2% | epoch: 1 | remaining: 25s    
step 00185 (91.7%) | loss: 4.083927 | lrm: 0.28 | dt: 1580ms | tok/sec: 41,491 | mfu: 0.2% | epoch: 1 | remaining: 23s    
step 00186 (92.2%) | loss: 4.063555 | lrm: 0.26 | dt: 1577ms | tok/sec: 41,569 | mfu: 0.2% | epoch: 1 | remaining: 22s    
step 00187 (92.7%) | loss: 4.054658 | lrm: 0.24 | dt: 1581ms | tok/sec: 41,446 | mfu: 0.2% | epoch: 1 | remaining: 20s    
step 00188 (93.2%) | loss: 4.048913 | lrm: 0.23 | dt: 1573ms | tok/sec: 41,654 | mfu: 0.2% | epoch: 1 | remaining: 19s    
step 00189 (93.8%) | loss: 4.027930 | lrm: 0.21 | dt: 1580ms | tok/sec: 41,469 | mfu: 0.2% | epoch: 1 | remaining: 17s    
step 00190 (94.3%) | loss: 4.010151 | lrm: 0.19 | dt: 1571ms | tok/sec: 41,717 | mfu: 0.2% | epoch: 1 | remaining: 16s    
step 00191 (94.8%) | loss: 3.992766 | lrm: 0.17 | dt: 1585ms | tok/sec: 41,359 | mfu: 0.2% | epoch: 1 | remaining: 14s    
step 00192 (95.3%) | loss: 3.975791 | lrm: 0.16 | dt: 1585ms | tok/sec: 41,342 | mfu: 0.2% | epoch: 1 | remaining: 12s    
step 00193 (95.9%) | loss: 3.986853 | lrm: 0.14 | dt: 1569ms | tok/sec: 41,779 | mfu: 0.2% | epoch: 1 | remaining: 11s    
step 00194 (96.4%) | loss: 3.981584 | lrm: 0.12 | dt: 1585ms | tok/sec: 41,351 | mfu: 0.2% | epoch: 1 | remaining: 9s    
step 00195 (96.9%) | loss: 3.981453 | lrm: 0.10 | dt: 1570ms | tok/sec: 41,747 | mfu: 0.2% | epoch: 1 | remaining: 8s    
step 00196 (97.4%) | loss: 3.971166 | lrm: 0.09 | dt: 1577ms | tok/sec: 41,549 | mfu: 0.2% | epoch: 1 | remaining: 6s    
step 00197 (98.0%) | loss: 3.985154 | lrm: 0.07 | dt: 1564ms | tok/sec: 41,896 | mfu: 0.2% | epoch: 1 | remaining: 5s    
step 00198 (98.5%) | loss: 4.000323 | lrm: 0.05 | dt: 1583ms | tok/sec: 41,411 | mfu: 0.2% | epoch: 1 | remaining: 3s    
step 00199 (99.0%) | loss: 3.981944 | lrm: 0.03 | dt: 1582ms | tok/sec: 41,437 | mfu: 0.2% | epoch: 1 | remaining: 1s    
step 00200 (99.5%) | loss: 3.995443 | lrm: 0.02 | dt: 1575ms | tok/sec: 41,615 | mfu: 0.2% | epoch: 1 | remaining: 0s    
---
val_bpb:          1.419838
training_seconds: 300.2
total_seconds:    525.8
peak_vram_mb:     2186.4
mfu_percent:      0.24
total_tokens_M:   13.2
num_steps:        201
num_params_M:     11.5
depth:            4
W0312 10:30:26.921000 1507471 .venv/lib/python3.10/site-packages/torch/_inductor/utils.py:1613] [0/0] Not enough SMs to use max_autotune_gemm mode
/media/starscream/bumblebee1/blaze/autoresearch/.venv/lib/python3.10/site-packages/torch/_inductor/compile_fx.py:2772: UserWarning: NVIDIA GeForce RTX 2060 does not support bfloat16 compilation natively, skipping
  warnings.warn(
/media/starscream/bumblebee1/blaze/autoresearch/.venv/lib/python3.10/site-packages/torch/_inductor/compile_fx.py:2772: UserWarning: NVIDIA GeForce RTX 2060 does not support bfloat16 compilation natively, skipping
  warnings.warn(
/media/starscream/bumblebee1/blaze/autoresearch/.venv/lib/python3.10/site-packages/torch/_inductor/compile_fx.py:2772: UserWarning: NVIDIA GeForce RTX 2060 does not support bfloat16 compilation natively, skipping
  warnings.warn(
/media/starscream/bumblebee1/blaze/autoresearch/.venv/lib/python3.10/site-packages/torch/_inductor/compile_fx.py:2772: UserWarning: NVIDIA GeForce RTX 2060 does not support bfloat16 compilation natively, skipping
  warnings.warn(
/media/starscream/bumblebee1/blaze/autoresearch/.venv/lib/python3.10/site-packages/torch/_inductor/compile_fx.py:2772: UserWarning: NVIDIA GeForce RTX 2060 does not support bfloat16 compilation natively, skipping
  warnings.warn(
/media/starscream/bumblebee1/blaze/autoresearch/.venv/lib/python3.10/site-packages/torch/_inductor/compile_fx.py:2772: UserWarning: NVIDIA GeForce RTX 2060 does not support bfloat16 compilation natively, skipping
  warnings.warn(
/media/starscream/bumblebee1/blaze/autoresearch/.venv/lib/python3.10/site-packages/torch/_inductor/compile_fx.py:2772: UserWarning: NVIDIA GeForce RTX 2060 does not support bfloat16 compilation natively, skipping
  warnings.warn(
