GPU compute capability (7, 5) < 8.0, using fallback attention (no Flash Attention)
Vocab size: 8,192
Model config: {'sequence_len': 2048, 'vocab_size': 8192, 'n_layer': 5, 'n_head': 3, 'n_kv_head': 3, 'n_embd': 384, 'window_pattern': 'L'}
Parameter counts:
  wte                     : 3,145,728
  value_embeds            : 9,437,184
  lm_head                 : 3,145,728
  transformer_matrices    : 8,847,648
  scalars                 : 10
  total                   : 24,576,298
Estimated FLOPs per token: 1.191462e+08
Scaling AdamW LRs by 1/sqrt(384/768) = 1.414214
Time budget: 300s
Gradient accumulation steps: 2
W0311 21:05:29.607000 749938 .venv/lib/python3.10/site-packages/torch/_inductor/utils.py:1613] [0/0] Not enough SMs to use max_autotune_gemm mode
/media/starscream/bumblebee1/blaze/autoresearch/.venv/lib/python3.10/site-packages/torch/_inductor/compile_fx.py:2772: UserWarning: NVIDIA GeForce RTX 2060 does not support bfloat16 compilation natively, skipping
  warnings.warn(
/media/starscream/bumblebee1/blaze/autoresearch/.venv/lib/python3.10/site-packages/torch/_inductor/compile_fx.py:2772: UserWarning: NVIDIA GeForce RTX 2060 does not support bfloat16 compilation natively, skipping
  warnings.warn(
/media/starscream/bumblebee1/blaze/autoresearch/.venv/lib/python3.10/site-packages/torch/_inductor/compile_fx.py:2772: UserWarning: NVIDIA GeForce RTX 2060 does not support bfloat16 compilation natively, skipping
  warnings.warn(
/media/starscream/bumblebee1/blaze/autoresearch/.venv/lib/python3.10/site-packages/torch/_inductor/compile_fx.py:2772: UserWarning: NVIDIA GeForce RTX 2060 does not support bfloat16 compilation natively, skipping
  warnings.warn(
/media/starscream/bumblebee1/blaze/autoresearch/.venv/lib/python3.10/site-packages/torch/_inductor/compile_fx.py:2772: UserWarning: NVIDIA GeForce RTX 2060 does not support bfloat16 compilation natively, skipping
  warnings.warn(
/media/starscream/bumblebee1/blaze/autoresearch/.venv/lib/python3.10/site-packages/torch/_inductor/compile_fx.py:2772: UserWarning: NVIDIA GeForce RTX 2060 does not support bfloat16 compilation natively, skipping
  warnings.warn(
Traceback (most recent call last):
  File "/media/starscream/bumblebee1/blaze/autoresearch/train.py", line 573, in <module>
    loss.backward()
  File "/media/starscream/bumblebee1/blaze/autoresearch/.venv/lib/python3.10/site-packages/torch/_tensor.py", line 625, in backward
    torch.autograd.backward(
  File "/media/starscream/bumblebee1/blaze/autoresearch/.venv/lib/python3.10/site-packages/torch/autograd/__init__.py", line 354, in backward
    _engine_run_backward(
  File "/media/starscream/bumblebee1/blaze/autoresearch/.venv/lib/python3.10/site-packages/torch/autograd/graph.py", line 841, in _engine_run_backward
    return Variable._execution_engine.run_backward(  # Calls into the C++ engine to run the backward pass
torch.OutOfMemoryError: CUDA out of memory. Tried to allocate 256.00 MiB. GPU 0 has a total capacity of 5.59 GiB of which 218.56 MiB is free. Process 735523 has 2.04 GiB memory in use. Including non-PyTorch memory, this process has 2.99 GiB memory in use. Of the allocated memory 2.79 GiB is allocated by PyTorch, and 89.90 MiB is reserved by PyTorch but unallocated. If reserved but unallocated memory is large try setting PYTORCH_CUDA_ALLOC_CONF=expandable_segments:True to avoid fragmentation.  See documentation for Memory Management  (https://pytorch.org/docs/stable/notes/cuda.html#environment-variables)
