GPU compute capability (7, 5) < 8.0, using fallback attention (no Flash Attention)
Vocab size: 8,192
Model config: {'sequence_len': 2048, 'vocab_size': 8192, 'n_layer': 4, 'n_head': 2, 'n_kv_head': 2, 'n_embd': 256, 'window_pattern': 'L'}
Parameter counts:
  wte                     : 2,097,152
  value_embeds            : 4,194,304
  lm_head                 : 2,097,152
  transformer_matrices    : 3,145,856
  scalars                 : 8
  total                   : 11,534,472
Estimated FLOPs per token: 5.662387e+07
Scaling AdamW LRs by 1/sqrt(256/768) = 1.732051
Time budget: 300s
Gradient accumulation steps: 4

step 00000 (0.0%) | loss: 9.011059 | lrm: 1.00 | dt: 7399ms | tok/sec: 2,214 | mfu: 0.0% | epoch: 1 | remaining: 300s    
step 00001 (0.0%) | loss: 8.956513 | lrm: 1.00 | dt: 401ms | tok/sec: 40,830 | mfu: 0.2% | epoch: 1 | remaining: 300s    
step 00002 (0.0%) | loss: 8.780939 | lrm: 1.00 | dt: 403ms | tok/sec: 40,615 | mfu: 0.2% | epoch: 1 | remaining: 300s    
step 00003 (0.0%) | loss: 8.518872 | lrm: 1.00 | dt: 401ms | tok/sec: 40,864 | mfu: 0.2% | epoch: 1 | remaining: 300s    
step 00004 (0.0%) | loss: 8.256438 | lrm: 1.00 | dt: 414ms | tok/sec: 39,615 | mfu: 0.2% | epoch: 1 | remaining: 300s    
step 00005 (0.0%) | loss: 8.064702 | lrm: 1.00 | dt: 401ms | tok/sec: 40,859 | mfu: 0.2% | epoch: 1 | remaining: 300s    
step 00006 (0.0%) | loss: 7.925559 | lrm: 1.00 | dt: 408ms | tok/sec: 40,173 | mfu: 0.2% | epoch: 1 | remaining: 300s    
step 00007 (0.0%) | loss: 7.743059 | lrm: 1.00 | dt: 401ms | tok/sec: 40,850 | mfu: 0.2% | epoch: 1 | remaining: 300s    
step 00008 (0.0%) | loss: 7.566531 | lrm: 1.00 | dt: 402ms | tok/sec: 40,718 | mfu: 0.2% | epoch: 1 | remaining: 300s    
step 00009 (0.0%) | loss: 7.432638 | lrm: 1.00 | dt: 415ms | tok/sec: 39,451 | mfu: 0.2% | epoch: 1 | remaining: 300s    
step 00010 (0.0%) | loss: 7.309126 | lrm: 1.00 | dt: 402ms | tok/sec: 40,735 | mfu: 0.2% | epoch: 1 | remaining: 300s    
step 00011 (0.0%) | loss: 7.206981 | lrm: 1.00 | dt: 408ms | tok/sec: 40,190 | mfu: 0.2% | epoch: 1 | remaining: 300s    
step 00012 (0.1%) | loss: 7.105884 | lrm: 1.00 | dt: 400ms | tok/sec: 40,909 | mfu: 0.2% | epoch: 1 | remaining: 299s    
step 00013 (0.3%) | loss: 7.021976 | lrm: 1.00 | dt: 402ms | tok/sec: 40,789 | mfu: 0.2% | epoch: 1 | remaining: 299s    
step 00014 (0.4%) | loss: 6.948245 | lrm: 1.00 | dt: 415ms | tok/sec: 39,490 | mfu: 0.2% | epoch: 1 | remaining: 298s    
step 00015 (0.5%) | loss: 6.887432 | lrm: 1.00 | dt: 402ms | tok/sec: 40,742 | mfu: 0.2% | epoch: 1 | remaining: 298s    
step 00016 (0.7%) | loss: 6.817377 | lrm: 1.00 | dt: 408ms | tok/sec: 40,146 | mfu: 0.2% | epoch: 1 | remaining: 298s    
step 00017 (0.8%) | loss: 6.748448 | lrm: 1.00 | dt: 401ms | tok/sec: 40,824 | mfu: 0.2% | epoch: 1 | remaining: 297s    
step 00018 (0.9%) | loss: 6.710050 | lrm: 1.00 | dt: 402ms | tok/sec: 40,759 | mfu: 0.2% | epoch: 1 | remaining: 297s    
step 00019 (1.1%) | loss: 6.661434 | lrm: 1.00 | dt: 409ms | tok/sec: 40,093 | mfu: 0.2% | epoch: 1 | remaining: 296s    
step 00020 (1.2%) | loss: 6.600305 | lrm: 1.00 | dt: 403ms | tok/sec: 40,660 | mfu: 0.2% | epoch: 1 | remaining: 296s    
step 00021 (1.3%) | loss: 6.606248 | lrm: 1.00 | dt: 410ms | tok/sec: 39,987 | mfu: 0.2% | epoch: 1 | remaining: 296s    
step 00022 (1.5%) | loss: 6.559113 | lrm: 1.00 | dt: 404ms | tok/sec: 40,532 | mfu: 0.2% | epoch: 1 | remaining: 295s    
step 00023 (1.6%) | loss: 6.528724 | lrm: 1.00 | dt: 403ms | tok/sec: 40,701 | mfu: 0.2% | epoch: 1 | remaining: 295s    
step 00024 (1.8%) | loss: 6.513514 | lrm: 1.00 | dt: 417ms | tok/sec: 39,259 | mfu: 0.2% | epoch: 1 | remaining: 294s    
step 00025 (1.9%) | loss: 6.468598 | lrm: 1.00 | dt: 404ms | tok/sec: 40,581 | mfu: 0.2% | epoch: 1 | remaining: 294s    
step 00026 (2.0%) | loss: 6.428756 | lrm: 1.00 | dt: 410ms | tok/sec: 39,987 | mfu: 0.2% | epoch: 1 | remaining: 294s    
step 00027 (2.2%) | loss: 6.388937 | lrm: 1.00 | dt: 403ms | tok/sec: 40,634 | mfu: 0.2% | epoch: 1 | remaining: 293s    
step 00028 (2.3%) | loss: 6.376943 | lrm: 1.00 | dt: 403ms | tok/sec: 40,648 | mfu: 0.2% | epoch: 1 | remaining: 293s    
step 00029 (2.4%) | loss: 6.368984 | lrm: 1.00 | dt: 417ms | tok/sec: 39,309 | mfu: 0.2% | epoch: 1 | remaining: 292s    
step 00030 (2.6%) | loss: 6.340018 | lrm: 1.00 | dt: 403ms | tok/sec: 40,635 | mfu: 0.2% | epoch: 1 | remaining: 292s    
step 00031 (2.7%) | loss: 6.301854 | lrm: 1.00 | dt: 411ms | tok/sec: 39,839 | mfu: 0.2% | epoch: 1 | remaining: 291s    
step 00032 (2.8%) | loss: 6.266469 | lrm: 1.00 | dt: 406ms | tok/sec: 40,387 | mfu: 0.2% | epoch: 1 | remaining: 291s    
step 00033 (3.0%) | loss: 6.236085 | lrm: 1.00 | dt: 404ms | tok/sec: 40,579 | mfu: 0.2% | epoch: 1 | remaining: 291s    
step 00034 (3.1%) | loss: 6.209793 | lrm: 1.00 | dt: 418ms | tok/sec: 39,239 | mfu: 0.2% | epoch: 1 | remaining: 290s    
step 00035 (3.3%) | loss: 6.191748 | lrm: 1.00 | dt: 404ms | tok/sec: 40,538 | mfu: 0.2% | epoch: 1 | remaining: 290s    
step 00036 (3.4%) | loss: 6.181614 | lrm: 1.00 | dt: 418ms | tok/sec: 39,169 | mfu: 0.2% | epoch: 1 | remaining: 289s    
step 00037 (3.5%) | loss: 6.150279 | lrm: 1.00 | dt: 403ms | tok/sec: 40,626 | mfu: 0.2% | epoch: 1 | remaining: 289s    
step 00038 (3.7%) | loss: 6.126260 | lrm: 1.00 | dt: 411ms | tok/sec: 39,860 | mfu: 0.2% | epoch: 1 | remaining: 289s    
step 00039 (3.8%) | loss: 6.173543 | lrm: 1.00 | dt: 403ms | tok/sec: 40,678 | mfu: 0.2% | epoch: 1 | remaining: 288s    
step 00040 (3.9%) | loss: 6.151185 | lrm: 1.00 | dt: 404ms | tok/sec: 40,515 | mfu: 0.2% | epoch: 1 | remaining: 288s    
step 00041 (4.1%) | loss: 6.120380 | lrm: 1.00 | dt: 410ms | tok/sec: 39,942 | mfu: 0.2% | epoch: 1 | remaining: 287s    
step 00042 (4.2%) | loss: 6.106229 | lrm: 1.00 | dt: 404ms | tok/sec: 40,540 | mfu: 0.2% | epoch: 1 | remaining: 287s    
step 00043 (4.3%) | loss: 6.088400 | lrm: 1.00 | dt: 418ms | tok/sec: 39,153 | mfu: 0.2% | epoch: 1 | remaining: 287s    
step 00044 (4.5%) | loss: 6.066974 | lrm: 1.00 | dt: 404ms | tok/sec: 40,514 | mfu: 0.2% | epoch: 1 | remaining: 286s    
step 00045 (4.6%) | loss: 6.044706 | lrm: 1.00 | dt: 405ms | tok/sec: 40,447 | mfu: 0.2% | epoch: 1 | remaining: 286s    
step 00046 (4.7%) | loss: 6.022146 | lrm: 1.00 | dt: 411ms | tok/sec: 39,869 | mfu: 0.2% | epoch: 1 | remaining: 285s    
step 00047 (4.9%) | loss: 6.021688 | lrm: 1.00 | dt: 404ms | tok/sec: 40,513 | mfu: 0.2% | epoch: 1 | remaining: 285s    
step 00048 (5.0%) | loss: 6.002514 | lrm: 1.00 | dt: 411ms | tok/sec: 39,900 | mfu: 0.2% | epoch: 1 | remaining: 285s    
step 00049 (5.2%) | loss: 5.997201 | lrm: 1.00 | dt: 409ms | tok/sec: 40,093 | mfu: 0.2% | epoch: 1 | remaining: 284s    
step 00050 (5.3%) | loss: 5.981027 | lrm: 1.00 | dt: 404ms | tok/sec: 40,567 | mfu: 0.2% | epoch: 1 | remaining: 284s    
step 00051 (5.4%) | loss: 5.946357 | lrm: 1.00 | dt: 411ms | tok/sec: 39,903 | mfu: 0.2% | epoch: 1 | remaining: 283s    
step 00052 (5.6%) | loss: 5.928111 | lrm: 1.00 | dt: 406ms | tok/sec: 40,339 | mfu: 0.2% | epoch: 1 | remaining: 283s    
step 00053 (5.7%) | loss: 5.919617 | lrm: 1.00 | dt: 414ms | tok/sec: 39,593 | mfu: 0.2% | epoch: 1 | remaining: 282s    
step 00054 (5.8%) | loss: 5.904300 | lrm: 1.00 | dt: 405ms | tok/sec: 40,419 | mfu: 0.2% | epoch: 1 | remaining: 282s    
step 00055 (6.0%) | loss: 5.883589 | lrm: 1.00 | dt: 405ms | tok/sec: 40,442 | mfu: 0.2% | epoch: 1 | remaining: 282s    
step 00056 (6.1%) | loss: 5.872093 | lrm: 1.00 | dt: 412ms | tok/sec: 39,742 | mfu: 0.2% | epoch: 1 | remaining: 281s    
step 00057 (6.2%) | loss: 5.870139 | lrm: 1.00 | dt: 409ms | tok/sec: 40,096 | mfu: 0.2% | epoch: 1 | remaining: 281s    
step 00058 (6.4%) | loss: 5.869371 | lrm: 1.00 | dt: 412ms | tok/sec: 39,791 | mfu: 0.2% | epoch: 1 | remaining: 280s    
step 00059 (6.5%) | loss: 5.865307 | lrm: 1.00 | dt: 408ms | tok/sec: 40,194 | mfu: 0.2% | epoch: 1 | remaining: 280s    
step 00060 (6.7%) | loss: 5.863525 | lrm: 1.00 | dt: 411ms | tok/sec: 39,851 | mfu: 0.2% | epoch: 1 | remaining: 280s    
step 00061 (6.8%) | loss: 5.852284 | lrm: 1.00 | dt: 405ms | tok/sec: 40,409 | mfu: 0.2% | epoch: 1 | remaining: 279s    
step 00062 (6.9%) | loss: 5.828371 | lrm: 1.00 | dt: 408ms | tok/sec: 40,156 | mfu: 0.2% | epoch: 1 | remaining: 279s    
step 00063 (7.1%) | loss: 5.793158 | lrm: 1.00 | dt: 420ms | tok/sec: 39,049 | mfu: 0.2% | epoch: 1 | remaining: 278s    
step 00064 (7.2%) | loss: 5.784536 | lrm: 1.00 | dt: 404ms | tok/sec: 40,564 | mfu: 0.2% | epoch: 1 | remaining: 278s    
step 00065 (7.3%) | loss: 5.785270 | lrm: 1.00 | dt: 415ms | tok/sec: 39,449 | mfu: 0.2% | epoch: 1 | remaining: 278s    
step 00066 (7.5%) | loss: 5.774112 | lrm: 1.00 | dt: 408ms | tok/sec: 40,151 | mfu: 0.2% | epoch: 1 | remaining: 277s    
step 00067 (7.6%) | loss: 5.774210 | lrm: 1.00 | dt: 407ms | tok/sec: 40,300 | mfu: 0.2% | epoch: 1 | remaining: 277s    
step 00068 (7.7%) | loss: 5.763565 | lrm: 1.00 | dt: 415ms | tok/sec: 39,520 | mfu: 0.2% | epoch: 1 | remaining: 276s    
step 00069 (7.9%) | loss: 5.773294 | lrm: 1.00 | dt: 408ms | tok/sec: 40,125 | mfu: 0.2% | epoch: 1 | remaining: 276s    
step 00070 (8.0%) | loss: 5.776214 | lrm: 1.00 | dt: 414ms | tok/sec: 39,613 | mfu: 0.2% | epoch: 1 | remaining: 276s    
step 00071 (8.2%) | loss: 5.752967 | lrm: 1.00 | dt: 406ms | tok/sec: 40,342 | mfu: 0.2% | epoch: 1 | remaining: 275s    
step 00072 (8.3%) | loss: 5.748251 | lrm: 1.00 | dt: 409ms | tok/sec: 40,070 | mfu: 0.2% | epoch: 1 | remaining: 275s    
step 00073 (8.4%) | loss: 5.749118 | lrm: 1.00 | dt: 419ms | tok/sec: 39,142 | mfu: 0.2% | epoch: 1 | remaining: 274s    
step 00074 (8.6%) | loss: 5.747144 | lrm: 1.00 | dt: 410ms | tok/sec: 40,003 | mfu: 0.2% | epoch: 1 | remaining: 274s    
step 00075 (8.7%) | loss: 5.739403 | lrm: 1.00 | dt: 415ms | tok/sec: 39,478 | mfu: 0.2% | epoch: 1 | remaining: 273s    
step 00076 (8.8%) | loss: 5.731116 | lrm: 1.00 | dt: 408ms | tok/sec: 40,167 | mfu: 0.2% | epoch: 1 | remaining: 273s    
step 00077 (9.0%) | loss: 5.712189 | lrm: 1.00 | dt: 407ms | tok/sec: 40,226 | mfu: 0.2% | epoch: 1 | remaining: 273s    
step 00078 (9.1%) | loss: 5.685203 | lrm: 1.00 | dt: 417ms | tok/sec: 39,325 | mfu: 0.2% | epoch: 1 | remaining: 272s    
step 00079 (9.3%) | loss: 5.709973 | lrm: 1.00 | dt: 408ms | tok/sec: 40,188 | mfu: 0.2% | epoch: 1 | remaining: 272s    
step 00080 (9.4%) | loss: 5.705655 | lrm: 1.00 | dt: 415ms | tok/sec: 39,521 | mfu: 0.2% | epoch: 1 | remaining: 271s    
step 00081 (9.5%) | loss: 5.695054 | lrm: 1.00 | dt: 406ms | tok/sec: 40,380 | mfu: 0.2% | epoch: 1 | remaining: 271s    
step 00082 (9.7%) | loss: 5.689349 | lrm: 1.00 | dt: 415ms | tok/sec: 39,490 | mfu: 0.2% | epoch: 1 | remaining: 271s    
step 00083 (9.8%) | loss: 5.702393 | lrm: 1.00 | dt: 407ms | tok/sec: 40,265 | mfu: 0.2% | epoch: 1 | remaining: 270s    
step 00084 (9.9%) | loss: 5.672365 | lrm: 1.00 | dt: 409ms | tok/sec: 40,012 | mfu: 0.2% | epoch: 1 | remaining: 270s    
step 00085 (10.1%) | loss: 5.644473 | lrm: 1.00 | dt: 414ms | tok/sec: 39,565 | mfu: 0.2% | epoch: 1 | remaining: 269s    
step 00086 (10.2%) | loss: 5.618099 | lrm: 1.00 | dt: 408ms | tok/sec: 40,188 | mfu: 0.2% | epoch: 1 | remaining: 269s    
step 00087 (10.4%) | loss: 5.568985 | lrm: 1.00 | dt: 415ms | tok/sec: 39,433 | mfu: 0.2% | epoch: 1 | remaining: 269s    
step 00088 (10.5%) | loss: 5.541994 | lrm: 1.00 | dt: 407ms | tok/sec: 40,220 | mfu: 0.2% | epoch: 1 | remaining: 268s    
step 00089 (10.6%) | loss: 5.537088 | lrm: 1.00 | dt: 413ms | tok/sec: 39,670 | mfu: 0.2% | epoch: 1 | remaining: 268s    
step 00090 (10.8%) | loss: 5.539114 | lrm: 1.00 | dt: 414ms | tok/sec: 39,573 | mfu: 0.2% | epoch: 1 | remaining: 267s    
step 00091 (10.9%) | loss: 5.526546 | lrm: 1.00 | dt: 409ms | tok/sec: 40,073 | mfu: 0.2% | epoch: 1 | remaining: 267s    
step 00092 (11.0%) | loss: 5.504458 | lrm: 1.00 | dt: 425ms | tok/sec: 38,528 | mfu: 0.2% | epoch: 1 | remaining: 266s    
step 00093 (11.2%) | loss: 5.497703 | lrm: 1.00 | dt: 407ms | tok/sec: 40,223 | mfu: 0.2% | epoch: 1 | remaining: 266s    
step 00094 (11.3%) | loss: 5.516797 | lrm: 1.00 | dt: 408ms | tok/sec: 40,188 | mfu: 0.2% | epoch: 1 | remaining: 266s    
step 00095 (11.5%) | loss: 5.540510 | lrm: 1.00 | dt: 415ms | tok/sec: 39,510 | mfu: 0.2% | epoch: 1 | remaining: 265s    
step 00096 (11.6%) | loss: 5.558692 | lrm: 1.00 | dt: 411ms | tok/sec: 39,884 | mfu: 0.2% | epoch: 1 | remaining: 265s    
step 00097 (11.7%) | loss: 5.546583 | lrm: 1.00 | dt: 419ms | tok/sec: 39,142 | mfu: 0.2% | epoch: 1 | remaining: 264s    
step 00098 (11.9%) | loss: 5.562848 | lrm: 1.00 | dt: 407ms | tok/sec: 40,246 | mfu: 0.2% | epoch: 1 | remaining: 264s    
step 00099 (12.0%) | loss: 5.540576 | lrm: 1.00 | dt: 415ms | tok/sec: 39,472 | mfu: 0.2% | epoch: 1 | remaining: 264s    
step 00100 (12.1%) | loss: 5.535660 | lrm: 1.00 | dt: 408ms | tok/sec: 40,113 | mfu: 0.2% | epoch: 1 | remaining: 263s    
step 00101 (12.3%) | loss: 5.537605 | lrm: 1.00 | dt: 409ms | tok/sec: 40,047 | mfu: 0.2% | epoch: 1 | remaining: 263s    
step 00102 (12.4%) | loss: 5.550130 | lrm: 1.00 | dt: 424ms | tok/sec: 38,652 | mfu: 0.2% | epoch: 1 | remaining: 262s    
step 00103 (12.6%) | loss: 5.556857 | lrm: 1.00 | dt: 409ms | tok/sec: 40,038 | mfu: 0.2% | epoch: 1 | remaining: 262s    
step 00104 (12.7%) | loss: 5.550059 | lrm: 1.00 | dt: 418ms | tok/sec: 39,162 | mfu: 0.2% | epoch: 1 | remaining: 262s    
step 00105 (12.8%) | loss: 5.547053 | lrm: 1.00 | dt: 408ms | tok/sec: 40,120 | mfu: 0.2% | epoch: 1 | remaining: 261s    
step 00106 (13.0%) | loss: 5.513442 | lrm: 1.00 | dt: 411ms | tok/sec: 39,871 | mfu: 0.2% | epoch: 1 | remaining: 261s    
step 00107 (13.1%) | loss: 5.517000 | lrm: 1.00 | dt: 422ms | tok/sec: 38,804 | mfu: 0.2% | epoch: 1 | remaining: 260s    
step 00108 (13.2%) | loss: 5.507594 | lrm: 1.00 | dt: 408ms | tok/sec: 40,190 | mfu: 0.2% | epoch: 1 | remaining: 260s    
step 00109 (13.4%) | loss: 5.493719 | lrm: 1.00 | dt: 417ms | tok/sec: 39,268 | mfu: 0.2% | epoch: 1 | remaining: 259s    
step 00110 (13.5%) | loss: 5.507936 | lrm: 1.00 | dt: 413ms | tok/sec: 39,661 | mfu: 0.2% | epoch: 1 | remaining: 259s    
step 00111 (13.7%) | loss: 5.511288 | lrm: 1.00 | dt: 406ms | tok/sec: 40,368 | mfu: 0.2% | epoch: 1 | remaining: 259s    
step 00112 (13.8%) | loss: 5.514134 | lrm: 1.00 | dt: 418ms | tok/sec: 39,176 | mfu: 0.2% | epoch: 1 | remaining: 258s    
step 00113 (13.9%) | loss: 5.488143 | lrm: 1.00 | dt: 417ms | tok/sec: 39,308 | mfu: 0.2% | epoch: 1 | remaining: 258s    
step 00114 (14.1%) | loss: 5.477888 | lrm: 1.00 | dt: 416ms | tok/sec: 39,429 | mfu: 0.2% | epoch: 1 | remaining: 257s    
step 00115 (14.2%) | loss: 5.480652 | lrm: 1.00 | dt: 410ms | tok/sec: 39,952 | mfu: 0.2% | epoch: 1 | remaining: 257s    
step 00116 (14.3%) | loss: 5.498246 | lrm: 1.00 | dt: 417ms | tok/sec: 39,310 | mfu: 0.2% | epoch: 1 | remaining: 257s    
step 00117 (14.5%) | loss: 5.465313 | lrm: 1.00 | dt: 410ms | tok/sec: 40,002 | mfu: 0.2% | epoch: 1 | remaining: 256s    
step 00118 (14.6%) | loss: 5.440791 | lrm: 1.00 | dt: 411ms | tok/sec: 39,849 | mfu: 0.2% | epoch: 1 | remaining: 256s    
step 00119 (14.8%) | loss: 5.441326 | lrm: 1.00 | dt: 419ms | tok/sec: 39,132 | mfu: 0.2% | epoch: 1 | remaining: 255s    
step 00120 (14.9%) | loss: 5.416812 | lrm: 1.00 | dt: 408ms | tok/sec: 40,203 | mfu: 0.2% | epoch: 1 | remaining: 255s    
step 00121 (15.0%) | loss: 5.410845 | lrm: 1.00 | dt: 420ms | tok/sec: 39,001 | mfu: 0.2% | epoch: 1 | remaining: 254s    
step 00122 (15.2%) | loss: 5.422314 | lrm: 1.00 | dt: 412ms | tok/sec: 39,797 | mfu: 0.2% | epoch: 1 | remaining: 254s    
step 00123 (15.3%) | loss: 5.407587 | lrm: 1.00 | dt: 409ms | tok/sec: 40,010 | mfu: 0.2% | epoch: 1 | remaining: 254s    
step 00124 (15.4%) | loss: 5.395218 | lrm: 1.00 | dt: 420ms | tok/sec: 39,054 | mfu: 0.2% | epoch: 1 | remaining: 253s    
step 00125 (15.6%) | loss: 5.383777 | lrm: 1.00 | dt: 409ms | tok/sec: 40,079 | mfu: 0.2% | epoch: 1 | remaining: 253s    
step 00126 (15.7%) | loss: 5.394882 | lrm: 1.00 | dt: 416ms | tok/sec: 39,394 | mfu: 0.2% | epoch: 1 | remaining: 252s    
step 00127 (15.9%) | loss: 5.373025 | lrm: 1.00 | dt: 409ms | tok/sec: 40,038 | mfu: 0.2% | epoch: 1 | remaining: 252s    
step 00128 (16.0%) | loss: 5.361541 | lrm: 1.00 | dt: 414ms | tok/sec: 39,586 | mfu: 0.2% | epoch: 1 | remaining: 252s    
step 00129 (16.1%) | loss: 5.348151 | lrm: 1.00 | dt: 411ms | tok/sec: 39,815 | mfu: 0.2% | epoch: 1 | remaining: 251s    
step 00130 (16.3%) | loss: 5.382666 | lrm: 1.00 | dt: 411ms | tok/sec: 39,851 | mfu: 0.2% | epoch: 1 | remaining: 251s    
step 00131 (16.4%) | loss: 5.369448 | lrm: 1.00 | dt: 422ms | tok/sec: 38,836 | mfu: 0.2% | epoch: 1 | remaining: 250s    
step 00132 (16.5%) | loss: 5.387273 | lrm: 1.00 | dt: 408ms | tok/sec: 40,149 | mfu: 0.2% | epoch: 1 | remaining: 250s    
step 00133 (16.7%) | loss: 5.386922 | lrm: 1.00 | dt: 415ms | tok/sec: 39,507 | mfu: 0.2% | epoch: 1 | remaining: 250s    
step 00134 (16.8%) | loss: 5.380210 | lrm: 1.00 | dt: 414ms | tok/sec: 39,548 | mfu: 0.2% | epoch: 1 | remaining: 249s    
step 00135 (17.0%) | loss: 5.392807 | lrm: 1.00 | dt: 410ms | tok/sec: 40,001 | mfu: 0.2% | epoch: 1 | remaining: 249s    
step 00136 (17.1%) | loss: 5.372235 | lrm: 1.00 | dt: 418ms | tok/sec: 39,203 | mfu: 0.2% | epoch: 1 | remaining: 248s    
step 00137 (17.2%) | loss: 5.378308 | lrm: 1.00 | dt: 407ms | tok/sec: 40,258 | mfu: 0.2% | epoch: 1 | remaining: 248s    
step 00138 (17.4%) | loss: 5.378018 | lrm: 1.00 | dt: 418ms | tok/sec: 39,177 | mfu: 0.2% | epoch: 1 | remaining: 247s    
step 00139 (17.5%) | loss: 5.393527 | lrm: 1.00 | dt: 407ms | tok/sec: 40,267 | mfu: 0.2% | epoch: 1 | remaining: 247s    
step 00140 (17.6%) | loss: 5.383185 | lrm: 1.00 | dt: 412ms | tok/sec: 39,763 | mfu: 0.2% | epoch: 1 | remaining: 247s    
step 00141 (17.8%) | loss: 5.380295 | lrm: 1.00 | dt: 417ms | tok/sec: 39,248 | mfu: 0.2% | epoch: 1 | remaining: 246s    
step 00142 (17.9%) | loss: 5.375334 | lrm: 1.00 | dt: 407ms | tok/sec: 40,247 | mfu: 0.2% | epoch: 1 | remaining: 246s    
step 00143 (18.1%) | loss: 5.387210 | lrm: 1.00 | dt: 417ms | tok/sec: 39,317 | mfu: 0.2% | epoch: 1 | remaining: 245s    
step 00144 (18.2%) | loss: 5.370301 | lrm: 1.00 | dt: 409ms | tok/sec: 40,046 | mfu: 0.2% | epoch: 1 | remaining: 245s    
step 00145 (18.3%) | loss: 5.387629 | lrm: 1.00 | dt: 418ms | tok/sec: 39,164 | mfu: 0.2% | epoch: 1 | remaining: 245s    
step 00146 (18.5%) | loss: 5.365179 | lrm: 1.00 | dt: 415ms | tok/sec: 39,499 | mfu: 0.2% | epoch: 1 | remaining: 244s    
step 00147 (18.6%) | loss: 5.356323 | lrm: 1.00 | dt: 413ms | tok/sec: 39,668 | mfu: 0.2% | epoch: 1 | remaining: 244s    
step 00148 (18.8%) | loss: 5.334581 | lrm: 1.00 | dt: 413ms | tok/sec: 39,680 | mfu: 0.2% | epoch: 1 | remaining: 243s    
step 00149 (18.9%) | loss: 5.326122 | lrm: 1.00 | dt: 412ms | tok/sec: 39,804 | mfu: 0.2% | epoch: 1 | remaining: 243s    
step 00150 (19.0%) | loss: 5.333563 | lrm: 1.00 | dt: 418ms | tok/sec: 39,208 | mfu: 0.2% | epoch: 1 | remaining: 243s    
step 00151 (19.2%) | loss: 5.326220 | lrm: 1.00 | dt: 410ms | tok/sec: 39,973 | mfu: 0.2% | epoch: 1 | remaining: 242s    
step 00152 (19.3%) | loss: 5.390154 | lrm: 1.00 | dt: 411ms | tok/sec: 39,823 | mfu: 0.2% | epoch: 1 | remaining: 242s    
step 00153 (19.4%) | loss: 5.365750 | lrm: 1.00 | dt: 416ms | tok/sec: 39,362 | mfu: 0.2% | epoch: 1 | remaining: 241s    
step 00154 (19.6%) | loss: 5.348911 | lrm: 1.00 | dt: 409ms | tok/sec: 40,010 | mfu: 0.2% | epoch: 1 | remaining: 241s    
step 00155 (19.7%) | loss: 5.349129 | lrm: 1.00 | dt: 422ms | tok/sec: 38,852 | mfu: 0.2% | epoch: 1 | remaining: 240s    
step 00156 (19.9%) | loss: 5.337284 | lrm: 1.00 | dt: 411ms | tok/sec: 39,830 | mfu: 0.2% | epoch: 1 | remaining: 240s    
step 00157 (20.0%) | loss: 5.322996 | lrm: 1.00 | dt: 408ms | tok/sec: 40,128 | mfu: 0.2% | epoch: 1 | remaining: 240s    
step 00158 (20.1%) | loss: 5.296384 | lrm: 1.00 | dt: 417ms | tok/sec: 39,259 | mfu: 0.2% | epoch: 1 | remaining: 239s    
step 00159 (20.3%) | loss: 5.286094 | lrm: 1.00 | dt: 409ms | tok/sec: 40,081 | mfu: 0.2% | epoch: 1 | remaining: 239s    
step 00160 (20.4%) | loss: 5.312971 | lrm: 1.00 | dt: 422ms | tok/sec: 38,820 | mfu: 0.2% | epoch: 1 | remaining: 238s    
step 00161 (20.5%) | loss: 5.323447 | lrm: 1.00 | dt: 412ms | tok/sec: 39,735 | mfu: 0.2% | epoch: 1 | remaining: 238s    
step 00162 (20.7%) | loss: 5.319544 | lrm: 1.00 | dt: 422ms | tok/sec: 38,816 | mfu: 0.2% | epoch: 1 | remaining: 238s    
step 00163 (20.8%) | loss: 5.293955 | lrm: 1.00 | dt: 407ms | tok/sec: 40,293 | mfu: 0.2% | epoch: 1 | remaining: 237s    
step 00164 (21.0%) | loss: 5.278627 | lrm: 1.00 | dt: 411ms | tok/sec: 39,843 | mfu: 0.2% | epoch: 1 | remaining: 237s    
step 00165 (21.1%) | loss: 5.268941 | lrm: 1.00 | dt: 424ms | tok/sec: 38,682 | mfu: 0.2% | epoch: 1 | remaining: 236s    
step 00166 (21.2%) | loss: 5.267069 | lrm: 1.00 | dt: 415ms | tok/sec: 39,488 | mfu: 0.2% | epoch: 1 | remaining: 236s    
step 00167 (21.4%) | loss: 5.261712 | lrm: 1.00 | dt: 412ms | tok/sec: 39,773 | mfu: 0.2% | epoch: 1 | remaining: 235s    
step 00168 (21.5%) | loss: 5.256530 | lrm: 1.00 | dt: 413ms | tok/sec: 39,702 | mfu: 0.2% | epoch: 1 | remaining: 235s    
step 00169 (21.6%) | loss: 5.247665 | lrm: 1.00 | dt: 411ms | tok/sec: 39,907 | mfu: 0.2% | epoch: 1 | remaining: 235s    
step 00170 (21.8%) | loss: 5.237215 | lrm: 1.00 | dt: 418ms | tok/sec: 39,200 | mfu: 0.2% | epoch: 1 | remaining: 234s    
step 00171 (21.9%) | loss: 5.241987 | lrm: 1.00 | dt: 412ms | tok/sec: 39,756 | mfu: 0.2% | epoch: 1 | remaining: 234s    
step 00172 (22.1%) | loss: 5.213899 | lrm: 1.00 | dt: 417ms | tok/sec: 39,300 | mfu: 0.2% | epoch: 1 | remaining: 233s    
step 00173 (22.2%) | loss: 5.209452 | lrm: 1.00 | dt: 410ms | tok/sec: 39,967 | mfu: 0.2% | epoch: 1 | remaining: 233s    
step 00174 (22.3%) | loss: 5.222452 | lrm: 1.00 | dt: 419ms | tok/sec: 39,070 | mfu: 0.2% | epoch: 1 | remaining: 233s    
step 00175 (22.5%) | loss: 5.225804 | lrm: 1.00 | dt: 417ms | tok/sec: 39,332 | mfu: 0.2% | epoch: 1 | remaining: 232s    
step 00176 (22.6%) | loss: 5.209578 | lrm: 1.00 | dt: 412ms | tok/sec: 39,778 | mfu: 0.2% | epoch: 1 | remaining: 232s    
step 00177 (22.8%) | loss: 5.231431 | lrm: 1.00 | dt: 415ms | tok/sec: 39,444 | mfu: 0.2% | epoch: 1 | remaining: 231s    
step 00178 (22.9%) | loss: 5.233653 | lrm: 1.00 | dt: 411ms | tok/sec: 39,824 | mfu: 0.2% | epoch: 1 | remaining: 231s    
step 00179 (23.0%) | loss: 5.244579 | lrm: 1.00 | dt: 418ms | tok/sec: 39,212 | mfu: 0.2% | epoch: 1 | remaining: 230s    
step 00180 (23.2%) | loss: 5.233497 | lrm: 1.00 | dt: 411ms | tok/sec: 39,838 | mfu: 0.2% | epoch: 1 | remaining: 230s    
step 00181 (23.3%) | loss: 5.230438 | lrm: 1.00 | dt: 411ms | tok/sec: 39,823 | mfu: 0.2% | epoch: 1 | remaining: 230s    
step 00182 (23.4%) | loss: 5.250366 | lrm: 1.00 | dt: 415ms | tok/sec: 39,481 | mfu: 0.2% | epoch: 1 | remaining: 229s    
step 00183 (23.6%) | loss: 5.263768 | lrm: 1.00 | dt: 411ms | tok/sec: 39,845 | mfu: 0.2% | epoch: 1 | remaining: 229s    
step 00184 (23.7%) | loss: 5.281687 | lrm: 1.00 | dt: 427ms | tok/sec: 38,385 | mfu: 0.2% | epoch: 1 | remaining: 228s    
step 00185 (23.9%) | loss: 5.263043 | lrm: 1.00 | dt: 408ms | tok/sec: 40,120 | mfu: 0.2% | epoch: 1 | remaining: 228s    
step 00186 (24.0%) | loss: 5.272464 | lrm: 1.00 | dt: 412ms | tok/sec: 39,792 | mfu: 0.2% | epoch: 1 | remaining: 228s    
step 00187 (24.1%) | loss: 5.272315 | lrm: 1.00 | dt: 414ms | tok/sec: 39,565 | mfu: 0.2% | epoch: 1 | remaining: 227s    
step 00188 (24.3%) | loss: 5.238667 | lrm: 1.00 | dt: 414ms | tok/sec: 39,580 | mfu: 0.2% | epoch: 1 | remaining: 227s    
step 00189 (24.4%) | loss: 5.217631 | lrm: 1.00 | dt: 417ms | tok/sec: 39,287 | mfu: 0.2% | epoch: 1 | remaining: 226s    
step 00190 (24.5%) | loss: 5.203451 | lrm: 1.00 | dt: 418ms | tok/sec: 39,233 | mfu: 0.2% | epoch: 1 | remaining: 226s    
step 00191 (24.7%) | loss: 5.186763 | lrm: 1.00 | dt: 417ms | tok/sec: 39,289 | mfu: 0.2% | epoch: 1 | remaining: 226s    
step 00192 (24.8%) | loss: 5.184880 | lrm: 1.00 | dt: 408ms | tok/sec: 40,170 | mfu: 0.2% | epoch: 1 | remaining: 225s    
step 00193 (25.0%) | loss: 5.189024 | lrm: 1.00 | dt: 411ms | tok/sec: 39,865 | mfu: 0.2% | epoch: 1 | remaining: 225s    
step 00194 (25.1%) | loss: 5.168565 | lrm: 1.00 | dt: 423ms | tok/sec: 38,695 | mfu: 0.2% | epoch: 1 | remaining: 224s    
step 00195 (25.2%) | loss: 5.176351 | lrm: 1.00 | dt: 411ms | tok/sec: 39,902 | mfu: 0.2% | epoch: 1 | remaining: 224s    
step 00196 (25.4%) | loss: 5.155699 | lrm: 1.00 | dt: 414ms | tok/sec: 39,561 | mfu: 0.2% | epoch: 1 | remaining: 223s    
step 00197 (25.5%) | loss: 5.142754 | lrm: 1.00 | dt: 410ms | tok/sec: 39,980 | mfu: 0.2% | epoch: 1 | remaining: 223s    
step 00198 (25.7%) | loss: 5.142650 | lrm: 1.00 | dt: 414ms | tok/sec: 39,566 | mfu: 0.2% | epoch: 1 | remaining: 223s    
step 00199 (25.8%) | loss: 5.138373 | lrm: 1.00 | dt: 418ms | tok/sec: 39,166 | mfu: 0.2% | epoch: 1 | remaining: 222s    
step 00200 (25.9%) | loss: 5.095120 | lrm: 1.00 | dt: 409ms | tok/sec: 40,057 | mfu: 0.2% | epoch: 1 | remaining: 222s    
step 00201 (26.1%) | loss: 5.109930 | lrm: 1.00 | dt: 416ms | tok/sec: 39,427 | mfu: 0.2% | epoch: 1 | remaining: 221s    
step 00202 (26.2%) | loss: 5.121547 | lrm: 1.00 | dt: 414ms | tok/sec: 39,610 | mfu: 0.2% | epoch: 1 | remaining: 221s    
step 00203 (26.3%) | loss: 5.106317 | lrm: 1.00 | dt: 418ms | tok/sec: 39,192 | mfu: 0.2% | epoch: 1 | remaining: 221s    
step 00204 (26.5%) | loss: 5.105144 | lrm: 1.00 | dt: 410ms | tok/sec: 39,996 | mfu: 0.2% | epoch: 1 | remaining: 220s    
step 00205 (26.6%) | loss: 5.108153 | lrm: 1.00 | dt: 415ms | tok/sec: 39,436 | mfu: 0.2% | epoch: 1 | remaining: 220s    
step 00206 (26.8%) | loss: 5.124480 | lrm: 1.00 | dt: 424ms | tok/sec: 38,665 | mfu: 0.2% | epoch: 1 | remaining: 219s    
step 00207 (26.9%) | loss: 5.124177 | lrm: 1.00 | dt: 407ms | tok/sec: 40,235 | mfu: 0.2% | epoch: 1 | remaining: 219s    
step 00208 (27.0%) | loss: 5.110871 | lrm: 1.00 | dt: 419ms | tok/sec: 39,114 | mfu: 0.2% | epoch: 1 | remaining: 218s    
step 00209 (27.2%) | loss: 5.121282 | lrm: 1.00 | dt: 411ms | tok/sec: 39,862 | mfu: 0.2% | epoch: 1 | remaining: 218s    
step 00210 (27.3%) | loss: 5.125751 | lrm: 1.00 | dt: 412ms | tok/sec: 39,766 | mfu: 0.2% | epoch: 1 | remaining: 218s    
step 00211 (27.4%) | loss: 5.118992 | lrm: 1.00 | dt: 413ms | tok/sec: 39,624 | mfu: 0.2% | epoch: 1 | remaining: 217s    
step 00212 (27.6%) | loss: 5.135892 | lrm: 1.00 | dt: 410ms | tok/sec: 39,919 | mfu: 0.2% | epoch: 1 | remaining: 217s    
step 00213 (27.7%) | loss: 5.136814 | lrm: 1.00 | dt: 416ms | tok/sec: 39,385 | mfu: 0.2% | epoch: 1 | remaining: 216s    
step 00214 (27.9%) | loss: 5.111507 | lrm: 1.00 | dt: 415ms | tok/sec: 39,441 | mfu: 0.2% | epoch: 1 | remaining: 216s    
step 00215 (28.0%) | loss: 5.089445 | lrm: 1.00 | dt: 405ms | tok/sec: 40,444 | mfu: 0.2% | epoch: 1 | remaining: 216s    
step 00216 (28.1%) | loss: 5.111748 | lrm: 1.00 | dt: 420ms | tok/sec: 39,013 | mfu: 0.2% | epoch: 1 | remaining: 215s    
step 00217 (28.3%) | loss: 5.128790 | lrm: 1.00 | dt: 407ms | tok/sec: 40,281 | mfu: 0.2% | epoch: 1 | remaining: 215s    
step 00218 (28.4%) | loss: 5.133862 | lrm: 1.00 | dt: 419ms | tok/sec: 39,130 | mfu: 0.2% | epoch: 1 | remaining: 214s    
step 00219 (28.6%) | loss: 5.132683 | lrm: 1.00 | dt: 410ms | tok/sec: 39,919 | mfu: 0.2% | epoch: 1 | remaining: 214s    
step 00220 (28.7%) | loss: 5.124904 | lrm: 1.00 | dt: 413ms | tok/sec: 39,670 | mfu: 0.2% | epoch: 1 | remaining: 214s    
step 00221 (28.8%) | loss: 5.136130 | lrm: 1.00 | dt: 415ms | tok/sec: 39,464 | mfu: 0.2% | epoch: 1 | remaining: 213s    
step 00222 (29.0%) | loss: 5.120127 | lrm: 1.00 | dt: 409ms | tok/sec: 40,104 | mfu: 0.2% | epoch: 1 | remaining: 213s    
step 00223 (29.1%) | loss: 5.115039 | lrm: 1.00 | dt: 416ms | tok/sec: 39,379 | mfu: 0.2% | epoch: 1 | remaining: 212s    
step 00224 (29.2%) | loss: 5.115666 | lrm: 1.00 | dt: 410ms | tok/sec: 39,960 | mfu: 0.2% | epoch: 1 | remaining: 212s    
step 00225 (29.4%) | loss: 5.141437 | lrm: 1.00 | dt: 417ms | tok/sec: 39,311 | mfu: 0.2% | epoch: 1 | remaining: 211s    
step 00226 (29.5%) | loss: 5.160009 | lrm: 1.00 | dt: 411ms | tok/sec: 39,845 | mfu: 0.2% | epoch: 1 | remaining: 211s    
step 00227 (29.7%) | loss: 5.150060 | lrm: 1.00 | dt: 413ms | tok/sec: 39,701 | mfu: 0.2% | epoch: 1 | remaining: 211s    
step 00228 (29.8%) | loss: 5.144331 | lrm: 1.00 | dt: 423ms | tok/sec: 38,729 | mfu: 0.2% | epoch: 1 | remaining: 210s    
step 00229 (29.9%) | loss: 5.176323 | lrm: 1.00 | dt: 414ms | tok/sec: 39,547 | mfu: 0.2% | epoch: 1 | remaining: 210s    
step 00230 (30.1%) | loss: 5.146033 | lrm: 1.00 | dt: 417ms | tok/sec: 39,253 | mfu: 0.2% | epoch: 1 | remaining: 209s    
step 00231 (30.2%) | loss: 5.138357 | lrm: 1.00 | dt: 410ms | tok/sec: 39,983 | mfu: 0.2% | epoch: 1 | remaining: 209s    
step 00232 (30.3%) | loss: 5.110728 | lrm: 1.00 | dt: 412ms | tok/sec: 39,753 | mfu: 0.2% | epoch: 1 | remaining: 209s    
step 00233 (30.5%) | loss: 5.085276 | lrm: 1.00 | dt: 412ms | tok/sec: 39,736 | mfu: 0.2% | epoch: 1 | remaining: 208s    
step 00234 (30.6%) | loss: 5.064969 | lrm: 1.00 | dt: 409ms | tok/sec: 40,086 | mfu: 0.2% | epoch: 1 | remaining: 208s    
step 00235 (30.8%) | loss: 5.063612 | lrm: 1.00 | dt: 413ms | tok/sec: 39,672 | mfu: 0.2% | epoch: 1 | remaining: 207s    
step 00236 (30.9%) | loss: 5.043797 | lrm: 1.00 | dt: 413ms | tok/sec: 39,706 | mfu: 0.2% | epoch: 1 | remaining: 207s    
step 00237 (31.0%) | loss: 5.042633 | lrm: 1.00 | dt: 422ms | tok/sec: 38,846 | mfu: 0.2% | epoch: 1 | remaining: 206s    
step 00238 (31.2%) | loss: 5.042163 | lrm: 1.00 | dt: 415ms | tok/sec: 39,486 | mfu: 0.2% | epoch: 1 | remaining: 206s    
step 00239 (31.3%) | loss: 5.052124 | lrm: 1.00 | dt: 409ms | tok/sec: 40,070 | mfu: 0.2% | epoch: 1 | remaining: 206s    
step 00240 (31.4%) | loss: 5.050575 | lrm: 1.00 | dt: 416ms | tok/sec: 39,378 | mfu: 0.2% | epoch: 1 | remaining: 205s    
step 00241 (31.6%) | loss: 5.040939 | lrm: 1.00 | dt: 409ms | tok/sec: 40,038 | mfu: 0.2% | epoch: 1 | remaining: 205s    
step 00242 (31.7%) | loss: 5.015644 | lrm: 1.00 | dt: 424ms | tok/sec: 38,674 | mfu: 0.2% | epoch: 1 | remaining: 204s    
step 00243 (31.9%) | loss: 5.020443 | lrm: 1.00 | dt: 410ms | tok/sec: 39,933 | mfu: 0.2% | epoch: 1 | remaining: 204s    
step 00244 (32.0%) | loss: 5.010553 | lrm: 1.00 | dt: 412ms | tok/sec: 39,797 | mfu: 0.2% | epoch: 1 | remaining: 204s    
step 00245 (32.1%) | loss: 5.006588 | lrm: 1.00 | dt: 418ms | tok/sec: 39,229 | mfu: 0.2% | epoch: 1 | remaining: 203s    
step 00246 (32.3%) | loss: 4.996932 | lrm: 1.00 | dt: 410ms | tok/sec: 39,942 | mfu: 0.2% | epoch: 1 | remaining: 203s    
step 00247 (32.4%) | loss: 4.984562 | lrm: 1.00 | dt: 418ms | tok/sec: 39,211 | mfu: 0.2% | epoch: 1 | remaining: 202s    
step 00248 (32.6%) | loss: 4.970464 | lrm: 1.00 | dt: 412ms | tok/sec: 39,790 | mfu: 0.2% | epoch: 1 | remaining: 202s    
step 00249 (32.7%) | loss: 4.966319 | lrm: 1.00 | dt: 417ms | tok/sec: 39,284 | mfu: 0.2% | epoch: 1 | remaining: 202s    
step 00250 (32.8%) | loss: 4.965322 | lrm: 1.00 | dt: 411ms | tok/sec: 39,871 | mfu: 0.2% | epoch: 1 | remaining: 201s    
step 00251 (33.0%) | loss: 5.005977 | lrm: 1.00 | dt: 408ms | tok/sec: 40,204 | mfu: 0.2% | epoch: 1 | remaining: 201s    
step 00252 (33.1%) | loss: 4.986148 | lrm: 1.00 | dt: 419ms | tok/sec: 39,119 | mfu: 0.2% | epoch: 1 | remaining: 200s    
step 00253 (33.2%) | loss: 4.983331 | lrm: 1.00 | dt: 416ms | tok/sec: 39,409 | mfu: 0.2% | epoch: 1 | remaining: 200s    
step 00254 (33.4%) | loss: 4.984650 | lrm: 1.00 | dt: 415ms | tok/sec: 39,470 | mfu: 0.2% | epoch: 1 | remaining: 199s    
step 00255 (33.5%) | loss: 5.001378 | lrm: 1.00 | dt: 412ms | tok/sec: 39,791 | mfu: 0.2% | epoch: 1 | remaining: 199s    
step 00256 (33.7%) | loss: 4.958681 | lrm: 1.00 | dt: 408ms | tok/sec: 40,192 | mfu: 0.2% | epoch: 1 | remaining: 199s    
step 00257 (33.8%) | loss: 4.951763 | lrm: 1.00 | dt: 424ms | tok/sec: 38,609 | mfu: 0.2% | epoch: 1 | remaining: 198s    
step 00258 (33.9%) | loss: 4.946692 | lrm: 1.00 | dt: 408ms | tok/sec: 40,164 | mfu: 0.2% | epoch: 1 | remaining: 198s    
step 00259 (34.1%) | loss: 4.941445 | lrm: 1.00 | dt: 416ms | tok/sec: 39,347 | mfu: 0.2% | epoch: 1 | remaining: 197s    
step 00260 (34.2%) | loss: 4.940041 | lrm: 1.00 | dt: 410ms | tok/sec: 39,929 | mfu: 0.2% | epoch: 1 | remaining: 197s    
step 00261 (34.3%) | loss: 4.934962 | lrm: 1.00 | dt: 412ms | tok/sec: 39,807 | mfu: 0.2% | epoch: 1 | remaining: 197s    
step 00262 (34.5%) | loss: 4.930662 | lrm: 1.00 | dt: 422ms | tok/sec: 38,842 | mfu: 0.2% | epoch: 1 | remaining: 196s    
step 00263 (34.6%) | loss: 4.906794 | lrm: 1.00 | dt: 414ms | tok/sec: 39,600 | mfu: 0.2% | epoch: 1 | remaining: 196s    
step 00264 (34.8%) | loss: 4.901009 | lrm: 1.00 | dt: 419ms | tok/sec: 39,137 | mfu: 0.2% | epoch: 1 | remaining: 195s    
step 00265 (34.9%) | loss: 4.901512 | lrm: 1.00 | dt: 411ms | tok/sec: 39,887 | mfu: 0.2% | epoch: 1 | remaining: 195s    
step 00266 (35.0%) | loss: 4.893150 | lrm: 1.00 | dt: 419ms | tok/sec: 39,114 | mfu: 0.2% | epoch: 1 | remaining: 194s    
step 00267 (35.2%) | loss: 4.898492 | lrm: 1.00 | dt: 416ms | tok/sec: 39,347 | mfu: 0.2% | epoch: 1 | remaining: 194s    
step 00268 (35.3%) | loss: 4.907150 | lrm: 1.00 | dt: 410ms | tok/sec: 39,961 | mfu: 0.2% | epoch: 1 | remaining: 194s    
step 00269 (35.4%) | loss: 4.915976 | lrm: 1.00 | dt: 418ms | tok/sec: 39,157 | mfu: 0.2% | epoch: 1 | remaining: 193s    
step 00270 (35.6%) | loss: 4.909034 | lrm: 1.00 | dt: 411ms | tok/sec: 39,849 | mfu: 0.2% | epoch: 1 | remaining: 193s    
step 00271 (35.7%) | loss: 4.907068 | lrm: 1.00 | dt: 425ms | tok/sec: 38,536 | mfu: 0.2% | epoch: 1 | remaining: 192s    
step 00272 (35.9%) | loss: 4.922508 | lrm: 1.00 | dt: 412ms | tok/sec: 39,784 | mfu: 0.2% | epoch: 1 | remaining: 192s    
step 00273 (36.0%) | loss: 4.905309 | lrm: 1.00 | dt: 409ms | tok/sec: 40,077 | mfu: 0.2% | epoch: 1 | remaining: 192s    
step 00274 (36.1%) | loss: 4.908903 | lrm: 1.00 | dt: 422ms | tok/sec: 38,793 | mfu: 0.2% | epoch: 1 | remaining: 191s    
step 00275 (36.3%) | loss: 4.889667 | lrm: 1.00 | dt: 411ms | tok/sec: 39,884 | mfu: 0.2% | epoch: 1 | remaining: 191s    
step 00276 (36.4%) | loss: 4.872263 | lrm: 1.00 | dt: 416ms | tok/sec: 39,407 | mfu: 0.2% | epoch: 1 | remaining: 190s    
step 00277 (36.6%) | loss: 4.838535 | lrm: 1.00 | dt: 410ms | tok/sec: 39,981 | mfu: 0.2% | epoch: 1 | remaining: 190s    
step 00278 (36.7%) | loss: 4.814256 | lrm: 1.00 | dt: 415ms | tok/sec: 39,449 | mfu: 0.2% | epoch: 1 | remaining: 190s    
step 00279 (36.8%) | loss: 4.809764 | lrm: 1.00 | dt: 408ms | tok/sec: 40,146 | mfu: 0.2% | epoch: 1 | remaining: 189s    
step 00280 (37.0%) | loss: 4.788840 | lrm: 1.00 | dt: 409ms | tok/sec: 40,045 | mfu: 0.2% | epoch: 1 | remaining: 189s    
step 00281 (37.1%) | loss: 4.780688 | lrm: 1.00 | dt: 423ms | tok/sec: 38,688 | mfu: 0.2% | epoch: 1 | remaining: 188s    
step 00282 (37.2%) | loss: 4.762016 | lrm: 1.00 | dt: 410ms | tok/sec: 39,990 | mfu: 0.2% | epoch: 1 | remaining: 188s    
step 00283 (37.4%) | loss: 4.764997 | lrm: 1.00 | dt: 418ms | tok/sec: 39,198 | mfu: 0.2% | epoch: 1 | remaining: 187s    
step 00284 (37.5%) | loss: 4.781694 | lrm: 1.00 | dt: 415ms | tok/sec: 39,505 | mfu: 0.2% | epoch: 1 | remaining: 187s    
step 00285 (37.7%) | loss: 4.798956 | lrm: 1.00 | dt: 407ms | tok/sec: 40,264 | mfu: 0.2% | epoch: 1 | remaining: 187s    
step 00286 (37.8%) | loss: 4.798645 | lrm: 1.00 | dt: 425ms | tok/sec: 38,520 | mfu: 0.2% | epoch: 1 | remaining: 186s    
step 00287 (37.9%) | loss: 4.803192 | lrm: 1.00 | dt: 408ms | tok/sec: 40,192 | mfu: 0.2% | epoch: 1 | remaining: 186s    
step 00288 (38.1%) | loss: 4.830396 | lrm: 1.00 | dt: 416ms | tok/sec: 39,372 | mfu: 0.2% | epoch: 1 | remaining: 185s    
step 00289 (38.2%) | loss: 4.839794 | lrm: 1.00 | dt: 411ms | tok/sec: 39,861 | mfu: 0.2% | epoch: 1 | remaining: 185s    
step 00290 (38.3%) | loss: 4.859867 | lrm: 1.00 | dt: 413ms | tok/sec: 39,689 | mfu: 0.2% | epoch: 1 | remaining: 185s    
step 00291 (38.5%) | loss: 4.875317 | lrm: 1.00 | dt: 420ms | tok/sec: 38,968 | mfu: 0.2% | epoch: 1 | remaining: 184s    
step 00292 (38.6%) | loss: 4.877734 | lrm: 1.00 | dt: 414ms | tok/sec: 39,572 | mfu: 0.2% | epoch: 1 | remaining: 184s    
step 00293 (38.8%) | loss: 4.844289 | lrm: 1.00 | dt: 417ms | tok/sec: 39,332 | mfu: 0.2% | epoch: 1 | remaining: 183s    
step 00294 (38.9%) | loss: 4.864681 | lrm: 1.00 | dt: 408ms | tok/sec: 40,114 | mfu: 0.2% | epoch: 1 | remaining: 183s    
step 00295 (39.0%) | loss: 4.841724 | lrm: 1.00 | dt: 418ms | tok/sec: 39,233 | mfu: 0.2% | epoch: 1 | remaining: 182s    
step 00296 (39.2%) | loss: 4.842412 | lrm: 1.00 | dt: 409ms | tok/sec: 40,084 | mfu: 0.2% | epoch: 1 | remaining: 182s    
step 00297 (39.3%) | loss: 4.817596 | lrm: 1.00 | dt: 409ms | tok/sec: 40,022 | mfu: 0.2% | epoch: 1 | remaining: 182s    
step 00298 (39.5%) | loss: 4.820001 | lrm: 1.00 | dt: 418ms | tok/sec: 39,221 | mfu: 0.2% | epoch: 1 | remaining: 181s    
step 00299 (39.6%) | loss: 4.796118 | lrm: 1.00 | dt: 410ms | tok/sec: 39,920 | mfu: 0.2% | epoch: 1 | remaining: 181s    
step 00300 (39.7%) | loss: 4.806673 | lrm: 1.00 | dt: 424ms | tok/sec: 38,626 | mfu: 0.2% | epoch: 1 | remaining: 180s    
step 00301 (39.9%) | loss: 4.807807 | lrm: 1.00 | dt: 411ms | tok/sec: 39,819 | mfu: 0.2% | epoch: 1 | remaining: 180s    
step 00302 (40.0%) | loss: 4.794937 | lrm: 1.00 | dt: 408ms | tok/sec: 40,164 | mfu: 0.2% | epoch: 1 | remaining: 180s    
step 00303 (40.1%) | loss: 4.798078 | lrm: 1.00 | dt: 418ms | tok/sec: 39,218 | mfu: 0.2% | epoch: 1 | remaining: 179s    
step 00304 (40.3%) | loss: 4.787503 | lrm: 1.00 | dt: 410ms | tok/sec: 39,972 | mfu: 0.2% | epoch: 1 | remaining: 179s    
step 00305 (40.4%) | loss: 4.785215 | lrm: 1.00 | dt: 417ms | tok/sec: 39,269 | mfu: 0.2% | epoch: 1 | remaining: 178s    
step 00306 (40.6%) | loss: 4.801023 | lrm: 1.00 | dt: 408ms | tok/sec: 40,142 | mfu: 0.2% | epoch: 1 | remaining: 178s    
step 00307 (40.7%) | loss: 4.802528 | lrm: 1.00 | dt: 423ms | tok/sec: 38,773 | mfu: 0.2% | epoch: 1 | remaining: 177s    
step 00308 (40.8%) | loss: 4.804222 | lrm: 1.00 | dt: 406ms | tok/sec: 40,347 | mfu: 0.2% | epoch: 1 | remaining: 177s    
step 00309 (41.0%) | loss: 4.793755 | lrm: 1.00 | dt: 408ms | tok/sec: 40,115 | mfu: 0.2% | epoch: 1 | remaining: 177s    
step 00310 (41.1%) | loss: 4.793877 | lrm: 1.00 | dt: 418ms | tok/sec: 39,174 | mfu: 0.2% | epoch: 1 | remaining: 176s    
step 00311 (41.2%) | loss: 4.752923 | lrm: 1.00 | dt: 413ms | tok/sec: 39,625 | mfu: 0.2% | epoch: 1 | remaining: 176s    
step 00312 (41.4%) | loss: 4.749305 | lrm: 1.00 | dt: 416ms | tok/sec: 39,354 | mfu: 0.2% | epoch: 1 | remaining: 175s    
step 00313 (41.5%) | loss: 4.752997 | lrm: 1.00 | dt: 409ms | tok/sec: 40,076 | mfu: 0.2% | epoch: 1 | remaining: 175s    
step 00314 (41.7%) | loss: 4.752086 | lrm: 1.00 | dt: 415ms | tok/sec: 39,527 | mfu: 0.2% | epoch: 1 | remaining: 175s    
step 00315 (41.8%) | loss: 4.747268 | lrm: 1.00 | dt: 418ms | tok/sec: 39,201 | mfu: 0.2% | epoch: 1 | remaining: 174s    
step 00316 (41.9%) | loss: 4.746679 | lrm: 1.00 | dt: 412ms | tok/sec: 39,725 | mfu: 0.2% | epoch: 1 | remaining: 174s    
step 00317 (42.1%) | loss: 4.731563 | lrm: 1.00 | dt: 418ms | tok/sec: 39,204 | mfu: 0.2% | epoch: 1 | remaining: 173s    
step 00318 (42.2%) | loss: 4.732741 | lrm: 1.00 | dt: 411ms | tok/sec: 39,903 | mfu: 0.2% | epoch: 1 | remaining: 173s    
step 00319 (42.3%) | loss: 4.725192 | lrm: 1.00 | dt: 409ms | tok/sec: 40,038 | mfu: 0.2% | epoch: 1 | remaining: 173s    
step 00320 (42.5%) | loss: 4.714434 | lrm: 1.00 | dt: 422ms | tok/sec: 38,840 | mfu: 0.2% | epoch: 1 | remaining: 172s    
step 00321 (42.6%) | loss: 4.713003 | lrm: 1.00 | dt: 409ms | tok/sec: 40,027 | mfu: 0.2% | epoch: 1 | remaining: 172s    
step 00322 (42.8%) | loss: 4.723977 | lrm: 1.00 | dt: 417ms | tok/sec: 39,264 | mfu: 0.2% | epoch: 1 | remaining: 171s    
step 00323 (42.9%) | loss: 4.689434 | lrm: 1.00 | dt: 409ms | tok/sec: 40,106 | mfu: 0.2% | epoch: 1 | remaining: 171s    
step 00324 (43.0%) | loss: 4.692957 | lrm: 1.00 | dt: 417ms | tok/sec: 39,282 | mfu: 0.2% | epoch: 1 | remaining: 170s    
step 00325 (43.2%) | loss: 4.673780 | lrm: 1.00 | dt: 409ms | tok/sec: 40,065 | mfu: 0.2% | epoch: 1 | remaining: 170s    
step 00326 (43.3%) | loss: 4.673460 | lrm: 1.00 | dt: 412ms | tok/sec: 39,749 | mfu: 0.2% | epoch: 1 | remaining: 170s    
step 00327 (43.5%) | loss: 4.669576 | lrm: 1.00 | dt: 414ms | tok/sec: 39,556 | mfu: 0.2% | epoch: 1 | remaining: 169s    
step 00328 (43.6%) | loss: 4.676331 | lrm: 1.00 | dt: 410ms | tok/sec: 39,950 | mfu: 0.2% | epoch: 1 | remaining: 169s    
step 00329 (43.7%) | loss: 4.673455 | lrm: 1.00 | dt: 417ms | tok/sec: 39,308 | mfu: 0.2% | epoch: 1 | remaining: 168s    
step 00330 (43.9%) | loss: 4.695003 | lrm: 1.00 | dt: 409ms | tok/sec: 40,075 | mfu: 0.2% | epoch: 1 | remaining: 168s    
step 00331 (44.0%) | loss: 4.685735 | lrm: 1.00 | dt: 413ms | tok/sec: 39,672 | mfu: 0.2% | epoch: 1 | remaining: 168s    
step 00332 (44.1%) | loss: 4.677650 | lrm: 1.00 | dt: 420ms | tok/sec: 39,012 | mfu: 0.2% | epoch: 1 | remaining: 167s    
step 00333 (44.3%) | loss: 4.665146 | lrm: 1.00 | dt: 408ms | tok/sec: 40,150 | mfu: 0.2% | epoch: 1 | remaining: 167s    
step 00334 (44.4%) | loss: 4.673214 | lrm: 1.00 | dt: 422ms | tok/sec: 38,819 | mfu: 0.2% | epoch: 1 | remaining: 166s    
step 00335 (44.6%) | loss: 4.693989 | lrm: 1.00 | dt: 411ms | tok/sec: 39,848 | mfu: 0.2% | epoch: 1 | remaining: 166s    
step 00336 (44.7%) | loss: 4.703406 | lrm: 1.00 | dt: 418ms | tok/sec: 39,162 | mfu: 0.2% | epoch: 1 | remaining: 166s    
step 00337 (44.8%) | loss: 4.695126 | lrm: 1.00 | dt: 413ms | tok/sec: 39,710 | mfu: 0.2% | epoch: 1 | remaining: 165s    
step 00338 (45.0%) | loss: 4.673076 | lrm: 1.00 | dt: 407ms | tok/sec: 40,232 | mfu: 0.2% | epoch: 1 | remaining: 165s    
step 00339 (45.1%) | loss: 4.678140 | lrm: 1.00 | dt: 416ms | tok/sec: 39,370 | mfu: 0.2% | epoch: 1 | remaining: 164s    
step 00340 (45.2%) | loss: 4.675013 | lrm: 1.00 | dt: 411ms | tok/sec: 39,815 | mfu: 0.2% | epoch: 1 | remaining: 164s    
step 00341 (45.4%) | loss: 4.664348 | lrm: 1.00 | dt: 416ms | tok/sec: 39,387 | mfu: 0.2% | epoch: 1 | remaining: 163s    
step 00342 (45.5%) | loss: 4.642975 | lrm: 1.00 | dt: 412ms | tok/sec: 39,801 | mfu: 0.2% | epoch: 1 | remaining: 163s    
step 00343 (45.7%) | loss: 4.668771 | lrm: 1.00 | dt: 410ms | tok/sec: 39,936 | mfu: 0.2% | epoch: 1 | remaining: 163s    
step 00344 (45.8%) | loss: 4.658042 | lrm: 1.00 | dt: 416ms | tok/sec: 39,428 | mfu: 0.2% | epoch: 1 | remaining: 162s    
step 00345 (45.9%) | loss: 4.655518 | lrm: 1.00 | dt: 410ms | tok/sec: 39,923 | mfu: 0.2% | epoch: 1 | remaining: 162s    
step 00346 (46.1%) | loss: 4.656756 | lrm: 1.00 | dt: 414ms | tok/sec: 39,535 | mfu: 0.2% | epoch: 1 | remaining: 161s    
step 00347 (46.2%) | loss: 4.638945 | lrm: 1.00 | dt: 416ms | tok/sec: 39,395 | mfu: 0.2% | epoch: 1 | remaining: 161s    
step 00348 (46.3%) | loss: 4.629342 | lrm: 1.00 | dt: 408ms | tok/sec: 40,165 | mfu: 0.2% | epoch: 1 | remaining: 161s    
step 00349 (46.5%) | loss: 4.619355 | lrm: 1.00 | dt: 428ms | tok/sec: 38,273 | mfu: 0.2% | epoch: 1 | remaining: 160s    
step 00350 (46.6%) | loss: 4.614481 | lrm: 1.00 | dt: 410ms | tok/sec: 39,954 | mfu: 0.2% | epoch: 1 | remaining: 160s    
step 00351 (46.8%) | loss: 4.598749 | lrm: 1.00 | dt: 416ms | tok/sec: 39,360 | mfu: 0.2% | epoch: 1 | remaining: 159s    
step 00352 (46.9%) | loss: 4.604996 | lrm: 1.00 | dt: 406ms | tok/sec: 40,311 | mfu: 0.2% | epoch: 1 | remaining: 159s    
step 00353 (47.0%) | loss: 4.611982 | lrm: 1.00 | dt: 417ms | tok/sec: 39,292 | mfu: 0.2% | epoch: 1 | remaining: 158s    
step 00354 (47.2%) | loss: 4.620369 | lrm: 1.00 | dt: 405ms | tok/sec: 40,413 | mfu: 0.2% | epoch: 1 | remaining: 158s    
step 00355 (47.3%) | loss: 4.615551 | lrm: 1.00 | dt: 408ms | tok/sec: 40,131 | mfu: 0.2% | epoch: 1 | remaining: 158s    
step 00356 (47.4%) | loss: 4.629060 | lrm: 1.00 | dt: 417ms | tok/sec: 39,257 | mfu: 0.2% | epoch: 1 | remaining: 157s    
step 00357 (47.6%) | loss: 4.620391 | lrm: 1.00 | dt: 405ms | tok/sec: 40,408 | mfu: 0.2% | epoch: 1 | remaining: 157s    
step 00358 (47.7%) | loss: 4.597433 | lrm: 1.00 | dt: 424ms | tok/sec: 38,668 | mfu: 0.2% | epoch: 1 | remaining: 156s    
step 00359 (47.9%) | loss: 4.588332 | lrm: 1.00 | dt: 410ms | tok/sec: 39,978 | mfu: 0.2% | epoch: 1 | remaining: 156s    
step 00360 (48.0%) | loss: 4.595310 | lrm: 1.00 | dt: 410ms | tok/sec: 39,961 | mfu: 0.2% | epoch: 1 | remaining: 156s    
step 00361 (48.1%) | loss: 4.597663 | lrm: 1.00 | dt: 419ms | tok/sec: 39,133 | mfu: 0.2% | epoch: 1 | remaining: 155s    
step 00362 (48.3%) | loss: 4.591284 | lrm: 1.00 | dt: 410ms | tok/sec: 39,922 | mfu: 0.2% | epoch: 1 | remaining: 155s    
step 00363 (48.4%) | loss: 4.609756 | lrm: 1.00 | dt: 418ms | tok/sec: 39,212 | mfu: 0.2% | epoch: 1 | remaining: 154s    
step 00364 (48.6%) | loss: 4.617126 | lrm: 1.00 | dt: 407ms | tok/sec: 40,281 | mfu: 0.2% | epoch: 1 | remaining: 154s    
step 00365 (48.7%) | loss: 4.629210 | lrm: 1.00 | dt: 412ms | tok/sec: 39,789 | mfu: 0.2% | epoch: 1 | remaining: 154s    
step 00366 (48.8%) | loss: 4.589944 | lrm: 1.00 | dt: 416ms | tok/sec: 39,356 | mfu: 0.2% | epoch: 1 | remaining: 153s    
step 00367 (49.0%) | loss: 4.597927 | lrm: 1.00 | dt: 410ms | tok/sec: 39,929 | mfu: 0.2% | epoch: 1 | remaining: 153s    
step 00368 (49.1%) | loss: 4.611149 | lrm: 1.00 | dt: 425ms | tok/sec: 38,516 | mfu: 0.2% | epoch: 1 | remaining: 152s    
step 00369 (49.2%) | loss: 4.617103 | lrm: 1.00 | dt: 413ms | tok/sec: 39,669 | mfu: 0.2% | epoch: 1 | remaining: 152s    
step 00370 (49.4%) | loss: 4.606855 | lrm: 1.00 | dt: 416ms | tok/sec: 39,427 | mfu: 0.2% | epoch: 1 | remaining: 151s    
step 00371 (49.5%) | loss: 4.606606 | lrm: 1.00 | dt: 415ms | tok/sec: 39,451 | mfu: 0.2% | epoch: 1 | remaining: 151s    
step 00372 (49.7%) | loss: 4.610164 | lrm: 1.00 | dt: 410ms | tok/sec: 39,926 | mfu: 0.2% | epoch: 1 | remaining: 151s    
step 00373 (49.8%) | loss: 4.615201 | lrm: 1.00 | dt: 424ms | tok/sec: 38,637 | mfu: 0.2% | epoch: 1 | remaining: 150s    
step 00374 (49.9%) | loss: 4.603541 | lrm: 1.00 | dt: 409ms | tok/sec: 40,048 | mfu: 0.2% | epoch: 1 | remaining: 150s    
step 00375 (50.1%) | loss: 4.616361 | lrm: 1.00 | dt: 416ms | tok/sec: 39,393 | mfu: 0.2% | epoch: 1 | remaining: 149s    
step 00376 (50.2%) | loss: 4.594463 | lrm: 1.00 | dt: 411ms | tok/sec: 39,888 | mfu: 0.2% | epoch: 1 | remaining: 149s    
step 00377 (50.3%) | loss: 4.636041 | lrm: 1.00 | dt: 410ms | tok/sec: 39,982 | mfu: 0.2% | epoch: 1 | remaining: 149s    
step 00378 (50.5%) | loss: 4.637747 | lrm: 1.00 | dt: 425ms | tok/sec: 38,591 | mfu: 0.2% | epoch: 1 | remaining: 148s    
step 00379 (50.6%) | loss: 4.612143 | lrm: 1.00 | dt: 411ms | tok/sec: 39,885 | mfu: 0.2% | epoch: 1 | remaining: 148s    
step 00380 (50.8%) | loss: 4.608438 | lrm: 1.00 | dt: 415ms | tok/sec: 39,491 | mfu: 0.2% | epoch: 1 | remaining: 147s    
step 00381 (50.9%) | loss: 4.617306 | lrm: 1.00 | dt: 410ms | tok/sec: 39,936 | mfu: 0.2% | epoch: 1 | remaining: 147s    
step 00382 (51.0%) | loss: 4.620947 | lrm: 1.00 | dt: 417ms | tok/sec: 39,316 | mfu: 0.2% | epoch: 1 | remaining: 146s    
step 00383 (51.2%) | loss: 4.618039 | lrm: 1.00 | dt: 408ms | tok/sec: 40,132 | mfu: 0.2% | epoch: 1 | remaining: 146s    
step 00384 (51.3%) | loss: 4.591438 | lrm: 1.00 | dt: 410ms | tok/sec: 39,927 | mfu: 0.2% | epoch: 1 | remaining: 146s    
step 00385 (51.4%) | loss: 4.603953 | lrm: 1.00 | dt: 414ms | tok/sec: 39,613 | mfu: 0.2% | epoch: 1 | remaining: 145s    
step 00386 (51.6%) | loss: 4.590990 | lrm: 1.00 | dt: 409ms | tok/sec: 40,016 | mfu: 0.2% | epoch: 1 | remaining: 145s    
step 00387 (51.7%) | loss: 4.583235 | lrm: 1.00 | dt: 423ms | tok/sec: 38,751 | mfu: 0.2% | epoch: 1 | remaining: 144s    
step 00388 (51.9%) | loss: 4.557850 | lrm: 1.00 | dt: 412ms | tok/sec: 39,780 | mfu: 0.2% | epoch: 1 | remaining: 144s    
step 00389 (52.0%) | loss: 4.579064 | lrm: 1.00 | dt: 408ms | tok/sec: 40,146 | mfu: 0.2% | epoch: 1 | remaining: 144s    
step 00390 (52.1%) | loss: 4.573750 | lrm: 1.00 | dt: 420ms | tok/sec: 39,037 | mfu: 0.2% | epoch: 1 | remaining: 143s    
step 00391 (52.3%) | loss: 4.539198 | lrm: 1.00 | dt: 412ms | tok/sec: 39,733 | mfu: 0.2% | epoch: 1 | remaining: 143s    
step 00392 (52.4%) | loss: 4.543318 | lrm: 1.00 | dt: 416ms | tok/sec: 39,409 | mfu: 0.2% | epoch: 1 | remaining: 142s    
step 00393 (52.6%) | loss: 4.540218 | lrm: 1.00 | dt: 410ms | tok/sec: 40,005 | mfu: 0.2% | epoch: 1 | remaining: 142s    
step 00394 (52.7%) | loss: 4.526612 | lrm: 1.00 | dt: 408ms | tok/sec: 40,134 | mfu: 0.2% | epoch: 1 | remaining: 142s    
step 00395 (52.8%) | loss: 4.541040 | lrm: 1.00 | dt: 418ms | tok/sec: 39,150 | mfu: 0.2% | epoch: 1 | remaining: 141s    
step 00396 (53.0%) | loss: 4.541364 | lrm: 1.00 | dt: 407ms | tok/sec: 40,299 | mfu: 0.2% | epoch: 1 | remaining: 141s    
step 00397 (53.1%) | loss: 4.566674 | lrm: 1.00 | dt: 420ms | tok/sec: 39,017 | mfu: 0.2% | epoch: 1 | remaining: 140s    
step 00398 (53.2%) | loss: 4.573345 | lrm: 1.00 | dt: 408ms | tok/sec: 40,109 | mfu: 0.2% | epoch: 1 | remaining: 140s    
step 00399 (53.4%) | loss: 4.589249 | lrm: 1.00 | dt: 415ms | tok/sec: 39,506 | mfu: 0.2% | epoch: 1 | remaining: 139s    
step 00400 (53.5%) | loss: 4.584854 | lrm: 1.00 | dt: 412ms | tok/sec: 39,757 | mfu: 0.2% | epoch: 1 | remaining: 139s    
step 00401 (53.7%) | loss: 4.547197 | lrm: 1.00 | dt: 407ms | tok/sec: 40,257 | mfu: 0.2% | epoch: 1 | remaining: 139s    
step 00402 (53.8%) | loss: 4.540921 | lrm: 1.00 | dt: 415ms | tok/sec: 39,439 | mfu: 0.2% | epoch: 1 | remaining: 138s    
step 00403 (53.9%) | loss: 4.554146 | lrm: 1.00 | dt: 411ms | tok/sec: 39,837 | mfu: 0.2% | epoch: 1 | remaining: 138s    
step 00404 (54.1%) | loss: 4.546882 | lrm: 1.00 | dt: 422ms | tok/sec: 38,826 | mfu: 0.2% | epoch: 1 | remaining: 137s    
step 00405 (54.2%) | loss: 4.527091 | lrm: 1.00 | dt: 404ms | tok/sec: 40,520 | mfu: 0.2% | epoch: 1 | remaining: 137s    
step 00406 (54.3%) | loss: 4.492100 | lrm: 1.00 | dt: 411ms | tok/sec: 39,897 | mfu: 0.2% | epoch: 1 | remaining: 137s    
step 00407 (54.5%) | loss: 4.503964 | lrm: 1.00 | dt: 418ms | tok/sec: 39,156 | mfu: 0.2% | epoch: 1 | remaining: 136s    
step 00408 (54.6%) | loss: 4.496464 | lrm: 1.00 | dt: 407ms | tok/sec: 40,291 | mfu: 0.2% | epoch: 1 | remaining: 136s    
step 00409 (54.7%) | loss: 4.495032 | lrm: 1.00 | dt: 415ms | tok/sec: 39,497 | mfu: 0.2% | epoch: 1 | remaining: 135s    
step 00410 (54.9%) | loss: 4.508920 | lrm: 1.00 | dt: 410ms | tok/sec: 39,943 | mfu: 0.2% | epoch: 1 | remaining: 135s    
step 00411 (55.0%) | loss: 4.497094 | lrm: 1.00 | dt: 407ms | tok/sec: 40,277 | mfu: 0.2% | epoch: 1 | remaining: 135s    
step 00412 (55.2%) | loss: 4.501393 | lrm: 1.00 | dt: 418ms | tok/sec: 39,230 | mfu: 0.2% | epoch: 1 | remaining: 134s    
step 00413 (55.3%) | loss: 4.501955 | lrm: 1.00 | dt: 409ms | tok/sec: 40,091 | mfu: 0.2% | epoch: 1 | remaining: 134s    
step 00414 (55.4%) | loss: 4.510715 | lrm: 1.00 | dt: 417ms | tok/sec: 39,294 | mfu: 0.2% | epoch: 1 | remaining: 133s    
step 00415 (55.6%) | loss: 4.503211 | lrm: 1.00 | dt: 413ms | tok/sec: 39,634 | mfu: 0.2% | epoch: 1 | remaining: 133s    
step 00416 (55.7%) | loss: 4.485050 | lrm: 1.00 | dt: 420ms | tok/sec: 39,019 | mfu: 0.2% | epoch: 1 | remaining: 132s    
step 00417 (55.9%) | loss: 4.509854 | lrm: 1.00 | dt: 412ms | tok/sec: 39,794 | mfu: 0.2% | epoch: 1 | remaining: 132s    
step 00418 (56.0%) | loss: 4.539972 | lrm: 1.00 | dt: 406ms | tok/sec: 40,381 | mfu: 0.2% | epoch: 1 | remaining: 132s    
step 00419 (56.1%) | loss: 4.537290 | lrm: 1.00 | dt: 421ms | tok/sec: 38,954 | mfu: 0.2% | epoch: 1 | remaining: 131s    
step 00420 (56.3%) | loss: 4.528386 | lrm: 1.00 | dt: 406ms | tok/sec: 40,369 | mfu: 0.2% | epoch: 1 | remaining: 131s    
step 00421 (56.4%) | loss: 4.502213 | lrm: 1.00 | dt: 420ms | tok/sec: 39,002 | mfu: 0.2% | epoch: 1 | remaining: 130s    
step 00422 (56.5%) | loss: 4.514545 | lrm: 1.00 | dt: 409ms | tok/sec: 40,021 | mfu: 0.2% | epoch: 1 | remaining: 130s    
step 00423 (56.7%) | loss: 4.495733 | lrm: 1.00 | dt: 411ms | tok/sec: 39,860 | mfu: 0.2% | epoch: 1 | remaining: 130s    
step 00424 (56.8%) | loss: 4.470412 | lrm: 1.00 | dt: 417ms | tok/sec: 39,315 | mfu: 0.2% | epoch: 1 | remaining: 129s    
step 00425 (57.0%) | loss: 4.484122 | lrm: 1.00 | dt: 409ms | tok/sec: 40,072 | mfu: 0.2% | epoch: 1 | remaining: 129s    
step 00426 (57.1%) | loss: 4.449855 | lrm: 1.00 | dt: 421ms | tok/sec: 38,948 | mfu: 0.2% | epoch: 1 | remaining: 128s    
step 00427 (57.2%) | loss: 4.441471 | lrm: 1.00 | dt: 408ms | tok/sec: 40,140 | mfu: 0.2% | epoch: 1 | remaining: 128s    
step 00428 (57.4%) | loss: 4.402849 | lrm: 1.00 | dt: 410ms | tok/sec: 39,943 | mfu: 0.2% | epoch: 1 | remaining: 127s    
step 00429 (57.5%) | loss: 4.393977 | lrm: 1.00 | dt: 417ms | tok/sec: 39,289 | mfu: 0.2% | epoch: 1 | remaining: 127s    
step 00430 (57.6%) | loss: 4.415862 | lrm: 1.00 | dt: 412ms | tok/sec: 39,807 | mfu: 0.2% | epoch: 1 | remaining: 127s    
step 00431 (57.8%) | loss: 4.440437 | lrm: 1.00 | dt: 417ms | tok/sec: 39,261 | mfu: 0.2% | epoch: 1 | remaining: 126s    
step 00432 (57.9%) | loss: 4.435375 | lrm: 1.00 | dt: 407ms | tok/sec: 40,227 | mfu: 0.2% | epoch: 1 | remaining: 126s    
step 00433 (58.1%) | loss: 4.458284 | lrm: 1.00 | dt: 417ms | tok/sec: 39,268 | mfu: 0.2% | epoch: 1 | remaining: 125s    
step 00434 (58.2%) | loss: 4.428902 | lrm: 1.00 | dt: 410ms | tok/sec: 39,935 | mfu: 0.2% | epoch: 1 | remaining: 125s    
step 00435 (58.3%) | loss: 4.402712 | lrm: 1.00 | dt: 408ms | tok/sec: 40,182 | mfu: 0.2% | epoch: 1 | remaining: 125s    
step 00436 (58.5%) | loss: 4.407441 | lrm: 1.00 | dt: 414ms | tok/sec: 39,579 | mfu: 0.2% | epoch: 1 | remaining: 124s    
step 00437 (58.6%) | loss: 4.401437 | lrm: 1.00 | dt: 411ms | tok/sec: 39,838 | mfu: 0.2% | epoch: 1 | remaining: 124s    
step 00438 (58.7%) | loss: 4.405604 | lrm: 1.00 | dt: 417ms | tok/sec: 39,257 | mfu: 0.2% | epoch: 1 | remaining: 123s    
step 00439 (58.9%) | loss: 4.408439 | lrm: 1.00 | dt: 408ms | tok/sec: 40,126 | mfu: 0.2% | epoch: 1 | remaining: 123s    
step 00440 (59.0%) | loss: 4.411474 | lrm: 1.00 | dt: 413ms | tok/sec: 39,652 | mfu: 0.2% | epoch: 1 | remaining: 123s    
step 00441 (59.2%) | loss: 4.418469 | lrm: 1.00 | dt: 422ms | tok/sec: 38,846 | mfu: 0.2% | epoch: 1 | remaining: 122s    
step 00442 (59.3%) | loss: 4.436894 | lrm: 1.00 | dt: 408ms | tok/sec: 40,110 | mfu: 0.2% | epoch: 1 | remaining: 122s    
step 00443 (59.4%) | loss: 4.462636 | lrm: 1.00 | dt: 417ms | tok/sec: 39,270 | mfu: 0.2% | epoch: 1 | remaining: 121s    
step 00444 (59.6%) | loss: 4.444373 | lrm: 1.00 | dt: 413ms | tok/sec: 39,679 | mfu: 0.2% | epoch: 1 | remaining: 121s    
step 00445 (59.7%) | loss: 4.421410 | lrm: 1.00 | dt: 410ms | tok/sec: 39,982 | mfu: 0.2% | epoch: 1 | remaining: 120s    
step 00446 (59.8%) | loss: 4.431762 | lrm: 1.00 | dt: 413ms | tok/sec: 39,695 | mfu: 0.2% | epoch: 1 | remaining: 120s    
step 00447 (60.0%) | loss: 4.430589 | lrm: 1.00 | dt: 411ms | tok/sec: 39,884 | mfu: 0.2% | epoch: 1 | remaining: 120s    
step 00448 (60.1%) | loss: 4.450469 | lrm: 1.00 | dt: 417ms | tok/sec: 39,257 | mfu: 0.2% | epoch: 1 | remaining: 119s    
step 00449 (60.3%) | loss: 4.450231 | lrm: 1.00 | dt: 410ms | tok/sec: 39,975 | mfu: 0.2% | epoch: 1 | remaining: 119s    
step 00450 (60.4%) | loss: 4.454112 | lrm: 1.00 | dt: 419ms | tok/sec: 39,074 | mfu: 0.2% | epoch: 1 | remaining: 118s    
step 00451 (60.5%) | loss: 4.446750 | lrm: 1.00 | dt: 410ms | tok/sec: 39,947 | mfu: 0.2% | epoch: 1 | remaining: 118s    
step 00452 (60.7%) | loss: 4.436510 | lrm: 1.00 | dt: 408ms | tok/sec: 40,179 | mfu: 0.2% | epoch: 1 | remaining: 118s    
step 00453 (60.8%) | loss: 4.423116 | lrm: 1.00 | dt: 417ms | tok/sec: 39,311 | mfu: 0.2% | epoch: 1 | remaining: 117s    
step 00454 (60.9%) | loss: 4.433756 | lrm: 1.00 | dt: 411ms | tok/sec: 39,819 | mfu: 0.2% | epoch: 1 | remaining: 117s    
step 00455 (61.1%) | loss: 4.431397 | lrm: 1.00 | dt: 415ms | tok/sec: 39,517 | mfu: 0.2% | epoch: 1 | remaining: 116s    
step 00456 (61.2%) | loss: 4.443396 | lrm: 1.00 | dt: 412ms | tok/sec: 39,770 | mfu: 0.2% | epoch: 1 | remaining: 116s    
step 00457 (61.4%) | loss: 4.441108 | lrm: 1.00 | dt: 408ms | tok/sec: 40,142 | mfu: 0.2% | epoch: 1 | remaining: 116s    
step 00458 (61.5%) | loss: 4.466084 | lrm: 1.00 | dt: 416ms | tok/sec: 39,340 | mfu: 0.2% | epoch: 1 | remaining: 115s    
step 00459 (61.6%) | loss: 4.465192 | lrm: 1.00 | dt: 412ms | tok/sec: 39,732 | mfu: 0.2% | epoch: 1 | remaining: 115s    
step 00460 (61.8%) | loss: 4.469993 | lrm: 1.00 | dt: 415ms | tok/sec: 39,473 | mfu: 0.2% | epoch: 1 | remaining: 114s    
step 00461 (61.9%) | loss: 4.456593 | lrm: 1.00 | dt: 409ms | tok/sec: 40,063 | mfu: 0.2% | epoch: 1 | remaining: 114s    
step 00462 (62.0%) | loss: 4.449504 | lrm: 1.00 | dt: 414ms | tok/sec: 39,594 | mfu: 0.2% | epoch: 1 | remaining: 113s    
step 00463 (62.2%) | loss: 4.458994 | lrm: 1.00 | dt: 417ms | tok/sec: 39,336 | mfu: 0.2% | epoch: 1 | remaining: 113s    
step 00464 (62.3%) | loss: 4.500183 | lrm: 1.00 | dt: 407ms | tok/sec: 40,230 | mfu: 0.2% | epoch: 1 | remaining: 113s    
step 00465 (62.5%) | loss: 4.502840 | lrm: 1.00 | dt: 417ms | tok/sec: 39,319 | mfu: 0.2% | epoch: 1 | remaining: 112s    
step 00466 (62.6%) | loss: 4.508726 | lrm: 1.00 | dt: 409ms | tok/sec: 40,055 | mfu: 0.2% | epoch: 1 | remaining: 112s    
step 00467 (62.7%) | loss: 4.501802 | lrm: 1.00 | dt: 418ms | tok/sec: 39,230 | mfu: 0.2% | epoch: 1 | remaining: 111s    
step 00468 (62.9%) | loss: 4.504331 | lrm: 1.00 | dt: 406ms | tok/sec: 40,318 | mfu: 0.2% | epoch: 1 | remaining: 111s    
step 00469 (63.0%) | loss: 4.518165 | lrm: 1.00 | dt: 412ms | tok/sec: 39,792 | mfu: 0.2% | epoch: 1 | remaining: 111s    
step 00470 (63.1%) | loss: 4.520092 | lrm: 1.00 | dt: 412ms | tok/sec: 39,764 | mfu: 0.2% | epoch: 1 | remaining: 110s    
step 00471 (63.3%) | loss: 4.526696 | lrm: 1.00 | dt: 408ms | tok/sec: 40,177 | mfu: 0.2% | epoch: 1 | remaining: 110s    
step 00472 (63.4%) | loss: 4.507056 | lrm: 1.00 | dt: 415ms | tok/sec: 39,453 | mfu: 0.2% | epoch: 1 | remaining: 109s    
step 00473 (63.6%) | loss: 4.483184 | lrm: 1.00 | dt: 408ms | tok/sec: 40,147 | mfu: 0.2% | epoch: 1 | remaining: 109s    
step 00474 (63.7%) | loss: 4.440364 | lrm: 1.00 | dt: 411ms | tok/sec: 39,888 | mfu: 0.2% | epoch: 1 | remaining: 109s    
step 00475 (63.8%) | loss: 4.419702 | lrm: 1.00 | dt: 414ms | tok/sec: 39,533 | mfu: 0.2% | epoch: 1 | remaining: 108s    
step 00476 (64.0%) | loss: 4.445628 | lrm: 1.00 | dt: 410ms | tok/sec: 39,933 | mfu: 0.2% | epoch: 1 | remaining: 108s    
step 00477 (64.1%) | loss: 4.440816 | lrm: 1.00 | dt: 415ms | tok/sec: 39,463 | mfu: 0.2% | epoch: 1 | remaining: 107s    
step 00478 (64.2%) | loss: 4.400551 | lrm: 1.00 | dt: 412ms | tok/sec: 39,720 | mfu: 0.2% | epoch: 1 | remaining: 107s    
step 00479 (64.4%) | loss: 4.416515 | lrm: 1.00 | dt: 417ms | tok/sec: 39,271 | mfu: 0.2% | epoch: 1 | remaining: 106s    
step 00480 (64.5%) | loss: 4.419022 | lrm: 1.00 | dt: 412ms | tok/sec: 39,789 | mfu: 0.2% | epoch: 1 | remaining: 106s    
step 00481 (64.7%) | loss: 4.408234 | lrm: 1.00 | dt: 406ms | tok/sec: 40,382 | mfu: 0.2% | epoch: 1 | remaining: 106s    
step 00482 (64.8%) | loss: 4.393118 | lrm: 1.00 | dt: 417ms | tok/sec: 39,297 | mfu: 0.2% | epoch: 1 | remaining: 105s    
step 00483 (64.9%) | loss: 4.382944 | lrm: 1.00 | dt: 409ms | tok/sec: 40,043 | mfu: 0.2% | epoch: 1 | remaining: 105s    
step 00484 (65.1%) | loss: 4.405729 | lrm: 1.00 | dt: 417ms | tok/sec: 39,250 | mfu: 0.2% | epoch: 1 | remaining: 104s    
step 00485 (65.2%) | loss: 4.395086 | lrm: 1.00 | dt: 410ms | tok/sec: 39,976 | mfu: 0.2% | epoch: 1 | remaining: 104s    
step 00486 (65.3%) | loss: 4.396223 | lrm: 1.00 | dt: 405ms | tok/sec: 40,406 | mfu: 0.2% | epoch: 1 | remaining: 104s    
step 00487 (65.5%) | loss: 4.398877 | lrm: 1.00 | dt: 420ms | tok/sec: 38,979 | mfu: 0.2% | epoch: 1 | remaining: 103s    
step 00488 (65.6%) | loss: 4.396920 | lrm: 1.00 | dt: 408ms | tok/sec: 40,114 | mfu: 0.2% | epoch: 1 | remaining: 103s    
step 00489 (65.8%) | loss: 4.414040 | lrm: 1.00 | dt: 413ms | tok/sec: 39,690 | mfu: 0.2% | epoch: 1 | remaining: 102s    
step 00490 (65.9%) | loss: 4.406953 | lrm: 1.00 | dt: 411ms | tok/sec: 39,869 | mfu: 0.2% | epoch: 1 | remaining: 102s    
step 00491 (66.0%) | loss: 4.385991 | lrm: 1.00 | dt: 409ms | tok/sec: 40,051 | mfu: 0.2% | epoch: 1 | remaining: 102s    
step 00492 (66.2%) | loss: 4.387704 | lrm: 1.00 | dt: 417ms | tok/sec: 39,262 | mfu: 0.2% | epoch: 1 | remaining: 101s    
step 00493 (66.3%) | loss: 4.378854 | lrm: 1.00 | dt: 409ms | tok/sec: 40,021 | mfu: 0.2% | epoch: 1 | remaining: 101s    
step 00494 (66.4%) | loss: 4.367917 | lrm: 1.00 | dt: 416ms | tok/sec: 39,428 | mfu: 0.2% | epoch: 1 | remaining: 100s    
step 00495 (66.6%) | loss: 4.374567 | lrm: 1.00 | dt: 410ms | tok/sec: 39,987 | mfu: 0.2% | epoch: 1 | remaining: 100s    
step 00496 (66.7%) | loss: 4.392014 | lrm: 1.00 | dt: 416ms | tok/sec: 39,402 | mfu: 0.2% | epoch: 1 | remaining: 99s    
step 00497 (66.9%) | loss: 4.404471 | lrm: 1.00 | dt: 412ms | tok/sec: 39,757 | mfu: 0.2% | epoch: 1 | remaining: 99s    
step 00498 (67.0%) | loss: 4.433811 | lrm: 1.00 | dt: 408ms | tok/sec: 40,151 | mfu: 0.2% | epoch: 1 | remaining: 99s    
step 00499 (67.1%) | loss: 4.418757 | lrm: 1.00 | dt: 424ms | tok/sec: 38,608 | mfu: 0.2% | epoch: 1 | remaining: 98s    
step 00500 (67.3%) | loss: 4.387474 | lrm: 1.00 | dt: 413ms | tok/sec: 39,696 | mfu: 0.2% | epoch: 1 | remaining: 98s    
step 00501 (67.4%) | loss: 4.394542 | lrm: 1.00 | dt: 415ms | tok/sec: 39,506 | mfu: 0.2% | epoch: 1 | remaining: 97s    
step 00502 (67.5%) | loss: 4.389253 | lrm: 1.00 | dt: 407ms | tok/sec: 40,264 | mfu: 0.2% | epoch: 1 | remaining: 97s    
step 00503 (67.7%) | loss: 4.387179 | lrm: 1.00 | dt: 410ms | tok/sec: 39,920 | mfu: 0.2% | epoch: 1 | remaining: 97s    
step 00504 (67.8%) | loss: 4.410474 | lrm: 1.00 | dt: 423ms | tok/sec: 38,717 | mfu: 0.2% | epoch: 1 | remaining: 96s    
step 00505 (68.0%) | loss: 4.386751 | lrm: 1.00 | dt: 409ms | tok/sec: 40,017 | mfu: 0.2% | epoch: 1 | remaining: 96s    
step 00506 (68.1%) | loss: 4.400491 | lrm: 1.00 | dt: 413ms | tok/sec: 39,656 | mfu: 0.2% | epoch: 1 | remaining: 95s    
step 00507 (68.2%) | loss: 4.404187 | lrm: 1.00 | dt: 411ms | tok/sec: 39,830 | mfu: 0.2% | epoch: 1 | remaining: 95s    
step 00508 (68.4%) | loss: 4.405446 | lrm: 1.00 | dt: 409ms | tok/sec: 40,089 | mfu: 0.2% | epoch: 1 | remaining: 94s    
step 00509 (68.5%) | loss: 4.381675 | lrm: 1.00 | dt: 414ms | tok/sec: 39,572 | mfu: 0.2% | epoch: 1 | remaining: 94s    
step 00510 (68.6%) | loss: 4.410571 | lrm: 1.00 | dt: 409ms | tok/sec: 40,035 | mfu: 0.2% | epoch: 1 | remaining: 94s    
step 00511 (68.8%) | loss: 4.417568 | lrm: 1.00 | dt: 415ms | tok/sec: 39,465 | mfu: 0.2% | epoch: 1 | remaining: 93s    
step 00512 (68.9%) | loss: 4.389748 | lrm: 1.00 | dt: 410ms | tok/sec: 39,912 | mfu: 0.2% | epoch: 1 | remaining: 93s    
step 00513 (69.1%) | loss: 4.387699 | lrm: 1.00 | dt: 420ms | tok/sec: 38,969 | mfu: 0.2% | epoch: 1 | remaining: 92s    
step 00514 (69.2%) | loss: 4.397250 | lrm: 1.00 | dt: 409ms | tok/sec: 40,097 | mfu: 0.2% | epoch: 1 | remaining: 92s    
step 00515 (69.3%) | loss: 4.365927 | lrm: 1.00 | dt: 409ms | tok/sec: 40,081 | mfu: 0.2% | epoch: 1 | remaining: 92s    
step 00516 (69.5%) | loss: 4.374233 | lrm: 1.00 | dt: 416ms | tok/sec: 39,426 | mfu: 0.2% | epoch: 1 | remaining: 91s    
step 00517 (69.6%) | loss: 4.387875 | lrm: 1.00 | dt: 409ms | tok/sec: 40,081 | mfu: 0.2% | epoch: 1 | remaining: 91s    
step 00518 (69.7%) | loss: 4.390854 | lrm: 1.00 | dt: 415ms | tok/sec: 39,451 | mfu: 0.2% | epoch: 1 | remaining: 90s    
step 00519 (69.9%) | loss: 4.404089 | lrm: 1.00 | dt: 411ms | tok/sec: 39,893 | mfu: 0.2% | epoch: 1 | remaining: 90s    
step 00520 (70.0%) | loss: 4.384133 | lrm: 1.00 | dt: 410ms | tok/sec: 39,925 | mfu: 0.2% | epoch: 1 | remaining: 90s    
step 00521 (70.2%) | loss: 4.398782 | lrm: 0.99 | dt: 419ms | tok/sec: 39,145 | mfu: 0.2% | epoch: 1 | remaining: 89s    
step 00522 (70.3%) | loss: 4.409152 | lrm: 0.99 | dt: 406ms | tok/sec: 40,396 | mfu: 0.2% | epoch: 1 | remaining: 89s    
step 00523 (70.4%) | loss: 4.391341 | lrm: 0.99 | dt: 420ms | tok/sec: 39,031 | mfu: 0.2% | epoch: 1 | remaining: 88s    
step 00524 (70.6%) | loss: 4.416370 | lrm: 0.98 | dt: 409ms | tok/sec: 40,094 | mfu: 0.2% | epoch: 1 | remaining: 88s    
step 00525 (70.7%) | loss: 4.410652 | lrm: 0.98 | dt: 410ms | tok/sec: 39,943 | mfu: 0.2% | epoch: 1 | remaining: 87s    
step 00526 (70.8%) | loss: 4.409069 | lrm: 0.97 | dt: 417ms | tok/sec: 39,243 | mfu: 0.2% | epoch: 1 | remaining: 87s    
step 00527 (71.0%) | loss: 4.401943 | lrm: 0.97 | dt: 408ms | tok/sec: 40,160 | mfu: 0.2% | epoch: 1 | remaining: 87s    
step 00528 (71.1%) | loss: 4.386432 | lrm: 0.96 | dt: 422ms | tok/sec: 38,797 | mfu: 0.2% | epoch: 1 | remaining: 86s    
step 00529 (71.3%) | loss: 4.385492 | lrm: 0.96 | dt: 412ms | tok/sec: 39,762 | mfu: 0.2% | epoch: 1 | remaining: 86s    
step 00530 (71.4%) | loss: 4.382543 | lrm: 0.95 | dt: 420ms | tok/sec: 39,017 | mfu: 0.2% | epoch: 1 | remaining: 85s    
step 00531 (71.5%) | loss: 4.389361 | lrm: 0.95 | dt: 409ms | tok/sec: 40,049 | mfu: 0.2% | epoch: 1 | remaining: 85s    
step 00532 (71.7%) | loss: 4.340934 | lrm: 0.94 | dt: 417ms | tok/sec: 39,292 | mfu: 0.2% | epoch: 1 | remaining: 85s    
step 00533 (71.8%) | loss: 4.354881 | lrm: 0.94 | dt: 414ms | tok/sec: 39,576 | mfu: 0.2% | epoch: 1 | remaining: 84s    
step 00534 (71.9%) | loss: 4.348954 | lrm: 0.94 | dt: 409ms | tok/sec: 40,069 | mfu: 0.2% | epoch: 1 | remaining: 84s    
step 00535 (72.1%) | loss: 4.373865 | lrm: 0.93 | dt: 422ms | tok/sec: 38,796 | mfu: 0.2% | epoch: 1 | remaining: 83s    
step 00536 (72.2%) | loss: 4.362013 | lrm: 0.93 | dt: 405ms | tok/sec: 40,489 | mfu: 0.2% | epoch: 1 | remaining: 83s    
step 00537 (72.4%) | loss: 4.338140 | lrm: 0.92 | dt: 410ms | tok/sec: 39,978 | mfu: 0.2% | epoch: 1 | remaining: 83s    
step 00538 (72.5%) | loss: 4.347845 | lrm: 0.92 | dt: 426ms | tok/sec: 38,480 | mfu: 0.2% | epoch: 1 | remaining: 82s    
step 00539 (72.6%) | loss: 4.368961 | lrm: 0.91 | dt: 409ms | tok/sec: 40,071 | mfu: 0.2% | epoch: 1 | remaining: 82s    
step 00540 (72.8%) | loss: 4.385378 | lrm: 0.91 | dt: 416ms | tok/sec: 39,344 | mfu: 0.2% | epoch: 1 | remaining: 81s    
step 00541 (72.9%) | loss: 4.377891 | lrm: 0.90 | dt: 411ms | tok/sec: 39,865 | mfu: 0.2% | epoch: 1 | remaining: 81s    
step 00542 (73.1%) | loss: 4.362306 | lrm: 0.90 | dt: 411ms | tok/sec: 39,822 | mfu: 0.2% | epoch: 1 | remaining: 80s    
step 00543 (73.2%) | loss: 4.348411 | lrm: 0.89 | dt: 411ms | tok/sec: 39,828 | mfu: 0.2% | epoch: 1 | remaining: 80s    
step 00544 (73.3%) | loss: 4.368757 | lrm: 0.89 | dt: 409ms | tok/sec: 40,094 | mfu: 0.2% | epoch: 1 | remaining: 80s    
step 00545 (73.5%) | loss: 4.355384 | lrm: 0.88 | dt: 417ms | tok/sec: 39,302 | mfu: 0.2% | epoch: 1 | remaining: 79s    
step 00546 (73.6%) | loss: 4.348207 | lrm: 0.88 | dt: 409ms | tok/sec: 40,067 | mfu: 0.2% | epoch: 1 | remaining: 79s    
step 00547 (73.7%) | loss: 4.342705 | lrm: 0.88 | dt: 414ms | tok/sec: 39,622 | mfu: 0.2% | epoch: 1 | remaining: 78s    
step 00548 (73.9%) | loss: 4.226080 | lrm: 0.87 | dt: 411ms | tok/sec: 39,853 | mfu: 0.2% | epoch: 1 | remaining: 78s    
step 00549 (74.0%) | loss: 4.220855 | lrm: 0.87 | dt: 408ms | tok/sec: 40,174 | mfu: 0.2% | epoch: 1 | remaining: 78s    
step 00550 (74.1%) | loss: 4.247404 | lrm: 0.86 | dt: 420ms | tok/sec: 39,043 | mfu: 0.2% | epoch: 1 | remaining: 77s    
step 00551 (74.3%) | loss: 4.253300 | lrm: 0.86 | dt: 408ms | tok/sec: 40,125 | mfu: 0.2% | epoch: 1 | remaining: 77s    
step 00552 (74.4%) | loss: 4.284136 | lrm: 0.85 | dt: 414ms | tok/sec: 39,548 | mfu: 0.2% | epoch: 1 | remaining: 76s    
step 00553 (74.6%) | loss: 4.304532 | lrm: 0.85 | dt: 411ms | tok/sec: 39,825 | mfu: 0.2% | epoch: 1 | remaining: 76s    
step 00554 (74.7%) | loss: 4.335075 | lrm: 0.84 | dt: 408ms | tok/sec: 40,118 | mfu: 0.2% | epoch: 1 | remaining: 75s    
step 00555 (74.8%) | loss: 4.319696 | lrm: 0.84 | dt: 416ms | tok/sec: 39,348 | mfu: 0.2% | epoch: 1 | remaining: 75s    
step 00556 (75.0%) | loss: 4.295302 | lrm: 0.83 | dt: 409ms | tok/sec: 40,098 | mfu: 0.2% | epoch: 1 | remaining: 75s    
step 00557 (75.1%) | loss: 4.283742 | lrm: 0.83 | dt: 421ms | tok/sec: 38,959 | mfu: 0.2% | epoch: 1 | remaining: 74s    
step 00558 (75.2%) | loss: 4.276182 | lrm: 0.83 | dt: 410ms | tok/sec: 39,973 | mfu: 0.2% | epoch: 1 | remaining: 74s    
step 00559 (75.4%) | loss: 4.291380 | lrm: 0.82 | dt: 418ms | tok/sec: 39,181 | mfu: 0.2% | epoch: 1 | remaining: 73s    
step 00560 (75.5%) | loss: 4.305400 | lrm: 0.82 | dt: 411ms | tok/sec: 39,860 | mfu: 0.2% | epoch: 1 | remaining: 73s    
step 00561 (75.7%) | loss: 4.313198 | lrm: 0.81 | dt: 408ms | tok/sec: 40,130 | mfu: 0.2% | epoch: 1 | remaining: 73s    
step 00562 (75.8%) | loss: 4.279584 | lrm: 0.81 | dt: 421ms | tok/sec: 38,882 | mfu: 0.2% | epoch: 1 | remaining: 72s    
step 00563 (75.9%) | loss: 4.276927 | lrm: 0.80 | dt: 407ms | tok/sec: 40,243 | mfu: 0.2% | epoch: 1 | remaining: 72s    
step 00564 (76.1%) | loss: 4.285281 | lrm: 0.80 | dt: 416ms | tok/sec: 39,357 | mfu: 0.2% | epoch: 1 | remaining: 71s    
step 00565 (76.2%) | loss: 4.317013 | lrm: 0.79 | dt: 409ms | tok/sec: 40,083 | mfu: 0.2% | epoch: 1 | remaining: 71s    
step 00566 (76.3%) | loss: 4.329765 | lrm: 0.79 | dt: 408ms | tok/sec: 40,193 | mfu: 0.2% | epoch: 1 | remaining: 71s    
step 00567 (76.5%) | loss: 4.337751 | lrm: 0.78 | dt: 417ms | tok/sec: 39,333 | mfu: 0.2% | epoch: 1 | remaining: 70s    
step 00568 (76.6%) | loss: 4.332810 | lrm: 0.78 | dt: 406ms | tok/sec: 40,384 | mfu: 0.2% | epoch: 1 | remaining: 70s    
step 00569 (76.8%) | loss: 4.364966 | lrm: 0.77 | dt: 422ms | tok/sec: 38,787 | mfu: 0.2% | epoch: 1 | remaining: 69s    
step 00570 (76.9%) | loss: 4.336480 | lrm: 0.77 | dt: 406ms | tok/sec: 40,397 | mfu: 0.2% | epoch: 1 | remaining: 69s    
step 00571 (77.0%) | loss: 4.311227 | lrm: 0.77 | dt: 408ms | tok/sec: 40,178 | mfu: 0.2% | epoch: 1 | remaining: 68s    
step 00572 (77.2%) | loss: 4.311993 | lrm: 0.76 | dt: 429ms | tok/sec: 38,219 | mfu: 0.2% | epoch: 1 | remaining: 68s    
step 00573 (77.3%) | loss: 4.278132 | lrm: 0.76 | dt: 409ms | tok/sec: 40,042 | mfu: 0.2% | epoch: 1 | remaining: 68s    
step 00574 (77.5%) | loss: 4.279425 | lrm: 0.75 | dt: 416ms | tok/sec: 39,412 | mfu: 0.2% | epoch: 1 | remaining: 67s    
step 00575 (77.6%) | loss: 4.275975 | lrm: 0.75 | dt: 408ms | tok/sec: 40,173 | mfu: 0.2% | epoch: 1 | remaining: 67s    
step 00576 (77.7%) | loss: 4.271196 | lrm: 0.74 | dt: 416ms | tok/sec: 39,429 | mfu: 0.2% | epoch: 1 | remaining: 66s    
step 00577 (77.9%) | loss: 4.263227 | lrm: 0.74 | dt: 416ms | tok/sec: 39,365 | mfu: 0.2% | epoch: 1 | remaining: 66s    
step 00578 (78.0%) | loss: 4.268660 | lrm: 0.73 | dt: 409ms | tok/sec: 40,096 | mfu: 0.2% | epoch: 1 | remaining: 66s    
step 00579 (78.1%) | loss: 4.247264 | lrm: 0.73 | dt: 418ms | tok/sec: 39,187 | mfu: 0.2% | epoch: 1 | remaining: 65s    
step 00580 (78.3%) | loss: 4.247537 | lrm: 0.72 | dt: 409ms | tok/sec: 40,033 | mfu: 0.2% | epoch: 1 | remaining: 65s    
step 00581 (78.4%) | loss: 4.257210 | lrm: 0.72 | dt: 423ms | tok/sec: 38,731 | mfu: 0.2% | epoch: 1 | remaining: 64s    
step 00582 (78.6%) | loss: 4.248811 | lrm: 0.71 | dt: 409ms | tok/sec: 40,071 | mfu: 0.2% | epoch: 1 | remaining: 64s    
step 00583 (78.7%) | loss: 4.241335 | lrm: 0.71 | dt: 410ms | tok/sec: 39,970 | mfu: 0.2% | epoch: 1 | remaining: 64s    
step 00584 (78.8%) | loss: 4.242684 | lrm: 0.71 | dt: 416ms | tok/sec: 39,398 | mfu: 0.2% | epoch: 1 | remaining: 63s    
step 00585 (79.0%) | loss: 4.242170 | lrm: 0.70 | dt: 408ms | tok/sec: 40,157 | mfu: 0.2% | epoch: 1 | remaining: 63s    
step 00586 (79.1%) | loss: 4.230031 | lrm: 0.70 | dt: 413ms | tok/sec: 39,644 | mfu: 0.2% | epoch: 1 | remaining: 62s    
step 00587 (79.2%) | loss: 4.230315 | lrm: 0.69 | dt: 411ms | tok/sec: 39,829 | mfu: 0.2% | epoch: 1 | remaining: 62s    
step 00588 (79.4%) | loss: 4.224687 | lrm: 0.69 | dt: 409ms | tok/sec: 40,102 | mfu: 0.2% | epoch: 1 | remaining: 61s    
step 00589 (79.5%) | loss: 4.254842 | lrm: 0.68 | dt: 416ms | tok/sec: 39,399 | mfu: 0.2% | epoch: 1 | remaining: 61s    
step 00590 (79.7%) | loss: 4.262466 | lrm: 0.68 | dt: 408ms | tok/sec: 40,201 | mfu: 0.2% | epoch: 1 | remaining: 61s    
step 00591 (79.8%) | loss: 4.263925 | lrm: 0.67 | dt: 416ms | tok/sec: 39,362 | mfu: 0.2% | epoch: 1 | remaining: 60s    
step 00592 (79.9%) | loss: 4.244943 | lrm: 0.67 | dt: 409ms | tok/sec: 40,066 | mfu: 0.2% | epoch: 1 | remaining: 60s    
step 00593 (80.1%) | loss: 4.251368 | lrm: 0.66 | dt: 415ms | tok/sec: 39,435 | mfu: 0.2% | epoch: 1 | remaining: 59s    
step 00594 (80.2%) | loss: 4.263238 | lrm: 0.66 | dt: 416ms | tok/sec: 39,415 | mfu: 0.2% | epoch: 1 | remaining: 59s    
step 00595 (80.3%) | loss: 4.247833 | lrm: 0.66 | dt: 408ms | tok/sec: 40,132 | mfu: 0.2% | epoch: 1 | remaining: 59s    
step 00596 (80.5%) | loss: 4.239334 | lrm: 0.65 | dt: 415ms | tok/sec: 39,470 | mfu: 0.2% | epoch: 1 | remaining: 58s    
step 00597 (80.6%) | loss: 4.252113 | lrm: 0.65 | dt: 416ms | tok/sec: 39,382 | mfu: 0.2% | epoch: 1 | remaining: 58s    
step 00598 (80.8%) | loss: 4.250247 | lrm: 0.64 | dt: 412ms | tok/sec: 39,809 | mfu: 0.2% | epoch: 1 | remaining: 57s    
step 00599 (80.9%) | loss: 4.236028 | lrm: 0.64 | dt: 409ms | tok/sec: 40,103 | mfu: 0.2% | epoch: 1 | remaining: 57s    
step 00600 (81.0%) | loss: 4.258006 | lrm: 0.63 | dt: 408ms | tok/sec: 40,200 | mfu: 0.2% | epoch: 1 | remaining: 57s    
step 00601 (81.2%) | loss: 4.252755 | lrm: 0.63 | dt: 420ms | tok/sec: 39,042 | mfu: 0.2% | epoch: 1 | remaining: 56s    
step 00602 (81.3%) | loss: 4.241323 | lrm: 0.62 | dt: 408ms | tok/sec: 40,164 | mfu: 0.2% | epoch: 1 | remaining: 56s    
step 00603 (81.4%) | loss: 4.221917 | lrm: 0.62 | dt: 418ms | tok/sec: 39,189 | mfu: 0.2% | epoch: 1 | remaining: 55s    
step 00604 (81.6%) | loss: 4.170563 | lrm: 0.61 | dt: 409ms | tok/sec: 40,075 | mfu: 0.2% | epoch: 1 | remaining: 55s    
step 00605 (81.7%) | loss: 4.202369 | lrm: 0.61 | dt: 411ms | tok/sec: 39,910 | mfu: 0.2% | epoch: 1 | remaining: 54s    
step 00606 (81.9%) | loss: 4.218615 | lrm: 0.60 | dt: 422ms | tok/sec: 38,862 | mfu: 0.2% | epoch: 1 | remaining: 54s    
step 00607 (82.0%) | loss: 4.182614 | lrm: 0.60 | dt: 408ms | tok/sec: 40,168 | mfu: 0.2% | epoch: 1 | remaining: 54s    
step 00608 (82.1%) | loss: 4.203436 | lrm: 0.60 | dt: 415ms | tok/sec: 39,481 | mfu: 0.2% | epoch: 1 | remaining: 53s    
step 00609 (82.3%) | loss: 4.191747 | lrm: 0.59 | dt: 418ms | tok/sec: 39,214 | mfu: 0.2% | epoch: 1 | remaining: 53s    
step 00610 (82.4%) | loss: 4.199007 | lrm: 0.59 | dt: 420ms | tok/sec: 39,048 | mfu: 0.2% | epoch: 1 | remaining: 52s    
step 00611 (82.5%) | loss: 4.235207 | lrm: 0.58 | dt: 413ms | tok/sec: 39,687 | mfu: 0.2% | epoch: 1 | remaining: 52s    
step 00612 (82.7%) | loss: 4.252871 | lrm: 0.58 | dt: 408ms | tok/sec: 40,153 | mfu: 0.2% | epoch: 1 | remaining: 52s    
step 00613 (82.8%) | loss: 4.248042 | lrm: 0.57 | dt: 415ms | tok/sec: 39,498 | mfu: 0.2% | epoch: 1 | remaining: 51s    
step 00614 (83.0%) | loss: 4.250110 | lrm: 0.57 | dt: 410ms | tok/sec: 40,008 | mfu: 0.2% | epoch: 1 | remaining: 51s    
step 00615 (83.1%) | loss: 4.248419 | lrm: 0.56 | dt: 424ms | tok/sec: 38,613 | mfu: 0.2% | epoch: 1 | remaining: 50s    
step 00616 (83.2%) | loss: 4.236362 | lrm: 0.56 | dt: 409ms | tok/sec: 40,089 | mfu: 0.2% | epoch: 1 | remaining: 50s    
step 00617 (83.4%) | loss: 4.216494 | lrm: 0.55 | dt: 407ms | tok/sec: 40,227 | mfu: 0.2% | epoch: 1 | remaining: 49s    
step 00618 (83.5%) | loss: 4.219011 | lrm: 0.55 | dt: 418ms | tok/sec: 39,154 | mfu: 0.2% | epoch: 1 | remaining: 49s    
step 00619 (83.6%) | loss: 4.186161 | lrm: 0.55 | dt: 408ms | tok/sec: 40,166 | mfu: 0.2% | epoch: 1 | remaining: 49s    
step 00620 (83.8%) | loss: 4.177449 | lrm: 0.54 | dt: 416ms | tok/sec: 39,361 | mfu: 0.2% | epoch: 1 | remaining: 48s    
step 00621 (83.9%) | loss: 4.169095 | lrm: 0.54 | dt: 409ms | tok/sec: 40,069 | mfu: 0.2% | epoch: 1 | remaining: 48s    
step 00622 (84.1%) | loss: 4.173954 | lrm: 0.53 | dt: 409ms | tok/sec: 40,054 | mfu: 0.2% | epoch: 1 | remaining: 47s    
step 00623 (84.2%) | loss: 4.184477 | lrm: 0.53 | dt: 416ms | tok/sec: 39,422 | mfu: 0.2% | epoch: 1 | remaining: 47s    
step 00624 (84.3%) | loss: 4.170884 | lrm: 0.52 | dt: 407ms | tok/sec: 40,238 | mfu: 0.2% | epoch: 1 | remaining: 47s    
step 00625 (84.5%) | loss: 4.174566 | lrm: 0.52 | dt: 415ms | tok/sec: 39,517 | mfu: 0.2% | epoch: 1 | remaining: 46s    
step 00626 (84.6%) | loss: 4.183443 | lrm: 0.51 | dt: 411ms | tok/sec: 39,883 | mfu: 0.2% | epoch: 1 | remaining: 46s    
step 00627 (84.7%) | loss: 4.180020 | lrm: 0.51 | dt: 414ms | tok/sec: 39,532 | mfu: 0.2% | epoch: 1 | remaining: 45s    
step 00628 (84.9%) | loss: 4.194968 | lrm: 0.50 | dt: 412ms | tok/sec: 39,811 | mfu: 0.2% | epoch: 1 | remaining: 45s    
step 00629 (85.0%) | loss: 4.208158 | lrm: 0.50 | dt: 409ms | tok/sec: 40,105 | mfu: 0.2% | epoch: 1 | remaining: 45s    
step 00630 (85.2%) | loss: 4.225716 | lrm: 0.49 | dt: 416ms | tok/sec: 39,430 | mfu: 0.2% | epoch: 1 | remaining: 44s    
step 00631 (85.3%) | loss: 4.241697 | lrm: 0.49 | dt: 407ms | tok/sec: 40,259 | mfu: 0.2% | epoch: 1 | remaining: 44s    
step 00632 (85.4%) | loss: 4.232618 | lrm: 0.49 | dt: 417ms | tok/sec: 39,285 | mfu: 0.2% | epoch: 1 | remaining: 43s    
step 00633 (85.6%) | loss: 4.218247 | lrm: 0.48 | dt: 412ms | tok/sec: 39,788 | mfu: 0.2% | epoch: 1 | remaining: 43s    
step 00634 (85.7%) | loss: 4.218148 | lrm: 0.48 | dt: 407ms | tok/sec: 40,220 | mfu: 0.2% | epoch: 1 | remaining: 42s    
step 00635 (85.8%) | loss: 4.241108 | lrm: 0.47 | dt: 422ms | tok/sec: 38,813 | mfu: 0.2% | epoch: 1 | remaining: 42s    
step 00636 (86.0%) | loss: 4.250278 | lrm: 0.47 | dt: 410ms | tok/sec: 39,914 | mfu: 0.2% | epoch: 1 | remaining: 42s    
step 00637 (86.1%) | loss: 4.238445 | lrm: 0.46 | dt: 412ms | tok/sec: 39,736 | mfu: 0.2% | epoch: 1 | remaining: 41s    
step 00638 (86.3%) | loss: 4.225129 | lrm: 0.46 | dt: 415ms | tok/sec: 39,519 | mfu: 0.2% | epoch: 1 | remaining: 41s    
step 00639 (86.4%) | loss: 4.237362 | lrm: 0.45 | dt: 406ms | tok/sec: 40,321 | mfu: 0.2% | epoch: 1 | remaining: 40s    
step 00640 (86.5%) | loss: 4.169303 | lrm: 0.45 | dt: 426ms | tok/sec: 38,436 | mfu: 0.2% | epoch: 1 | remaining: 40s    
step 00641 (86.7%) | loss: 4.188519 | lrm: 0.44 | dt: 407ms | tok/sec: 40,263 | mfu: 0.2% | epoch: 1 | remaining: 40s    
step 00642 (86.8%) | loss: 4.198112 | lrm: 0.44 | dt: 418ms | tok/sec: 39,152 | mfu: 0.2% | epoch: 1 | remaining: 39s    
step 00643 (86.9%) | loss: 4.205022 | lrm: 0.44 | dt: 405ms | tok/sec: 40,420 | mfu: 0.2% | epoch: 1 | remaining: 39s    
step 00644 (87.1%) | loss: 4.206289 | lrm: 0.43 | dt: 418ms | tok/sec: 39,149 | mfu: 0.2% | epoch: 1 | remaining: 38s    
step 00645 (87.2%) | loss: 4.171499 | lrm: 0.43 | dt: 408ms | tok/sec: 40,146 | mfu: 0.2% | epoch: 1 | remaining: 38s    
step 00646 (87.4%) | loss: 4.149484 | lrm: 0.42 | dt: 410ms | tok/sec: 39,985 | mfu: 0.2% | epoch: 1 | remaining: 38s    
step 00647 (87.5%) | loss: 4.155885 | lrm: 0.42 | dt: 420ms | tok/sec: 38,977 | mfu: 0.2% | epoch: 1 | remaining: 37s    
step 00648 (87.6%) | loss: 4.185568 | lrm: 0.41 | dt: 406ms | tok/sec: 40,333 | mfu: 0.2% | epoch: 1 | remaining: 37s    
step 00649 (87.8%) | loss: 4.189759 | lrm: 0.41 | dt: 416ms | tok/sec: 39,374 | mfu: 0.2% | epoch: 1 | remaining: 36s    
step 00650 (87.9%) | loss: 4.194763 | lrm: 0.40 | dt: 410ms | tok/sec: 39,936 | mfu: 0.2% | epoch: 1 | remaining: 36s    
step 00651 (88.0%) | loss: 4.210218 | lrm: 0.40 | dt: 407ms | tok/sec: 40,238 | mfu: 0.2% | epoch: 1 | remaining: 35s    
step 00652 (88.2%) | loss: 4.208508 | lrm: 0.39 | dt: 419ms | tok/sec: 39,130 | mfu: 0.2% | epoch: 1 | remaining: 35s    
step 00653 (88.3%) | loss: 4.217951 | lrm: 0.39 | dt: 407ms | tok/sec: 40,301 | mfu: 0.2% | epoch: 1 | remaining: 35s    
step 00654 (88.5%) | loss: 4.196915 | lrm: 0.38 | dt: 415ms | tok/sec: 39,497 | mfu: 0.2% | epoch: 1 | remaining: 34s    
step 00655 (88.6%) | loss: 4.169435 | lrm: 0.38 | dt: 408ms | tok/sec: 40,170 | mfu: 0.2% | epoch: 1 | remaining: 34s    
step 00656 (88.7%) | loss: 4.188340 | lrm: 0.38 | dt: 407ms | tok/sec: 40,239 | mfu: 0.2% | epoch: 1 | remaining: 33s    
step 00657 (88.9%) | loss: 4.178062 | lrm: 0.37 | dt: 416ms | tok/sec: 39,424 | mfu: 0.2% | epoch: 1 | remaining: 33s    
step 00658 (89.0%) | loss: 4.150586 | lrm: 0.37 | dt: 415ms | tok/sec: 39,490 | mfu: 0.2% | epoch: 1 | remaining: 33s    
step 00659 (89.1%) | loss: 4.103295 | lrm: 0.36 | dt: 428ms | tok/sec: 38,271 | mfu: 0.2% | epoch: 1 | remaining: 32s    
step 00660 (89.3%) | loss: 4.120703 | lrm: 0.36 | dt: 407ms | tok/sec: 40,250 | mfu: 0.2% | epoch: 1 | remaining: 32s    
step 00661 (89.4%) | loss: 4.139897 | lrm: 0.35 | dt: 414ms | tok/sec: 39,581 | mfu: 0.2% | epoch: 1 | remaining: 31s    
step 00662 (89.6%) | loss: 4.161699 | lrm: 0.35 | dt: 411ms | tok/sec: 39,902 | mfu: 0.2% | epoch: 1 | remaining: 31s    
step 00663 (89.7%) | loss: 4.166469 | lrm: 0.34 | dt: 407ms | tok/sec: 40,263 | mfu: 0.2% | epoch: 1 | remaining: 31s    
step 00664 (89.8%) | loss: 4.190393 | lrm: 0.34 | dt: 422ms | tok/sec: 38,806 | mfu: 0.2% | epoch: 1 | remaining: 30s    
step 00665 (90.0%) | loss: 4.150915 | lrm: 0.33 | dt: 411ms | tok/sec: 39,823 | mfu: 0.2% | epoch: 1 | remaining: 30s    
step 00666 (90.1%) | loss: 4.137059 | lrm: 0.33 | dt: 411ms | tok/sec: 39,851 | mfu: 0.2% | epoch: 1 | remaining: 29s    
step 00667 (90.2%) | loss: 4.120743 | lrm: 0.33 | dt: 410ms | tok/sec: 39,982 | mfu: 0.2% | epoch: 1 | remaining: 29s    
step 00668 (90.4%) | loss: 4.133320 | lrm: 0.32 | dt: 408ms | tok/sec: 40,196 | mfu: 0.2% | epoch: 1 | remaining: 28s    
step 00669 (90.5%) | loss: 4.125572 | lrm: 0.32 | dt: 422ms | tok/sec: 38,783 | mfu: 0.2% | epoch: 1 | remaining: 28s    
step 00670 (90.7%) | loss: 4.118202 | lrm: 0.31 | dt: 409ms | tok/sec: 40,052 | mfu: 0.2% | epoch: 1 | remaining: 28s    
step 00671 (90.8%) | loss: 4.096685 | lrm: 0.31 | dt: 416ms | tok/sec: 39,375 | mfu: 0.2% | epoch: 1 | remaining: 27s    
step 00672 (90.9%) | loss: 4.107592 | lrm: 0.30 | dt: 408ms | tok/sec: 40,182 | mfu: 0.2% | epoch: 1 | remaining: 27s    
step 00673 (91.1%) | loss: 4.120558 | lrm: 0.30 | dt: 419ms | tok/sec: 39,118 | mfu: 0.2% | epoch: 1 | remaining: 26s    
step 00674 (91.2%) | loss: 4.124112 | lrm: 0.29 | dt: 415ms | tok/sec: 39,464 | mfu: 0.2% | epoch: 1 | remaining: 26s    
step 00675 (91.3%) | loss: 4.104957 | lrm: 0.29 | dt: 412ms | tok/sec: 39,720 | mfu: 0.2% | epoch: 1 | remaining: 26s    
step 00676 (91.5%) | loss: 4.097281 | lrm: 0.28 | dt: 414ms | tok/sec: 39,529 | mfu: 0.2% | epoch: 1 | remaining: 25s    
step 00677 (91.6%) | loss: 4.097056 | lrm: 0.28 | dt: 407ms | tok/sec: 40,224 | mfu: 0.2% | epoch: 1 | remaining: 25s    
step 00678 (91.8%) | loss: 4.093758 | lrm: 0.27 | dt: 424ms | tok/sec: 38,624 | mfu: 0.2% | epoch: 1 | remaining: 24s    
step 00679 (91.9%) | loss: 4.089990 | lrm: 0.27 | dt: 409ms | tok/sec: 40,017 | mfu: 0.2% | epoch: 1 | remaining: 24s    
step 00680 (92.0%) | loss: 4.103036 | lrm: 0.27 | dt: 409ms | tok/sec: 40,095 | mfu: 0.2% | epoch: 1 | remaining: 23s    
step 00681 (92.2%) | loss: 4.135552 | lrm: 0.26 | dt: 415ms | tok/sec: 39,461 | mfu: 0.2% | epoch: 1 | remaining: 23s    
step 00682 (92.3%) | loss: 4.157953 | lrm: 0.26 | dt: 412ms | tok/sec: 39,811 | mfu: 0.2% | epoch: 1 | remaining: 23s    
step 00683 (92.5%) | loss: 4.142920 | lrm: 0.25 | dt: 416ms | tok/sec: 39,342 | mfu: 0.2% | epoch: 1 | remaining: 22s    
step 00684 (92.6%) | loss: 4.115124 | lrm: 0.25 | dt: 409ms | tok/sec: 40,042 | mfu: 0.2% | epoch: 1 | remaining: 22s    
step 00685 (92.7%) | loss: 4.136962 | lrm: 0.24 | dt: 407ms | tok/sec: 40,245 | mfu: 0.2% | epoch: 1 | remaining: 21s    
step 00686 (92.9%) | loss: 4.102509 | lrm: 0.24 | dt: 422ms | tok/sec: 38,789 | mfu: 0.2% | epoch: 1 | remaining: 21s    
step 00687 (93.0%) | loss: 4.104259 | lrm: 0.23 | dt: 408ms | tok/sec: 40,204 | mfu: 0.2% | epoch: 1 | remaining: 21s    
step 00688 (93.1%) | loss: 4.104556 | lrm: 0.23 | dt: 415ms | tok/sec: 39,493 | mfu: 0.2% | epoch: 1 | remaining: 20s    
step 00689 (93.3%) | loss: 4.092812 | lrm: 0.22 | dt: 414ms | tok/sec: 39,595 | mfu: 0.2% | epoch: 1 | remaining: 20s    
step 00690 (93.4%) | loss: 4.112706 | lrm: 0.22 | dt: 414ms | tok/sec: 39,529 | mfu: 0.2% | epoch: 1 | remaining: 19s    
step 00691 (93.6%) | loss: 4.116231 | lrm: 0.21 | dt: 407ms | tok/sec: 40,268 | mfu: 0.2% | epoch: 1 | remaining: 19s    
step 00692 (93.7%) | loss: 4.106218 | lrm: 0.21 | dt: 410ms | tok/sec: 39,945 | mfu: 0.2% | epoch: 1 | remaining: 19s    
step 00693 (93.8%) | loss: 4.112573 | lrm: 0.21 | dt: 415ms | tok/sec: 39,481 | mfu: 0.2% | epoch: 1 | remaining: 18s    
step 00694 (94.0%) | loss: 4.130828 | lrm: 0.20 | dt: 406ms | tok/sec: 40,308 | mfu: 0.2% | epoch: 1 | remaining: 18s    
step 00695 (94.1%) | loss: 4.135050 | lrm: 0.20 | dt: 421ms | tok/sec: 38,940 | mfu: 0.2% | epoch: 1 | remaining: 17s    
step 00696 (94.2%) | loss: 4.133738 | lrm: 0.19 | dt: 406ms | tok/sec: 40,307 | mfu: 0.2% | epoch: 1 | remaining: 17s    
step 00697 (94.4%) | loss: 4.149258 | lrm: 0.19 | dt: 411ms | tok/sec: 39,894 | mfu: 0.2% | epoch: 1 | remaining: 16s    
step 00698 (94.5%) | loss: 4.153631 | lrm: 0.18 | dt: 422ms | tok/sec: 38,818 | mfu: 0.2% | epoch: 1 | remaining: 16s    
step 00699 (94.7%) | loss: 4.109272 | lrm: 0.18 | dt: 410ms | tok/sec: 39,957 | mfu: 0.2% | epoch: 1 | remaining: 16s    
step 00700 (94.8%) | loss: 4.066576 | lrm: 0.17 | dt: 417ms | tok/sec: 39,319 | mfu: 0.2% | epoch: 1 | remaining: 15s    
step 00701 (94.9%) | loss: 4.055405 | lrm: 0.17 | dt: 407ms | tok/sec: 40,221 | mfu: 0.2% | epoch: 1 | remaining: 15s    
step 00702 (95.1%) | loss: 4.046735 | lrm: 0.16 | dt: 408ms | tok/sec: 40,152 | mfu: 0.2% | epoch: 1 | remaining: 14s    
step 00703 (95.2%) | loss: 4.060061 | lrm: 0.16 | dt: 423ms | tok/sec: 38,747 | mfu: 0.2% | epoch: 1 | remaining: 14s    
step 00704 (95.3%) | loss: 4.064491 | lrm: 0.16 | dt: 409ms | tok/sec: 40,096 | mfu: 0.2% | epoch: 1 | remaining: 14s    
step 00705 (95.5%) | loss: 4.075946 | lrm: 0.15 | dt: 416ms | tok/sec: 39,361 | mfu: 0.2% | epoch: 1 | remaining: 13s    
step 00706 (95.6%) | loss: 4.104335 | lrm: 0.15 | dt: 411ms | tok/sec: 39,863 | mfu: 0.2% | epoch: 1 | remaining: 13s    
step 00707 (95.8%) | loss: 4.097898 | lrm: 0.14 | dt: 420ms | tok/sec: 38,992 | mfu: 0.2% | epoch: 1 | remaining: 12s    
step 00708 (95.9%) | loss: 4.131040 | lrm: 0.14 | dt: 415ms | tok/sec: 39,461 | mfu: 0.2% | epoch: 1 | remaining: 12s    
step 00709 (96.0%) | loss: 4.100627 | lrm: 0.13 | dt: 411ms | tok/sec: 39,849 | mfu: 0.2% | epoch: 1 | remaining: 11s    
step 00710 (96.2%) | loss: 4.067566 | lrm: 0.13 | dt: 416ms | tok/sec: 39,396 | mfu: 0.2% | epoch: 1 | remaining: 11s    
step 00711 (96.3%) | loss: 4.049196 | lrm: 0.12 | dt: 407ms | tok/sec: 40,270 | mfu: 0.2% | epoch: 1 | remaining: 11s    
step 00712 (96.4%) | loss: 4.059531 | lrm: 0.12 | dt: 416ms | tok/sec: 39,381 | mfu: 0.2% | epoch: 1 | remaining: 10s    
step 00713 (96.6%) | loss: 4.094252 | lrm: 0.11 | dt: 409ms | tok/sec: 40,086 | mfu: 0.2% | epoch: 1 | remaining: 10s    
step 00714 (96.7%) | loss: 4.068060 | lrm: 0.11 | dt: 407ms | tok/sec: 40,284 | mfu: 0.2% | epoch: 1 | remaining: 9s    
step 00715 (96.9%) | loss: 4.078709 | lrm: 0.10 | dt: 419ms | tok/sec: 39,091 | mfu: 0.2% | epoch: 1 | remaining: 9s    
step 00716 (97.0%) | loss: 4.012801 | lrm: 0.10 | dt: 408ms | tok/sec: 40,137 | mfu: 0.2% | epoch: 1 | remaining: 9s    
step 00717 (97.1%) | loss: 4.007963 | lrm: 0.10 | dt: 415ms | tok/sec: 39,444 | mfu: 0.2% | epoch: 1 | remaining: 8s    
step 00718 (97.3%) | loss: 4.034378 | lrm: 0.09 | dt: 416ms | tok/sec: 39,422 | mfu: 0.2% | epoch: 1 | remaining: 8s    
step 00719 (97.4%) | loss: 4.044143 | lrm: 0.09 | dt: 408ms | tok/sec: 40,131 | mfu: 0.2% | epoch: 1 | remaining: 7s    
step 00720 (97.5%) | loss: 4.042620 | lrm: 0.08 | dt: 417ms | tok/sec: 39,321 | mfu: 0.2% | epoch: 1 | remaining: 7s    
step 00721 (97.7%) | loss: 4.008206 | lrm: 0.08 | dt: 406ms | tok/sec: 40,320 | mfu: 0.2% | epoch: 1 | remaining: 7s    
step 00722 (97.8%) | loss: 3.995211 | lrm: 0.07 | dt: 428ms | tok/sec: 38,283 | mfu: 0.2% | epoch: 1 | remaining: 6s    
step 00723 (98.0%) | loss: 3.998849 | lrm: 0.07 | dt: 406ms | tok/sec: 40,335 | mfu: 0.2% | epoch: 1 | remaining: 6s    
step 00724 (98.1%) | loss: 3.978988 | lrm: 0.06 | dt: 414ms | tok/sec: 39,527 | mfu: 0.2% | epoch: 1 | remaining: 5s    
step 00725 (98.2%) | loss: 3.983187 | lrm: 0.06 | dt: 412ms | tok/sec: 39,783 | mfu: 0.2% | epoch: 1 | remaining: 5s    
step 00726 (98.4%) | loss: 3.950949 | lrm: 0.05 | dt: 409ms | tok/sec: 40,025 | mfu: 0.2% | epoch: 1 | remaining: 4s    
step 00727 (98.5%) | loss: 3.943247 | lrm: 0.05 | dt: 423ms | tok/sec: 38,742 | mfu: 0.2% | epoch: 1 | remaining: 4s    
step 00728 (98.6%) | loss: 3.961714 | lrm: 0.05 | dt: 410ms | tok/sec: 39,966 | mfu: 0.2% | epoch: 1 | remaining: 4s    
step 00729 (98.8%) | loss: 3.982184 | lrm: 0.04 | dt: 415ms | tok/sec: 39,455 | mfu: 0.2% | epoch: 1 | remaining: 3s    
step 00730 (98.9%) | loss: 3.967680 | lrm: 0.04 | dt: 409ms | tok/sec: 40,078 | mfu: 0.2% | epoch: 1 | remaining: 3s    
step 00731 (99.1%) | loss: 3.968264 | lrm: 0.03 | dt: 408ms | tok/sec: 40,159 | mfu: 0.2% | epoch: 1 | remaining: 2s    
step 00732 (99.2%) | loss: 3.990577 | lrm: 0.03 | dt: 418ms | tok/sec: 39,169 | mfu: 0.2% | epoch: 1 | remaining: 2s    
step 00733 (99.3%) | loss: 3.989795 | lrm: 0.02 | dt: 406ms | tok/sec: 40,347 | mfu: 0.2% | epoch: 1 | remaining: 2s    
step 00734 (99.5%) | loss: 3.990582 | lrm: 0.02 | dt: 417ms | tok/sec: 39,305 | mfu: 0.2% | epoch: 1 | remaining: 1s    
step 00735 (99.6%) | loss: 4.020683 | lrm: 0.01 | dt: 408ms | tok/sec: 40,202 | mfu: 0.2% | epoch: 1 | remaining: 1s    
step 00736 (99.7%) | loss: 4.057934 | lrm: 0.01 | dt: 411ms | tok/sec: 39,908 | mfu: 0.2% | epoch: 1 | remaining: 0s    
step 00737 (99.9%) | loss: 4.082279 | lrm: 0.00 | dt: 416ms | tok/sec: 39,420 | mfu: 0.2% | epoch: 1 | remaining: 0s    
---
val_bpb:          1.446939
training_seconds: 300.1
total_seconds:    518.6
peak_vram_mb:     1168.8
mfu_percent:      0.23
total_tokens_M:   12.1
num_steps:        738
num_params_M:     11.5
depth:            4
W0311 20:39:47.510000 707823 .venv/lib/python3.10/site-packages/torch/_inductor/utils.py:1613] [0/0] Not enough SMs to use max_autotune_gemm mode
/media/starscream/bumblebee1/blaze/autoresearch/.venv/lib/python3.10/site-packages/torch/_inductor/compile_fx.py:2772: UserWarning: NVIDIA GeForce RTX 2060 does not support bfloat16 compilation natively, skipping
  warnings.warn(
/media/starscream/bumblebee1/blaze/autoresearch/.venv/lib/python3.10/site-packages/torch/_inductor/compile_fx.py:2772: UserWarning: NVIDIA GeForce RTX 2060 does not support bfloat16 compilation natively, skipping
  warnings.warn(
/media/starscream/bumblebee1/blaze/autoresearch/.venv/lib/python3.10/site-packages/torch/_inductor/compile_fx.py:2772: UserWarning: NVIDIA GeForce RTX 2060 does not support bfloat16 compilation natively, skipping
  warnings.warn(
/media/starscream/bumblebee1/blaze/autoresearch/.venv/lib/python3.10/site-packages/torch/_inductor/compile_fx.py:2772: UserWarning: NVIDIA GeForce RTX 2060 does not support bfloat16 compilation natively, skipping
  warnings.warn(
/media/starscream/bumblebee1/blaze/autoresearch/.venv/lib/python3.10/site-packages/torch/_inductor/compile_fx.py:2772: UserWarning: NVIDIA GeForce RTX 2060 does not support bfloat16 compilation natively, skipping
  warnings.warn(
/media/starscream/bumblebee1/blaze/autoresearch/.venv/lib/python3.10/site-packages/torch/_inductor/compile_fx.py:2772: UserWarning: NVIDIA GeForce RTX 2060 does not support bfloat16 compilation natively, skipping
  warnings.warn(
/media/starscream/bumblebee1/blaze/autoresearch/.venv/lib/python3.10/site-packages/torch/_inductor/compile_fx.py:2772: UserWarning: NVIDIA GeForce RTX 2060 does not support bfloat16 compilation natively, skipping
  warnings.warn(
